cbm_hbi_hbi                                       09-May-2023 00:50:42
Running hierarchical bayesian inference (HBI)...

HBI has been initialized according to
	IM/sim_fit_baseline_it_4.mat [for model 1]
	IM/sim_fit_im_it_4.mat [for model 2]
	IM/sim_fit_em_it_4.mat [for model 3]
	IM/sim_fit_fixarb_it_4.mat [for model 4]
	IM/sim_fit_dynarb_it_4.mat [for model 5]
 
Number of samples: 100
Number of models: 5
======================================================================
Iteration 01
Iteration 02
	model frequencies (percent)
	model 1: 0.9| model 2: 44.4| model 3: 1.6| model 4: 29.4| model 5: 23.7| 
                                                           dL:   91.44
                                                           dm:   55.61
                                                           dx:    0.57
Iteration 03
	model frequencies (percent)
	model 1: 0.0| model 2: 56.0| model 3: 0.3| model 4: 26.2| model 5: 17.5| 
                                                           dL:   15.87
                                                           dm:   11.57
                                                           dx:    0.17
Iteration 04
	model frequencies (percent)
	model 1: 0.0| model 2: 64.4| model 3: 0.1| model 4: 22.8| model 5: 12.8| 
                                                           dL:    5.97
                                                           dm:    8.43
                                                           dx:    0.60
Iteration 05
	model frequencies (percent)
	model 1: 0.0| model 2: 71.2| model 3: 0.0| model 4: 19.7| model 5: 9.0| 
                                                           dL:    3.63
                                                           dm:    6.81
                                                           dx:    0.19
Iteration 06
	model frequencies (percent)
	model 1: 0.0| model 2: 77.0| model 3: 0.0| model 4: 17.0| model 5: 6.0| 
                                                           dL:    2.99
                                                           dm:    5.82
                                                           dx:    0.15
Iteration 07
	model frequencies (percent)
	model 1: 0.0| model 2: 82.1| model 3: 0.0| model 4: 14.4| model 5: 3.5| 
                                                           dL:    3.08
                                                           dm:    5.06
                                                           dx:    0.11
Iteration 08
	model frequencies (percent)
	model 1: 0.0| model 2: 86.4| model 3: 0.0| model 4: 12.0| model 5: 1.6| 
                                                           dL:    3.31
                                                           dm:    4.27
                                                           dx:    0.13
Iteration 09
	model frequencies (percent)
	model 1: 0.0| model 2: 89.7| model 3: 0.0| model 4: 9.7| model 5: 0.5| 
                                                           dL:    3.46
                                                           dm:    3.39
                                                           dx:    0.15
Iteration 10
	model frequencies (percent)
	model 1: 0.0| model 2: 92.3| model 3: 0.0| model 4: 7.6| model 5: 0.1| 
                                                           dL:    3.02
                                                           dm:    2.53
                                                           dx:    0.18
Iteration 11
	model frequencies (percent)
	model 1: 0.0| model 2: 94.3| model 3: 0.0| model 4: 5.7| model 5: 0.0| 
                                                           dL:    1.26
                                                           dm:    1.98
                                                           dx:    0.20
Iteration 12
	model frequencies (percent)
	model 1: 0.0| model 2: 95.9| model 3: 0.0| model 4: 4.0| model 5: 0.0| 
                                                           dL:    0.98
                                                           dm:    1.67
                                                           dx:    0.08
Iteration 13
	model frequencies (percent)
	model 1: 0.0| model 2: 97.3| model 3: 0.0| model 4: 2.7| model 5: 0.0| 
                                                           dL:    1.06
                                                           dm:    1.38
                                                           dx:    0.07
Iteration 14
	model frequencies (percent)
	model 1: 0.0| model 2: 98.4| model 3: 0.0| model 4: 1.6| model 5: 0.0| 
                                                           dL:    1.16
                                                           dm:    1.07
                                                           dx:    0.08
Iteration 15
	model frequencies (percent)
	model 1: 0.0| model 2: 99.1| model 3: 0.0| model 4: 0.8| model 5: 0.0| 
                                                           dL:    1.23
                                                           dm:    0.74
                                                           dx:    0.09
Iteration 16
	model frequencies (percent)
	model 1: 0.0| model 2: 99.5| model 3: 0.0| model 4: 0.4| model 5: 0.0| 
                                                           dL:    1.20
                                                           dm:    0.43
                                                           dx:    0.10
Iteration 17
	model frequencies (percent)
	model 1: 0.0| model 2: 99.8| model 3: 0.0| model 4: 0.2| model 5: 0.0| 
                                                           dL:    0.74
                                                           dm:    0.21
                                                           dx:    0.11
Iteration 18
	model frequencies (percent)
	model 1: 0.0| model 2: 99.8| model 3: 0.0| model 4: 0.1| model 5: 0.0| 
                                                           dL:    0.14
                                                           dm:    0.08
                                                           dx:    0.08
Iteration 19
	model frequencies (percent)
	model 1: 0.0| model 2: 99.9| model 3: 0.0| model 4: 0.1| model 5: 0.0| 
                                                           dL:    0.03
                                                           dm:    0.03
                                                           dx:    0.03
Iteration 20
	model frequencies (percent)
	model 1: 0.0| model 2: 99.9| model 3: 0.0| model 4: 0.1| model 5: 0.0| 
                                                           dL:    0.02
                                                           dm:    0.01
                                                           dx:    0.01
                                                          Converged :]
