cbm_hbi_hbi                                       09-May-2023 00:41:04
Running hierarchical bayesian inference (HBI)...

HBI has been initialized according to
	IM/sim_fit_baseline_it_3.mat [for model 1]
	IM/sim_fit_im_it_3.mat [for model 2]
	IM/sim_fit_em_it_3.mat [for model 3]
	IM/sim_fit_fixarb_it_3.mat [for model 4]
	IM/sim_fit_dynarb_it_3.mat [for model 5]
 
Number of samples: 100
Number of models: 5
======================================================================
Iteration 01
Iteration 02
	model frequencies (percent)
	model 1: 1.7| model 2: 43.9| model 3: 0.7| model 4: 31.6| model 5: 22.2| 
                                                           dL:   90.38
                                                           dm:   56.09
                                                           dx:    0.44
Iteration 03
	model frequencies (percent)
	model 1: 0.2| model 2: 54.1| model 3: 0.0| model 4: 29.8| model 5: 15.8| 
                                                           dL:   15.08
                                                           dm:   10.24
                                                           dx:    0.53
Iteration 04
	model frequencies (percent)
	model 1: 0.0| model 2: 61.6| model 3: 0.0| model 4: 27.4| model 5: 11.0| 
                                                           dL:    7.46
                                                           dm:    7.42
                                                           dx:    0.27
Iteration 05
	model frequencies (percent)
	model 1: 0.0| model 2: 67.6| model 3: 0.0| model 4: 25.0| model 5: 7.4| 
                                                           dL:    3.19
                                                           dm:    6.06
                                                           dx:    0.49
Iteration 06
	model frequencies (percent)
	model 1: 0.0| model 2: 72.9| model 3: 0.0| model 4: 22.6| model 5: 4.5| 
                                                           dL:    3.07
                                                           dm:    5.22
                                                           dx:    0.07
Iteration 07
	model frequencies (percent)
	model 1: 0.0| model 2: 77.3| model 3: 0.0| model 4: 20.4| model 5: 2.3| 
                                                           dL:    3.23
                                                           dm:    4.48
                                                           dx:    0.09
Iteration 08
	model frequencies (percent)
	model 1: 0.0| model 2: 81.0| model 3: 0.0| model 4: 18.2| model 5: 0.8| 
                                                           dL:    3.37
                                                           dm:    3.66
                                                           dx:    0.11
Iteration 09
	model frequencies (percent)
	model 1: 0.0| model 2: 83.8| model 3: 0.0| model 4: 16.0| model 5: 0.2| 
                                                           dL:    3.01
                                                           dm:    2.80
                                                           dx:    0.12
Iteration 10
	model frequencies (percent)
	model 1: 0.0| model 2: 86.0| model 3: 0.0| model 4: 14.0| model 5: 0.0| 
                                                           dL:    1.50
                                                           dm:    2.19
                                                           dx:    0.23
Iteration 11
	model frequencies (percent)
	model 1: 0.0| model 2: 87.9| model 3: 0.0| model 4: 12.1| model 5: 0.0| 
                                                           dL:    0.57
                                                           dm:    1.90
                                                           dx:    0.18
Iteration 12
	model frequencies (percent)
	model 1: 0.0| model 2: 89.6| model 3: 0.0| model 4: 10.4| model 5: 0.0| 
                                                           dL:    0.52
                                                           dm:    1.68
                                                           dx:    0.03
Iteration 13
	model frequencies (percent)
	model 1: 0.0| model 2: 91.0| model 3: 0.0| model 4: 8.9| model 5: 0.0| 
                                                           dL:    0.49
                                                           dm:    1.47
                                                           dx:    0.03
Iteration 14
	model frequencies (percent)
	model 1: 0.0| model 2: 92.3| model 3: 0.0| model 4: 7.7| model 5: 0.0| 
                                                           dL:    0.46
                                                           dm:    1.27
                                                           dx:    0.02
Iteration 15
	model frequencies (percent)
	model 1: 0.0| model 2: 93.4| model 3: 0.0| model 4: 6.6| model 5: 0.0| 
                                                           dL:    0.44
                                                           dm:    1.09
                                                           dx:    0.02
Iteration 16
	model frequencies (percent)
	model 1: 0.0| model 2: 94.3| model 3: 0.0| model 4: 5.6| model 5: 0.0| 
                                                           dL:    0.41
                                                           dm:    0.94
                                                           dx:    0.02
Iteration 17
	model frequencies (percent)
	model 1: 0.0| model 2: 95.2| model 3: 0.0| model 4: 4.8| model 5: 0.0| 
                                                           dL:    0.39
                                                           dm:    0.81
                                                           dx:    0.02
Iteration 18
	model frequencies (percent)
	model 1: 0.0| model 2: 95.9| model 3: 0.0| model 4: 4.1| model 5: 0.0| 
                                                           dL:    0.37
                                                           dm:    0.71
                                                           dx:    0.02
Iteration 19
	model frequencies (percent)
	model 1: 0.0| model 2: 96.5| model 3: 0.0| model 4: 3.5| model 5: 0.0| 
                                                           dL:    0.36
                                                           dm:    0.63
                                                           dx:    0.02
Iteration 20
	model frequencies (percent)
	model 1: 0.0| model 2: 97.1| model 3: 0.0| model 4: 2.9| model 5: 0.0| 
                                                           dL:    0.35
                                                           dm:    0.58
                                                           dx:    0.02
Iteration 21
	model frequencies (percent)
	model 1: 0.0| model 2: 97.6| model 3: 0.0| model 4: 2.4| model 5: 0.0| 
                                                           dL:    0.35
                                                           dm:    0.53
                                                           dx:    0.02
Iteration 22
	model frequencies (percent)
	model 1: 0.0| model 2: 98.1| model 3: 0.0| model 4: 1.9| model 5: 0.0| 
                                                           dL:    0.37
                                                           dm:    0.50
                                                           dx:    0.03
Iteration 23
	model frequencies (percent)
	model 1: 0.0| model 2: 98.6| model 3: 0.0| model 4: 1.4| model 5: 0.0| 
                                                           dL:    0.39
                                                           dm:    0.47
                                                           dx:    0.04
Iteration 24
	model frequencies (percent)
	model 1: 0.0| model 2: 99.0| model 3: 0.0| model 4: 0.9| model 5: 0.0| 
                                                           dL:    0.43
                                                           dm:    0.43
                                                           dx:    0.05
Iteration 25
	model frequencies (percent)
	model 1: 0.0| model 2: 99.4| model 3: 0.0| model 4: 0.6| model 5: 0.0| 
                                                           dL:    0.48
                                                           dm:    0.37
                                                           dx:    0.07
Iteration 26
	model frequencies (percent)
	model 1: 0.0| model 2: 99.6| model 3: 0.0| model 4: 0.3| model 5: 0.0| 
                                                           dL:    0.53
                                                           dm:    0.27
                                                           dx:    0.09
Iteration 27
	model frequencies (percent)
	model 1: 0.0| model 2: 99.8| model 3: 0.0| model 4: 0.2| model 5: 0.0| 
                                                           dL:    0.43
                                                           dm:    0.15
                                                           dx:    0.11
Iteration 28
	model frequencies (percent)
	model 1: 0.0| model 2: 99.9| model 3: 0.0| model 4: 0.1| model 5: 0.0| 
                                                           dL:    0.10
                                                           dm:    0.06
                                                           dx:    0.10
Iteration 29
	model frequencies (percent)
	model 1: 0.0| model 2: 99.9| model 3: 0.0| model 4: 0.1| model 5: 0.0| 
                                                           dL:    0.02
                                                           dm:    0.02
                                                           dx:    0.04
Iteration 30
	model frequencies (percent)
	model 1: 0.0| model 2: 99.9| model 3: 0.0| model 4: 0.1| model 5: 0.0| 
                                                           dL:    0.01
                                                           dm:    0.01
                                                           dx:    0.01
                                                          Converged :]
