cbm_hbi_hbi                                       09-May-2023 01:16:30
Running hierarchical bayesian inference (HBI)...

HBI has been initialized according to
	IM/sim_fit_baseline_it_7.mat [for model 1]
	IM/sim_fit_im_it_7.mat [for model 2]
	IM/sim_fit_em_it_7.mat [for model 3]
	IM/sim_fit_fixarb_it_7.mat [for model 4]
	IM/sim_fit_dynarb_it_7.mat [for model 5]
 
Number of samples: 100
Number of models: 5
======================================================================
Iteration 01
Iteration 02
	model frequencies (percent)
	model 1: 0.8| model 2: 46.8| model 3: 0.4| model 4: 30.4| model 5: 21.7| 
                                                           dL:   99.69
                                                           dm:   53.25
                                                           dx:    0.60
Iteration 03
	model frequencies (percent)
	model 1: 0.0| model 2: 59.1| model 3: 0.0| model 4: 26.6| model 5: 14.3| 
                                                           dL:   18.48
                                                           dm:   12.33
                                                           dx:    0.26
Iteration 04
	model frequencies (percent)
	model 1: 0.0| model 2: 67.9| model 3: 0.0| model 4: 22.8| model 5: 9.3| 
                                                           dL:    5.55
                                                           dm:    8.86
                                                           dx:    0.60
Iteration 05
	model frequencies (percent)
	model 1: 0.0| model 2: 74.9| model 3: 0.0| model 4: 19.5| model 5: 5.6| 
                                                           dL:    4.05
                                                           dm:    6.92
                                                           dx:    0.07
Iteration 06
	model frequencies (percent)
	model 1: 0.0| model 2: 80.5| model 3: 0.0| model 4: 16.7| model 5: 2.8| 
                                                           dL:    3.83
                                                           dm:    5.64
                                                           dx:    0.06
Iteration 07
	model frequencies (percent)
	model 1: 0.0| model 2: 85.1| model 3: 0.0| model 4: 13.9| model 5: 1.0| 
                                                           dL:    3.98
                                                           dm:    4.56
                                                           dx:    0.07
Iteration 08
	model frequencies (percent)
	model 1: 0.0| model 2: 88.5| model 3: 0.0| model 4: 11.3| model 5: 0.2| 
                                                           dL:    3.66
                                                           dm:    3.47
                                                           dx:    0.08
Iteration 09
	model frequencies (percent)
	model 1: 0.0| model 2: 91.2| model 3: 0.0| model 4: 8.8| model 5: 0.0| 
                                                           dL:    2.05
                                                           dm:    2.66
                                                           dx:    0.23
Iteration 10
	model frequencies (percent)
	model 1: 0.0| model 2: 93.5| model 3: 0.0| model 4: 6.5| model 5: 0.0| 
                                                           dL:    0.99
                                                           dm:    2.34
                                                           dx:    0.30
Iteration 11
	model frequencies (percent)
	model 1: 0.0| model 2: 95.6| model 3: 0.0| model 4: 4.4| model 5: 0.0| 
                                                           dL:    1.16
                                                           dm:    2.10
                                                           dx:    0.04
Iteration 12
	model frequencies (percent)
	model 1: 0.0| model 2: 97.4| model 3: 0.0| model 4: 2.6| model 5: 0.0| 
                                                           dL:    1.39
                                                           dm:    1.80
                                                           dx:    0.04
Iteration 13
	model frequencies (percent)
	model 1: 0.0| model 2: 98.8| model 3: 0.0| model 4: 1.2| model 5: 0.0| 
                                                           dL:    1.62
                                                           dm:    1.38
                                                           dx:    0.05
Iteration 14
	model frequencies (percent)
	model 1: 0.0| model 2: 99.6| model 3: 0.0| model 4: 0.4| model 5: 0.0| 
                                                           dL:    1.67
                                                           dm:    0.83
                                                           dx:    0.06
Iteration 15
	model frequencies (percent)
	model 1: 0.0| model 2: 99.9| model 3: 0.0| model 4: 0.1| model 5: 0.0| 
                                                           dL:    1.39
                                                           dm:    0.29
                                                           dx:    0.13
Iteration 16
	model frequencies (percent)
	model 1: 0.0| model 2: 100.0| model 3: 0.0| model 4: 0.0| model 5: 0.0| 
                                                           dL:    0.28
                                                           dm:    0.05
                                                           dx:    0.32
Iteration 17
	model frequencies (percent)
	model 1: 0.0| model 2: 100.0| model 3: 0.0| model 4: 0.0| model 5: 0.0| 
                                                           dL:    0.00
                                                           dm:    0.00
                                                           dx:    0.11
Iteration 18
	model frequencies (percent)
	model 1: 0.0| model 2: 100.0| model 3: 0.0| model 4: 0.0| model 5: 0.0| 
                                                           dL:    0.00
                                                           dm:    0.00
                                                           dx:    0.00
                                                          Converged :]
