cbm_hbi_hbi                                       09-May-2023 01:24:37
Running hierarchical bayesian inference (HBI)...

HBI has been initialized according to
	IM/sim_fit_baseline_it_8.mat [for model 1]
	IM/sim_fit_im_it_8.mat [for model 2]
	IM/sim_fit_em_it_8.mat [for model 3]
	IM/sim_fit_fixarb_it_8.mat [for model 4]
	IM/sim_fit_dynarb_it_8.mat [for model 5]
 
Number of samples: 100
Number of models: 5
======================================================================
Iteration 01
Iteration 02
	model frequencies (percent)
	model 1: 0.8| model 2: 44.2| model 3: 0.9| model 4: 30.2| model 5: 23.9| 
                                                           dL:   91.17
                                                           dm:   55.80
                                                           dx:    0.46
Iteration 03
	model frequencies (percent)
	model 1: 0.0| model 2: 55.2| model 3: 0.0| model 4: 27.0| model 5: 17.8| 
                                                           dL:   14.61
                                                           dm:   10.96
                                                           dx:    0.18
Iteration 04
	model frequencies (percent)
	model 1: 0.0| model 2: 63.3| model 3: 0.0| model 4: 23.5| model 5: 13.1| 
                                                           dL:    4.00
                                                           dm:    8.16
                                                           dx:    0.46
Iteration 05
	model frequencies (percent)
	model 1: 0.0| model 2: 70.0| model 3: 0.0| model 4: 20.5| model 5: 9.5| 
                                                           dL:    2.56
                                                           dm:    6.67
                                                           dx:    0.13
Iteration 06
	model frequencies (percent)
	model 1: 0.0| model 2: 75.7| model 3: 0.0| model 4: 17.8| model 5: 6.5| 
                                                           dL:    2.39
                                                           dm:    5.70
                                                           dx:    0.05
Iteration 07
	model frequencies (percent)
	model 1: 0.0| model 2: 80.7| model 3: 0.0| model 4: 15.3| model 5: 4.0| 
                                                           dL:    2.52
                                                           dm:    4.98
                                                           dx:    0.06
Iteration 08
	model frequencies (percent)
	model 1: 0.0| model 2: 85.0| model 3: 0.0| model 4: 13.0| model 5: 2.0| 
                                                           dL:    2.85
                                                           dm:    4.33
                                                           dx:    0.07
Iteration 09
	model frequencies (percent)
	model 1: 0.0| model 2: 88.6| model 3: 0.0| model 4: 10.7| model 5: 0.7| 
                                                           dL:    3.31
                                                           dm:    3.61
                                                           dx:    0.08
Iteration 10
	model frequencies (percent)
	model 1: 0.0| model 2: 91.4| model 3: 0.0| model 4: 8.5| model 5: 0.1| 
                                                           dL:    2.59
                                                           dm:    2.76
                                                           dx:    0.30
Iteration 11
	model frequencies (percent)
	model 1: 0.0| model 2: 93.5| model 3: 0.0| model 4: 6.5| model 5: 0.0| 
                                                           dL:    2.67
                                                           dm:    2.17
                                                           dx:    0.11
Iteration 12
	model frequencies (percent)
	model 1: 0.0| model 2: 95.4| model 3: 0.0| model 4: 4.6| model 5: 0.0| 
                                                           dL:    1.04
                                                           dm:    1.85
                                                           dx:    0.27
Iteration 13
	model frequencies (percent)
	model 1: 0.0| model 2: 97.0| model 3: 0.0| model 4: 3.0| model 5: 0.0| 
                                                           dL:    1.07
                                                           dm:    1.58
                                                           dx:    0.05
Iteration 14
	model frequencies (percent)
	model 1: 0.0| model 2: 98.2| model 3: 0.0| model 4: 1.8| model 5: 0.0| 
                                                           dL:    1.18
                                                           dm:    1.28
                                                           dx:    0.05
Iteration 15
	model frequencies (percent)
	model 1: 0.0| model 2: 99.2| model 3: 0.0| model 4: 0.8| model 5: 0.0| 
                                                           dL:    1.25
                                                           dm:    0.92
                                                           dx:    0.05
Iteration 16
	model frequencies (percent)
	model 1: 0.0| model 2: 99.7| model 3: 0.0| model 4: 0.3| model 5: 0.0| 
                                                           dL:    1.28
                                                           dm:    0.55
                                                           dx:    0.05
Iteration 17
	model frequencies (percent)
	model 1: 0.0| model 2: 99.9| model 3: 0.0| model 4: 0.1| model 5: 0.0| 
                                                           dL:    0.99
                                                           dm:    0.21
                                                           dx:    0.15
Iteration 18
	model frequencies (percent)
	model 1: 0.0| model 2: 100.0| model 3: 0.0| model 4: 0.0| model 5: 0.0| 
                                                           dL:    0.27
                                                           dm:    0.04
                                                           dx:    0.20
Iteration 19
	model frequencies (percent)
	model 1: 0.0| model 2: 100.0| model 3: 0.0| model 4: 0.0| model 5: 0.0| 
                                                           dL:    0.01
                                                           dm:    0.01
                                                           dx:    0.08
Iteration 20
	model frequencies (percent)
	model 1: 0.0| model 2: 100.0| model 3: 0.0| model 4: 0.0| model 5: 0.0| 
                                                           dL:    0.00
                                                           dm:    0.00
                                                           dx:    0.01
                                                          Converged :]
