cbm_hbi_hbi                                       09-May-2023 00:58:59
Running hierarchical bayesian inference (HBI)...

HBI has been initialized according to
	IM/sim_fit_baseline_it_5.mat [for model 1]
	IM/sim_fit_im_it_5.mat [for model 2]
	IM/sim_fit_em_it_5.mat [for model 3]
	IM/sim_fit_fixarb_it_5.mat [for model 4]
	IM/sim_fit_dynarb_it_5.mat [for model 5]
 
Number of samples: 100
Number of models: 5
======================================================================
Iteration 01
Iteration 02
	model frequencies (percent)
	model 1: 1.4| model 2: 43.2| model 3: 1.8| model 4: 30.7| model 5: 23.0| 
                                                           dL:   87.62
                                                           dm:   56.81
                                                           dx:    0.51
Iteration 03
	model frequencies (percent)
	model 1: 0.1| model 2: 53.9| model 3: 0.3| model 4: 28.6| model 5: 17.1| 
                                                           dL:   15.30
                                                           dm:   10.72
                                                           dx:    0.20
Iteration 04
	model frequencies (percent)
	model 1: 0.0| model 2: 61.4| model 3: 0.0| model 4: 25.9| model 5: 12.6| 
                                                           dL:    6.37
                                                           dm:    7.53
                                                           dx:    0.25
Iteration 05
	model frequencies (percent)
	model 1: 0.0| model 2: 67.4| model 3: 0.0| model 4: 23.5| model 5: 9.0| 
                                                           dL:    2.98
                                                           dm:    5.96
                                                           dx:    0.30
Iteration 06
	model frequencies (percent)
	model 1: 0.0| model 2: 72.5| model 3: 0.0| model 4: 21.4| model 5: 6.1| 
                                                           dL:    2.50
                                                           dm:    5.11
                                                           dx:    0.11
Iteration 07
	model frequencies (percent)
	model 1: 0.0| model 2: 77.0| model 3: 0.0| model 4: 19.3| model 5: 3.6| 
                                                           dL:    2.67
                                                           dm:    4.51
                                                           dx:    0.08
Iteration 08
	model frequencies (percent)
	model 1: 0.0| model 2: 80.9| model 3: 0.0| model 4: 17.3| model 5: 1.7| 
                                                           dL:    3.02
                                                           dm:    3.91
                                                           dx:    0.10
Iteration 09
	model frequencies (percent)
	model 1: 0.0| model 2: 84.1| model 3: 0.0| model 4: 15.3| model 5: 0.6| 
                                                           dL:    3.22
                                                           dm:    3.19
                                                           dx:    0.13
Iteration 10
	model frequencies (percent)
	model 1: 0.0| model 2: 86.6| model 3: 0.0| model 4: 13.3| model 5: 0.1| 
                                                           dL:    2.66
                                                           dm:    2.44
                                                           dx:    0.16
Iteration 11
	model frequencies (percent)
	model 1: 0.0| model 2: 88.6| model 3: 0.0| model 4: 11.4| model 5: 0.0| 
                                                           dL:    0.97
                                                           dm:    2.02
                                                           dx:    0.19
Iteration 12
	model frequencies (percent)
	model 1: 0.0| model 2: 90.4| model 3: 0.0| model 4: 9.5| model 5: 0.0| 
                                                           dL:    0.54
                                                           dm:    1.85
                                                           dx:    0.08
Iteration 13
	model frequencies (percent)
	model 1: 0.0| model 2: 92.2| model 3: 0.0| model 4: 7.8| model 5: 0.0| 
                                                           dL:    0.57
                                                           dm:    1.71
                                                           dx:    0.04
Iteration 14
	model frequencies (percent)
	model 1: 0.0| model 2: 93.7| model 3: 0.0| model 4: 6.2| model 5: 0.0| 
                                                           dL:    0.61
                                                           dm:    1.57
                                                           dx:    0.04
Iteration 15
	model frequencies (percent)
	model 1: 0.0| model 2: 95.2| model 3: 0.0| model 4: 4.8| model 5: 0.0| 
                                                           dL:    0.67
                                                           dm:    1.42
                                                           dx:    0.04
Iteration 16
	model frequencies (percent)
	model 1: 0.0| model 2: 96.4| model 3: 0.0| model 4: 3.5| model 5: 0.0| 
                                                           dL:    0.75
                                                           dm:    1.27
                                                           dx:    0.04
Iteration 17
	model frequencies (percent)
	model 1: 0.0| model 2: 97.5| model 3: 0.0| model 4: 2.4| model 5: 0.0| 
                                                           dL:    0.86
                                                           dm:    1.10
                                                           dx:    0.04
Iteration 18
	model frequencies (percent)
	model 1: 0.0| model 2: 98.4| model 3: 0.0| model 4: 1.5| model 5: 0.0| 
                                                           dL:    0.98
                                                           dm:    0.90
                                                           dx:    0.05
Iteration 19
	model frequencies (percent)
	model 1: 0.0| model 2: 99.1| model 3: 0.0| model 4: 0.9| model 5: 0.0| 
                                                           dL:    1.08
                                                           dm:    0.67
                                                           dx:    0.06
Iteration 20
	model frequencies (percent)
	model 1: 0.0| model 2: 99.5| model 3: 0.0| model 4: 0.4| model 5: 0.0| 
                                                           dL:    1.03
                                                           dm:    0.43
                                                           dx:    0.08
Iteration 21
	model frequencies (percent)
	model 1: 0.0| model 2: 99.7| model 3: 0.0| model 4: 0.2| model 5: 0.0| 
                                                           dL:    0.64
                                                           dm:    0.22
                                                           dx:    0.10
Iteration 22
	model frequencies (percent)
	model 1: 0.0| model 2: 99.8| model 3: 0.0| model 4: 0.1| model 5: 0.0| 
                                                           dL:    0.14
                                                           dm:    0.09
                                                           dx:    0.08
Iteration 23
	model frequencies (percent)
	model 1: 0.0| model 2: 99.9| model 3: 0.0| model 4: 0.1| model 5: 0.0| 
                                                           dL:    0.03
                                                           dm:    0.03
                                                           dx:    0.03
Iteration 24
	model frequencies (percent)
	model 1: 0.0| model 2: 99.9| model 3: 0.0| model 4: 0.1| model 5: 0.0| 
                                                           dL:    0.02
                                                           dm:    0.01
                                                           dx:    0.01
                                                          Converged :]
