cbm_hbi_hbi                                       09-May-2023 01:07:55
Running hierarchical bayesian inference (HBI)...

HBI has been initialized according to
	IM/sim_fit_baseline_it_6.mat [for model 1]
	IM/sim_fit_im_it_6.mat [for model 2]
	IM/sim_fit_em_it_6.mat [for model 3]
	IM/sim_fit_fixarb_it_6.mat [for model 4]
	IM/sim_fit_dynarb_it_6.mat [for model 5]
 
Number of samples: 100
Number of models: 5
======================================================================
Iteration 01
Iteration 02
	model frequencies (percent)
	model 1: 0.7| model 2: 44.4| model 3: 0.4| model 4: 30.7| model 5: 23.8| 
                                                           dL:   94.73
                                                           dm:   55.60
                                                           dx:    0.50
Iteration 03
	model frequencies (percent)
	model 1: 0.0| model 2: 55.3| model 3: 0.0| model 4: 27.4| model 5: 17.3| 
                                                           dL:   15.39
                                                           dm:   10.88
                                                           dx:    0.32
Iteration 04
	model frequencies (percent)
	model 1: 0.0| model 2: 63.5| model 3: 0.0| model 4: 24.0| model 5: 12.5| 
                                                           dL:    4.31
                                                           dm:    8.24
                                                           dx:    0.61
Iteration 05
	model frequencies (percent)
	model 1: 0.0| model 2: 70.2| model 3: 0.0| model 4: 21.1| model 5: 8.7| 
                                                           dL:    3.09
                                                           dm:    6.69
                                                           dx:    0.06
Iteration 06
	model frequencies (percent)
	model 1: 0.0| model 2: 75.9| model 3: 0.0| model 4: 18.5| model 5: 5.6| 
                                                           dL:    2.93
                                                           dm:    5.69
                                                           dx:    0.05
Iteration 07
	model frequencies (percent)
	model 1: 0.0| model 2: 80.8| model 3: 0.0| model 4: 16.2| model 5: 3.0| 
                                                           dL:    3.22
                                                           dm:    4.92
                                                           dx:    0.07
Iteration 08
	model frequencies (percent)
	model 1: 0.0| model 2: 84.9| model 3: 0.0| model 4: 13.9| model 5: 1.2| 
                                                           dL:    3.64
                                                           dm:    4.11
                                                           dx:    0.08
Iteration 09
	model frequencies (percent)
	model 1: 0.0| model 2: 88.1| model 3: 0.0| model 4: 11.7| model 5: 0.2| 
                                                           dL:    3.51
                                                           dm:    3.14
                                                           dx:    0.10
Iteration 10
	model frequencies (percent)
	model 1: 0.0| model 2: 90.4| model 3: 0.0| model 4: 9.5| model 5: 0.0| 
                                                           dL:    2.23
                                                           dm:    2.35
                                                           dx:    0.14
Iteration 11
	model frequencies (percent)
	model 1: 0.0| model 2: 92.4| model 3: 0.0| model 4: 7.6| model 5: 0.0| 
                                                           dL:    0.84
                                                           dm:    2.00
                                                           dx:    0.38
Iteration 12
	model frequencies (percent)
	model 1: 0.0| model 2: 94.2| model 3: 0.0| model 4: 5.8| model 5: 0.0| 
                                                           dL:    0.79
                                                           dm:    1.79
                                                           dx:    0.07
Iteration 13
	model frequencies (percent)
	model 1: 0.0| model 2: 95.8| model 3: 0.0| model 4: 4.2| model 5: 0.0| 
                                                           dL:    0.84
                                                           dm:    1.56
                                                           dx:    0.05
Iteration 14
	model frequencies (percent)
	model 1: 0.0| model 2: 97.1| model 3: 0.0| model 4: 2.9| model 5: 0.0| 
                                                           dL:    0.89
                                                           dm:    1.32
                                                           dx:    0.05
Iteration 15
	model frequencies (percent)
	model 1: 0.0| model 2: 98.2| model 3: 0.0| model 4: 1.8| model 5: 0.0| 
                                                           dL:    0.92
                                                           dm:    1.08
                                                           dx:    0.05
Iteration 16
	model frequencies (percent)
	model 1: 0.0| model 2: 99.0| model 3: 0.0| model 4: 1.0| model 5: 0.0| 
                                                           dL:    0.99
                                                           dm:    0.84
                                                           dx:    0.03
Iteration 17
	model frequencies (percent)
	model 1: 0.0| model 2: 99.6| model 3: 0.0| model 4: 0.4| model 5: 0.0| 
                                                           dL:    1.01
                                                           dm:    0.57
                                                           dx:    0.02
Iteration 18
	model frequencies (percent)
	model 1: 0.0| model 2: 99.9| model 3: 0.0| model 4: 0.1| model 5: 0.0| 
                                                           dL:    0.88
                                                           dm:    0.28
                                                           dx:    0.07
Iteration 19
	model frequencies (percent)
	model 1: 0.0| model 2: 100.0| model 3: 0.0| model 4: 0.0| model 5: 0.0| 
                                                           dL:    0.58
                                                           dm:    0.09
                                                           dx:    0.25
Iteration 20
	model frequencies (percent)
	model 1: 0.0| model 2: 100.0| model 3: 0.0| model 4: 0.0| model 5: 0.0| 
                                                           dL:    0.04
                                                           dm:    0.02
                                                           dx:    0.19
Iteration 21
	model frequencies (percent)
	model 1: 0.0| model 2: 100.0| model 3: 0.0| model 4: 0.0| model 5: 0.0| 
                                                           dL:    0.00
                                                           dm:    0.00
                                                           dx:    0.04
Iteration 22
	model frequencies (percent)
	model 1: 0.0| model 2: 100.0| model 3: 0.0| model 4: 0.0| model 5: 0.0| 
                                                           dL:    0.00
                                                           dm:    0.00
                                                           dx:    0.00
                                                          Converged :]
