cbm_hbi_hbi                                       09-May-2023 01:33:04
Running hierarchical bayesian inference (HBI)...

HBI has been initialized according to
	IM/sim_fit_baseline_it_9.mat [for model 1]
	IM/sim_fit_im_it_9.mat [for model 2]
	IM/sim_fit_em_it_9.mat [for model 3]
	IM/sim_fit_fixarb_it_9.mat [for model 4]
	IM/sim_fit_dynarb_it_9.mat [for model 5]
 
Number of samples: 100
Number of models: 5
======================================================================
Iteration 01
Iteration 02
	model frequencies (percent)
	model 1: 1.2| model 2: 42.2| model 3: 2.6| model 4: 30.2| model 5: 23.8| 
                                                           dL:   85.30
                                                           dm:   57.80
                                                           dx:    0.48
Iteration 03
	model frequencies (percent)
	model 1: 0.1| model 2: 52.4| model 3: 0.9| model 4: 28.0| model 5: 18.6| 
                                                           dL:   14.46
                                                           dm:   10.19
                                                           dx:    0.20
Iteration 04
	model frequencies (percent)
	model 1: 0.0| model 2: 59.6| model 3: 0.4| model 4: 25.5| model 5: 14.5| 
                                                           dL:    5.00
                                                           dm:    7.19
                                                           dx:    0.51
Iteration 05
	model frequencies (percent)
	model 1: 0.0| model 2: 65.3| model 3: 0.2| model 4: 23.3| model 5: 11.3| 
                                                           dL:    3.09
                                                           dm:    5.67
                                                           dx:    0.10
Iteration 06
	model frequencies (percent)
	model 1: 0.0| model 2: 70.1| model 3: 0.1| model 4: 21.3| model 5: 8.5| 
                                                           dL:    2.56
                                                           dm:    4.86
                                                           dx:    0.11
Iteration 07
	model frequencies (percent)
	model 1: 0.0| model 2: 74.5| model 3: 0.1| model 4: 19.4| model 5: 6.0| 
                                                           dL:    2.21
                                                           dm:    4.35
                                                           dx:    0.13
Iteration 08
	model frequencies (percent)
	model 1: 0.0| model 2: 78.4| model 3: 0.1| model 4: 17.6| model 5: 4.0| 
                                                           dL:    2.25
                                                           dm:    3.89
                                                           dx:    0.11
Iteration 09
	model frequencies (percent)
	model 1: 0.0| model 2: 81.7| model 3: 0.1| model 4: 15.9| model 5: 2.3| 
                                                           dL:    2.33
                                                           dm:    3.35
                                                           dx:    0.11
Iteration 10
	model frequencies (percent)
	model 1: 0.0| model 2: 84.5| model 3: 0.1| model 4: 14.3| model 5: 1.1| 
                                                           dL:    2.54
                                                           dm:    2.76
                                                           dx:    0.11
Iteration 11
	model frequencies (percent)
	model 1: 0.0| model 2: 86.6| model 3: 0.1| model 4: 12.9| model 5: 0.4| 
                                                           dL:    2.61
                                                           dm:    2.14
                                                           dx:    0.12
Iteration 12
	model frequencies (percent)
	model 1: 0.0| model 2: 88.2| model 3: 0.1| model 4: 11.5| model 5: 0.1| 
                                                           dL:    1.77
                                                           dm:    1.64
                                                           dx:    0.12
Iteration 13
	model frequencies (percent)
	model 1: 0.0| model 2: 89.6| model 3: 0.1| model 4: 10.2| model 5: 0.0| 
                                                           dL:    0.56
                                                           dm:    1.37
                                                           dx:    0.09
Iteration 14
	model frequencies (percent)
	model 1: 0.0| model 2: 90.8| model 3: 0.1| model 4: 9.0| model 5: 0.0| 
                                                           dL:    0.40
                                                           dm:    1.21
                                                           dx:    0.04
Iteration 15
	model frequencies (percent)
	model 1: 0.0| model 2: 91.9| model 3: 0.1| model 4: 8.0| model 5: 0.0| 
                                                           dL:    0.38
                                                           dm:    1.06
                                                           dx:    0.03
Iteration 16
	model frequencies (percent)
	model 1: 0.0| model 2: 92.8| model 3: 0.1| model 4: 7.1| model 5: 0.0| 
                                                           dL:    0.37
                                                           dm:    0.91
                                                           dx:    0.03
Iteration 17
	model frequencies (percent)
	model 1: 0.0| model 2: 93.6| model 3: 0.1| model 4: 6.3| model 5: 0.0| 
                                                           dL:    0.37
                                                           dm:    0.77
                                                           dx:    0.03
Iteration 18
	model frequencies (percent)
	model 1: 0.0| model 2: 94.2| model 3: 0.1| model 4: 5.7| model 5: 0.0| 
                                                           dL:    0.37
                                                           dm:    0.65
                                                           dx:    0.03
Iteration 19
	model frequencies (percent)
	model 1: 0.0| model 2: 94.8| model 3: 0.1| model 4: 5.1| model 5: 0.0| 
                                                           dL:    0.38
                                                           dm:    0.54
                                                           dx:    0.03
Iteration 20
	model frequencies (percent)
	model 1: 0.0| model 2: 95.2| model 3: 0.1| model 4: 4.7| model 5: 0.0| 
                                                           dL:    0.39
                                                           dm:    0.44
                                                           dx:    0.03
Iteration 21
	model frequencies (percent)
	model 1: 0.0| model 2: 95.5| model 3: 0.1| model 4: 4.3| model 5: 0.0| 
                                                           dL:    0.40
                                                           dm:    0.35
                                                           dx:    0.03
Iteration 22
	model frequencies (percent)
	model 1: 0.0| model 2: 95.8| model 3: 0.1| model 4: 4.1| model 5: 0.0| 
                                                           dL:    0.40
                                                           dm:    0.26
                                                           dx:    0.03
Iteration 23
	model frequencies (percent)
	model 1: 0.0| model 2: 96.0| model 3: 0.1| model 4: 3.9| model 5: 0.0| 
                                                           dL:    0.37
                                                           dm:    0.19
                                                           dx:    0.03
Iteration 24
	model frequencies (percent)
	model 1: 0.0| model 2: 96.1| model 3: 0.1| model 4: 3.7| model 5: 0.0| 
                                                           dL:    0.33
                                                           dm:    0.13
                                                           dx:    0.02
Iteration 25
	model frequencies (percent)
	model 1: 0.0| model 2: 96.2| model 3: 0.1| model 4: 3.7| model 5: 0.0| 
                                                           dL:    0.28
                                                           dm:    0.08
                                                           dx:    0.02
Iteration 26
	model frequencies (percent)
	model 1: 0.0| model 2: 96.3| model 3: 0.1| model 4: 3.6| model 5: 0.0| 
                                                           dL:    0.22
                                                           dm:    0.06
                                                           dx:    0.02
Iteration 27
	model frequencies (percent)
	model 1: 0.0| model 2: 96.3| model 3: 0.1| model 4: 3.6| model 5: 0.0| 
                                                           dL:    0.18
                                                           dm:    0.04
                                                           dx:    0.02
Iteration 28
	model frequencies (percent)
	model 1: 0.0| model 2: 96.3| model 3: 0.1| model 4: 3.6| model 5: 0.0| 
                                                           dL:    0.14
                                                           dm:    0.03
                                                           dx:    0.02
Iteration 29
	model frequencies (percent)
	model 1: 0.0| model 2: 96.3| model 3: 0.1| model 4: 3.5| model 5: 0.0| 
                                                           dL:    0.10
                                                           dm:    0.02
                                                           dx:    0.01
Iteration 30
	model frequencies (percent)
	model 1: 0.0| model 2: 96.4| model 3: 0.1| model 4: 3.5| model 5: 0.0| 
                                                           dL:    0.07
                                                           dm:    0.01
                                                           dx:    0.01
Iteration 31
	model frequencies (percent)
	model 1: 0.0| model 2: 96.4| model 3: 0.1| model 4: 3.5| model 5: 0.0| 
                                                           dL:    0.05
                                                           dm:    0.01
                                                           dx:    0.01
