cbm_hbi_hbi                                       09-May-2023 01:42:57
Running hierarchical bayesian inference (HBI)...

HBI has been initialized according to
	IM/sim_fit_baseline_it_10.mat [for model 1]
	IM/sim_fit_im_it_10.mat [for model 2]
	IM/sim_fit_em_it_10.mat [for model 3]
	IM/sim_fit_fixarb_it_10.mat [for model 4]
	IM/sim_fit_dynarb_it_10.mat [for model 5]
 
Number of samples: 100
Number of models: 5
======================================================================
Iteration 01
Iteration 02
	model frequencies (percent)
	model 1: 1.3| model 2: 43.4| model 3: 1.8| model 4: 31.0| model 5: 22.4| 
                                                           dL:   87.13
                                                           dm:   56.57
                                                           dx:    0.44
Iteration 03
	model frequencies (percent)
	model 1: 0.1| model 2: 54.3| model 3: 0.2| model 4: 29.2| model 5: 16.2| 
                                                           dL:   15.54
                                                           dm:   10.83
                                                           dx:    0.21
Iteration 04
	model frequencies (percent)
	model 1: 0.0| model 2: 61.7| model 3: 0.0| model 4: 26.7| model 5: 11.6| 
                                                           dL:    6.41
                                                           dm:    7.42
                                                           dx:    0.32
Iteration 05
	model frequencies (percent)
	model 1: 0.0| model 2: 67.4| model 3: 0.0| model 4: 24.6| model 5: 8.0| 
                                                           dL:    3.09
                                                           dm:    5.74
                                                           dx:    0.26
Iteration 06
	model frequencies (percent)
	model 1: 0.0| model 2: 72.2| model 3: 0.0| model 4: 22.7| model 5: 5.1| 
                                                           dL:    2.70
                                                           dm:    4.78
                                                           dx:    0.11
Iteration 07
	model frequencies (percent)
	model 1: 0.0| model 2: 76.3| model 3: 0.0| model 4: 20.9| model 5: 2.8| 
                                                           dL:    2.84
                                                           dm:    4.09
                                                           dx:    0.09
Iteration 08
	model frequencies (percent)
	model 1: 0.0| model 2: 79.7| model 3: 0.0| model 4: 19.1| model 5: 1.2| 
                                                           dL:    3.06
                                                           dm:    3.43
                                                           dx:    0.11
Iteration 09
	model frequencies (percent)
	model 1: 0.0| model 2: 82.4| model 3: 0.0| model 4: 17.2| model 5: 0.3| 
                                                           dL:    2.97
                                                           dm:    2.73
                                                           dx:    0.12
Iteration 10
	model frequencies (percent)
	model 1: 0.0| model 2: 84.6| model 3: 0.0| model 4: 15.3| model 5: 0.1| 
                                                           dL:    1.86
                                                           dm:    2.16
                                                           dx:    0.16
Iteration 11
	model frequencies (percent)
	model 1: 0.0| model 2: 86.5| model 3: 0.0| model 4: 13.4| model 5: 0.0| 
                                                           dL:    0.53
                                                           dm:    1.92
                                                           dx:    0.17
Iteration 12
	model frequencies (percent)
	model 1: 0.0| model 2: 88.3| model 3: 0.0| model 4: 11.6| model 5: 0.0| 
                                                           dL:    0.46
                                                           dm:    1.82
                                                           dx:    0.04
Iteration 13
	model frequencies (percent)
	model 1: 0.0| model 2: 90.1| model 3: 0.0| model 4: 9.9| model 5: 0.0| 
                                                           dL:    0.48
                                                           dm:    1.73
                                                           dx:    0.03
Iteration 14
	model frequencies (percent)
	model 1: 0.0| model 2: 91.7| model 3: 0.0| model 4: 8.3| model 5: 0.0| 
                                                           dL:    0.51
                                                           dm:    1.62
                                                           dx:    0.03
Iteration 15
	model frequencies (percent)
	model 1: 0.0| model 2: 93.2| model 3: 0.0| model 4: 6.8| model 5: 0.0| 
                                                           dL:    0.54
                                                           dm:    1.51
                                                           dx:    0.03
Iteration 16
	model frequencies (percent)
	model 1: 0.0| model 2: 94.6| model 3: 0.0| model 4: 5.4| model 5: 0.0| 
                                                           dL:    0.59
                                                           dm:    1.39
                                                           dx:    0.03
Iteration 17
	model frequencies (percent)
	model 1: 0.0| model 2: 95.9| model 3: 0.0| model 4: 4.1| model 5: 0.0| 
                                                           dL:    0.67
                                                           dm:    1.27
                                                           dx:    0.03
Iteration 18
	model frequencies (percent)
	model 1: 0.0| model 2: 97.0| model 3: 0.0| model 4: 3.0| model 5: 0.0| 
                                                           dL:    0.76
                                                           dm:    1.13
                                                           dx:    0.04
Iteration 19
	model frequencies (percent)
	model 1: 0.0| model 2: 98.0| model 3: 0.0| model 4: 2.0| model 5: 0.0| 
                                                           dL:    0.88
                                                           dm:    0.97
                                                           dx:    0.04
Iteration 20
	model frequencies (percent)
	model 1: 0.0| model 2: 98.8| model 3: 0.0| model 4: 1.2| model 5: 0.0| 
                                                           dL:    0.99
                                                           dm:    0.79
                                                           dx:    0.05
Iteration 21
	model frequencies (percent)
	model 1: 0.0| model 2: 99.3| model 3: 0.0| model 4: 0.6| model 5: 0.0| 
                                                           dL:    1.02
                                                           dm:    0.57
                                                           dx:    0.06
Iteration 22
	model frequencies (percent)
	model 1: 0.0| model 2: 99.7| model 3: 0.0| model 4: 0.3| model 5: 0.0| 
                                                           dL:    0.85
                                                           dm:    0.34
                                                           dx:    0.09
Iteration 23
	model frequencies (percent)
	model 1: 0.0| model 2: 99.8| model 3: 0.0| model 4: 0.1| model 5: 0.0| 
                                                           dL:    0.40
                                                           dm:    0.16
                                                           dx:    0.11
Iteration 24
	model frequencies (percent)
	model 1: 0.0| model 2: 99.9| model 3: 0.0| model 4: 0.1| model 5: 0.0| 
                                                           dL:    0.06
                                                           dm:    0.06
                                                           dx:    0.07
Iteration 25
	model frequencies (percent)
	model 1: 0.0| model 2: 99.9| model 3: 0.0| model 4: 0.1| model 5: 0.0| 
                                                           dL:    0.02
                                                           dm:    0.02
                                                           dx:    0.02
Iteration 26
	model frequencies (percent)
	model 1: 0.0| model 2: 99.9| model 3: 0.0| model 4: 0.1| model 5: 0.0| 
                                                           dL:    0.01
                                                           dm:    0.00
                                                           dx:    0.00
                                                          Converged :]
