cbm_hbi_hbi                                       08-May-2023 22:37:44
Running hierarchical bayesian inference (HBI)...

HBI has been initialized according to
	IM/sim_fit_baseline_it_1.mat [for model 1]
	IM/sim_fit_im_it_1.mat [for model 2]
	IM/sim_fit_em_it_1.mat [for model 3]
	IM/sim_fit_fixarb_it_1.mat [for model 4]
	IM/sim_fit_dynarb_it_1.mat [for model 5]
 
Number of samples: 100
Number of models: 5
======================================================================
Iteration 01
Iteration 02
	model frequencies (percent)
	model 1: 0.7| model 2: 43.9| model 3: 1.5| model 4: 29.7| model 5: 24.1| 
                                                           dL:   91.18
                                                           dm:   56.09
                                                           dx:    0.37
Iteration 03
	model frequencies (percent)
	model 1: 0.0| model 2: 54.6| model 3: 0.1| model 4: 26.8| model 5: 18.5| 
                                                           dL:   15.12
                                                           dm:   10.72
                                                           dx:    0.17
Iteration 04
	model frequencies (percent)
	model 1: 0.0| model 2: 62.0| model 3: 0.0| model 4: 23.7| model 5: 14.2| 
                                                           dL:    4.54
                                                           dm:    7.40
                                                           dx:    0.29
Iteration 05
	model frequencies (percent)
	model 1: 0.0| model 2: 67.8| model 3: 0.0| model 4: 21.2| model 5: 10.9| 
                                                           dL:    2.37
                                                           dm:    5.80
                                                           dx:    0.17
Iteration 06
	model frequencies (percent)
	model 1: 0.0| model 2: 72.8| model 3: 0.0| model 4: 19.1| model 5: 8.2| 
                                                           dL:    2.06
                                                           dm:    4.93
                                                           dx:    0.05
Iteration 07
	model frequencies (percent)
	model 1: 0.0| model 2: 77.2| model 3: 0.0| model 4: 17.1| model 5: 5.7| 
                                                           dL:    2.08
                                                           dm:    4.41
                                                           dx:    0.06
Iteration 08
	model frequencies (percent)
	model 1: 0.0| model 2: 81.2| model 3: 0.0| model 4: 15.2| model 5: 3.6| 
                                                           dL:    2.28
                                                           dm:    3.99
                                                           dx:    0.07
Iteration 09
	model frequencies (percent)
	model 1: 0.0| model 2: 84.7| model 3: 0.0| model 4: 13.4| model 5: 1.9| 
                                                           dL:    2.60
                                                           dm:    3.54
                                                           dx:    0.08
Iteration 10
	model frequencies (percent)
	model 1: 0.0| model 2: 87.7| model 3: 0.0| model 4: 11.6| model 5: 0.7| 
                                                           dL:    2.87
                                                           dm:    2.97
                                                           dx:    0.10
Iteration 11
	model frequencies (percent)
	model 1: 0.0| model 2: 90.0| model 3: 0.0| model 4: 9.9| model 5: 0.1| 
                                                           dL:    2.49
                                                           dm:    2.29
                                                           dx:    0.13
Iteration 12
	model frequencies (percent)
	model 1: 0.0| model 2: 91.8| model 3: 0.0| model 4: 8.2| model 5: 0.0| 
                                                           dL:    1.31
                                                           dm:    1.81
                                                           dx:    0.21
Iteration 13
	model frequencies (percent)
	model 1: 0.0| model 2: 93.4| model 3: 0.0| model 4: 6.6| model 5: 0.0| 
                                                           dL:    0.62
                                                           dm:    1.62
                                                           dx:    0.14
Iteration 14
	model frequencies (percent)
	model 1: 0.0| model 2: 94.9| model 3: 0.0| model 4: 5.1| model 5: 0.0| 
                                                           dL:    0.67
                                                           dm:    1.49
                                                           dx:    0.04
Iteration 15
	model frequencies (percent)
	model 1: 0.0| model 2: 96.3| model 3: 0.0| model 4: 3.7| model 5: 0.0| 
                                                           dL:    0.76
                                                           dm:    1.35
                                                           dx:    0.04
Iteration 16
	model frequencies (percent)
	model 1: 0.0| model 2: 97.4| model 3: 0.0| model 4: 2.5| model 5: 0.0| 
                                                           dL:    0.87
                                                           dm:    1.19
                                                           dx:    0.04
Iteration 17
	model frequencies (percent)
	model 1: 0.0| model 2: 98.4| model 3: 0.0| model 4: 1.5| model 5: 0.0| 
                                                           dL:    1.00
                                                           dm:    0.99
                                                           dx:    0.05
Iteration 18
	model frequencies (percent)
	model 1: 0.0| model 2: 99.2| model 3: 0.0| model 4: 0.8| model 5: 0.0| 
                                                           dL:    1.09
                                                           dm:    0.74
                                                           dx:    0.06
Iteration 19
	model frequencies (percent)
	model 1: 0.0| model 2: 99.6| model 3: 0.0| model 4: 0.4| model 5: 0.0| 
                                                           dL:    1.02
                                                           dm:    0.45
                                                           dx:    0.09
Iteration 20
	model frequencies (percent)
	model 1: 0.0| model 2: 99.8| model 3: 0.0| model 4: 0.1| model 5: 0.0| 
                                                           dL:    0.69
                                                           dm:    0.20
                                                           dx:    0.13
Iteration 21
	model frequencies (percent)
	model 1: 0.0| model 2: 99.9| model 3: 0.0| model 4: 0.1| model 5: 0.0| 
                                                           dL:    0.17
                                                           dm:    0.07
                                                           dx:    0.12
Iteration 22
	model frequencies (percent)
	model 1: 0.0| model 2: 99.9| model 3: 0.0| model 4: 0.1| model 5: 0.0| 
                                                           dL:    0.02
                                                           dm:    0.02
                                                           dx:    0.05
Iteration 23
	model frequencies (percent)
	model 1: 0.0| model 2: 99.9| model 3: 0.0| model 4: 0.1| model 5: 0.0| 
                                                           dL:    0.01
                                                           dm:    0.00
                                                           dx:    0.01
                                                          Converged :]
