cbm_hbi_hbi                                       09-May-2023 00:31:44
Running hierarchical bayesian inference (HBI)...

HBI has been initialized according to
	IM/sim_fit_baseline_it_2.mat [for model 1]
	IM/sim_fit_im_it_2.mat [for model 2]
	IM/sim_fit_em_it_2.mat [for model 3]
	IM/sim_fit_fixarb_it_2.mat [for model 4]
	IM/sim_fit_dynarb_it_2.mat [for model 5]
 
Number of samples: 100
Number of models: 5
======================================================================
Iteration 01
Iteration 02
	model frequencies (percent)
	model 1: 0.7| model 2: 42.7| model 3: 1.8| model 4: 30.4| model 5: 24.4| 
                                                           dL:   88.48
                                                           dm:   57.32
                                                           dx:    0.52
Iteration 03
	model frequencies (percent)
	model 1: 0.0| model 2: 52.2| model 3: 0.4| model 4: 28.5| model 5: 18.9| 
                                                           dL:   13.32
                                                           dm:    9.51
                                                           dx:    0.20
Iteration 04
	model frequencies (percent)
	model 1: 0.0| model 2: 59.2| model 3: 0.1| model 4: 26.2| model 5: 14.6| 
                                                           dL:    4.53
                                                           dm:    6.99
                                                           dx:    0.40
Iteration 05
	model frequencies (percent)
	model 1: 0.0| model 2: 65.0| model 3: 0.1| model 4: 24.0| model 5: 11.0| 
                                                           dL:    3.00
                                                           dm:    5.81
                                                           dx:    0.13
Iteration 06
	model frequencies (percent)
	model 1: 0.0| model 2: 70.2| model 3: 0.0| model 4: 21.9| model 5: 7.9| 
                                                           dL:    2.42
                                                           dm:    5.17
                                                           dx:    0.12
Iteration 07
	model frequencies (percent)
	model 1: 0.0| model 2: 74.9| model 3: 0.0| model 4: 19.9| model 5: 5.2| 
                                                           dL:    2.51
                                                           dm:    4.70
                                                           dx:    0.10
Iteration 08
	model frequencies (percent)
	model 1: 0.0| model 2: 79.1| model 3: 0.0| model 4: 17.9| model 5: 3.0| 
                                                           dL:    2.72
                                                           dm:    4.20
                                                           dx:    0.11
Iteration 09
	model frequencies (percent)
	model 1: 0.0| model 2: 82.6| model 3: 0.0| model 4: 16.0| model 5: 1.4| 
                                                           dL:    2.97
                                                           dm:    3.57
                                                           dx:    0.12
Iteration 10
	model frequencies (percent)
	model 1: 0.0| model 2: 85.5| model 3: 0.0| model 4: 14.1| model 5: 0.4| 
                                                           dL:    3.02
                                                           dm:    2.84
                                                           dx:    0.13
Iteration 11
	model frequencies (percent)
	model 1: 0.0| model 2: 87.7| model 3: 0.1| model 4: 12.2| model 5: 0.1| 
                                                           dL:    2.13
                                                           dm:    2.20
                                                           dx:    0.16
Iteration 12
	model frequencies (percent)
	model 1: 0.0| model 2: 89.5| model 3: 0.0| model 4: 10.4| model 5: 0.0| 
                                                           dL:    0.71
                                                           dm:    1.87
                                                           dx:    0.15
Iteration 13
	model frequencies (percent)
	model 1: 0.0| model 2: 91.2| model 3: 0.0| model 4: 8.7| model 5: 0.0| 
                                                           dL:    0.57
                                                           dm:    1.69
                                                           dx:    0.05
Iteration 14
	model frequencies (percent)
	model 1: 0.0| model 2: 92.8| model 3: 0.0| model 4: 7.2| model 5: 0.0| 
                                                           dL:    0.59
                                                           dm:    1.52
                                                           dx:    0.04
Iteration 15
	model frequencies (percent)
	model 1: 0.0| model 2: 94.1| model 3: 0.1| model 4: 5.8| model 5: 0.0| 
                                                           dL:    0.61
                                                           dm:    1.35
                                                           dx:    0.04
Iteration 16
	model frequencies (percent)
	model 1: 0.0| model 2: 95.3| model 3: 0.1| model 4: 4.7| model 5: 0.0| 
                                                           dL:    0.64
                                                           dm:    1.16
                                                           dx:    0.04
Iteration 17
	model frequencies (percent)
	model 1: 0.0| model 2: 96.2| model 3: 0.1| model 4: 3.7| model 5: 0.0| 
                                                           dL:    0.67
                                                           dm:    0.98
                                                           dx:    0.04
Iteration 18
	model frequencies (percent)
	model 1: 0.0| model 2: 97.0| model 3: 0.1| model 4: 2.9| model 5: 0.0| 
                                                           dL:    0.69
                                                           dm:    0.79
                                                           dx:    0.05
Iteration 19
	model frequencies (percent)
	model 1: 0.0| model 2: 97.6| model 3: 0.1| model 4: 2.3| model 5: 0.0| 
                                                           dL:    0.70
                                                           dm:    0.62
                                                           dx:    0.05
Iteration 20
	model frequencies (percent)
	model 1: 0.0| model 2: 98.1| model 3: 0.1| model 4: 1.8| model 5: 0.0| 
                                                           dL:    0.66
                                                           dm:    0.46
                                                           dx:    0.05
Iteration 21
	model frequencies (percent)
	model 1: 0.0| model 2: 98.5| model 3: 0.1| model 4: 1.4| model 5: 0.0| 
                                                           dL:    0.60
                                                           dm:    0.35
                                                           dx:    0.05
Iteration 22
	model frequencies (percent)
	model 1: 0.0| model 2: 98.7| model 3: 0.1| model 4: 1.2| model 5: 0.0| 
                                                           dL:    0.52
                                                           dm:    0.27
                                                           dx:    0.05
Iteration 23
	model frequencies (percent)
	model 1: 0.0| model 2: 98.9| model 3: 0.1| model 4: 0.9| model 5: 0.0| 
                                                           dL:    0.40
                                                           dm:    0.21
                                                           dx:    0.05
Iteration 24
	model frequencies (percent)
	model 1: 0.0| model 2: 99.1| model 3: 0.1| model 4: 0.8| model 5: 0.0| 
                                                           dL:    0.25
                                                           dm:    0.17
                                                           dx:    0.04
Iteration 25
	model frequencies (percent)
	model 1: 0.0| model 2: 99.3| model 3: 0.1| model 4: 0.6| model 5: 0.0| 
                                                           dL:    0.14
                                                           dm:    0.14
                                                           dx:    0.03
Iteration 26
	model frequencies (percent)
	model 1: 0.0| model 2: 99.4| model 3: 0.1| model 4: 0.5| model 5: 0.0| 
                                                           dL:    0.09
                                                           dm:    0.11
                                                           dx:    0.02
Iteration 27
	model frequencies (percent)
	model 1: 0.0| model 2: 99.4| model 3: 0.1| model 4: 0.4| model 5: 0.0| 
                                                           dL:    0.06
                                                           dm:    0.09
                                                           dx:    0.01
Iteration 28
	model frequencies (percent)
	model 1: 0.0| model 2: 99.5| model 3: 0.1| model 4: 0.3| model 5: 0.0| 
                                                           dL:    0.05
                                                           dm:    0.06
                                                           dx:    0.01
                                                          Converged :]
