cbm_hbi_hbi                                       10-May-2023 14:31:26
Running hierarchical bayesian inference (HBI)...

HBI has been initialized according to
	DynArb/sim_fit_baseline_it_4.mat [for model 1]
	DynArb/sim_fit_im_it_4.mat [for model 2]
	DynArb/sim_fit_em_it_4.mat [for model 3]
	DynArb/sim_fit_fixarb_it_4.mat [for model 4]
	DynArb/sim_fit_dynarb_it_4.mat [for model 5]
 
Number of samples: 100
Number of models: 5
======================================================================
Iteration 01
Iteration 02
	model frequencies (percent)
	model 1: 0.2| model 2: 6.9| model 3: 9.4| model 4: 29.3| model 5: 54.2| 
                                                           dL:  106.97
                                                           dm:   45.82
                                                           dx:    1.19
Iteration 03
	model frequencies (percent)
	model 1: 0.0| model 2: 5.7| model 3: 6.6| model 4: 23.5| model 5: 64.2| 
                                                           dL:    3.01
                                                           dm:   10.04
                                                           dx:    0.39
Iteration 04
	model frequencies (percent)
	model 1: 0.0| model 2: 5.4| model 3: 5.7| model 4: 18.9| model 5: 70.1| 
                                                           dL:   -6.27
                                                           dm:    5.83
                                                           dx:    0.46
Iteration 05
	model frequencies (percent)
	model 1: 0.0| model 2: 5.4| model 3: 5.7| model 4: 16.1| model 5: 72.8| 
                                                           dL:   -6.51
                                                           dm:    2.74
                                                           dx:    0.07
Iteration 06
	model frequencies (percent)
	model 1: 0.0| model 2: 5.4| model 3: 6.4| model 4: 14.7| model 5: 73.5| 
                                                           dL:   -4.58
                                                           dm:    0.73
                                                           dx:    0.05
Iteration 07
	model frequencies (percent)
	model 1: 0.0| model 2: 5.6| model 3: 7.3| model 4: 13.9| model 5: 73.1| 
                                                           dL:   -2.81
                                                           dm:    0.42
                                                           dx:    0.04
Iteration 08
	model frequencies (percent)
	model 1: 0.0| model 2: 5.9| model 3: 8.4| model 4: 13.6| model 5: 72.1| 
                                                           dL:   -1.67
                                                           dm:    1.00
                                                           dx:    0.04
Iteration 09
	model frequencies (percent)
	model 1: 0.0| model 2: 6.1| model 3: 9.5| model 4: 13.4| model 5: 70.9| 
                                                           dL:   -0.99
                                                           dm:    1.22
                                                           dx:    0.03
Iteration 10
	model frequencies (percent)
	model 1: 0.0| model 2: 6.4| model 3: 10.5| model 4: 13.4| model 5: 69.7| 
                                                           dL:   -0.62
                                                           dm:    1.23
                                                           dx:    0.03
Iteration 11
	model frequencies (percent)
	model 1: 0.0| model 2: 6.6| model 3: 11.4| model 4: 13.5| model 5: 68.5| 
                                                           dL:   -0.45
                                                           dm:    1.14
                                                           dx:    0.02
Iteration 12
	model frequencies (percent)
	model 1: 0.0| model 2: 6.8| model 3: 12.0| model 4: 13.7| model 5: 67.5| 
                                                           dL:   -0.36
                                                           dm:    1.03
                                                           dx:    0.02
Iteration 13
	model frequencies (percent)
	model 1: 0.0| model 2: 6.9| model 3: 12.5| model 4: 13.9| model 5: 66.6| 
                                                           dL:   -0.30
                                                           dm:    0.91
                                                           dx:    0.01
Iteration 14
	model frequencies (percent)
	model 1: 0.0| model 2: 7.1| model 3: 12.9| model 4: 14.2| model 5: 65.8| 
                                                           dL:   -0.24
                                                           dm:    0.82
                                                           dx:    0.01
Iteration 15
	model frequencies (percent)
	model 1: 0.0| model 2: 7.2| model 3: 13.2| model 4: 14.6| model 5: 65.0| 
                                                           dL:   -0.19
                                                           dm:    0.74
                                                           dx:    0.01
                                                          Converged :]
