cbm_hbi_hbi                                       10-May-2023 15:22:31
Running hierarchical bayesian inference (HBI)...

HBI has been initialized according to
	DynArb/sim_fit_baseline_it_9.mat [for model 1]
	DynArb/sim_fit_im_it_9.mat [for model 2]
	DynArb/sim_fit_em_it_9.mat [for model 3]
	DynArb/sim_fit_fixarb_it_9.mat [for model 4]
	DynArb/sim_fit_dynarb_it_9.mat [for model 5]
 
Number of samples: 100
Number of models: 5
======================================================================
Iteration 01
Iteration 02
	model frequencies (percent)
	model 1: 0.0| model 2: 6.4| model 3: 7.7| model 4: 31.3| model 5: 54.6| 
                                                           dL:  116.33
                                                           dm:   45.39
                                                           dx:    1.22
Iteration 03
	model frequencies (percent)
	model 1: 0.0| model 2: 4.6| model 3: 5.5| model 4: 27.2| model 5: 62.7| 
                                                           dL:   -3.42
                                                           dm:    8.06
                                                           dx:    0.49
Iteration 04
	model frequencies (percent)
	model 1: 0.0| model 2: 3.8| model 3: 5.4| model 4: 25.4| model 5: 65.4| 
                                                           dL:   -6.44
                                                           dm:    2.72
                                                           dx:    0.14
Iteration 05
	model frequencies (percent)
	model 1: 0.0| model 2: 3.3| model 3: 5.8| model 4: 25.2| model 5: 65.7| 
                                                           dL:   -4.38
                                                           dm:    0.33
                                                           dx:    0.07
Iteration 06
	model frequencies (percent)
	model 1: 0.0| model 2: 2.9| model 3: 6.1| model 4: 25.8| model 5: 65.1| 
                                                           dL:   -2.71
                                                           dm:    0.60
                                                           dx:    0.06
Iteration 07
	model frequencies (percent)
	model 1: 0.0| model 2: 2.7| model 3: 6.2| model 4: 26.7| model 5: 64.3| 
                                                           dL:   -1.80
                                                           dm:    0.80
                                                           dx:    0.05
Iteration 08
	model frequencies (percent)
	model 1: 0.0| model 2: 2.6| model 3: 6.2| model 4: 27.7| model 5: 63.5| 
                                                           dL:   -1.29
                                                           dm:    0.78
                                                           dx:    0.04
Iteration 09
	model frequencies (percent)
	model 1: 0.0| model 2: 2.5| model 3: 6.0| model 4: 28.7| model 5: 62.8| 
                                                           dL:   -0.97
                                                           dm:    0.73
                                                           dx:    0.03
Iteration 10
	model frequencies (percent)
	model 1: 0.0| model 2: 2.5| model 3: 5.8| model 4: 29.6| model 5: 62.1| 
                                                           dL:   -0.75
                                                           dm:    0.68
                                                           dx:    0.02
Iteration 11
	model frequencies (percent)
	model 1: 0.0| model 2: 2.5| model 3: 5.6| model 4: 30.4| model 5: 61.5| 
                                                           dL:   -0.58
                                                           dm:    0.63
                                                           dx:    0.02
Iteration 12
	model frequencies (percent)
	model 1: 0.0| model 2: 2.5| model 3: 5.4| model 4: 31.2| model 5: 60.9| 
                                                           dL:   -0.44
                                                           dm:    0.59
                                                           dx:    0.02
Iteration 13
	model frequencies (percent)
	model 1: 0.0| model 2: 2.6| model 3: 5.2| model 4: 31.9| model 5: 60.4| 
                                                           dL:   -0.33
                                                           dm:    0.55
                                                           dx:    0.01
Iteration 14
	model frequencies (percent)
	model 1: 0.0| model 2: 2.7| model 3: 5.0| model 4: 32.5| model 5: 59.9| 
                                                           dL:   -0.25
                                                           dm:    0.51
                                                           dx:    0.01
Iteration 15
	model frequencies (percent)
	model 1: 0.0| model 2: 2.8| model 3: 4.7| model 4: 33.0| model 5: 59.4| 
                                                           dL:   -0.18
                                                           dm:    0.46
                                                           dx:    0.01
                                                          Converged :]
