cbm_hbi_hbi                                       10-May-2023 15:32:44
Running hierarchical bayesian inference (HBI)...

HBI has been initialized according to
	DynArb/sim_fit_baseline_it_10.mat [for model 1]
	DynArb/sim_fit_im_it_10.mat [for model 2]
	DynArb/sim_fit_em_it_10.mat [for model 3]
	DynArb/sim_fit_fixarb_it_10.mat [for model 4]
	DynArb/sim_fit_dynarb_it_10.mat [for model 5]
 
Number of samples: 100
Number of models: 5
======================================================================
Iteration 01
Iteration 02
	model frequencies (percent)
	model 1: 0.0| model 2: 6.6| model 3: 7.3| model 4: 33.3| model 5: 52.7| 
                                                           dL:  115.99
                                                           dm:   47.27
                                                           dx:    1.09
Iteration 03
	model frequencies (percent)
	model 1: 0.0| model 2: 4.3| model 3: 5.5| model 4: 30.1| model 5: 60.1| 
                                                           dL:   -0.48
                                                           dm:    7.33
                                                           dx:    0.42
Iteration 04
	model frequencies (percent)
	model 1: 0.0| model 2: 3.1| model 3: 6.0| model 4: 28.1| model 5: 62.8| 
                                                           dL:   -4.77
                                                           dm:    2.76
                                                           dx:    0.12
Iteration 05
	model frequencies (percent)
	model 1: 0.0| model 2: 2.3| model 3: 7.2| model 4: 27.3| model 5: 63.1| 
                                                           dL:   -3.60
                                                           dm:    0.32
                                                           dx:    0.05
Iteration 06
	model frequencies (percent)
	model 1: 0.0| model 2: 1.8| model 3: 8.5| model 4: 27.3| model 5: 62.4| 
                                                           dL:   -2.37
                                                           dm:    0.72
                                                           dx:    0.04
Iteration 07
	model frequencies (percent)
	model 1: 0.0| model 2: 1.4| model 3: 9.5| model 4: 27.8| model 5: 61.4| 
                                                           dL:   -1.64
                                                           dm:    1.00
                                                           dx:    0.03
Iteration 08
	model frequencies (percent)
	model 1: 0.0| model 2: 1.0| model 3: 10.1| model 4: 28.5| model 5: 60.4| 
                                                           dL:   -1.18
                                                           dm:    1.04
                                                           dx:    0.03
Iteration 09
	model frequencies (percent)
	model 1: 0.0| model 2: 0.8| model 3: 10.5| model 4: 29.4| model 5: 59.3| 
                                                           dL:   -0.81
                                                           dm:    1.06
                                                           dx:    0.02
Iteration 10
	model frequencies (percent)
	model 1: 0.0| model 2: 0.6| model 3: 10.8| model 4: 30.4| model 5: 58.2| 
                                                           dL:   -0.50
                                                           dm:    1.08
                                                           dx:    0.02
Iteration 11
	model frequencies (percent)
	model 1: 0.0| model 2: 0.4| model 3: 10.9| model 4: 31.5| model 5: 57.1| 
                                                           dL:   -0.24
                                                           dm:    1.09
                                                           dx:    0.04
Iteration 12
	model frequencies (percent)
	model 1: 0.0| model 2: 0.2| model 3: 11.1| model 4: 32.6| model 5: 56.1| 
                                                           dL:    0.01
                                                           dm:    1.06
                                                           dx:    0.07
Iteration 13
	model frequencies (percent)
	model 1: 0.0| model 2: 0.1| model 3: 11.2| model 4: 33.7| model 5: 55.1| 
                                                           dL:    0.21
                                                           dm:    1.02
                                                           dx:    0.13
Iteration 14
	model frequencies (percent)
	model 1: 0.0| model 2: 0.0| model 3: 11.3| model 4: 34.6| model 5: 54.1| 
                                                           dL:    0.11
                                                           dm:    0.97
                                                           dx:    0.19
Iteration 15
	model frequencies (percent)
	model 1: 0.0| model 2: 0.0| model 3: 11.4| model 4: 35.4| model 5: 53.2| 
                                                           dL:   -0.05
                                                           dm:    0.89
                                                           dx:    0.13
Iteration 16
	model frequencies (percent)
	model 1: 0.0| model 2: 0.0| model 3: 11.4| model 4: 36.1| model 5: 52.4| 
                                                           dL:   -0.04
                                                           dm:    0.79
                                                           dx:    0.03
Iteration 17
	model frequencies (percent)
	model 1: 0.0| model 2: 0.0| model 3: 11.5| model 4: 36.7| model 5: 51.7| 
                                                           dL:   -0.03
                                                           dm:    0.68
                                                           dx:    0.01
                                                          Converged :]
