cbm_hbi_hbi                                       10-May-2023 14:51:28
Running hierarchical bayesian inference (HBI)...

HBI has been initialized according to
	DynArb/sim_fit_baseline_it_6.mat [for model 1]
	DynArb/sim_fit_im_it_6.mat [for model 2]
	DynArb/sim_fit_em_it_6.mat [for model 3]
	DynArb/sim_fit_fixarb_it_6.mat [for model 4]
	DynArb/sim_fit_dynarb_it_6.mat [for model 5]
 
Number of samples: 100
Number of models: 5
======================================================================
Iteration 01
Iteration 02
	model frequencies (percent)
	model 1: 0.1| model 2: 5.5| model 3: 7.4| model 4: 33.6| model 5: 53.5| 
                                                           dL:  115.24
                                                           dm:   46.49
                                                           dx:    1.11
Iteration 03
	model frequencies (percent)
	model 1: 0.0| model 2: 2.7| model 3: 5.3| model 4: 31.1| model 5: 60.9| 
                                                           dL:   -1.49
                                                           dm:    7.36
                                                           dx:    0.47
Iteration 04
	model frequencies (percent)
	model 1: 0.0| model 2: 1.5| model 3: 5.3| model 4: 29.6| model 5: 63.6| 
                                                           dL:   -4.71
                                                           dm:    2.76
                                                           dx:    0.16
Iteration 05
	model frequencies (percent)
	model 1: 0.0| model 2: 0.7| model 3: 5.8| model 4: 29.4| model 5: 64.1| 
                                                           dL:   -2.94
                                                           dm:    0.48
                                                           dx:    0.09
Iteration 06
	model frequencies (percent)
	model 1: 0.0| model 2: 0.3| model 3: 6.3| model 4: 29.9| model 5: 63.5| 
                                                           dL:   -1.53
                                                           dm:    0.61
                                                           dx:    0.14
Iteration 07
	model frequencies (percent)
	model 1: 0.0| model 2: 0.1| model 3: 6.7| model 4: 30.8| model 5: 62.5| 
                                                           dL:   -0.55
                                                           dm:    1.01
                                                           dx:    0.22
Iteration 08
	model frequencies (percent)
	model 1: 0.0| model 2: 0.0| model 3: 6.8| model 4: 31.7| model 5: 61.4| 
                                                           dL:   -0.55
                                                           dm:    1.09
                                                           dx:    0.17
Iteration 09
	model frequencies (percent)
	model 1: 0.0| model 2: 0.0| model 3: 6.8| model 4: 32.8| model 5: 60.4| 
                                                           dL:   -0.48
                                                           dm:    1.01
                                                           dx:    0.08
Iteration 10
	model frequencies (percent)
	model 1: 0.0| model 2: 0.0| model 3: 6.7| model 4: 33.8| model 5: 59.5| 
                                                           dL:   -0.24
                                                           dm:    0.91
                                                           dx:    0.02
Iteration 11
	model frequencies (percent)
	model 1: 0.0| model 2: 0.0| model 3: 6.6| model 4: 34.7| model 5: 58.7| 
                                                           dL:   -0.08
                                                           dm:    0.82
                                                           dx:    0.02
Iteration 12
	model frequencies (percent)
	model 1: 0.0| model 2: 0.0| model 3: 6.5| model 4: 35.6| model 5: 57.9| 
                                                           dL:    0.02
                                                           dm:    0.74
                                                           dx:    0.01
Iteration 13
	model frequencies (percent)
	model 1: 0.0| model 2: 0.0| model 3: 6.3| model 4: 36.4| model 5: 57.3| 
                                                           dL:    0.09
                                                           dm:    0.66
                                                           dx:    0.01
Iteration 14
	model frequencies (percent)
	model 1: 0.0| model 2: 0.0| model 3: 6.2| model 4: 37.1| model 5: 56.7| 
                                                           dL:    0.12
                                                           dm:    0.59
                                                           dx:    0.01
                                                          Converged :]
