cbm_hbi_hbi                                       10-May-2023 15:11:28
Running hierarchical bayesian inference (HBI)...

HBI has been initialized according to
	DynArb/sim_fit_baseline_it_8.mat [for model 1]
	DynArb/sim_fit_im_it_8.mat [for model 2]
	DynArb/sim_fit_em_it_8.mat [for model 3]
	DynArb/sim_fit_fixarb_it_8.mat [for model 4]
	DynArb/sim_fit_dynarb_it_8.mat [for model 5]
 
Number of samples: 100
Number of models: 5
======================================================================
Iteration 01
Iteration 02
	model frequencies (percent)
	model 1: 0.1| model 2: 6.6| model 3: 8.1| model 4: 32.7| model 5: 52.5| 
                                                           dL:  113.96
                                                           dm:   47.52
                                                           dx:    1.13
Iteration 03
	model frequencies (percent)
	model 1: 0.0| model 2: 4.5| model 3: 6.7| model 4: 29.2| model 5: 59.5| 
                                                           dL:   -1.09
                                                           dm:    7.03
                                                           dx:    0.41
Iteration 04
	model frequencies (percent)
	model 1: 0.0| model 2: 3.5| model 3: 7.3| model 4: 26.8| model 5: 62.3| 
                                                           dL:   -5.16
                                                           dm:    2.83
                                                           dx:    0.18
Iteration 05
	model frequencies (percent)
	model 1: 0.0| model 2: 2.9| model 3: 8.2| model 4: 25.4| model 5: 63.4| 
                                                           dL:   -3.74
                                                           dm:    1.10
                                                           dx:    0.07
Iteration 06
	model frequencies (percent)
	model 1: 0.0| model 2: 2.4| model 3: 9.0| model 4: 24.7| model 5: 63.8| 
                                                           dL:   -2.47
                                                           dm:    0.39
                                                           dx:    0.05
Iteration 07
	model frequencies (percent)
	model 1: 0.0| model 2: 2.1| model 3: 9.6| model 4: 24.3| model 5: 63.9| 
                                                           dL:   -1.63
                                                           dm:    0.08
                                                           dx:    0.04
Iteration 08
	model frequencies (percent)
	model 1: 0.0| model 2: 1.9| model 3: 10.1| model 4: 24.2| model 5: 63.8| 
                                                           dL:   -1.08
                                                           dm:    0.11
                                                           dx:    0.03
Iteration 09
	model frequencies (percent)
	model 1: 0.0| model 2: 1.7| model 3: 10.4| model 4: 24.3| model 5: 63.6| 
                                                           dL:   -0.73
                                                           dm:    0.24
                                                           dx:    0.02
Iteration 10
	model frequencies (percent)
	model 1: 0.0| model 2: 1.6| model 3: 10.7| model 4: 24.5| model 5: 63.3| 
                                                           dL:   -0.49
                                                           dm:    0.31
                                                           dx:    0.02
Iteration 11
	model frequencies (percent)
	model 1: 0.0| model 2: 1.5| model 3: 10.9| model 4: 24.7| model 5: 62.9| 
                                                           dL:   -0.33
                                                           dm:    0.35
                                                           dx:    0.01
Iteration 12
	model frequencies (percent)
	model 1: 0.0| model 2: 1.5| model 3: 11.0| model 4: 24.9| model 5: 62.5| 
                                                           dL:   -0.20
                                                           dm:    0.36
                                                           dx:    0.02
Iteration 13
	model frequencies (percent)
	model 1: 0.0| model 2: 1.4| model 3: 11.2| model 4: 25.2| model 5: 62.2| 
                                                           dL:   -0.11
                                                           dm:    0.35
                                                           dx:    0.02
Iteration 14
	model frequencies (percent)
	model 1: 0.0| model 2: 1.4| model 3: 11.3| model 4: 25.5| model 5: 61.9| 
                                                           dL:   -0.05
                                                           dm:    0.32
                                                           dx:    0.02
Iteration 15
	model frequencies (percent)
	model 1: 0.0| model 2: 1.3| model 3: 11.4| model 4: 25.7| model 5: 61.6| 
                                                           dL:   -0.00
                                                           dm:    0.29
                                                           dx:    0.01
Iteration 16
	model frequencies (percent)
	model 1: 0.0| model 2: 1.3| model 3: 11.5| model 4: 25.9| model 5: 61.3| 
                                                           dL:    0.02
                                                           dm:    0.25
                                                           dx:    0.01
Iteration 17
	model frequencies (percent)
	model 1: 0.0| model 2: 1.2| model 3: 11.5| model 4: 26.1| model 5: 61.1| 
                                                           dL:    0.04
                                                           dm:    0.22
                                                           dx:    0.01
Iteration 18
	model frequencies (percent)
	model 1: 0.0| model 2: 1.2| model 3: 11.6| model 4: 26.3| model 5: 60.9| 
                                                           dL:    0.05
                                                           dm:    0.19
                                                           dx:    0.01
Iteration 19
	model frequencies (percent)
	model 1: 0.0| model 2: 1.2| model 3: 11.6| model 4: 26.4| model 5: 60.8| 
                                                           dL:    0.06
                                                           dm:    0.16
                                                           dx:    0.01
Iteration 20
	model frequencies (percent)
	model 1: 0.0| model 2: 1.1| model 3: 11.7| model 4: 26.5| model 5: 60.7| 
                                                           dL:    0.06
                                                           dm:    0.13
                                                           dx:    0.01
                                                          Converged :]
