cbm_hbi_hbi                                       10-May-2023 14:11:27
Running hierarchical bayesian inference (HBI)...

HBI has been initialized according to
	DynArb/sim_fit_baseline_it_2.mat [for model 1]
	DynArb/sim_fit_im_it_2.mat [for model 2]
	DynArb/sim_fit_em_it_2.mat [for model 3]
	DynArb/sim_fit_fixarb_it_2.mat [for model 4]
	DynArb/sim_fit_dynarb_it_2.mat [for model 5]
 
Number of samples: 100
Number of models: 5
======================================================================
Iteration 01
Iteration 02
	model frequencies (percent)
	model 1: 0.0| model 2: 6.8| model 3: 7.6| model 4: 30.0| model 5: 55.5| 
                                                           dL:  119.66
                                                           dm:   44.51
                                                           dx:    1.17
Iteration 03
	model frequencies (percent)
	model 1: 0.0| model 2: 4.7| model 3: 6.2| model 4: 24.9| model 5: 64.2| 
                                                           dL:   -1.05
                                                           dm:    8.75
                                                           dx:    0.52
Iteration 04
	model frequencies (percent)
	model 1: 0.0| model 2: 3.8| model 3: 6.6| model 4: 21.7| model 5: 67.9| 
                                                           dL:   -5.01
                                                           dm:    3.63
                                                           dx:    0.15
Iteration 05
	model frequencies (percent)
	model 1: 0.0| model 2: 3.3| model 3: 7.4| model 4: 20.0| model 5: 69.3| 
                                                           dL:   -4.12
                                                           dm:    1.43
                                                           dx:    0.07
Iteration 06
	model frequencies (percent)
	model 1: 0.0| model 2: 3.0| model 3: 8.1| model 4: 19.3| model 5: 69.6| 
                                                           dL:   -2.84
                                                           dm:    0.29
                                                           dx:    0.06
Iteration 07
	model frequencies (percent)
	model 1: 0.0| model 2: 2.8| model 3: 8.6| model 4: 19.2| model 5: 69.4| 
                                                           dL:   -1.87
                                                           dm:    0.23
                                                           dx:    0.05
Iteration 08
	model frequencies (percent)
	model 1: 0.0| model 2: 2.7| model 3: 8.9| model 4: 19.4| model 5: 68.9| 
                                                           dL:   -1.22
                                                           dm:    0.47
                                                           dx:    0.04
Iteration 09
	model frequencies (percent)
	model 1: 0.0| model 2: 2.7| model 3: 9.1| model 4: 19.9| model 5: 68.3| 
                                                           dL:   -0.77
                                                           dm:    0.57
                                                           dx:    0.03
Iteration 10
	model frequencies (percent)
	model 1: 0.0| model 2: 2.8| model 3: 9.1| model 4: 20.4| model 5: 67.7| 
                                                           dL:   -0.46
                                                           dm:    0.60
                                                           dx:    0.02
Iteration 11
	model frequencies (percent)
	model 1: 0.0| model 2: 2.8| model 3: 9.1| model 4: 21.0| model 5: 67.1| 
                                                           dL:   -0.25
                                                           dm:    0.59
                                                           dx:    0.02
Iteration 12
	model frequencies (percent)
	model 1: 0.0| model 2: 2.9| model 3: 9.0| model 4: 21.5| model 5: 66.6| 
                                                           dL:   -0.12
                                                           dm:    0.57
                                                           dx:    0.01
Iteration 13
	model frequencies (percent)
	model 1: 0.0| model 2: 3.0| model 3: 8.9| model 4: 22.0| model 5: 66.0| 
                                                           dL:   -0.03
                                                           dm:    0.53
                                                           dx:    0.01
Iteration 14
	model frequencies (percent)
	model 1: 0.0| model 2: 3.1| model 3: 8.8| model 4: 22.5| model 5: 65.6| 
                                                           dL:    0.01
                                                           dm:    0.49
                                                           dx:    0.01
                                                          Converged :]
