cbm_hbi_hbi                                       10-May-2023 14:21:31
Running hierarchical bayesian inference (HBI)...

HBI has been initialized according to
	DynArb/sim_fit_baseline_it_3.mat [for model 1]
	DynArb/sim_fit_im_it_3.mat [for model 2]
	DynArb/sim_fit_em_it_3.mat [for model 3]
	DynArb/sim_fit_fixarb_it_3.mat [for model 4]
	DynArb/sim_fit_dynarb_it_3.mat [for model 5]
 
Number of samples: 100
Number of models: 5
======================================================================
Iteration 01
Iteration 02
	model frequencies (percent)
	model 1: 0.0| model 2: 5.6| model 3: 6.6| model 4: 31.1| model 5: 56.7| 
                                                           dL:  120.82
                                                           dm:   43.33
                                                           dx:    1.28
Iteration 03
	model frequencies (percent)
	model 1: 0.0| model 2: 3.6| model 3: 4.3| model 4: 26.3| model 5: 65.7| 
                                                           dL:   -1.50
                                                           dm:    9.06
                                                           dx:    0.48
Iteration 04
	model frequencies (percent)
	model 1: 0.0| model 2: 2.6| model 3: 4.0| model 4: 23.1| model 5: 70.3| 
                                                           dL:   -5.53
                                                           dm:    4.60
                                                           dx:    0.12
Iteration 05
	model frequencies (percent)
	model 1: 0.0| model 2: 1.9| model 3: 4.2| model 4: 21.4| model 5: 72.5| 
                                                           dL:   -4.25
                                                           dm:    2.22
                                                           dx:    0.06
Iteration 06
	model frequencies (percent)
	model 1: 0.0| model 2: 1.3| model 3: 4.6| model 4: 20.7| model 5: 73.5| 
                                                           dL:   -2.72
                                                           dm:    0.94
                                                           dx:    0.05
Iteration 07
	model frequencies (percent)
	model 1: 0.0| model 2: 0.8| model 3: 4.9| model 4: 20.5| model 5: 73.8| 
                                                           dL:   -1.73
                                                           dm:    0.31
                                                           dx:    0.04
Iteration 08
	model frequencies (percent)
	model 1: 0.0| model 2: 0.5| model 3: 5.2| model 4: 20.5| model 5: 73.8| 
                                                           dL:   -1.09
                                                           dm:    0.02
                                                           dx:    0.04
Iteration 09
	model frequencies (percent)
	model 1: 0.0| model 2: 0.2| model 3: 5.4| model 4: 20.8| model 5: 73.6| 
                                                           dL:   -0.61
                                                           dm:    0.21
                                                           dx:    0.03
Iteration 10
	model frequencies (percent)
	model 1: 0.0| model 2: 0.1| model 3: 5.5| model 4: 21.2| model 5: 73.2| 
                                                           dL:   -0.20
                                                           dm:    0.33
                                                           dx:    0.08
Iteration 11
	model frequencies (percent)
	model 1: 0.0| model 2: 0.0| model 3: 5.5| model 4: 21.6| model 5: 72.8| 
                                                           dL:   -0.21
                                                           dm:    0.40
                                                           dx:    0.30
Iteration 12
	model frequencies (percent)
	model 1: 0.0| model 2: 0.0| model 3: 5.5| model 4: 22.1| model 5: 72.4| 
                                                           dL:   -0.33
                                                           dm:    0.44
                                                           dx:    0.24
Iteration 13
	model frequencies (percent)
	model 1: 0.0| model 2: 0.0| model 3: 5.5| model 4: 22.6| model 5: 72.0| 
                                                           dL:   -0.23
                                                           dm:    0.42
                                                           dx:    0.03
Iteration 14
	model frequencies (percent)
	model 1: 0.0| model 2: 0.0| model 3: 5.4| model 4: 23.0| model 5: 71.6| 
                                                           dL:   -0.15
                                                           dm:    0.39
                                                           dx:    0.01
                                                          Converged :]
