cbm_hbi_hbi                                       09-May-2023 11:16:52
Running hierarchical bayesian inference (HBI)...

HBI has been initialized according to
	DynArb/sim_fit_baseline_it_1.mat [for model 1]
	DynArb/sim_fit_im_it_1.mat [for model 2]
	DynArb/sim_fit_em_it_1.mat [for model 3]
	DynArb/sim_fit_fixarb_it_1.mat [for model 4]
	DynArb/sim_fit_dynarb_it_1.mat [for model 5]
 
Number of samples: 100
Number of models: 5
======================================================================
Iteration 01
Iteration 02
	model frequencies (percent)
	model 1: 0.1| model 2: 6.0| model 3: 7.0| model 4: 33.1| model 5: 53.8| 
                                                           dL:  117.51
                                                           dm:   46.18
                                                           dx:    1.19
Iteration 03
	model frequencies (percent)
	model 1: 0.0| model 2: 4.1| model 3: 5.0| model 4: 30.8| model 5: 60.1| 
                                                           dL:   -0.34
                                                           dm:    6.30
                                                           dx:    0.49
Iteration 04
	model frequencies (percent)
	model 1: 0.0| model 2: 3.3| model 3: 4.9| model 4: 30.0| model 5: 61.9| 
                                                           dL:   -4.81
                                                           dm:    1.79
                                                           dx:    0.23
Iteration 05
	model frequencies (percent)
	model 1: 0.0| model 2: 2.8| model 3: 5.0| model 4: 30.2| model 5: 62.0| 
                                                           dL:   -3.60
                                                           dm:    0.04
                                                           dx:    0.07
Iteration 06
	model frequencies (percent)
	model 1: 0.0| model 2: 2.5| model 3: 5.1| model 4: 31.1| model 5: 61.4| 
                                                           dL:   -2.36
                                                           dm:    0.60
                                                           dx:    0.06
Iteration 07
	model frequencies (percent)
	model 1: 0.0| model 2: 2.3| model 3: 5.0| model 4: 32.0| model 5: 60.7| 
                                                           dL:   -1.67
                                                           dm:    0.69
                                                           dx:    0.05
Iteration 08
	model frequencies (percent)
	model 1: 0.0| model 2: 2.3| model 3: 4.9| model 4: 32.9| model 5: 60.0| 
                                                           dL:   -1.32
                                                           dm:    0.71
                                                           dx:    0.04
Iteration 09
	model frequencies (percent)
	model 1: 0.0| model 2: 2.2| model 3: 4.8| model 4: 33.8| model 5: 59.2| 
                                                           dL:   -1.10
                                                           dm:    0.74
                                                           dx:    0.03
Iteration 10
	model frequencies (percent)
	model 1: 0.0| model 2: 2.2| model 3: 4.7| model 4: 34.6| model 5: 58.4| 
                                                           dL:   -0.91
                                                           dm:    0.78
                                                           dx:    0.02
Iteration 11
	model frequencies (percent)
	model 1: 0.0| model 2: 2.2| model 3: 4.6| model 4: 35.5| model 5: 57.7| 
                                                           dL:   -0.72
                                                           dm:    0.79
                                                           dx:    0.02
Iteration 12
	model frequencies (percent)
	model 1: 0.0| model 2: 2.3| model 3: 4.6| model 4: 36.3| model 5: 56.9| 
                                                           dL:   -0.56
                                                           dm:    0.78
                                                           dx:    0.02
Iteration 13
	model frequencies (percent)
	model 1: 0.0| model 2: 2.3| model 3: 4.6| model 4: 37.0| model 5: 56.1| 
                                                           dL:   -0.43
                                                           dm:    0.75
                                                           dx:    0.02
Iteration 14
	model frequencies (percent)
	model 1: 0.0| model 2: 2.4| model 3: 4.6| model 4: 37.6| model 5: 55.4| 
                                                           dL:   -0.33
                                                           dm:    0.71
                                                           dx:    0.01
Iteration 15
	model frequencies (percent)
	model 1: 0.0| model 2: 2.4| model 3: 4.6| model 4: 38.2| model 5: 54.8| 
                                                           dL:   -0.25
                                                           dm:    0.66
                                                           dx:    0.01
Iteration 16
	model frequencies (percent)
	model 1: 0.0| model 2: 2.4| model 3: 4.7| model 4: 38.7| model 5: 54.2| 
                                                           dL:   -0.20
                                                           dm:    0.61
                                                           dx:    0.01
Iteration 17
	model frequencies (percent)
	model 1: 0.0| model 2: 2.5| model 3: 4.8| model 4: 39.1| model 5: 53.6| 
                                                           dL:   -0.16
                                                           dm:    0.55
                                                           dx:    0.01
Iteration 18
	model frequencies (percent)
	model 1: 0.0| model 2: 2.5| model 3: 4.9| model 4: 39.5| model 5: 53.1| 
                                                           dL:   -0.13
                                                           dm:    0.50
                                                           dx:    0.01
                                                          Converged :]
