cbm_hbi_hbi                                       10-May-2023 15:01:40
Running hierarchical bayesian inference (HBI)...

HBI has been initialized according to
	DynArb/sim_fit_baseline_it_7.mat [for model 1]
	DynArb/sim_fit_im_it_7.mat [for model 2]
	DynArb/sim_fit_em_it_7.mat [for model 3]
	DynArb/sim_fit_fixarb_it_7.mat [for model 4]
	DynArb/sim_fit_dynarb_it_7.mat [for model 5]
 
Number of samples: 100
Number of models: 5
======================================================================
Iteration 01
Iteration 02
	model frequencies (percent)
	model 1: 0.0| model 2: 5.7| model 3: 7.0| model 4: 32.5| model 5: 54.7| 
                                                           dL:  115.88
                                                           dm:   45.27
                                                           dx:    1.28
Iteration 03
	model frequencies (percent)
	model 1: 0.0| model 2: 3.8| model 3: 5.0| model 4: 29.7| model 5: 61.5| 
                                                           dL:   -2.15
                                                           dm:    6.77
                                                           dx:    0.53
Iteration 04
	model frequencies (percent)
	model 1: 0.0| model 2: 2.8| model 3: 5.0| model 4: 28.2| model 5: 64.0| 
                                                           dL:   -6.65
                                                           dm:    2.53
                                                           dx:    0.15
Iteration 05
	model frequencies (percent)
	model 1: 0.0| model 2: 2.3| model 3: 5.6| model 4: 27.6| model 5: 64.6| 
                                                           dL:   -5.42
                                                           dm:    0.53
                                                           dx:    0.06
Iteration 06
	model frequencies (percent)
	model 1: 0.0| model 2: 1.9| model 3: 6.3| model 4: 27.6| model 5: 64.1| 
                                                           dL:   -3.66
                                                           dm:    0.42
                                                           dx:    0.04
Iteration 07
	model frequencies (percent)
	model 1: 0.0| model 2: 1.7| model 3: 6.9| model 4: 28.0| model 5: 63.5| 
                                                           dL:   -2.44
                                                           dm:    0.70
                                                           dx:    0.03
Iteration 08
	model frequencies (percent)
	model 1: 0.0| model 2: 1.6| model 3: 7.3| model 4: 28.4| model 5: 62.7| 
                                                           dL:   -1.66
                                                           dm:    0.73
                                                           dx:    0.03
Iteration 09
	model frequencies (percent)
	model 1: 0.0| model 2: 1.5| model 3: 7.6| model 4: 28.9| model 5: 62.0| 
                                                           dL:   -1.15
                                                           dm:    0.71
                                                           dx:    0.02
Iteration 10
	model frequencies (percent)
	model 1: 0.0| model 2: 1.4| model 3: 7.8| model 4: 29.5| model 5: 61.3| 
                                                           dL:   -0.81
                                                           dm:    0.67
                                                           dx:    0.02
Iteration 11
	model frequencies (percent)
	model 1: 0.0| model 2: 1.4| model 3: 7.9| model 4: 30.0| model 5: 60.7| 
                                                           dL:   -0.57
                                                           dm:    0.63
                                                           dx:    0.01
Iteration 12
	model frequencies (percent)
	model 1: 0.0| model 2: 1.3| model 3: 8.1| model 4: 30.5| model 5: 60.1| 
                                                           dL:   -0.41
                                                           dm:    0.58
                                                           dx:    0.01
Iteration 13
	model frequencies (percent)
	model 1: 0.0| model 2: 1.3| model 3: 8.2| model 4: 30.9| model 5: 59.6| 
                                                           dL:   -0.29
                                                           dm:    0.52
                                                           dx:    0.01
                                                          Converged :]
