cbm_hbi_hbi                                       10-May-2023 14:41:31
Running hierarchical bayesian inference (HBI)...

HBI has been initialized according to
	DynArb/sim_fit_baseline_it_5.mat [for model 1]
	DynArb/sim_fit_im_it_5.mat [for model 2]
	DynArb/sim_fit_em_it_5.mat [for model 3]
	DynArb/sim_fit_fixarb_it_5.mat [for model 4]
	DynArb/sim_fit_dynarb_it_5.mat [for model 5]
 
Number of samples: 100
Number of models: 5
======================================================================
Iteration 01
Iteration 02
	model frequencies (percent)
	model 1: 0.0| model 2: 6.1| model 3: 8.5| model 4: 31.8| model 5: 53.6| 
                                                           dL:  116.90
                                                           dm:   46.40
                                                           dx:    1.11
Iteration 03
	model frequencies (percent)
	model 1: 0.0| model 2: 4.1| model 3: 7.7| model 4: 28.9| model 5: 59.2| 
                                                           dL:   -2.19
                                                           dm:    5.61
                                                           dx:    0.49
Iteration 04
	model frequencies (percent)
	model 1: 0.0| model 2: 3.4| model 3: 9.1| model 4: 27.4| model 5: 60.1| 
                                                           dL:   -5.23
                                                           dm:    0.88
                                                           dx:    0.12
Iteration 05
	model frequencies (percent)
	model 1: 0.0| model 2: 2.9| model 3: 10.8| model 4: 26.6| model 5: 59.7| 
                                                           dL:   -3.97
                                                           dm:    0.39
                                                           dx:    0.06
Iteration 06
	model frequencies (percent)
	model 1: 0.0| model 2: 2.6| model 3: 11.9| model 4: 26.4| model 5: 59.0| 
                                                           dL:   -2.78
                                                           dm:    0.66
                                                           dx:    0.04
Iteration 07
	model frequencies (percent)
	model 1: 0.0| model 2: 2.4| model 3: 12.7| model 4: 26.5| model 5: 58.3| 
                                                           dL:   -1.91
                                                           dm:    0.74
                                                           dx:    0.03
Iteration 08
	model frequencies (percent)
	model 1: 0.0| model 2: 2.3| model 3: 13.2| model 4: 27.0| model 5: 57.5| 
                                                           dL:   -1.30
                                                           dm:    0.77
                                                           dx:    0.02
Iteration 09
	model frequencies (percent)
	model 1: 0.0| model 2: 2.2| model 3: 13.5| model 4: 27.5| model 5: 56.8| 
                                                           dL:   -0.89
                                                           dm:    0.76
                                                           dx:    0.02
Iteration 10
	model frequencies (percent)
	model 1: 0.0| model 2: 2.0| model 3: 13.7| model 4: 28.2| model 5: 56.0| 
                                                           dL:   -0.60
                                                           dm:    0.73
                                                           dx:    0.02
Iteration 11
	model frequencies (percent)
	model 1: 0.0| model 2: 1.9| model 3: 13.9| model 4: 28.8| model 5: 55.4| 
                                                           dL:   -0.39
                                                           dm:    0.68
                                                           dx:    0.01
Iteration 12
	model frequencies (percent)
	model 1: 0.0| model 2: 1.8| model 3: 14.0| model 4: 29.4| model 5: 54.7| 
                                                           dL:   -0.25
                                                           dm:    0.61
                                                           dx:    0.01
Iteration 13
	model frequencies (percent)
	model 1: 0.0| model 2: 1.7| model 3: 14.1| model 4: 30.0| model 5: 54.2| 
                                                           dL:   -0.14
                                                           dm:    0.53
                                                           dx:    0.01
                                                          Converged :]
