cbm_hbi_hbi                                       09-May-2023 12:29:51
Running hierarchical bayesian inference (HBI)...

HBI has been initialized according to
	Base/sim_fit_baseline_it_2.mat [for model 1]
	Base/sim_fit_im_it_2.mat [for model 2]
	Base/sim_fit_em_it_2.mat [for model 3]
	Base/sim_fit_fixarb_it_2.mat [for model 4]
	Base/sim_fit_dynarb_it_2.mat [for model 5]
 
Number of samples: 100
Number of models: 5
======================================================================
Iteration 01
Iteration 02
	model frequencies (percent)
	model 1: 62.0| model 2: 10.5| model 3: 12.9| model 4: 8.4| model 5: 6.1| 
                                                           dL:   84.55
                                                           dm:   37.98
                                                           dx:    0.16
Iteration 03
	model frequencies (percent)
	model 1: 79.8| model 2: 5.7| model 3: 8.9| model 4: 3.7| model 5: 1.9| 
                                                           dL:   21.71
                                                           dm:   17.81
                                                           dx:    0.08
Iteration 04
	model frequencies (percent)
	model 1: 88.4| model 2: 3.2| model 3: 6.4| model 4: 1.6| model 5: 0.4| 
                                                           dL:   12.08
                                                           dm:    8.56
                                                           dx:    0.04
Iteration 05
	model frequencies (percent)
	model 1: 93.2| model 2: 1.6| model 3: 4.6| model 4: 0.5| model 5: 0.1| 
                                                           dL:    8.71
                                                           dm:    4.81
                                                           dx:    0.10
Iteration 06
	model frequencies (percent)
	model 1: 96.0| model 2: 0.7| model 3: 3.1| model 4: 0.1| model 5: 0.0| 
                                                           dL:    4.68
                                                           dm:    2.84
                                                           dx:    0.14
Iteration 07
	model frequencies (percent)
	model 1: 97.7| model 2: 0.2| model 3: 2.0| model 4: 0.1| model 5: 0.0| 
                                                           dL:    2.72
                                                           dm:    1.68
                                                           dx:    0.10
Iteration 08
	model frequencies (percent)
	model 1: 98.7| model 2: 0.1| model 3: 1.2| model 4: 0.0| model 5: 0.0| 
                                                           dL:    1.85
                                                           dm:    0.97
                                                           dx:    0.12
Iteration 09
	model frequencies (percent)
	model 1: 99.2| model 2: 0.0| model 3: 0.7| model 4: 0.0| model 5: 0.0| 
                                                           dL:    1.06
                                                           dm:    0.55
                                                           dx:    0.15
Iteration 10
	model frequencies (percent)
	model 1: 99.5| model 2: 0.0| model 3: 0.4| model 4: 0.0| model 5: 0.0| 
                                                           dL:    0.74
                                                           dm:    0.29
                                                           dx:    0.07
Iteration 11
	model frequencies (percent)
	model 1: 99.7| model 2: 0.0| model 3: 0.3| model 4: 0.0| model 5: 0.0| 
                                                           dL:    0.45
                                                           dm:    0.14
                                                           dx:    0.05
Iteration 12
	model frequencies (percent)
	model 1: 99.7| model 2: 0.0| model 3: 0.2| model 4: 0.0| model 5: 0.0| 
                                                           dL:    0.30
                                                           dm:    0.06
                                                           dx:    0.04
Iteration 13
	model frequencies (percent)
	model 1: 99.8| model 2: 0.0| model 3: 0.2| model 4: 0.0| model 5: 0.0| 
                                                           dL:    0.26
                                                           dm:    0.02
                                                           dx:    0.01
Iteration 14
	model frequencies (percent)
	model 1: 99.8| model 2: 0.0| model 3: 0.2| model 4: 0.0| model 5: 0.0| 
                                                           dL:    0.23
                                                           dm:    0.01
                                                           dx:    0.01
                                                          Converged :]
