cbm_hbi_hbi                                       09-May-2023 18:04:41
Running hierarchical bayesian inference (HBI)...

HBI has been initialized according to
	Base/sim_fit_baseline_it_9.mat [for model 1]
	Base/sim_fit_im_it_9.mat [for model 2]
	Base/sim_fit_em_it_9.mat [for model 3]
	Base/sim_fit_fixarb_it_9.mat [for model 4]
	Base/sim_fit_dynarb_it_9.mat [for model 5]
 
Number of samples: 100
Number of models: 5
======================================================================
Iteration 01
Iteration 02
	model frequencies (percent)
	model 1: 59.6| model 2: 11.3| model 3: 14.1| model 4: 8.7| model 5: 6.2| 
                                                           dL:   81.75
                                                           dm:   40.41
                                                           dx:    0.16
Iteration 03
	model frequencies (percent)
	model 1: 79.4| model 2: 6.0| model 3: 9.3| model 4: 3.6| model 5: 1.7| 
                                                           dL:   24.47
                                                           dm:   19.79
                                                           dx:    0.10
Iteration 04
	model frequencies (percent)
	model 1: 89.1| model 2: 3.0| model 3: 6.2| model 4: 1.4| model 5: 0.3| 
                                                           dL:   13.09
                                                           dm:    9.76
                                                           dx:    0.06
Iteration 05
	model frequencies (percent)
	model 1: 94.2| model 2: 1.3| model 3: 4.1| model 4: 0.4| model 5: 0.0| 
                                                           dL:    8.53
                                                           dm:    5.01
                                                           dx:    0.08
Iteration 06
	model frequencies (percent)
	model 1: 96.8| model 2: 0.4| model 3: 2.7| model 4: 0.1| model 5: 0.0| 
                                                           dL:    4.27
                                                           dm:    2.62
                                                           dx:    0.15
Iteration 07
	model frequencies (percent)
	model 1: 98.2| model 2: 0.1| model 3: 1.7| model 4: 0.0| model 5: 0.0| 
                                                           dL:    2.32
                                                           dm:    1.38
                                                           dx:    0.12
Iteration 08
	model frequencies (percent)
	model 1: 98.9| model 2: 0.0| model 3: 1.0| model 4: 0.0| model 5: 0.0| 
                                                           dL:    1.40
                                                           dm:    0.75
                                                           dx:    0.15
Iteration 09
	model frequencies (percent)
	model 1: 99.3| model 2: 0.0| model 3: 0.6| model 4: 0.0| model 5: 0.0| 
                                                           dL:    0.66
                                                           dm:    0.42
                                                           dx:    0.17
Iteration 10
	model frequencies (percent)
	model 1: 99.6| model 2: 0.0| model 3: 0.4| model 4: 0.0| model 5: 0.0| 
                                                           dL:    0.40
                                                           dm:    0.23
                                                           dx:    0.04
Iteration 11
	model frequencies (percent)
	model 1: 99.7| model 2: 0.0| model 3: 0.3| model 4: 0.0| model 5: 0.0| 
                                                           dL:    0.21
                                                           dm:    0.11
                                                           dx:    0.02
Iteration 12
	model frequencies (percent)
	model 1: 99.7| model 2: 0.0| model 3: 0.2| model 4: 0.0| model 5: 0.0| 
                                                           dL:    0.14
                                                           dm:    0.05
                                                           dx:    0.01
Iteration 13
	model frequencies (percent)
	model 1: 99.8| model 2: 0.0| model 3: 0.2| model 4: 0.0| model 5: 0.0| 
                                                           dL:    0.12
                                                           dm:    0.02
                                                           dx:    0.01
                                                          Converged :]
