cbm_hbi_hbi                                       09-May-2023 17:40:33
Running hierarchical bayesian inference (HBI)...

HBI has been initialized according to
	Base/sim_fit_baseline_it_6.mat [for model 1]
	Base/sim_fit_im_it_6.mat [for model 2]
	Base/sim_fit_em_it_6.mat [for model 3]
	Base/sim_fit_fixarb_it_6.mat [for model 4]
	Base/sim_fit_dynarb_it_6.mat [for model 5]
 
Number of samples: 100
Number of models: 5
======================================================================
Iteration 01
Iteration 02
	model frequencies (percent)
	model 1: 61.3| model 2: 11.6| model 3: 11.9| model 4: 8.7| model 5: 6.4| 
                                                           dL:   87.55
                                                           dm:   38.67
                                                           dx:    0.12
Iteration 03
	model frequencies (percent)
	model 1: 81.2| model 2: 6.8| model 3: 6.6| model 4: 3.7| model 5: 1.8| 
                                                           dL:   25.64
                                                           dm:   19.83
                                                           dx:    0.03
Iteration 04
	model frequencies (percent)
	model 1: 90.4| model 2: 4.2| model 3: 3.5| model 4: 1.5| model 5: 0.4| 
                                                           dL:   13.33
                                                           dm:    9.28
                                                           dx:    0.05
Iteration 05
	model frequencies (percent)
	model 1: 95.1| model 2: 2.6| model 3: 1.8| model 4: 0.5| model 5: 0.1| 
                                                           dL:    8.47
                                                           dm:    4.67
                                                           dx:    0.08
Iteration 06
	model frequencies (percent)
	model 1: 97.5| model 2: 1.5| model 3: 0.8| model 4: 0.2| model 5: 0.0| 
                                                           dL:    4.15
                                                           dm:    2.38
                                                           dx:    0.11
Iteration 07
	model frequencies (percent)
	model 1: 98.7| model 2: 0.9| model 3: 0.3| model 4: 0.1| model 5: 0.0| 
                                                           dL:    2.14
                                                           dm:    1.18
                                                           dx:    0.08
Iteration 08
	model frequencies (percent)
	model 1: 99.2| model 2: 0.5| model 3: 0.2| model 4: 0.1| model 5: 0.0| 
                                                           dL:    1.30
                                                           dm:    0.57
                                                           dx:    0.07
Iteration 09
	model frequencies (percent)
	model 1: 99.5| model 2: 0.3| model 3: 0.1| model 4: 0.1| model 5: 0.0| 
                                                           dL:    0.68
                                                           dm:    0.27
                                                           dx:    0.08
Iteration 10
	model frequencies (percent)
	model 1: 99.6| model 2: 0.2| model 3: 0.1| model 4: 0.1| model 5: 0.0| 
                                                           dL:    0.34
                                                           dm:    0.13
                                                           dx:    0.07
Iteration 11
	model frequencies (percent)
	model 1: 99.7| model 2: 0.2| model 3: 0.1| model 4: 0.0| model 5: 0.0| 
                                                           dL:    0.18
                                                           dm:    0.06
                                                           dx:    0.06
Iteration 12
	model frequencies (percent)
	model 1: 99.7| model 2: 0.1| model 3: 0.1| model 4: 0.0| model 5: 0.0| 
                                                           dL:    0.14
                                                           dm:    0.02
                                                           dx:    0.03
Iteration 13
	model frequencies (percent)
	model 1: 99.7| model 2: 0.1| model 3: 0.1| model 4: 0.0| model 5: 0.0| 
                                                           dL:    0.13
                                                           dm:    0.01
                                                           dx:    0.01
                                                          Converged :]
