cbm_hbi_hbi                                       09-May-2023 11:52:42
Running hierarchical bayesian inference (HBI)...

HBI has been initialized according to
	Base/sim_fit_baseline_it_1.mat [for model 1]
	Base/sim_fit_im_it_1.mat [for model 2]
	Base/sim_fit_em_it_1.mat [for model 3]
	Base/sim_fit_fixarb_it_1.mat [for model 4]
	Base/sim_fit_dynarb_it_1.mat [for model 5]
 
Number of samples: 100
Number of models: 5
======================================================================
Iteration 01
Iteration 02
	model frequencies (percent)
	model 1: 57.6| model 2: 12.0| model 3: 14.4| model 4: 9.2| model 5: 6.8| 
                                                           dL:   78.76
                                                           dm:   42.38
                                                           dx:    0.13
Iteration 03
	model frequencies (percent)
	model 1: 76.3| model 2: 7.0| model 3: 10.4| model 4: 4.2| model 5: 2.1| 
                                                           dL:   23.68
                                                           dm:   18.64
                                                           dx:    0.10
Iteration 04
	model frequencies (percent)
	model 1: 85.3| model 2: 4.3| model 3: 8.0| model 4: 1.9| model 5: 0.5| 
                                                           dL:   12.41
                                                           dm:    9.10
                                                           dx:    0.07
Iteration 05
	model frequencies (percent)
	model 1: 90.3| model 2: 2.6| model 3: 6.3| model 4: 0.7| model 5: 0.1| 
                                                           dL:    8.57
                                                           dm:    4.97
                                                           dx:    0.07
Iteration 06
	model frequencies (percent)
	model 1: 93.3| model 2: 1.4| model 3: 5.1| model 4: 0.2| model 5: 0.0| 
                                                           dL:    4.63
                                                           dm:    2.96
                                                           dx:    0.14
Iteration 07
	model frequencies (percent)
	model 1: 95.1| model 2: 0.7| model 3: 4.1| model 4: 0.1| model 5: 0.0| 
                                                           dL:    2.76
                                                           dm:    1.86
                                                           dx:    0.11
Iteration 08
	model frequencies (percent)
	model 1: 96.3| model 2: 0.3| model 3: 3.3| model 4: 0.0| model 5: 0.0| 
                                                           dL:    1.67
                                                           dm:    1.20
                                                           dx:    0.08
Iteration 09
	model frequencies (percent)
	model 1: 97.1| model 2: 0.1| model 3: 2.7| model 4: 0.0| model 5: 0.0| 
                                                           dL:    1.27
                                                           dm:    0.79
                                                           dx:    0.07
Iteration 10
	model frequencies (percent)
	model 1: 97.7| model 2: 0.1| model 3: 2.2| model 4: 0.0| model 5: 0.0| 
                                                           dL:    0.72
                                                           dm:    0.53
                                                           dx:    0.11
Iteration 11
	model frequencies (percent)
	model 1: 98.1| model 2: 0.1| model 3: 1.8| model 4: 0.0| model 5: 0.0| 
                                                           dL:    0.51
                                                           dm:    0.38
                                                           dx:    0.07
Iteration 12
	model frequencies (percent)
	model 1: 98.3| model 2: 0.0| model 3: 1.6| model 4: 0.0| model 5: 0.0| 
                                                           dL:    0.43
                                                           dm:    0.30
                                                           dx:    0.02
Iteration 13
	model frequencies (percent)
	model 1: 98.6| model 2: 0.0| model 3: 1.3| model 4: 0.0| model 5: 0.0| 
                                                           dL:    0.37
                                                           dm:    0.24
                                                           dx:    0.01
                                                          Converged :]
