cbm_hbi_hbi                                       09-May-2023 18:12:25
Running hierarchical bayesian inference (HBI)...

HBI has been initialized according to
	Base/sim_fit_baseline_it_10.mat [for model 1]
	Base/sim_fit_im_it_10.mat [for model 2]
	Base/sim_fit_em_it_10.mat [for model 3]
	Base/sim_fit_fixarb_it_10.mat [for model 4]
	Base/sim_fit_dynarb_it_10.mat [for model 5]
 
Number of samples: 100
Number of models: 5
======================================================================
Iteration 01
Iteration 02
	model frequencies (percent)
	model 1: 60.5| model 2: 12.3| model 3: 12.2| model 4: 8.6| model 5: 6.4| 
                                                           dL:   84.05
                                                           dm:   39.48
                                                           dx:    0.10
Iteration 03
	model frequencies (percent)
	model 1: 78.4| model 2: 8.0| model 3: 7.5| model 4: 4.0| model 5: 2.1| 
                                                           dL:   22.78
                                                           dm:   17.87
                                                           dx:    0.10
Iteration 04
	model frequencies (percent)
	model 1: 86.8| model 2: 5.7| model 3: 4.9| model 4: 2.0| model 5: 0.6| 
                                                           dL:   11.70
                                                           dm:    8.41
                                                           dx:    0.10
Iteration 05
	model frequencies (percent)
	model 1: 91.4| model 2: 4.2| model 3: 3.3| model 4: 1.0| model 5: 0.1| 
                                                           dL:    7.89
                                                           dm:    4.64
                                                           dx:    0.06
Iteration 06
	model frequencies (percent)
	model 1: 94.3| model 2: 3.1| model 3: 2.2| model 4: 0.4| model 5: 0.0| 
                                                           dL:    4.43
                                                           dm:    2.84
                                                           dx:    0.14
Iteration 07
	model frequencies (percent)
	model 1: 96.1| model 2: 2.2| model 3: 1.4| model 4: 0.2| model 5: 0.0| 
                                                           dL:    2.69
                                                           dm:    1.85
                                                           dx:    0.07
Iteration 08
	model frequencies (percent)
	model 1: 97.4| model 2: 1.6| model 3: 0.9| model 4: 0.1| model 5: 0.0| 
                                                           dL:    1.69
                                                           dm:    1.24
                                                           dx:    0.05
Iteration 09
	model frequencies (percent)
	model 1: 98.2| model 2: 1.1| model 3: 0.6| model 4: 0.1| model 5: 0.0| 
                                                           dL:    1.28
                                                           dm:    0.83
                                                           dx:    0.04
Iteration 10
	model frequencies (percent)
	model 1: 98.7| model 2: 0.8| model 3: 0.4| model 4: 0.1| model 5: 0.0| 
                                                           dL:    0.97
                                                           dm:    0.54
                                                           dx:    0.04
Iteration 11
	model frequencies (percent)
	model 1: 99.1| model 2: 0.5| model 3: 0.3| model 4: 0.1| model 5: 0.0| 
                                                           dL:    0.71
                                                           dm:    0.34
                                                           dx:    0.05
Iteration 12
	model frequencies (percent)
	model 1: 99.3| model 2: 0.4| model 3: 0.2| model 4: 0.1| model 5: 0.0| 
                                                           dL:    0.51
                                                           dm:    0.21
                                                           dx:    0.06
Iteration 13
	model frequencies (percent)
	model 1: 99.4| model 2: 0.3| model 3: 0.2| model 4: 0.1| model 5: 0.0| 
                                                           dL:    0.36
                                                           dm:    0.12
                                                           dx:    0.06
Iteration 14
	model frequencies (percent)
	model 1: 99.5| model 2: 0.2| model 3: 0.2| model 4: 0.1| model 5: 0.0| 
                                                           dL:    0.28
                                                           dm:    0.06
                                                           dx:    0.04
Iteration 15
	model frequencies (percent)
	model 1: 99.5| model 2: 0.2| model 3: 0.2| model 4: 0.1| model 5: 0.0| 
                                                           dL:    0.25
                                                           dm:    0.03
                                                           dx:    0.02
Iteration 16
	model frequencies (percent)
	model 1: 99.5| model 2: 0.2| model 3: 0.2| model 4: 0.1| model 5: 0.0| 
                                                           dL:    0.23
                                                           dm:    0.01
                                                           dx:    0.01
                                                          Converged :]
