cbm_hbi_hbi                                       09-May-2023 12:37:55
Running hierarchical bayesian inference (HBI)...

HBI has been initialized according to
	Base/sim_fit_baseline_it_3.mat [for model 1]
	Base/sim_fit_im_it_3.mat [for model 2]
	Base/sim_fit_em_it_3.mat [for model 3]
	Base/sim_fit_fixarb_it_3.mat [for model 4]
	Base/sim_fit_dynarb_it_3.mat [for model 5]
 
Number of samples: 100
Number of models: 5
======================================================================
Iteration 01
Iteration 02
	model frequencies (percent)
	model 1: 60.1| model 2: 12.5| model 3: 11.8| model 4: 9.0| model 5: 6.4| 
                                                           dL:   80.72
                                                           dm:   39.85
                                                           dx:    0.08
Iteration 03
	model frequencies (percent)
	model 1: 76.4| model 2: 9.2| model 3: 7.7| model 4: 4.6| model 5: 2.2| 
                                                           dL:   19.93
                                                           dm:   16.23
                                                           dx:    0.04
Iteration 04
	model frequencies (percent)
	model 1: 84.5| model 2: 7.2| model 3: 5.2| model 4: 2.4| model 5: 0.7| 
                                                           dL:   10.76
                                                           dm:    8.08
                                                           dx:    0.04
Iteration 05
	model frequencies (percent)
	model 1: 89.2| model 2: 5.9| model 3: 3.6| model 4: 1.2| model 5: 0.1| 
                                                           dL:    7.35
                                                           dm:    4.75
                                                           dx:    0.05
Iteration 06
	model frequencies (percent)
	model 1: 92.3| model 2: 4.8| model 3: 2.4| model 4: 0.6| model 5: 0.0| 
                                                           dL:    4.01
                                                           dm:    3.04
                                                           dx:    0.06
Iteration 07
	model frequencies (percent)
	model 1: 94.3| model 2: 3.9| model 3: 1.5| model 4: 0.2| model 5: 0.0| 
                                                           dL:    2.54
                                                           dm:    2.07
                                                           dx:    0.05
Iteration 08
	model frequencies (percent)
	model 1: 95.8| model 2: 3.1| model 3: 1.0| model 4: 0.1| model 5: 0.0| 
                                                           dL:    1.54
                                                           dm:    1.45
                                                           dx:    0.04
Iteration 09
	model frequencies (percent)
	model 1: 96.8| model 2: 2.5| model 3: 0.6| model 4: 0.1| model 5: 0.0| 
                                                           dL:    1.18
                                                           dm:    1.03
                                                           dx:    0.04
Iteration 10
	model frequencies (percent)
	model 1: 97.5| model 2: 2.0| model 3: 0.4| model 4: 0.1| model 5: 0.0| 
                                                           dL:    0.95
                                                           dm:    0.74
                                                           dx:    0.05
Iteration 11
	model frequencies (percent)
	model 1: 98.1| model 2: 1.5| model 3: 0.3| model 4: 0.1| model 5: 0.0| 
                                                           dL:    0.67
                                                           dm:    0.53
                                                           dx:    0.05
Iteration 12
	model frequencies (percent)
	model 1: 98.5| model 2: 1.2| model 3: 0.2| model 4: 0.1| model 5: 0.0| 
                                                           dL:    0.50
                                                           dm:    0.39
                                                           dx:    0.04
Iteration 13
	model frequencies (percent)
	model 1: 98.8| model 2: 0.9| model 3: 0.2| model 4: 0.1| model 5: 0.0| 
                                                           dL:    0.43
                                                           dm:    0.29
                                                           dx:    0.04
Iteration 14
	model frequencies (percent)
	model 1: 99.0| model 2: 0.7| model 3: 0.2| model 4: 0.1| model 5: 0.0| 
                                                           dL:    0.35
                                                           dm:    0.22
                                                           dx:    0.04
Iteration 15
	model frequencies (percent)
	model 1: 99.1| model 2: 0.6| model 3: 0.2| model 4: 0.1| model 5: 0.0| 
                                                           dL:    0.27
                                                           dm:    0.16
                                                           dx:    0.04
Iteration 16
	model frequencies (percent)
	model 1: 99.2| model 2: 0.5| model 3: 0.2| model 4: 0.1| model 5: 0.0| 
                                                           dL:    0.21
                                                           dm:    0.11
                                                           dx:    0.04
Iteration 17
	model frequencies (percent)
	model 1: 99.3| model 2: 0.4| model 3: 0.2| model 4: 0.1| model 5: 0.0| 
                                                           dL:    0.17
                                                           dm:    0.07
                                                           dx:    0.03
Iteration 18
	model frequencies (percent)
	model 1: 99.4| model 2: 0.4| model 3: 0.2| model 4: 0.1| model 5: 0.0| 
                                                           dL:    0.15
                                                           dm:    0.04
                                                           dx:    0.02
Iteration 19
	model frequencies (percent)
	model 1: 99.4| model 2: 0.3| model 3: 0.2| model 4: 0.1| model 5: 0.0| 
                                                           dL:    0.14
                                                           dm:    0.03
                                                           dx:    0.01
                                                          Converged :]
