cbm_hbi_hbi                                       09-May-2023 17:24:42
Running hierarchical bayesian inference (HBI)...

HBI has been initialized according to
	Base/sim_fit_baseline_it_4.mat [for model 1]
	Base/sim_fit_im_it_4.mat [for model 2]
	Base/sim_fit_em_it_4.mat [for model 3]
	Base/sim_fit_fixarb_it_4.mat [for model 4]
	Base/sim_fit_dynarb_it_4.mat [for model 5]
 
Number of samples: 100
Number of models: 5
======================================================================
Iteration 01
Iteration 02
	model frequencies (percent)
	model 1: 59.0| model 2: 11.6| model 3: 13.6| model 4: 9.1| model 5: 6.7| 
                                                           dL:   77.52
                                                           dm:   40.99
                                                           dx:    0.12
Iteration 03
	model frequencies (percent)
	model 1: 76.9| model 2: 6.9| model 3: 9.7| model 4: 4.3| model 5: 2.2| 
                                                           dL:   21.86
                                                           dm:   17.85
                                                           dx:    0.09
Iteration 04
	model frequencies (percent)
	model 1: 85.4| model 2: 4.2| model 3: 7.7| model 4: 2.1| model 5: 0.6| 
                                                           dL:   11.74
                                                           dm:    8.54
                                                           dx:    0.09
Iteration 05
	model frequencies (percent)
	model 1: 90.1| model 2: 2.4| model 3: 6.5| model 4: 1.0| model 5: 0.1| 
                                                           dL:    8.10
                                                           dm:    4.67
                                                           dx:    0.11
Iteration 06
	model frequencies (percent)
	model 1: 92.8| model 2: 1.2| model 3: 5.6| model 4: 0.4| model 5: 0.0| 
                                                           dL:    4.51
                                                           dm:    2.76
                                                           dx:    0.13
Iteration 07
	model frequencies (percent)
	model 1: 94.5| model 2: 0.5| model 3: 4.8| model 4: 0.2| model 5: 0.0| 
                                                           dL:    2.95
                                                           dm:    1.68
                                                           dx:    0.09
Iteration 08
	model frequencies (percent)
	model 1: 95.5| model 2: 0.2| model 3: 4.2| model 4: 0.1| model 5: 0.0| 
                                                           dL:    1.72
                                                           dm:    1.02
                                                           dx:    0.09
Iteration 09
	model frequencies (percent)
	model 1: 96.2| model 2: 0.1| model 3: 3.7| model 4: 0.1| model 5: 0.0| 
                                                           dL:    0.98
                                                           dm:    0.65
                                                           dx:    0.10
Iteration 10
	model frequencies (percent)
	model 1: 96.6| model 2: 0.1| model 3: 3.2| model 4: 0.1| model 5: 0.0| 
                                                           dL:    0.58
                                                           dm:    0.46
                                                           dx:    0.09
Iteration 11
	model frequencies (percent)
	model 1: 97.0| model 2: 0.1| model 3: 2.9| model 4: 0.1| model 5: 0.0| 
                                                           dL:    0.47
                                                           dm:    0.34
                                                           dx:    0.03
Iteration 12
	model frequencies (percent)
	model 1: 97.2| model 2: 0.1| model 3: 2.6| model 4: 0.1| model 5: 0.0| 
                                                           dL:    0.40
                                                           dm:    0.27
                                                           dx:    0.01
Iteration 13
	model frequencies (percent)
	model 1: 97.5| model 2: 0.1| model 3: 2.4| model 4: 0.1| model 5: 0.0| 
                                                           dL:    0.34
                                                           dm:    0.22
                                                           dx:    0.01
Iteration 14
	model frequencies (percent)
	model 1: 97.6| model 2: 0.1| model 3: 2.2| model 4: 0.1| model 5: 0.0| 
                                                           dL:    0.28
                                                           dm:    0.17
                                                           dx:    0.01
                                                          Converged :]
