cbm_hbi_hbi                                       09-May-2023 17:32:44
Running hierarchical bayesian inference (HBI)...

HBI has been initialized according to
	Base/sim_fit_baseline_it_5.mat [for model 1]
	Base/sim_fit_im_it_5.mat [for model 2]
	Base/sim_fit_em_it_5.mat [for model 3]
	Base/sim_fit_fixarb_it_5.mat [for model 4]
	Base/sim_fit_dynarb_it_5.mat [for model 5]
 
Number of samples: 100
Number of models: 5
======================================================================
Iteration 01
Iteration 02
	model frequencies (percent)
	model 1: 60.3| model 2: 11.7| model 3: 12.8| model 4: 8.5| model 5: 6.7| 
                                                           dL:   81.42
                                                           dm:   39.70
                                                           dx:    0.13
Iteration 03
	model frequencies (percent)
	model 1: 78.0| model 2: 7.2| model 3: 8.6| model 4: 3.9| model 5: 2.2| 
                                                           dL:   21.51
                                                           dm:   17.74
                                                           dx:    0.12
Iteration 04
	model frequencies (percent)
	model 1: 86.8| model 2: 4.6| model 3: 6.1| model 4: 1.8| model 5: 0.6| 
                                                           dL:   11.28
                                                           dm:    8.79
                                                           dx:    0.13
Iteration 05
	model frequencies (percent)
	model 1: 92.0| model 2: 2.7| model 3: 4.5| model 4: 0.8| model 5: 0.1| 
                                                           dL:    8.11
                                                           dm:    5.15
                                                           dx:    0.04
Iteration 06
	model frequencies (percent)
	model 1: 95.2| model 2: 1.4| model 3: 3.1| model 4: 0.3| model 5: 0.0| 
                                                           dL:    4.84
                                                           dm:    3.19
                                                           dx:    0.22
Iteration 07
	model frequencies (percent)
	model 1: 97.2| model 2: 0.6| model 3: 2.1| model 4: 0.1| model 5: 0.0| 
                                                           dL:    2.64
                                                           dm:    1.99
                                                           dx:    0.11
Iteration 08
	model frequencies (percent)
	model 1: 98.4| model 2: 0.2| model 3: 1.4| model 4: 0.1| model 5: 0.0| 
                                                           dL:    1.67
                                                           dm:    1.19
                                                           dx:    0.08
Iteration 09
	model frequencies (percent)
	model 1: 99.0| model 2: 0.1| model 3: 0.8| model 4: 0.0| model 5: 0.0| 
                                                           dL:    1.20
                                                           dm:    0.67
                                                           dx:    0.09
Iteration 10
	model frequencies (percent)
	model 1: 99.4| model 2: 0.0| model 3: 0.5| model 4: 0.0| model 5: 0.0| 
                                                           dL:    0.58
                                                           dm:    0.36
                                                           dx:    0.14
Iteration 11
	model frequencies (percent)
	model 1: 99.6| model 2: 0.0| model 3: 0.3| model 4: 0.0| model 5: 0.0| 
                                                           dL:    0.30
                                                           dm:    0.18
                                                           dx:    0.06
Iteration 12
	model frequencies (percent)
	model 1: 99.7| model 2: 0.0| model 3: 0.3| model 4: 0.0| model 5: 0.0| 
                                                           dL:    0.16
                                                           dm:    0.09
                                                           dx:    0.03
Iteration 13
	model frequencies (percent)
	model 1: 99.7| model 2: 0.0| model 3: 0.2| model 4: 0.0| model 5: 0.0| 
                                                           dL:    0.12
                                                           dm:    0.04
                                                           dx:    0.02
Iteration 14
	model frequencies (percent)
	model 1: 99.7| model 2: 0.0| model 3: 0.2| model 4: 0.0| model 5: 0.0| 
                                                           dL:    0.10
                                                           dm:    0.02
                                                           dx:    0.01
                                                          Converged :]
