cbm_hbi_hbi                                       09-May-2023 17:56:42
Running hierarchical bayesian inference (HBI)...

HBI has been initialized according to
	Base/sim_fit_baseline_it_8.mat [for model 1]
	Base/sim_fit_im_it_8.mat [for model 2]
	Base/sim_fit_em_it_8.mat [for model 3]
	Base/sim_fit_fixarb_it_8.mat [for model 4]
	Base/sim_fit_dynarb_it_8.mat [for model 5]
 
Number of samples: 100
Number of models: 5
======================================================================
Iteration 01
Iteration 02
	model frequencies (percent)
	model 1: 59.2| model 2: 12.4| model 3: 12.8| model 4: 9.0| model 5: 6.6| 
                                                           dL:   78.66
                                                           dm:   40.78
                                                           dx:    0.14
Iteration 03
	model frequencies (percent)
	model 1: 76.6| model 2: 8.3| model 3: 8.7| model 4: 4.3| model 5: 2.1| 
                                                           dL:   21.08
                                                           dm:   17.37
                                                           dx:    0.06
Iteration 04
	model frequencies (percent)
	model 1: 85.7| model 2: 5.7| model 3: 6.1| model 4: 2.0| model 5: 0.5| 
                                                           dL:   12.43
                                                           dm:    9.10
                                                           dx:    0.04
Iteration 05
	model frequencies (percent)
	model 1: 91.3| model 2: 3.8| model 3: 4.1| model 4: 0.8| model 5: 0.1| 
                                                           dL:    9.25
                                                           dm:    5.59
                                                           dx:    0.09
Iteration 06
	model frequencies (percent)
	model 1: 94.8| model 2: 2.4| model 3: 2.5| model 4: 0.2| model 5: 0.0| 
                                                           dL:    5.28
                                                           dm:    3.55
                                                           dx:    0.10
Iteration 07
	model frequencies (percent)
	model 1: 97.1| model 2: 1.5| model 3: 1.4| model 4: 0.1| model 5: 0.0| 
                                                           dL:    3.30
                                                           dm:    2.25
                                                           dx:    0.08
Iteration 08
	model frequencies (percent)
	model 1: 98.4| model 2: 0.8| model 3: 0.7| model 4: 0.0| model 5: 0.0| 
                                                           dL:    2.14
                                                           dm:    1.36
                                                           dx:    0.06
Iteration 09
	model frequencies (percent)
	model 1: 99.2| model 2: 0.5| model 3: 0.3| model 4: 0.0| model 5: 0.0| 
                                                           dL:    1.79
                                                           dm:    0.73
                                                           dx:    0.07
Iteration 10
	model frequencies (percent)
	model 1: 99.5| model 2: 0.3| model 3: 0.1| model 4: 0.0| model 5: 0.0| 
                                                           dL:    1.22
                                                           dm:    0.33
                                                           dx:    0.10
Iteration 11
	model frequencies (percent)
	model 1: 99.6| model 2: 0.2| model 3: 0.1| model 4: 0.0| model 5: 0.0| 
                                                           dL:    0.55
                                                           dm:    0.13
                                                           dx:    0.10
Iteration 12
	model frequencies (percent)
	model 1: 99.7| model 2: 0.2| model 3: 0.1| model 4: 0.0| model 5: 0.0| 
                                                           dL:    0.38
                                                           dm:    0.05
                                                           dx:    0.05
Iteration 13
	model frequencies (percent)
	model 1: 99.7| model 2: 0.2| model 3: 0.1| model 4: 0.0| model 5: 0.0| 
                                                           dL:    0.33
                                                           dm:    0.02
                                                           dx:    0.02
Iteration 14
	model frequencies (percent)
	model 1: 99.7| model 2: 0.2| model 3: 0.1| model 4: 0.0| model 5: 0.0| 
                                                           dL:    0.29
                                                           dm:    0.01
                                                           dx:    0.00
                                                          Converged :]
