cbm_hbi_hbi                                       09-Feb-2023 19:10:47
Running hierarchical bayesian inference (HBI)...

HBI has been initialized according to
	lap_IntFix_expbeta_original.mat [for model 1]
 
Number of samples: 887
Number of models: 1
======================================================================
Iteration 01
Iteration 02
                                                           dL: 1639.39
                                                           dx:    0.28
Iteration 03
                                                           dL:  645.07
                                                           dx:    0.17
Iteration 04
                                                           dL:  353.27
                                                           dx:    0.13
Iteration 05
                                                           dL:  215.37
                                                           dx:    0.10
Iteration 06
                                                           dL:  140.63
                                                           dx:    0.09
Iteration 07
                                                           dL:   97.58
                                                           dx:    0.08
Iteration 08
                                                           dL:   73.15
                                                           dx:    0.06
Iteration 09
                                                           dL:   42.65
                                                           dx:    0.06
Iteration 10
                                                           dL:   32.11
                                                           dx:    0.05
Iteration 11
                                                           dL:   30.43
                                                           dx:    0.04
Iteration 12
                                                           dL:   22.83
                                                           dx:    0.04
Iteration 13
                                                           dL:   18.79
                                                           dx:    0.03
Iteration 14
                                                           dL:   16.84
                                                           dx:    0.03
Iteration 15
                                                           dL:    8.97
                                                           dx:    0.03
Iteration 16
                                                           dL:   12.51
                                                           dx:    0.03
Iteration 17
                                                           dL:   10.68
                                                           dx:    0.03
Iteration 18
                                                           dL:   -1.81
                                                           dx:    0.03
Iteration 19
                                                           dL:    9.93
                                                           dx:    0.02
Iteration 20
                                                           dL:    8.16
                                                           dx:    0.02
Iteration 21
                                                           dL:    4.86
                                                           dx:    0.02
Iteration 22
                                                           dL:    6.37
                                                           dx:    0.02
Iteration 23
                                                           dL:    4.91
                                                           dx:    0.02
Iteration 24
                                                           dL:    5.20
                                                           dx:    0.02
Iteration 25
                                                           dL:    2.84
                                                           dx:    0.02
Iteration 26
                                                           dL:    4.55
                                                           dx:    0.01
Iteration 27
                                                           dL:    3.90
                                                           dx:    0.01
Iteration 28
                                                           dL:    3.45
                                                           dx:    0.01
Iteration 29
                                                           dL:    3.10
                                                           dx:    0.01
Iteration 30
                                                           dL:    2.83
                                                           dx:    0.01
Iteration 31
                                                           dL:    1.30
                                                           dx:    0.01
Iteration 32
                                                           dL:    2.51
                                                           dx:    0.01
                                                          Converged :]
