cbm_hbi_hbi                                       12-Jan-2023 19:41:43
Running hierarchical bayesian inference (HBI)...

HBI has been initialized according to
	lap_Baseline_HbCb3SaSc_original.mat [for model 1]
	lap_IM_expbeta_original.mat [for model 2]
	lap_EM_expbeta_original.mat [for model 3]
	lap_Hyb_AV_expbeta_origiinal.mat [for model 4]
	lap_ArbF_AV_expbeta_original.mat [for model 5]
 
Number of samples: 887
Number of models: 5
======================================================================
Iteration 01
Iteration 02
	model frequencies (percent)
	model 1: 8.5| model 2: 13.0| model 3: 30.6| model 4: 25.4| model 5: 22.4| 
                                                           dL:  464.44
                                                           dm:   69.36
                                                           dx:    0.62
Iteration 03
	model frequencies (percent)
	model 1: 7.0| model 2: 11.5| model 3: 32.8| model 4: 24.4| model 5: 24.3| 
                                                           dL:  148.91
                                                           dm:    2.19
                                                           dx:    0.40
Iteration 04
	model frequencies (percent)
	model 1: 7.6| model 2: 11.6| model 3: 32.8| model 4: 21.0| model 5: 26.9| 
                                                           dL:   80.46
                                                           dm:    0.04
                                                           dx:    0.33
Iteration 05
	model frequencies (percent)
	model 1: 8.8| model 2: 11.9| model 3: 32.5| model 4: 17.4| model 5: 29.5| 
                                                           dL:   50.74
                                                           dm:    0.34
                                                           dx:    0.28
Iteration 06
	model frequencies (percent)
	model 1: 9.9| model 2: 12.1| model 3: 32.3| model 4: 14.1| model 5: 31.6| 
                                                           dL:   34.01
                                                           dm:    0.18
                                                           dx:    0.25
Iteration 07
	model frequencies (percent)
	model 1: 11.0| model 2: 12.0| model 3: 32.3| model 4: 11.5| model 5: 33.2| 
                                                           dL:   22.96
                                                           dm:    1.64
                                                           dx:    0.21
Iteration 08
	model frequencies (percent)
	model 1: 11.9| model 2: 11.8| model 3: 32.4| model 4: 9.4| model 5: 34.4| 
                                                           dL:   15.90
                                                           dm:    1.25
                                                           dx:    0.17
Iteration 09
	model frequencies (percent)
	model 1: 12.8| model 2: 11.4| model 3: 32.6| model 4: 7.9| model 5: 35.4| 
                                                           dL:   11.42
                                                           dm:    0.96
                                                           dx:    0.14
Iteration 10
	model frequencies (percent)
	model 1: 13.5| model 2: 10.9| model 3: 32.7| model 4: 6.7| model 5: 36.2| 
                                                           dL:    8.52
                                                           dm:    0.76
                                                           dx:    0.12
Iteration 11
	model frequencies (percent)
	model 1: 14.2| model 2: 10.5| model 3: 32.8| model 4: 5.8| model 5: 36.8| 
                                                           dL:    6.57
                                                           dm:    0.63
                                                           dx:    0.10
Iteration 12
	model frequencies (percent)
	model 1: 14.8| model 2: 10.0| model 3: 32.8| model 4: 5.1| model 5: 37.3| 
                                                           dL:    5.20
                                                           dm:    0.53
                                                           dx:    0.08
Iteration 13
	model frequencies (percent)
	model 1: 15.3| model 2: 9.6| model 3: 32.7| model 4: 4.6| model 5: 37.8| 
                                                           dL:    4.21
                                                           dm:    0.46
                                                           dx:    0.07
Iteration 14
	model frequencies (percent)
	model 1: 15.8| model 2: 9.1| model 3: 32.7| model 4: 4.2| model 5: 38.2| 
                                                           dL:    3.47
                                                           dm:    0.41
                                                           dx:    0.05
Iteration 15
	model frequencies (percent)
	model 1: 16.2| model 2: 8.7| model 3: 32.5| model 4: 4.0| model 5: 38.6| 
                                                           dL:    2.89
                                                           dm:    0.36
                                                           dx:    0.05
Iteration 16
	model frequencies (percent)
	model 1: 16.5| model 2: 8.4| model 3: 32.4| model 4: 3.9| model 5: 38.9| 
                                                           dL:    2.44
                                                           dm:    0.32
                                                           dx:    0.04
Iteration 17
	model frequencies (percent)
	model 1: 16.8| model 2: 8.0| model 3: 32.2| model 4: 3.8| model 5: 39.2| 
                                                           dL:    2.08
                                                           dm:    0.28
                                                           dx:    0.03
Iteration 18
	model frequencies (percent)
	model 1: 17.1| model 2: 7.7| model 3: 32.1| model 4: 3.8| model 5: 39.4| 
                                                           dL:    1.79
                                                           dm:    0.24
                                                           dx:    0.03
Iteration 19
	model frequencies (percent)
	model 1: 17.3| model 2: 7.3| model 3: 31.9| model 4: 3.8| model 5: 39.6| 
                                                           dL:    1.55
                                                           dm:    0.21
                                                           dx:    0.02
Iteration 20
	model frequencies (percent)
	model 1: 17.6| model 2: 7.0| model 3: 31.8| model 4: 3.9| model 5: 39.8| 
                                                           dL:    1.36
                                                           dm:    0.17
                                                           dx:    0.02
Iteration 21
	model frequencies (percent)
	model 1: 17.7| model 2: 6.7| model 3: 31.6| model 4: 4.0| model 5: 39.9| 
                                                           dL:    1.20
                                                           dm:    0.14
                                                           dx:    0.02
Iteration 22
	model frequencies (percent)
	model 1: 17.9| model 2: 6.5| model 3: 31.5| model 4: 4.1| model 5: 40.0| 
                                                           dL:    1.07
                                                           dm:    0.11
                                                           dx:    0.02
Iteration 23
	model frequencies (percent)
	model 1: 18.0| model 2: 6.2| model 3: 31.4| model 4: 4.3| model 5: 40.1| 
                                                           dL:    0.95
                                                           dm:    0.09
                                                           dx:    0.01
Iteration 24
	model frequencies (percent)
	model 1: 18.2| model 2: 6.0| model 3: 31.2| model 4: 4.4| model 5: 40.2| 
                                                           dL:    0.86
                                                           dm:    0.07
                                                           dx:    0.01
Iteration 25
	model frequencies (percent)
	model 1: 18.3| model 2: 5.7| model 3: 31.1| model 4: 4.6| model 5: 40.2| 
                                                           dL:    0.78
                                                           dm:    0.04
                                                           dx:    0.01
Iteration 26
	model frequencies (percent)
	model 1: 18.4| model 2: 5.5| model 3: 31.1| model 4: 4.8| model 5: 40.3| 
                                                           dL:    0.71
                                                           dm:    0.03
                                                           dx:    0.01
Iteration 27
	model frequencies (percent)
	model 1: 18.5| model 2: 5.3| model 3: 31.0| model 4: 5.0| model 5: 40.3| 
                                                           dL:    0.65
                                                           dm:    0.01
                                                           dx:    0.01
Iteration 28
	model frequencies (percent)
	model 1: 18.5| model 2: 5.0| model 3: 30.9| model 4: 5.2| model 5: 40.3| 
                                                           dL:    0.59
                                                           dm:    0.00
                                                           dx:    0.01
Iteration 29
	model frequencies (percent)
	model 1: 18.6| model 2: 4.8| model 3: 30.9| model 4: 5.4| model 5: 40.3| 
                                                           dL:    0.54
                                                           dm:    0.02
                                                           dx:    0.01
                                                          Converged :]
