cbm_hbi_hbi                                       09-May-2023 03:29:06
Running hierarchical bayesian inference (HBI)...

HBI has been initialized according to
	FixArb/sim_fit_baseline_it_5.mat [for model 1]
	FixArb/sim_fit_im_it_5.mat [for model 2]
	FixArb/sim_fit_em_it_5.mat [for model 3]
	FixArb/sim_fit_fixarb_it_5.mat [for model 4]
	FixArb/sim_fit_dynarb_it_5.mat [for model 5]
 
Number of samples: 100
Number of models: 5
======================================================================
Iteration 01
Iteration 02
	model frequencies (percent)
	model 1: 5.5| model 2: 18.2| model 3: 18.8| model 4: 34.2| model 5: 23.3| 
                                                           dL:   67.99
                                                           dm:   65.85
                                                           dx:    0.44
Iteration 03
	model frequencies (percent)
	model 1: 1.5| model 2: 15.2| model 3: 16.8| model 4: 44.2| model 5: 22.3| 
                                                           dL:   20.75
                                                           dm:   10.00
                                                           dx:    0.26
Iteration 04
	model frequencies (percent)
	model 1: 0.3| model 2: 13.1| model 3: 15.6| model 4: 50.8| model 5: 20.2| 
                                                           dL:   10.62
                                                           dm:    6.65
                                                           dx:    0.17
Iteration 05
	model frequencies (percent)
	model 1: 0.0| model 2: 11.6| model 3: 14.9| model 4: 55.6| model 5: 17.9| 
                                                           dL:    5.15
                                                           dm:    4.84
                                                           dx:    0.14
Iteration 06
	model frequencies (percent)
	model 1: 0.0| model 2: 10.5| model 3: 14.4| model 4: 59.6| model 5: 15.5| 
                                                           dL:    2.20
                                                           dm:    3.96
                                                           dx:    0.22
Iteration 07
	model frequencies (percent)
	model 1: 0.0| model 2: 9.6| model 3: 14.1| model 4: 63.1| model 5: 13.2| 
                                                           dL:    1.77
                                                           dm:    3.49
                                                           dx:    0.04
Iteration 08
	model frequencies (percent)
	model 1: 0.0| model 2: 8.9| model 3: 13.8| model 4: 66.2| model 5: 11.0| 
                                                           dL:    1.58
                                                           dm:    3.14
                                                           dx:    0.04
Iteration 09
	model frequencies (percent)
	model 1: 0.0| model 2: 8.3| model 3: 13.7| model 4: 69.1| model 5: 8.9| 
                                                           dL:    1.50
                                                           dm:    2.84
                                                           dx:    0.05
Iteration 10
	model frequencies (percent)
	model 1: 0.0| model 2: 7.9| model 3: 13.5| model 4: 71.6| model 5: 7.0| 
                                                           dL:    1.48
                                                           dm:    2.56
                                                           dx:    0.05
Iteration 11
	model frequencies (percent)
	model 1: 0.0| model 2: 7.5| model 3: 13.4| model 4: 73.9| model 5: 5.2| 
                                                           dL:    1.52
                                                           dm:    2.29
                                                           dx:    0.06
Iteration 12
	model frequencies (percent)
	model 1: 0.0| model 2: 7.2| model 3: 13.3| model 4: 75.9| model 5: 3.6| 
                                                           dL:    1.61
                                                           dm:    2.00
                                                           dx:    0.07
Iteration 13
	model frequencies (percent)
	model 1: 0.0| model 2: 6.9| model 3: 13.2| model 4: 77.6| model 5: 2.2| 
                                                           dL:    1.76
                                                           dm:    1.70
                                                           dx:    0.08
Iteration 14
	model frequencies (percent)
	model 1: 0.0| model 2: 6.7| model 3: 13.2| model 4: 79.0| model 5: 1.2| 
                                                           dL:    1.91
                                                           dm:    1.37
                                                           dx:    0.10
Iteration 15
	model frequencies (percent)
	model 1: 0.0| model 2: 6.5| model 3: 13.1| model 4: 80.0| model 5: 0.4| 
                                                           dL:    1.89
                                                           dm:    0.99
                                                           dx:    0.12
Iteration 16
	model frequencies (percent)
	model 1: 0.0| model 2: 6.3| model 3: 13.0| model 4: 80.6| model 5: 0.1| 
                                                           dL:    1.19
                                                           dm:    0.62
                                                           dx:    0.13
Iteration 17
	model frequencies (percent)
	model 1: 0.0| model 2: 6.1| model 3: 12.9| model 4: 81.0| model 5: 0.0| 
                                                           dL:    0.27
                                                           dm:    0.39
                                                           dx:    0.11
Iteration 18
	model frequencies (percent)
	model 1: 0.0| model 2: 5.9| model 3: 12.8| model 4: 81.3| model 5: 0.0| 
                                                           dL:    0.14
                                                           dm:    0.31
                                                           dx:    0.03
Iteration 19
	model frequencies (percent)
	model 1: 0.0| model 2: 5.7| model 3: 12.7| model 4: 81.6| model 5: 0.0| 
                                                           dL:    0.12
                                                           dm:    0.28
                                                           dx:    0.01
                                                          Converged :]
