cbm_hbi_hbi                                       09-May-2023 03:12:12
Running hierarchical bayesian inference (HBI)...

HBI has been initialized according to
	FixArb/sim_fit_baseline_it_3.mat [for model 1]
	FixArb/sim_fit_im_it_3.mat [for model 2]
	FixArb/sim_fit_em_it_3.mat [for model 3]
	FixArb/sim_fit_fixarb_it_3.mat [for model 4]
	FixArb/sim_fit_dynarb_it_3.mat [for model 5]
 
Number of samples: 100
Number of models: 5
======================================================================
Iteration 01
Iteration 02
	model frequencies (percent)
	model 1: 6.2| model 2: 15.9| model 3: 17.9| model 4: 36.9| model 5: 23.2| 
                                                           dL:   76.70
                                                           dm:   63.13
                                                           dx:    0.51
Iteration 03
	model frequencies (percent)
	model 1: 2.0| model 2: 12.0| model 3: 14.4| model 4: 50.6| model 5: 20.9| 
                                                           dL:   24.24
                                                           dm:   13.76
                                                           dx:    0.26
Iteration 04
	model frequencies (percent)
	model 1: 0.4| model 2: 9.9| model 3: 12.2| model 4: 59.7| model 5: 17.8| 
                                                           dL:   12.47
                                                           dm:    9.03
                                                           dx:    0.15
Iteration 05
	model frequencies (percent)
	model 1: 0.0| model 2: 8.7| model 3: 10.7| model 4: 65.8| model 5: 14.8| 
                                                           dL:    7.07
                                                           dm:    6.10
                                                           dx:    0.14
Iteration 06
	model frequencies (percent)
	model 1: 0.0| model 2: 7.8| model 3: 9.8| model 4: 70.4| model 5: 12.0| 
                                                           dL:    2.91
                                                           dm:    4.63
                                                           dx:    0.21
Iteration 07
	model frequencies (percent)
	model 1: 0.0| model 2: 7.2| model 3: 9.1| model 4: 74.2| model 5: 9.4| 
                                                           dL:    2.32
                                                           dm:    3.83
                                                           dx:    0.06
Iteration 08
	model frequencies (percent)
	model 1: 0.0| model 2: 6.8| model 3: 8.6| model 4: 77.5| model 5: 7.1| 
                                                           dL:    2.07
                                                           dm:    3.25
                                                           dx:    0.07
Iteration 09
	model frequencies (percent)
	model 1: 0.0| model 2: 6.5| model 3: 8.2| model 4: 80.2| model 5: 5.1| 
                                                           dL:    1.97
                                                           dm:    2.76
                                                           dx:    0.07
Iteration 10
	model frequencies (percent)
	model 1: 0.0| model 2: 6.2| model 3: 7.9| model 4: 82.5| model 5: 3.3| 
                                                           dL:    1.95
                                                           dm:    2.30
                                                           dx:    0.08
Iteration 11
	model frequencies (percent)
	model 1: 0.0| model 2: 6.0| model 3: 7.7| model 4: 84.4| model 5: 1.9| 
                                                           dL:    2.00
                                                           dm:    1.85
                                                           dx:    0.09
Iteration 12
	model frequencies (percent)
	model 1: 0.0| model 2: 5.9| model 3: 7.5| model 4: 85.7| model 5: 0.9| 
                                                           dL:    2.06
                                                           dm:    1.37
                                                           dx:    0.11
Iteration 13
	model frequencies (percent)
	model 1: 0.0| model 2: 5.8| model 3: 7.3| model 4: 86.6| model 5: 0.3| 
                                                           dL:    1.92
                                                           dm:    0.88
                                                           dx:    0.13
Iteration 14
	model frequencies (percent)
	model 1: 0.0| model 2: 5.7| model 3: 7.2| model 4: 87.1| model 5: 0.1| 
                                                           dL:    0.95
                                                           dm:    0.47
                                                           dx:    0.14
Iteration 15
	model frequencies (percent)
	model 1: 0.0| model 2: 5.5| model 3: 7.1| model 4: 87.4| model 5: 0.0| 
                                                           dL:    0.16
                                                           dm:    0.29
                                                           dx:    0.08
Iteration 16
	model frequencies (percent)
	model 1: 0.0| model 2: 5.4| model 3: 6.9| model 4: 87.6| model 5: 0.0| 
                                                           dL:    0.11
                                                           dm:    0.24
                                                           dx:    0.02
Iteration 17
	model frequencies (percent)
	model 1: 0.0| model 2: 5.3| model 3: 6.8| model 4: 87.8| model 5: 0.0| 
                                                           dL:    0.09
                                                           dm:    0.21
                                                           dx:    0.01
                                                          Converged :]
