cbm_hbi_hbi                                       09-May-2023 04:09:35
Running hierarchical bayesian inference (HBI)...

HBI has been initialized according to
	FixArb/sim_fit_baseline_it_10.mat [for model 1]
	FixArb/sim_fit_im_it_10.mat [for model 2]
	FixArb/sim_fit_em_it_10.mat [for model 3]
	FixArb/sim_fit_fixarb_it_10.mat [for model 4]
	FixArb/sim_fit_dynarb_it_10.mat [for model 5]
 
Number of samples: 100
Number of models: 5
======================================================================
Iteration 01
Iteration 02
	model frequencies (percent)
	model 1: 5.8| model 2: 19.2| model 3: 18.0| model 4: 34.4| model 5: 22.7| 
                                                           dL:   66.97
                                                           dm:   65.62
                                                           dx:    0.46
Iteration 03
	model frequencies (percent)
	model 1: 1.4| model 2: 17.6| model 3: 15.0| model 4: 45.7| model 5: 20.3| 
                                                           dL:   22.47
                                                           dm:   11.35
                                                           dx:    0.26
Iteration 04
	model frequencies (percent)
	model 1: 0.1| model 2: 16.3| model 3: 12.9| model 4: 53.4| model 5: 17.3| 
                                                           dL:   11.44
                                                           dm:    7.65
                                                           dx:    0.17
Iteration 05
	model frequencies (percent)
	model 1: 0.0| model 2: 15.2| model 3: 11.5| model 4: 58.6| model 5: 14.7| 
                                                           dL:    4.18
                                                           dm:    5.21
                                                           dx:    0.17
Iteration 06
	model frequencies (percent)
	model 1: 0.0| model 2: 14.3| model 3: 10.6| model 4: 62.5| model 5: 12.6| 
                                                           dL:    1.91
                                                           dm:    3.91
                                                           dx:    0.12
Iteration 07
	model frequencies (percent)
	model 1: 0.0| model 2: 13.6| model 3: 10.0| model 4: 65.6| model 5: 10.8| 
                                                           dL:    1.42
                                                           dm:    3.10
                                                           dx:    0.05
Iteration 08
	model frequencies (percent)
	model 1: 0.0| model 2: 13.0| model 3: 9.6| model 4: 68.1| model 5: 9.3| 
                                                           dL:    1.15
                                                           dm:    2.54
                                                           dx:    0.04
Iteration 09
	model frequencies (percent)
	model 1: 0.0| model 2: 12.5| model 3: 9.2| model 4: 70.2| model 5: 8.0| 
                                                           dL:    1.00
                                                           dm:    2.12
                                                           dx:    0.04
Iteration 10
	model frequencies (percent)
	model 1: 0.0| model 2: 12.1| model 3: 8.9| model 4: 72.0| model 5: 7.0| 
                                                           dL:    0.89
                                                           dm:    1.79
                                                           dx:    0.04
Iteration 11
	model frequencies (percent)
	model 1: 0.0| model 2: 11.7| model 3: 8.7| model 4: 73.5| model 5: 6.1| 
                                                           dL:    0.81
                                                           dm:    1.51
                                                           dx:    0.04
Iteration 12
	model frequencies (percent)
	model 1: 0.0| model 2: 11.4| model 3: 8.4| model 4: 74.8| model 5: 5.3| 
                                                           dL:    0.74
                                                           dm:    1.27
                                                           dx:    0.04
Iteration 13
	model frequencies (percent)
	model 1: 0.0| model 2: 11.2| model 3: 8.3| model 4: 75.9| model 5: 4.7| 
                                                           dL:    0.68
                                                           dm:    1.06
                                                           dx:    0.04
Iteration 14
	model frequencies (percent)
	model 1: 0.0| model 2: 11.0| model 3: 8.1| model 4: 76.7| model 5: 4.2| 
                                                           dL:    0.61
                                                           dm:    0.87
                                                           dx:    0.04
Iteration 15
	model frequencies (percent)
	model 1: 0.0| model 2: 10.8| model 3: 8.0| model 4: 77.4| model 5: 3.8| 
                                                           dL:    0.54
                                                           dm:    0.70
                                                           dx:    0.04
Iteration 16
	model frequencies (percent)
	model 1: 0.0| model 2: 10.6| model 3: 7.9| model 4: 78.0| model 5: 3.5| 
                                                           dL:    0.46
                                                           dm:    0.55
                                                           dx:    0.04
Iteration 17
	model frequencies (percent)
	model 1: 0.0| model 2: 10.5| model 3: 7.8| model 4: 78.4| model 5: 3.4| 
                                                           dL:    0.39
                                                           dm:    0.43
                                                           dx:    0.04
Iteration 18
	model frequencies (percent)
	model 1: 0.0| model 2: 10.3| model 3: 7.7| model 4: 78.7| model 5: 3.2| 
                                                           dL:    0.31
                                                           dm:    0.32
                                                           dx:    0.04
Iteration 19
	model frequencies (percent)
	model 1: 0.0| model 2: 10.2| model 3: 7.6| model 4: 79.0| model 5: 3.2| 
                                                           dL:    0.24
                                                           dm:    0.23
                                                           dx:    0.04
Iteration 20
	model frequencies (percent)
	model 1: 0.0| model 2: 10.1| model 3: 7.5| model 4: 79.1| model 5: 3.2| 
                                                           dL:    0.18
                                                           dm:    0.17
                                                           dx:    0.03
Iteration 21
	model frequencies (percent)
	model 1: 0.0| model 2: 10.1| model 3: 7.5| model 4: 79.3| model 5: 3.2| 
                                                           dL:    0.13
                                                           dm:    0.12
                                                           dx:    0.03
Iteration 22
	model frequencies (percent)
	model 1: 0.0| model 2: 10.0| model 3: 7.4| model 4: 79.3| model 5: 3.2| 
                                                           dL:    0.09
                                                           dm:    0.08
                                                           dx:    0.02
Iteration 23
	model frequencies (percent)
	model 1: 0.0| model 2: 9.9| model 3: 7.4| model 4: 79.4| model 5: 3.3| 
                                                           dL:    0.06
                                                           dm:    0.05
                                                           dx:    0.02
Iteration 24
	model frequencies (percent)
	model 1: 0.0| model 2: 9.9| model 3: 7.4| model 4: 79.4| model 5: 3.3| 
                                                           dL:    0.04
                                                           dm:    0.03
                                                           dx:    0.01
Iteration 25
	model frequencies (percent)
	model 1: 0.0| model 2: 9.8| model 3: 7.4| model 4: 79.4| model 5: 3.4| 
                                                           dL:    0.03
                                                           dm:    0.02
                                                           dx:    0.01
Iteration 26
	model frequencies (percent)
	model 1: 0.0| model 2: 9.8| model 3: 7.3| model 4: 79.4| model 5: 3.4| 
                                                           dL:    0.02
                                                           dm:    0.01
                                                           dx:    0.01
                                                          Converged :]
