cbm_hbi_hbi                                       09-May-2023 03:53:44
Running hierarchical bayesian inference (HBI)...

HBI has been initialized according to
	FixArb/sim_fit_baseline_it_8.mat [for model 1]
	FixArb/sim_fit_im_it_8.mat [for model 2]
	FixArb/sim_fit_em_it_8.mat [for model 3]
	FixArb/sim_fit_fixarb_it_8.mat [for model 4]
	FixArb/sim_fit_dynarb_it_8.mat [for model 5]
 
Number of samples: 100
Number of models: 5
======================================================================
Iteration 01
Iteration 02
	model frequencies (percent)
	model 1: 6.6| model 2: 20.4| model 3: 17.2| model 4: 34.9| model 5: 20.9| 
                                                           dL:   65.18
                                                           dm:   65.09
                                                           dx:    0.45
Iteration 03
	model frequencies (percent)
	model 1: 2.6| model 2: 18.3| model 3: 14.2| model 4: 46.4| model 5: 18.5| 
                                                           dL:   19.36
                                                           dm:   11.45
                                                           dx:    0.30
Iteration 04
	model frequencies (percent)
	model 1: 1.2| model 2: 16.5| model 3: 12.4| model 4: 54.0| model 5: 15.9| 
                                                           dL:    8.65
                                                           dm:    7.65
                                                           dx:    0.29
Iteration 05
	model frequencies (percent)
	model 1: 0.6| model 2: 15.1| model 3: 11.4| model 4: 59.5| model 5: 13.5| 
                                                           dL:    5.20
                                                           dm:    5.46
                                                           dx:    0.21
Iteration 06
	model frequencies (percent)
	model 1: 0.2| model 2: 14.0| model 3: 10.7| model 4: 63.8| model 5: 11.3| 
                                                           dL:    4.68
                                                           dm:    4.36
                                                           dx:    0.08
Iteration 07
	model frequencies (percent)
	model 1: 0.0| model 2: 13.1| model 3: 10.1| model 4: 67.4| model 5: 9.4| 
                                                           dL:    3.34
                                                           dm:    3.58
                                                           dx:    0.31
Iteration 08
	model frequencies (percent)
	model 1: 0.0| model 2: 12.3| model 3: 9.7| model 4: 70.4| model 5: 7.5| 
                                                           dL:    1.68
                                                           dm:    3.01
                                                           dx:    0.32
Iteration 09
	model frequencies (percent)
	model 1: 0.0| model 2: 11.7| model 3: 9.3| model 4: 73.1| model 5: 5.9| 
                                                           dL:    1.58
                                                           dm:    2.66
                                                           dx:    0.07
Iteration 10
	model frequencies (percent)
	model 1: 0.0| model 2: 11.2| model 3: 9.0| model 4: 75.4| model 5: 4.3| 
                                                           dL:    1.58
                                                           dm:    2.36
                                                           dx:    0.07
Iteration 11
	model frequencies (percent)
	model 1: 0.0| model 2: 10.8| model 3: 8.8| model 4: 77.5| model 5: 2.9| 
                                                           dL:    1.66
                                                           dm:    2.08
                                                           dx:    0.07
Iteration 12
	model frequencies (percent)
	model 1: 0.0| model 2: 10.5| model 3: 8.6| model 4: 79.3| model 5: 1.7| 
                                                           dL:    1.83
                                                           dm:    1.78
                                                           dx:    0.08
Iteration 13
	model frequencies (percent)
	model 1: 0.0| model 2: 10.1| model 3: 8.4| model 4: 80.7| model 5: 0.8| 
                                                           dL:    2.02
                                                           dm:    1.42
                                                           dx:    0.10
Iteration 14
	model frequencies (percent)
	model 1: 0.0| model 2: 9.9| model 3: 8.2| model 4: 81.7| model 5: 0.2| 
                                                           dL:    1.75
                                                           dm:    0.98
                                                           dx:    0.12
Iteration 15
	model frequencies (percent)
	model 1: 0.0| model 2: 9.6| model 3: 8.1| model 4: 82.3| model 5: 0.1| 
                                                           dL:    0.76
                                                           dm:    0.62
                                                           dx:    0.14
Iteration 16
	model frequencies (percent)
	model 1: 0.0| model 2: 9.3| model 3: 7.9| model 4: 82.8| model 5: 0.0| 
                                                           dL:    0.18
                                                           dm:    0.44
                                                           dx:    0.08
Iteration 17
	model frequencies (percent)
	model 1: 0.0| model 2: 9.0| model 3: 7.8| model 4: 83.1| model 5: 0.0| 
                                                           dL:    0.13
                                                           dm:    0.37
                                                           dx:    0.01
Iteration 18
	model frequencies (percent)
	model 1: 0.0| model 2: 8.8| model 3: 7.7| model 4: 83.5| model 5: 0.0| 
                                                           dL:    0.11
                                                           dm:    0.33
                                                           dx:    0.00
                                                          Converged :]
