cbm_hbi_hbi                                       09-May-2023 03:37:19
Running hierarchical bayesian inference (HBI)...

HBI has been initialized according to
	FixArb/sim_fit_baseline_it_6.mat [for model 1]
	FixArb/sim_fit_im_it_6.mat [for model 2]
	FixArb/sim_fit_em_it_6.mat [for model 3]
	FixArb/sim_fit_fixarb_it_6.mat [for model 4]
	FixArb/sim_fit_dynarb_it_6.mat [for model 5]
 
Number of samples: 100
Number of models: 5
======================================================================
Iteration 01
Iteration 02
	model frequencies (percent)
	model 1: 5.9| model 2: 17.8| model 3: 19.5| model 4: 34.1| model 5: 22.6| 
                                                           dL:   67.93
                                                           dm:   65.90
                                                           dx:    0.48
Iteration 03
	model frequencies (percent)
	model 1: 1.7| model 2: 13.9| model 3: 18.4| model 4: 44.2| model 5: 21.8| 
                                                           dL:   21.20
                                                           dm:   10.11
                                                           dx:    0.27
Iteration 04
	model frequencies (percent)
	model 1: 0.2| model 2: 11.2| model 3: 18.0| model 4: 50.3| model 5: 20.3| 
                                                           dL:   11.35
                                                           dm:    6.10
                                                           dx:    0.14
Iteration 05
	model frequencies (percent)
	model 1: 0.0| model 2: 9.3| model 3: 17.9| model 4: 54.1| model 5: 18.7| 
                                                           dL:    5.24
                                                           dm:    3.76
                                                           dx:    0.22
Iteration 06
	model frequencies (percent)
	model 1: 0.0| model 2: 8.1| model 3: 17.9| model 4: 56.8| model 5: 17.3| 
                                                           dL:    1.90
                                                           dm:    2.69
                                                           dx:    0.20
Iteration 07
	model frequencies (percent)
	model 1: 0.0| model 2: 7.1| model 3: 18.1| model 4: 58.9| model 5: 15.9| 
                                                           dL:    1.35
                                                           dm:    2.15
                                                           dx:    0.05
Iteration 08
	model frequencies (percent)
	model 1: 0.0| model 2: 6.4| model 3: 18.2| model 4: 60.7| model 5: 14.7| 
                                                           dL:    1.05
                                                           dm:    1.82
                                                           dx:    0.04
Iteration 09
	model frequencies (percent)
	model 1: 0.0| model 2: 5.8| model 3: 18.4| model 4: 62.4| model 5: 13.5| 
                                                           dL:    0.87
                                                           dm:    1.63
                                                           dx:    0.04
Iteration 10
	model frequencies (percent)
	model 1: 0.0| model 2: 5.4| model 3: 18.5| model 4: 63.9| model 5: 12.3| 
                                                           dL:    0.76
                                                           dm:    1.52
                                                           dx:    0.03
Iteration 11
	model frequencies (percent)
	model 1: 0.0| model 2: 5.0| model 3: 18.6| model 4: 65.3| model 5: 11.1| 
                                                           dL:    0.71
                                                           dm:    1.45
                                                           dx:    0.03
Iteration 12
	model frequencies (percent)
	model 1: 0.0| model 2: 4.7| model 3: 18.7| model 4: 66.8| model 5: 9.9| 
                                                           dL:    0.69
                                                           dm:    1.43
                                                           dx:    0.03
Iteration 13
	model frequencies (percent)
	model 1: 0.0| model 2: 4.4| model 3: 18.7| model 4: 68.2| model 5: 8.7| 
                                                           dL:    0.71
                                                           dm:    1.43
                                                           dx:    0.03
Iteration 14
	model frequencies (percent)
	model 1: 0.0| model 2: 4.2| model 3: 18.8| model 4: 69.6| model 5: 7.4| 
                                                           dL:    0.76
                                                           dm:    1.44
                                                           dx:    0.04
Iteration 15
	model frequencies (percent)
	model 1: 0.0| model 2: 4.0| model 3: 18.8| model 4: 71.1| model 5: 6.2| 
                                                           dL:    0.86
                                                           dm:    1.45
                                                           dx:    0.04
Iteration 16
	model frequencies (percent)
	model 1: 0.0| model 2: 3.8| model 3: 18.8| model 4: 72.5| model 5: 4.8| 
                                                           dL:    1.00
                                                           dm:    1.46
                                                           dx:    0.05
Iteration 17
	model frequencies (percent)
	model 1: 0.0| model 2: 3.7| model 3: 18.8| model 4: 74.0| model 5: 3.5| 
                                                           dL:    1.21
                                                           dm:    1.43
                                                           dx:    0.06
Iteration 18
	model frequencies (percent)
	model 1: 0.0| model 2: 3.6| model 3: 18.8| model 4: 75.3| model 5: 2.3| 
                                                           dL:    1.49
                                                           dm:    1.35
                                                           dx:    0.07
Iteration 19
	model frequencies (percent)
	model 1: 0.0| model 2: 3.5| model 3: 18.8| model 4: 76.5| model 5: 1.2| 
                                                           dL:    1.82
                                                           dm:    1.18
                                                           dx:    0.10
Iteration 20
	model frequencies (percent)
	model 1: 0.0| model 2: 3.4| model 3: 18.7| model 4: 77.4| model 5: 0.5| 
                                                           dL:    1.93
                                                           dm:    0.89
                                                           dx:    0.13
Iteration 21
	model frequencies (percent)
	model 1: 0.0| model 2: 3.3| model 3: 18.6| model 4: 77.9| model 5: 0.1| 
                                                           dL:    1.24
                                                           dm:    0.54
                                                           dx:    0.15
Iteration 22
	model frequencies (percent)
	model 1: 0.0| model 2: 3.2| model 3: 18.5| model 4: 78.2| model 5: 0.0| 
                                                           dL:    0.25
                                                           dm:    0.29
                                                           dx:    0.12
Iteration 23
	model frequencies (percent)
	model 1: 0.0| model 2: 3.1| model 3: 18.4| model 4: 78.4| model 5: 0.0| 
                                                           dL:    0.08
                                                           dm:    0.21
                                                           dx:    0.04
Iteration 24
	model frequencies (percent)
	model 1: 0.0| model 2: 3.0| model 3: 18.4| model 4: 78.6| model 5: 0.0| 
                                                           dL:    0.07
                                                           dm:    0.18
                                                           dx:    0.01
                                                          Converged :]
