cbm_hbi_hbi                                       09-May-2023 04:01:39
Running hierarchical bayesian inference (HBI)...

HBI has been initialized according to
	FixArb/sim_fit_baseline_it_9.mat [for model 1]
	FixArb/sim_fit_im_it_9.mat [for model 2]
	FixArb/sim_fit_em_it_9.mat [for model 3]
	FixArb/sim_fit_fixarb_it_9.mat [for model 4]
	FixArb/sim_fit_dynarb_it_9.mat [for model 5]
 
Number of samples: 100
Number of models: 5
======================================================================
Iteration 01
Iteration 02
	model frequencies (percent)
	model 1: 6.8| model 2: 18.0| model 3: 19.7| model 4: 34.3| model 5: 21.2| 
                                                           dL:   68.00
                                                           dm:   65.67
                                                           dx:    0.47
Iteration 03
	model frequencies (percent)
	model 1: 2.2| model 2: 14.7| model 3: 17.4| model 4: 46.0| model 5: 19.7| 
                                                           dL:   22.51
                                                           dm:   11.69
                                                           dx:    0.25
Iteration 04
	model frequencies (percent)
	model 1: 0.5| model 2: 12.4| model 3: 15.7| model 4: 54.0| model 5: 17.4| 
                                                           dL:   12.19
                                                           dm:    7.99
                                                           dx:    0.14
Iteration 05
	model frequencies (percent)
	model 1: 0.0| model 2: 10.9| model 3: 14.6| model 4: 59.6| model 5: 14.9| 
                                                           dL:    6.87
                                                           dm:    5.56
                                                           dx:    0.09
Iteration 06
	model frequencies (percent)
	model 1: 0.0| model 2: 9.7| model 3: 13.8| model 4: 63.8| model 5: 12.6| 
                                                           dL:    2.63
                                                           dm:    4.28
                                                           dx:    0.16
Iteration 07
	model frequencies (percent)
	model 1: 0.0| model 2: 8.8| model 3: 13.3| model 4: 67.4| model 5: 10.5| 
                                                           dL:    2.08
                                                           dm:    3.59
                                                           dx:    0.06
Iteration 08
	model frequencies (percent)
	model 1: 0.0| model 2: 8.1| model 3: 12.9| model 4: 70.6| model 5: 8.4| 
                                                           dL:    1.82
                                                           dm:    3.11
                                                           dx:    0.06
Iteration 09
	model frequencies (percent)
	model 1: 0.0| model 2: 7.5| model 3: 12.6| model 4: 73.3| model 5: 6.6| 
                                                           dL:    1.69
                                                           dm:    2.74
                                                           dx:    0.06
Iteration 10
	model frequencies (percent)
	model 1: 0.0| model 2: 7.0| model 3: 12.4| model 4: 75.7| model 5: 4.9| 
                                                           dL:    1.66
                                                           dm:    2.42
                                                           dx:    0.07
Iteration 11
	model frequencies (percent)
	model 1: 0.0| model 2: 6.6| model 3: 12.2| model 4: 77.8| model 5: 3.3| 
                                                           dL:    1.71
                                                           dm:    2.11
                                                           dx:    0.07
Iteration 12
	model frequencies (percent)
	model 1: 0.0| model 2: 6.3| model 3: 12.1| model 4: 79.6| model 5: 2.0| 
                                                           dL:    1.83
                                                           dm:    1.79
                                                           dx:    0.08
Iteration 13
	model frequencies (percent)
	model 1: 0.0| model 2: 6.0| model 3: 12.0| model 4: 81.0| model 5: 1.0| 
                                                           dL:    1.97
                                                           dm:    1.44
                                                           dx:    0.10
Iteration 14
	model frequencies (percent)
	model 1: 0.0| model 2: 5.7| model 3: 11.8| model 4: 82.1| model 5: 0.4| 
                                                           dL:    1.84
                                                           dm:    1.03
                                                           dx:    0.11
Iteration 15
	model frequencies (percent)
	model 1: 0.0| model 2: 5.5| model 3: 11.7| model 4: 82.7| model 5: 0.1| 
                                                           dL:    0.98
                                                           dm:    0.66
                                                           dx:    0.13
Iteration 16
	model frequencies (percent)
	model 1: 0.0| model 2: 5.2| model 3: 11.6| model 4: 83.2| model 5: 0.0| 
                                                           dL:    0.24
                                                           dm:    0.45
                                                           dx:    0.09
Iteration 17
	model frequencies (percent)
	model 1: 0.0| model 2: 5.0| model 3: 11.4| model 4: 83.6| model 5: 0.0| 
                                                           dL:    0.17
                                                           dm:    0.37
                                                           dx:    0.02
Iteration 18
	model frequencies (percent)
	model 1: 0.0| model 2: 4.7| model 3: 11.3| model 4: 83.9| model 5: 0.0| 
                                                           dL:    0.14
                                                           dm:    0.34
                                                           dx:    0.01
                                                          Converged :]
