cbm_hbi_hbi                                       09-May-2023 03:46:04
Running hierarchical bayesian inference (HBI)...

HBI has been initialized according to
	FixArb/sim_fit_baseline_it_7.mat [for model 1]
	FixArb/sim_fit_im_it_7.mat [for model 2]
	FixArb/sim_fit_em_it_7.mat [for model 3]
	FixArb/sim_fit_fixarb_it_7.mat [for model 4]
	FixArb/sim_fit_dynarb_it_7.mat [for model 5]
 
Number of samples: 100
Number of models: 5
======================================================================
Iteration 01
Iteration 02
	model frequencies (percent)
	model 1: 7.6| model 2: 21.4| model 3: 18.7| model 4: 31.9| model 5: 20.4| 
                                                           dL:   62.95
                                                           dm:   68.07
                                                           dx:    0.45
Iteration 03
	model frequencies (percent)
	model 1: 3.1| model 2: 20.9| model 3: 16.4| model 4: 41.7| model 5: 18.0| 
                                                           dL:   20.35
                                                           dm:    9.77
                                                           dx:    0.28
Iteration 04
	model frequencies (percent)
	model 1: 1.0| model 2: 20.6| model 3: 14.9| model 4: 48.3| model 5: 15.2| 
                                                           dL:   10.57
                                                           dm:    6.64
                                                           dx:    0.19
Iteration 05
	model frequencies (percent)
	model 1: 0.1| model 2: 20.4| model 3: 14.0| model 4: 52.9| model 5: 12.6| 
                                                           dL:    8.25
                                                           dm:    4.53
                                                           dx:    0.11
Iteration 06
	model frequencies (percent)
	model 1: 0.0| model 2: 20.3| model 3: 13.4| model 4: 56.2| model 5: 10.2| 
                                                           dL:    3.62
                                                           dm:    3.29
                                                           dx:    0.35
Iteration 07
	model frequencies (percent)
	model 1: 0.0| model 2: 20.1| model 3: 13.0| model 4: 58.9| model 5: 8.0| 
                                                           dL:    1.81
                                                           dm:    2.71
                                                           dx:    0.15
Iteration 08
	model frequencies (percent)
	model 1: 0.0| model 2: 20.0| model 3: 12.7| model 4: 61.2| model 5: 6.1| 
                                                           dL:    1.62
                                                           dm:    2.33
                                                           dx:    0.06
Iteration 09
	model frequencies (percent)
	model 1: 0.0| model 2: 19.9| model 3: 12.4| model 4: 63.2| model 5: 4.5| 
                                                           dL:    1.58
                                                           dm:    2.02
                                                           dx:    0.07
Iteration 10
	model frequencies (percent)
	model 1: 0.0| model 2: 19.8| model 3: 12.3| model 4: 65.0| model 5: 3.0| 
                                                           dL:    1.65
                                                           dm:    1.74
                                                           dx:    0.08
Iteration 11
	model frequencies (percent)
	model 1: 0.0| model 2: 19.7| model 3: 12.1| model 4: 66.4| model 5: 1.8| 
                                                           dL:    1.82
                                                           dm:    1.46
                                                           dx:    0.09
Iteration 12
	model frequencies (percent)
	model 1: 0.0| model 2: 19.6| model 3: 12.0| model 4: 67.6| model 5: 0.8| 
                                                           dL:    1.99
                                                           dm:    1.15
                                                           dx:    0.11
Iteration 13
	model frequencies (percent)
	model 1: 0.0| model 2: 19.5| model 3: 11.8| model 4: 68.4| model 5: 0.3| 
                                                           dL:    1.79
                                                           dm:    0.81
                                                           dx:    0.14
Iteration 14
	model frequencies (percent)
	model 1: 0.0| model 2: 19.4| model 3: 11.7| model 4: 68.9| model 5: 0.1| 
                                                           dL:    0.70
                                                           dm:    0.52
                                                           dx:    0.14
Iteration 15
	model frequencies (percent)
	model 1: 0.0| model 2: 19.2| model 3: 11.5| model 4: 69.3| model 5: 0.0| 
                                                           dL:    0.13
                                                           dm:    0.38
                                                           dx:    0.07
Iteration 16
	model frequencies (percent)
	model 1: 0.0| model 2: 19.0| model 3: 11.3| model 4: 69.6| model 5: 0.0| 
                                                           dL:    0.10
                                                           dm:    0.33
                                                           dx:    0.01
                                                          Converged :]
