cbm_hbi_hbi                                       09-May-2023 03:19:59
Running hierarchical bayesian inference (HBI)...

HBI has been initialized according to
	FixArb/sim_fit_baseline_it_4.mat [for model 1]
	FixArb/sim_fit_im_it_4.mat [for model 2]
	FixArb/sim_fit_em_it_4.mat [for model 3]
	FixArb/sim_fit_fixarb_it_4.mat [for model 4]
	FixArb/sim_fit_dynarb_it_4.mat [for model 5]
 
Number of samples: 100
Number of models: 5
======================================================================
Iteration 01
Iteration 02
	model frequencies (percent)
	model 1: 7.9| model 2: 16.3| model 3: 18.7| model 4: 33.5| model 5: 23.6| 
                                                           dL:   63.42
                                                           dm:   66.49
                                                           dx:    0.51
Iteration 03
	model frequencies (percent)
	model 1: 3.9| model 2: 12.5| model 3: 16.8| model 4: 43.4| model 5: 23.4| 
                                                           dL:   17.03
                                                           dm:    9.87
                                                           dx:    0.28
Iteration 04
	model frequencies (percent)
	model 1: 2.1| model 2: 10.1| model 3: 15.9| model 4: 49.7| model 5: 22.2| 
                                                           dL:    7.36
                                                           dm:    6.28
                                                           dx:    0.17
Iteration 05
	model frequencies (percent)
	model 1: 0.9| model 2: 8.6| model 3: 15.7| model 4: 54.0| model 5: 20.8| 
                                                           dL:    5.25
                                                           dm:    4.31
                                                           dx:    0.11
Iteration 06
	model frequencies (percent)
	model 1: 0.2| model 2: 7.6| model 3: 15.7| model 4: 57.2| model 5: 19.3| 
                                                           dL:    5.19
                                                           dm:    3.22
                                                           dx:    0.09
Iteration 07
	model frequencies (percent)
	model 1: 0.0| model 2: 6.8| model 3: 15.8| model 4: 59.7| model 5: 17.8| 
                                                           dL:    2.52
                                                           dm:    2.50
                                                           dx:    0.27
Iteration 08
	model frequencies (percent)
	model 1: 0.0| model 2: 6.0| model 3: 15.8| model 4: 61.8| model 5: 16.3| 
                                                           dL:    0.88
                                                           dm:    2.16
                                                           dx:    0.19
Iteration 09
	model frequencies (percent)
	model 1: 0.0| model 2: 5.4| model 3: 15.9| model 4: 63.8| model 5: 14.9| 
                                                           dL:    0.75
                                                           dm:    1.98
                                                           dx:    0.04
Iteration 10
	model frequencies (percent)
	model 1: 0.0| model 2: 4.8| model 3: 16.0| model 4: 65.7| model 5: 13.5| 
                                                           dL:    0.68
                                                           dm:    1.84
                                                           dx:    0.04
Iteration 11
	model frequencies (percent)
	model 1: 0.0| model 2: 4.3| model 3: 16.0| model 4: 67.4| model 5: 12.3| 
                                                           dL:    0.64
                                                           dm:    1.73
                                                           dx:    0.04
Iteration 12
	model frequencies (percent)
	model 1: 0.0| model 2: 3.8| model 3: 16.1| model 4: 69.0| model 5: 11.1| 
                                                           dL:    0.62
                                                           dm:    1.65
                                                           dx:    0.03
Iteration 13
	model frequencies (percent)
	model 1: 0.0| model 2: 3.3| model 3: 16.1| model 4: 70.6| model 5: 9.9| 
                                                           dL:    0.62
                                                           dm:    1.60
                                                           dx:    0.03
Iteration 14
	model frequencies (percent)
	model 1: 0.0| model 2: 2.8| model 3: 16.2| model 4: 72.2| model 5: 8.8| 
                                                           dL:    0.64
                                                           dm:    1.56
                                                           dx:    0.03
Iteration 15
	model frequencies (percent)
	model 1: 0.0| model 2: 2.4| model 3: 16.2| model 4: 73.8| model 5: 7.6| 
                                                           dL:    0.68
                                                           dm:    1.54
                                                           dx:    0.03
Iteration 16
	model frequencies (percent)
	model 1: 0.0| model 2: 2.0| model 3: 16.2| model 4: 75.3| model 5: 6.5| 
                                                           dL:    0.76
                                                           dm:    1.54
                                                           dx:    0.04
Iteration 17
	model frequencies (percent)
	model 1: 0.0| model 2: 1.6| model 3: 16.2| model 4: 76.8| model 5: 5.3| 
                                                           dL:    0.88
                                                           dm:    1.54
                                                           dx:    0.04
Iteration 18
	model frequencies (percent)
	model 1: 0.0| model 2: 1.3| model 3: 16.2| model 4: 78.4| model 5: 4.1| 
                                                           dL:    1.06
                                                           dm:    1.53
                                                           dx:    0.05
Iteration 19
	model frequencies (percent)
	model 1: 0.0| model 2: 1.0| model 3: 16.2| model 4: 79.9| model 5: 2.9| 
                                                           dL:    1.32
                                                           dm:    1.50
                                                           dx:    0.06
Iteration 20
	model frequencies (percent)
	model 1: 0.0| model 2: 0.8| model 3: 16.2| model 4: 81.2| model 5: 1.8| 
                                                           dL:    1.65
                                                           dm:    1.38
                                                           dx:    0.09
Iteration 21
	model frequencies (percent)
	model 1: 0.0| model 2: 0.6| model 3: 16.1| model 4: 82.4| model 5: 0.9| 
                                                           dL:    1.96
                                                           dm:    1.13
                                                           dx:    0.12
Iteration 22
	model frequencies (percent)
	model 1: 0.0| model 2: 0.5| model 3: 16.0| model 4: 83.1| model 5: 0.3| 
                                                           dL:    2.00
                                                           dm:    0.77
                                                           dx:    0.15
Iteration 23
	model frequencies (percent)
	model 1: 0.0| model 2: 0.4| model 3: 15.9| model 4: 83.6| model 5: 0.1| 
                                                           dL:    1.02
                                                           dm:    0.42
                                                           dx:    0.15
Iteration 24
	model frequencies (percent)
	model 1: 0.0| model 2: 0.4| model 3: 15.8| model 4: 83.8| model 5: 0.0| 
                                                           dL:    0.14
                                                           dm:    0.23
                                                           dx:    0.09
Iteration 25
	model frequencies (percent)
	model 1: 0.0| model 2: 0.3| model 3: 15.7| model 4: 83.9| model 5: 0.0| 
                                                           dL:    0.05
                                                           dm:    0.16
                                                           dx:    0.02
Iteration 26
	model frequencies (percent)
	model 1: 0.0| model 2: 0.3| model 3: 15.6| model 4: 84.1| model 5: 0.0| 
                                                           dL:    0.03
                                                           dm:    0.13
                                                           dx:    0.00
                                                          Converged :]
