cbm_hbi_hbi                                       08-May-2023 22:56:06
Running hierarchical bayesian inference (HBI)...

HBI has been initialized according to
	FixArb/sim_fit_baseline_it_1.mat [for model 1]
	FixArb/sim_fit_im_it_1.mat [for model 2]
	FixArb/sim_fit_em_it_1.mat [for model 3]
	FixArb/sim_fit_fixarb_it_1.mat [for model 4]
	FixArb/sim_fit_dynarb_it_1.mat [for model 5]
 
Number of samples: 100
Number of models: 5
======================================================================
Iteration 01
Iteration 02
	model frequencies (percent)
	model 1: 6.5| model 2: 19.0| model 3: 20.0| model 4: 32.4| model 5: 22.1| 
                                                           dL:   61.35
                                                           dm:   67.59
                                                           dx:    0.45
Iteration 03
	model frequencies (percent)
	model 1: 2.0| model 2: 16.3| model 3: 18.3| model 4: 42.6| model 5: 20.9| 
                                                           dL:   19.69
                                                           dm:   10.16
                                                           dx:    0.22
Iteration 04
	model frequencies (percent)
	model 1: 0.3| model 2: 14.1| model 3: 17.0| model 4: 49.6| model 5: 19.0| 
                                                           dL:   10.77
                                                           dm:    7.01
                                                           dx:    0.12
Iteration 05
	model frequencies (percent)
	model 1: 0.0| model 2: 12.3| model 3: 16.2| model 4: 54.4| model 5: 17.0| 
                                                           dL:    4.88
                                                           dm:    4.84
                                                           dx:    0.11
Iteration 06
	model frequencies (percent)
	model 1: 0.0| model 2: 10.9| model 3: 15.7| model 4: 58.1| model 5: 15.3| 
                                                           dL:    1.86
                                                           dm:    3.66
                                                           dx:    0.11
Iteration 07
	model frequencies (percent)
	model 1: 0.0| model 2: 9.7| model 3: 15.4| model 4: 61.0| model 5: 13.9| 
                                                           dL:    1.42
                                                           dm:    2.94
                                                           dx:    0.06
Iteration 08
	model frequencies (percent)
	model 1: 0.0| model 2: 8.8| model 3: 15.1| model 4: 63.4| model 5: 12.7| 
                                                           dL:    1.16
                                                           dm:    2.41
                                                           dx:    0.05
Iteration 09
	model frequencies (percent)
	model 1: 0.0| model 2: 7.9| model 3: 14.8| model 4: 65.4| model 5: 11.8| 
                                                           dL:    0.96
                                                           dm:    2.01
                                                           dx:    0.05
Iteration 10
	model frequencies (percent)
	model 1: 0.0| model 2: 7.2| model 3: 14.6| model 4: 67.1| model 5: 11.1| 
                                                           dL:    0.82
                                                           dm:    1.69
                                                           dx:    0.05
Iteration 11
	model frequencies (percent)
	model 1: 0.0| model 2: 6.5| model 3: 14.4| model 4: 68.5| model 5: 10.5| 
                                                           dL:    0.69
                                                           dm:    1.43
                                                           dx:    0.04
Iteration 12
	model frequencies (percent)
	model 1: 0.0| model 2: 6.0| model 3: 14.2| model 4: 69.8| model 5: 10.1| 
                                                           dL:    0.59
                                                           dm:    1.21
                                                           dx:    0.04
Iteration 13
	model frequencies (percent)
	model 1: 0.0| model 2: 5.5| model 3: 14.0| model 4: 70.8| model 5: 9.7| 
                                                           dL:    0.51
                                                           dm:    1.03
                                                           dx:    0.04
Iteration 14
	model frequencies (percent)
	model 1: 0.0| model 2: 5.1| model 3: 13.8| model 4: 71.7| model 5: 9.4| 
                                                           dL:    0.44
                                                           dm:    0.88
                                                           dx:    0.03
Iteration 15
	model frequencies (percent)
	model 1: 0.0| model 2: 4.7| model 3: 13.7| model 4: 72.4| model 5: 9.2| 
                                                           dL:    0.38
                                                           dm:    0.75
                                                           dx:    0.03
Iteration 16
	model frequencies (percent)
	model 1: 0.0| model 2: 4.4| model 3: 13.5| model 4: 73.1| model 5: 9.0| 
                                                           dL:    0.32
                                                           dm:    0.64
                                                           dx:    0.03
Iteration 17
	model frequencies (percent)
	model 1: 0.0| model 2: 4.1| model 3: 13.3| model 4: 73.6| model 5: 8.9| 
                                                           dL:    0.28
                                                           dm:    0.54
                                                           dx:    0.02
Iteration 18
	model frequencies (percent)
	model 1: 0.0| model 2: 3.9| model 3: 13.2| model 4: 74.0| model 5: 8.9| 
                                                           dL:    0.24
                                                           dm:    0.44
                                                           dx:    0.02
Iteration 19
	model frequencies (percent)
	model 1: 0.0| model 2: 3.7| model 3: 13.0| model 4: 74.4| model 5: 8.9| 
                                                           dL:    0.21
                                                           dm:    0.36
                                                           dx:    0.02
Iteration 20
	model frequencies (percent)
	model 1: 0.0| model 2: 3.5| model 3: 12.9| model 4: 74.7| model 5: 8.9| 
                                                           dL:    0.18
                                                           dm:    0.28
                                                           dx:    0.02
Iteration 21
	model frequencies (percent)
	model 1: 0.0| model 2: 3.3| model 3: 12.8| model 4: 74.9| model 5: 9.0| 
                                                           dL:    0.15
                                                           dm:    0.20
                                                           dx:    0.02
Iteration 22
	model frequencies (percent)
	model 1: 0.0| model 2: 3.2| model 3: 12.7| model 4: 75.0| model 5: 9.2| 
                                                           dL:    0.13
                                                           dm:    0.13
                                                           dx:    0.01
Iteration 23
	model frequencies (percent)
	model 1: 0.0| model 2: 3.1| model 3: 12.5| model 4: 75.1| model 5: 9.4| 
                                                           dL:    0.11
                                                           dm:    0.05
                                                           dx:    0.01
Iteration 24
	model frequencies (percent)
	model 1: 0.0| model 2: 2.9| model 3: 12.4| model 4: 75.0| model 5: 9.6| 
                                                           dL:    0.09
                                                           dm:    0.03
                                                           dx:    0.01
Iteration 25
	model frequencies (percent)
	model 1: 0.0| model 2: 2.8| model 3: 12.3| model 4: 74.9| model 5: 9.9| 
                                                           dL:    0.07
                                                           dm:    0.11
                                                           dx:    0.01
                                                          Converged :]
