cbm_hbi_hbi                                       09-May-2023 03:04:05
Running hierarchical bayesian inference (HBI)...

HBI has been initialized according to
	FixArb/sim_fit_baseline_it_2.mat [for model 1]
	FixArb/sim_fit_im_it_2.mat [for model 2]
	FixArb/sim_fit_em_it_2.mat [for model 3]
	FixArb/sim_fit_fixarb_it_2.mat [for model 4]
	FixArb/sim_fit_dynarb_it_2.mat [for model 5]
 
Number of samples: 100
Number of models: 5
======================================================================
Iteration 01
Iteration 02
	model frequencies (percent)
	model 1: 6.2| model 2: 18.2| model 3: 19.2| model 4: 34.3| model 5: 22.1| 
                                                           dL:   65.98
                                                           dm:   65.66
                                                           dx:    0.44
Iteration 03
	model frequencies (percent)
	model 1: 2.1| model 2: 14.9| model 3: 18.4| model 4: 45.0| model 5: 19.7| 
                                                           dL:   19.79
                                                           dm:   10.66
                                                           dx:    0.22
Iteration 04
	model frequencies (percent)
	model 1: 0.4| model 2: 12.8| model 3: 18.3| model 4: 51.8| model 5: 16.8| 
                                                           dL:   10.74
                                                           dm:    6.75
                                                           dx:    0.12
Iteration 05
	model frequencies (percent)
	model 1: 0.0| model 2: 11.4| model 3: 18.5| model 4: 56.1| model 5: 14.1| 
                                                           dL:    5.97
                                                           dm:    4.31
                                                           dx:    0.12
Iteration 06
	model frequencies (percent)
	model 1: 0.0| model 2: 10.3| model 3: 18.7| model 4: 59.1| model 5: 11.8| 
                                                           dL:    2.02
                                                           dm:    3.07
                                                           dx:    0.16
Iteration 07
	model frequencies (percent)
	model 1: 0.0| model 2: 9.6| model 3: 19.0| model 4: 61.5| model 5: 9.9| 
                                                           dL:    1.51
                                                           dm:    2.42
                                                           dx:    0.05
Iteration 08
	model frequencies (percent)
	model 1: 0.0| model 2: 9.0| model 3: 19.3| model 4: 63.5| model 5: 8.2| 
                                                           dL:    1.26
                                                           dm:    1.99
                                                           dx:    0.05
Iteration 09
	model frequencies (percent)
	model 1: 0.0| model 2: 8.5| model 3: 19.6| model 4: 65.2| model 5: 6.7| 
                                                           dL:    1.13
                                                           dm:    1.70
                                                           dx:    0.04
Iteration 10
	model frequencies (percent)
	model 1: 0.0| model 2: 8.2| model 3: 19.8| model 4: 66.7| model 5: 5.3| 
                                                           dL:    1.06
                                                           dm:    1.48
                                                           dx:    0.04
Iteration 11
	model frequencies (percent)
	model 1: 0.0| model 2: 7.9| model 3: 20.0| model 4: 68.0| model 5: 4.1| 
                                                           dL:    1.07
                                                           dm:    1.33
                                                           dx:    0.05
Iteration 12
	model frequencies (percent)
	model 1: 0.0| model 2: 7.6| model 3: 20.2| model 4: 69.3| model 5: 2.9| 
                                                           dL:    1.17
                                                           dm:    1.21
                                                           dx:    0.05
Iteration 13
	model frequencies (percent)
	model 1: 0.0| model 2: 7.4| model 3: 20.4| model 4: 70.4| model 5: 1.9| 
                                                           dL:    1.39
                                                           dm:    1.10
                                                           dx:    0.06
Iteration 14
	model frequencies (percent)
	model 1: 0.0| model 2: 7.2| model 3: 20.5| model 4: 71.3| model 5: 1.0| 
                                                           dL:    1.69
                                                           dm:    0.93
                                                           dx:    0.08
Iteration 15
	model frequencies (percent)
	model 1: 0.0| model 2: 7.0| model 3: 20.6| model 4: 71.9| model 5: 0.4| 
                                                           dL:    1.68
                                                           dm:    0.65
                                                           dx:    0.11
Iteration 16
	model frequencies (percent)
	model 1: 0.0| model 2: 6.9| model 3: 20.7| model 4: 72.3| model 5: 0.1| 
                                                           dL:    0.97
                                                           dm:    0.36
                                                           dx:    0.13
Iteration 17
	model frequencies (percent)
	model 1: 0.0| model 2: 6.7| model 3: 20.8| model 4: 72.5| model 5: 0.0| 
                                                           dL:    0.20
                                                           dm:    0.21
                                                           dx:    0.09
Iteration 18
	model frequencies (percent)
	model 1: 0.0| model 2: 6.5| model 3: 20.8| model 4: 72.7| model 5: 0.0| 
                                                           dL:    0.10
                                                           dm:    0.17
                                                           dx:    0.02
Iteration 19
	model frequencies (percent)
	model 1: 0.0| model 2: 6.3| model 3: 20.9| model 4: 72.8| model 5: 0.0| 
                                                           dL:    0.09
                                                           dm:    0.16
                                                           dx:    0.00
                                                          Converged :]
