cbm_hbi_hbi                                       08-May-2023 22:25:01
Running hierarchical bayesian inference (HBI)...

HBI has been initialized according to
	Base/sim_fit_baseline_it_1.mat [for model 1]
	Base/sim_fit_im_it_1.mat [for model 2]
	Base/sim_fit_em_it_1.mat [for model 3]
	Base/sim_fit_fixarb_it_1.mat [for model 4]
	Base/sim_fit_dynarb_it_1.mat [for model 5]
 
Number of samples: 100
Number of models: 5
======================================================================
Iteration 01
Iteration 02
	model frequencies (percent)
	model 1: 57.9| model 2: 12.9| model 3: 13.2| model 4: 9.3| model 5: 6.7| 
                                                           dL:   75.68
                                                           dm:   42.09
                                                           dx:    0.10
Iteration 03
	model frequencies (percent)
	model 1: 76.3| model 2: 8.5| model 3: 8.7| model 4: 4.4| model 5: 2.1| 
                                                           dL:   22.19
                                                           dm:   18.40
                                                           dx:    0.04
Iteration 04
	model frequencies (percent)
	model 1: 85.9| model 2: 5.7| model 3: 5.9| model 4: 2.0| model 5: 0.5| 
                                                           dL:   12.22
                                                           dm:    9.58
                                                           dx:    0.04
Iteration 05
	model frequencies (percent)
	model 1: 91.3| model 2: 3.7| model 3: 4.1| model 4: 0.8| model 5: 0.1| 
                                                           dL:    8.37
                                                           dm:    5.38
                                                           dx:    0.06
Iteration 06
	model frequencies (percent)
	model 1: 94.5| model 2: 2.3| model 3: 2.8| model 4: 0.3| model 5: 0.0| 
                                                           dL:    4.55
                                                           dm:    3.26
                                                           dx:    0.09
Iteration 07
	model frequencies (percent)
	model 1: 96.6| model 2: 1.3| model 3: 2.0| model 4: 0.1| model 5: 0.0| 
                                                           dL:    2.76
                                                           dm:    2.09
                                                           dx:    0.07
Iteration 08
	model frequencies (percent)
	model 1: 98.0| model 2: 0.7| model 3: 1.3| model 4: 0.1| model 5: 0.0| 
                                                           dL:    1.69
                                                           dm:    1.34
                                                           dx:    0.07
Iteration 09
	model frequencies (percent)
	model 1: 98.8| model 2: 0.3| model 3: 0.9| model 4: 0.0| model 5: 0.0| 
                                                           dL:    1.41
                                                           dm:    0.81
                                                           dx:    0.06
Iteration 10
	model frequencies (percent)
	model 1: 99.2| model 2: 0.1| model 3: 0.6| model 4: 0.0| model 5: 0.0| 
                                                           dL:    1.01
                                                           dm:    0.44
                                                           dx:    0.09
Iteration 11
	model frequencies (percent)
	model 1: 99.4| model 2: 0.1| model 3: 0.4| model 4: 0.0| model 5: 0.0| 
                                                           dL:    0.49
                                                           dm:    0.22
                                                           dx:    0.10
Iteration 12
	model frequencies (percent)
	model 1: 99.5| model 2: 0.1| model 3: 0.3| model 4: 0.0| model 5: 0.0| 
                                                           dL:    0.29
                                                           dm:    0.11
                                                           dx:    0.05
Iteration 13
	model frequencies (percent)
	model 1: 99.6| model 2: 0.1| model 3: 0.3| model 4: 0.0| model 5: 0.0| 
                                                           dL:    0.23
                                                           dm:    0.06
                                                           dx:    0.01
                                                          Converged :]
