cbm_hbi_hbi                                       09-May-2023 00:16:56
Running hierarchical bayesian inference (HBI)...

HBI has been initialized according to
	Base/sim_fit_baseline_it_9.mat [for model 1]
	Base/sim_fit_im_it_9.mat [for model 2]
	Base/sim_fit_em_it_9.mat [for model 3]
	Base/sim_fit_fixarb_it_9.mat [for model 4]
	Base/sim_fit_dynarb_it_9.mat [for model 5]
 
Number of samples: 100
Number of models: 5
======================================================================
Iteration 01
Iteration 02
	model frequencies (percent)
	model 1: 53.8| model 2: 13.6| model 3: 14.8| model 4: 10.3| model 5: 7.5| 
                                                           dL:   66.93
                                                           dm:   46.19
                                                           dx:    0.10
Iteration 03
	model frequencies (percent)
	model 1: 71.3| model 2: 9.5| model 3: 11.1| model 4: 5.4| model 5: 2.7| 
                                                           dL:   20.89
                                                           dm:   17.54
                                                           dx:    0.08
Iteration 04
	model frequencies (percent)
	model 1: 81.2| model 2: 6.6| model 3: 8.6| model 4: 2.8| model 5: 0.8| 
                                                           dL:   12.35
                                                           dm:    9.84
                                                           dx:    0.08
Iteration 05
	model frequencies (percent)
	model 1: 87.4| model 2: 4.4| model 3: 6.7| model 4: 1.3| model 5: 0.1| 
                                                           dL:    9.18
                                                           dm:    6.23
                                                           dx:    0.09
Iteration 06
	model frequencies (percent)
	model 1: 91.6| model 2: 2.7| model 3: 5.2| model 4: 0.5| model 5: 0.0| 
                                                           dL:    5.80
                                                           dm:    4.14
                                                           dx:    0.12
Iteration 07
	model frequencies (percent)
	model 1: 94.3| model 2: 1.5| model 3: 4.0| model 4: 0.2| model 5: 0.0| 
                                                           dL:    3.78
                                                           dm:    2.78
                                                           dx:    0.11
Iteration 08
	model frequencies (percent)
	model 1: 96.1| model 2: 0.7| model 3: 3.1| model 4: 0.1| model 5: 0.0| 
                                                           dL:    2.17
                                                           dm:    1.78
                                                           dx:    0.10
Iteration 09
	model frequencies (percent)
	model 1: 97.2| model 2: 0.3| model 3: 2.5| model 4: 0.1| model 5: 0.0| 
                                                           dL:    1.45
                                                           dm:    1.05
                                                           dx:    0.10
Iteration 10
	model frequencies (percent)
	model 1: 97.7| model 2: 0.2| model 3: 2.1| model 4: 0.0| model 5: 0.0| 
                                                           dL:    0.92
                                                           dm:    0.57
                                                           dx:    0.11
Iteration 11
	model frequencies (percent)
	model 1: 98.0| model 2: 0.1| model 3: 1.8| model 4: 0.0| model 5: 0.0| 
                                                           dL:    0.46
                                                           dm:    0.29
                                                           dx:    0.10
Iteration 12
	model frequencies (percent)
	model 1: 98.2| model 2: 0.1| model 3: 1.7| model 4: 0.0| model 5: 0.0| 
                                                           dL:    0.34
                                                           dm:    0.15
                                                           dx:    0.05
Iteration 13
	model frequencies (percent)
	model 1: 98.3| model 2: 0.1| model 3: 1.6| model 4: 0.0| model 5: 0.0| 
                                                           dL:    0.30
                                                           dm:    0.08
                                                           dx:    0.02
Iteration 14
	model frequencies (percent)
	model 1: 98.3| model 2: 0.1| model 3: 1.6| model 4: 0.0| model 5: 0.0| 
                                                           dL:    0.27
                                                           dm:    0.04
                                                           dx:    0.01
Iteration 15
	model frequencies (percent)
	model 1: 98.3| model 2: 0.1| model 3: 1.5| model 4: 0.0| model 5: 0.0| 
                                                           dL:    0.24
                                                           dm:    0.02
                                                           dx:    0.01
                                                          Converged :]
