cbm_hbi_hbi                                       08-May-2023 23:54:17
Running hierarchical bayesian inference (HBI)...

HBI has been initialized according to
	Base/sim_fit_baseline_it_6.mat [for model 1]
	Base/sim_fit_im_it_6.mat [for model 2]
	Base/sim_fit_em_it_6.mat [for model 3]
	Base/sim_fit_fixarb_it_6.mat [for model 4]
	Base/sim_fit_dynarb_it_6.mat [for model 5]
 
Number of samples: 100
Number of models: 5
======================================================================
Iteration 01
Iteration 02
	model frequencies (percent)
	model 1: 55.5| model 2: 13.5| model 3: 13.3| model 4: 9.8| model 5: 7.8| 
                                                           dL:   69.95
                                                           dm:   44.53
                                                           dx:    0.09
Iteration 03
	model frequencies (percent)
	model 1: 74.4| model 2: 9.5| model 3: 8.3| model 4: 4.8| model 5: 3.1| 
                                                           dL:   22.94
                                                           dm:   18.89
                                                           dx:    0.11
Iteration 04
	model frequencies (percent)
	model 1: 84.6| model 2: 6.9| model 3: 5.0| model 4: 2.3| model 5: 1.4| 
                                                           dL:   12.66
                                                           dm:   10.19
                                                           dx:    0.21
Iteration 05
	model frequencies (percent)
	model 1: 90.4| model 2: 5.0| model 3: 2.8| model 4: 1.0| model 5: 0.8| 
                                                           dL:    7.82
                                                           dm:    5.89
                                                           dx:    0.27
Iteration 06
	model frequencies (percent)
	model 1: 94.0| model 2: 3.6| model 3: 1.5| model 4: 0.4| model 5: 0.5| 
                                                           dL:    5.64
                                                           dm:    3.57
                                                           dx:    0.17
Iteration 07
	model frequencies (percent)
	model 1: 96.2| model 2: 2.7| model 3: 0.7| model 4: 0.2| model 5: 0.2| 
                                                           dL:    4.50
                                                           dm:    2.19
                                                           dx:    0.12
Iteration 08
	model frequencies (percent)
	model 1: 97.5| model 2: 2.0| model 3: 0.4| model 4: 0.1| model 5: 0.1| 
                                                           dL:    3.35
                                                           dm:    1.28
                                                           dx:    0.26
Iteration 09
	model frequencies (percent)
	model 1: 98.2| model 2: 1.5| model 3: 0.2| model 4: 0.1| model 5: 0.0| 
                                                           dL:    1.62
                                                           dm:    0.68
                                                           dx:    0.25
Iteration 10
	model frequencies (percent)
	model 1: 98.5| model 2: 1.2| model 3: 0.1| model 4: 0.1| model 5: 0.0| 
                                                           dL:    0.91
                                                           dm:    0.36
                                                           dx:    0.08
Iteration 11
	model frequencies (percent)
	model 1: 98.7| model 2: 1.1| model 3: 0.1| model 4: 0.1| model 5: 0.0| 
                                                           dL:    0.65
                                                           dm:    0.21
                                                           dx:    0.04
Iteration 12
	model frequencies (percent)
	model 1: 98.9| model 2: 0.9| model 3: 0.1| model 4: 0.1| model 5: 0.0| 
                                                           dL:    0.48
                                                           dm:    0.12
                                                           dx:    0.03
Iteration 13
	model frequencies (percent)
	model 1: 98.9| model 2: 0.9| model 3: 0.1| model 4: 0.1| model 5: 0.0| 
                                                           dL:    0.38
                                                           dm:    0.08
                                                           dx:    0.01
Iteration 14
	model frequencies (percent)
	model 1: 99.0| model 2: 0.8| model 3: 0.1| model 4: 0.1| model 5: 0.0| 
                                                           dL:    0.32
                                                           dm:    0.05
                                                           dx:    0.01
                                                          Converged :]
