cbm_hbi_hbi                                       09-May-2023 00:01:34
Running hierarchical bayesian inference (HBI)...

HBI has been initialized according to
	Base/sim_fit_baseline_it_7.mat [for model 1]
	Base/sim_fit_im_it_7.mat [for model 2]
	Base/sim_fit_em_it_7.mat [for model 3]
	Base/sim_fit_fixarb_it_7.mat [for model 4]
	Base/sim_fit_dynarb_it_7.mat [for model 5]
 
Number of samples: 100
Number of models: 5
======================================================================
Iteration 01
Iteration 02
	model frequencies (percent)
	model 1: 57.5| model 2: 12.7| model 3: 13.5| model 4: 9.4| model 5: 6.9| 
                                                           dL:   74.61
                                                           dm:   42.46
                                                           dx:    0.11
Iteration 03
	model frequencies (percent)
	model 1: 75.3| model 2: 8.0| model 3: 9.8| model 4: 4.6| model 5: 2.4| 
                                                           dL:   20.30
                                                           dm:   17.71
                                                           dx:    0.08
Iteration 04
	model frequencies (percent)
	model 1: 84.5| model 2: 5.1| model 3: 7.5| model 4: 2.3| model 5: 0.6| 
                                                           dL:   11.10
                                                           dm:    9.25
                                                           dx:    0.07
Iteration 05
	model frequencies (percent)
	model 1: 90.1| model 2: 3.0| model 3: 5.8| model 4: 1.0| model 5: 0.1| 
                                                           dL:    8.03
                                                           dm:    5.56
                                                           dx:    0.05
Iteration 06
	model frequencies (percent)
	model 1: 93.6| model 2: 1.6| model 3: 4.5| model 4: 0.3| model 5: 0.0| 
                                                           dL:    4.57
                                                           dm:    3.50
                                                           dx:    0.12
Iteration 07
	model frequencies (percent)
	model 1: 95.8| model 2: 0.7| model 3: 3.4| model 4: 0.1| model 5: 0.0| 
                                                           dL:    2.74
                                                           dm:    2.22
                                                           dx:    0.09
Iteration 08
	model frequencies (percent)
	model 1: 97.2| model 2: 0.2| model 3: 2.5| model 4: 0.1| model 5: 0.0| 
                                                           dL:    1.53
                                                           dm:    1.37
                                                           dx:    0.09
Iteration 09
	model frequencies (percent)
	model 1: 98.0| model 2: 0.1| model 3: 1.8| model 4: 0.0| model 5: 0.0| 
                                                           dL:    1.08
                                                           dm:    0.85
                                                           dx:    0.10
Iteration 10
	model frequencies (percent)
	model 1: 98.6| model 2: 0.1| model 3: 1.3| model 4: 0.0| model 5: 0.0| 
                                                           dL:    0.52
                                                           dm:    0.56
                                                           dx:    0.13
Iteration 11
	model frequencies (percent)
	model 1: 99.0| model 2: 0.0| model 3: 1.0| model 4: 0.0| model 5: 0.0| 
                                                           dL:    0.37
                                                           dm:    0.38
                                                           dx:    0.06
Iteration 12
	model frequencies (percent)
	model 1: 99.2| model 2: 0.0| model 3: 0.7| model 4: 0.0| model 5: 0.0| 
                                                           dL:    0.25
                                                           dm:    0.26
                                                           dx:    0.02
Iteration 13
	model frequencies (percent)
	model 1: 99.4| model 2: 0.0| model 3: 0.5| model 4: 0.0| model 5: 0.0| 
                                                           dL:    0.14
                                                           dm:    0.17
                                                           dx:    0.02
Iteration 14
	model frequencies (percent)
	model 1: 99.5| model 2: 0.0| model 3: 0.4| model 4: 0.0| model 5: 0.0| 
                                                           dL:    0.09
                                                           dm:    0.11
                                                           dx:    0.02
Iteration 15
	model frequencies (percent)
	model 1: 99.5| model 2: 0.0| model 3: 0.4| model 4: 0.0| model 5: 0.0| 
                                                           dL:    0.07
                                                           dm:    0.06
                                                           dx:    0.01
                                                          Converged :]
