cbm_hbi_hbi                                       08-May-2023 23:32:02
Running hierarchical bayesian inference (HBI)...

HBI has been initialized according to
	Base/sim_fit_baseline_it_3.mat [for model 1]
	Base/sim_fit_im_it_3.mat [for model 2]
	Base/sim_fit_em_it_3.mat [for model 3]
	Base/sim_fit_fixarb_it_3.mat [for model 4]
	Base/sim_fit_dynarb_it_3.mat [for model 5]
 
Number of samples: 100
Number of models: 5
======================================================================
Iteration 01
Iteration 02
	model frequencies (percent)
	model 1: 56.9| model 2: 12.2| model 3: 13.9| model 4: 9.7| model 5: 7.4| 
                                                           dL:   72.62
                                                           dm:   43.13
                                                           dx:    0.14
Iteration 03
	model frequencies (percent)
	model 1: 74.4| model 2: 7.9| model 3: 10.0| model 4: 5.0| model 5: 2.7| 
                                                           dL:   19.85
                                                           dm:   17.56
                                                           dx:    0.06
Iteration 04
	model frequencies (percent)
	model 1: 83.4| model 2: 5.6| model 3: 7.7| model 4: 2.6| model 5: 0.8| 
                                                           dL:   10.87
                                                           dm:    8.95
                                                           dx:    0.03
Iteration 05
	model frequencies (percent)
	model 1: 88.7| model 2: 4.0| model 3: 6.0| model 4: 1.2| model 5: 0.1| 
                                                           dL:    8.13
                                                           dm:    5.28
                                                           dx:    0.04
Iteration 06
	model frequencies (percent)
	model 1: 92.1| model 2: 2.7| model 3: 4.7| model 4: 0.4| model 5: 0.0| 
                                                           dL:    4.99
                                                           dm:    3.44
                                                           dx:    0.10
Iteration 07
	model frequencies (percent)
	model 1: 94.5| model 2: 1.7| model 3: 3.6| model 4: 0.1| model 5: 0.0| 
                                                           dL:    3.26
                                                           dm:    2.44
                                                           dx:    0.09
Iteration 08
	model frequencies (percent)
	model 1: 96.3| model 2: 1.0| model 3: 2.6| model 4: 0.1| model 5: 0.0| 
                                                           dL:    1.89
                                                           dm:    1.80
                                                           dx:    0.09
Iteration 09
	model frequencies (percent)
	model 1: 97.7| model 2: 0.5| model 3: 1.8| model 4: 0.0| model 5: 0.0| 
                                                           dL:    1.47
                                                           dm:    1.32
                                                           dx:    0.06
Iteration 10
	model frequencies (percent)
	model 1: 98.6| model 2: 0.2| model 3: 1.2| model 4: 0.0| model 5: 0.0| 
                                                           dL:    1.40
                                                           dm:    0.91
                                                           dx:    0.07
Iteration 11
	model frequencies (percent)
	model 1: 99.1| model 2: 0.1| model 3: 0.7| model 4: 0.0| model 5: 0.0| 
                                                           dL:    1.06
                                                           dm:    0.57
                                                           dx:    0.11
Iteration 12
	model frequencies (percent)
	model 1: 99.5| model 2: 0.1| model 3: 0.4| model 4: 0.0| model 5: 0.0| 
                                                           dL:    0.64
                                                           dm:    0.32
                                                           dx:    0.10
Iteration 13
	model frequencies (percent)
	model 1: 99.6| model 2: 0.1| model 3: 0.3| model 4: 0.0| model 5: 0.0| 
                                                           dL:    0.38
                                                           dm:    0.16
                                                           dx:    0.05
Iteration 14
	model frequencies (percent)
	model 1: 99.7| model 2: 0.1| model 3: 0.2| model 4: 0.0| model 5: 0.0| 
                                                           dL:    0.21
                                                           dm:    0.07
                                                           dx:    0.04
Iteration 15
	model frequencies (percent)
	model 1: 99.7| model 2: 0.1| model 3: 0.2| model 4: 0.0| model 5: 0.0| 
                                                           dL:    0.17
                                                           dm:    0.03
                                                           dx:    0.02
Iteration 16
	model frequencies (percent)
	model 1: 99.7| model 2: 0.1| model 3: 0.2| model 4: 0.0| model 5: 0.0| 
                                                           dL:    0.15
                                                           dm:    0.01
                                                           dx:    0.01
                                                          Converged :]
