cbm_hbi_hbi                                       08-May-2023 23:39:33
Running hierarchical bayesian inference (HBI)...

HBI has been initialized according to
	Base/sim_fit_baseline_it_4.mat [for model 1]
	Base/sim_fit_im_it_4.mat [for model 2]
	Base/sim_fit_em_it_4.mat [for model 3]
	Base/sim_fit_fixarb_it_4.mat [for model 4]
	Base/sim_fit_dynarb_it_4.mat [for model 5]
 
Number of samples: 100
Number of models: 5
======================================================================
Iteration 01
Iteration 02
	model frequencies (percent)
	model 1: 56.4| model 2: 12.6| model 3: 14.5| model 4: 9.8| model 5: 6.8| 
                                                           dL:   74.56
                                                           dm:   43.63
                                                           dx:    0.12
Iteration 03
	model frequencies (percent)
	model 1: 74.2| model 2: 8.1| model 3: 10.6| model 4: 4.9| model 5: 2.2| 
                                                           dL:   21.34
                                                           dm:   17.84
                                                           dx:    0.06
Iteration 04
	model frequencies (percent)
	model 1: 83.2| model 2: 5.5| model 3: 8.2| model 4: 2.5| model 5: 0.6| 
                                                           dL:   11.67
                                                           dm:    9.04
                                                           dx:    0.05
Iteration 05
	model frequencies (percent)
	model 1: 88.5| model 2: 3.8| model 3: 6.6| model 4: 1.1| model 5: 0.1| 
                                                           dL:    8.32
                                                           dm:    5.25
                                                           dx:    0.08
Iteration 06
	model frequencies (percent)
	model 1: 91.8| model 2: 2.5| model 3: 5.2| model 4: 0.4| model 5: 0.0| 
                                                           dL:    4.69
                                                           dm:    3.34
                                                           dx:    0.11
Iteration 07
	model frequencies (percent)
	model 1: 94.1| model 2: 1.7| model 3: 4.1| model 4: 0.1| model 5: 0.0| 
                                                           dL:    3.21
                                                           dm:    2.25
                                                           dx:    0.09
Iteration 08
	model frequencies (percent)
	model 1: 95.6| model 2: 1.1| model 3: 3.1| model 4: 0.1| model 5: 0.0| 
                                                           dL:    1.88
                                                           dm:    1.56
                                                           dx:    0.09
Iteration 09
	model frequencies (percent)
	model 1: 96.7| model 2: 0.8| model 3: 2.4| model 4: 0.0| model 5: 0.0| 
                                                           dL:    1.39
                                                           dm:    1.10
                                                           dx:    0.08
Iteration 10
	model frequencies (percent)
	model 1: 97.5| model 2: 0.7| model 3: 1.7| model 4: 0.0| model 5: 0.0| 
                                                           dL:    1.05
                                                           dm:    0.78
                                                           dx:    0.07
Iteration 11
	model frequencies (percent)
	model 1: 98.1| model 2: 0.6| model 3: 1.3| model 4: 0.0| model 5: 0.0| 
                                                           dL:    0.76
                                                           dm:    0.55
                                                           dx:    0.04
Iteration 12
	model frequencies (percent)
	model 1: 98.5| model 2: 0.6| model 3: 0.9| model 4: 0.0| model 5: 0.0| 
                                                           dL:    0.57
                                                           dm:    0.39
                                                           dx:    0.03
Iteration 13
	model frequencies (percent)
	model 1: 98.7| model 2: 0.6| model 3: 0.7| model 4: 0.0| model 5: 0.0| 
                                                           dL:    0.41
                                                           dm:    0.27
                                                           dx:    0.03
Iteration 14
	model frequencies (percent)
	model 1: 98.9| model 2: 0.5| model 3: 0.5| model 4: 0.0| model 5: 0.0| 
                                                           dL:    0.28
                                                           dm:    0.17
                                                           dx:    0.03
Iteration 15
	model frequencies (percent)
	model 1: 99.0| model 2: 0.5| model 3: 0.4| model 4: 0.0| model 5: 0.0| 
                                                           dL:    0.21
                                                           dm:    0.11
                                                           dx:    0.02
Iteration 16
	model frequencies (percent)
	model 1: 99.1| model 2: 0.5| model 3: 0.3| model 4: 0.0| model 5: 0.0| 
                                                           dL:    0.19
                                                           dm:    0.06
                                                           dx:    0.01
Iteration 17
	model frequencies (percent)
	model 1: 99.1| model 2: 0.5| model 3: 0.3| model 4: 0.0| model 5: 0.0| 
                                                           dL:    0.17
                                                           dm:    0.04
                                                           dx:    0.00
                                                          Converged :]
