cbm_hbi_hbi                                       09-May-2023 00:24:22
Running hierarchical bayesian inference (HBI)...

HBI has been initialized according to
	Base/sim_fit_baseline_it_10.mat [for model 1]
	Base/sim_fit_im_it_10.mat [for model 2]
	Base/sim_fit_em_it_10.mat [for model 3]
	Base/sim_fit_fixarb_it_10.mat [for model 4]
	Base/sim_fit_dynarb_it_10.mat [for model 5]
 
Number of samples: 100
Number of models: 5
======================================================================
Iteration 01
Iteration 02
	model frequencies (percent)
	model 1: 59.3| model 2: 12.4| model 3: 12.0| model 4: 9.4| model 5: 6.9| 
                                                           dL:   79.94
                                                           dm:   40.68
                                                           dx:    0.08
Iteration 03
	model frequencies (percent)
	model 1: 79.3| model 2: 7.5| model 3: 7.0| model 4: 4.2| model 5: 2.1| 
                                                           dL:   24.54
                                                           dm:   19.96
                                                           dx:    0.04
Iteration 04
	model frequencies (percent)
	model 1: 88.6| model 2: 4.9| model 3: 4.2| model 4: 1.8| model 5: 0.5| 
                                                           dL:   12.74
                                                           dm:    9.35
                                                           dx:    0.05
Iteration 05
	model frequencies (percent)
	model 1: 93.4| model 2: 3.3| model 3: 2.5| model 4: 0.7| model 5: 0.1| 
                                                           dL:    8.60
                                                           dm:    4.76
                                                           dx:    0.08
Iteration 06
	model frequencies (percent)
	model 1: 96.0| model 2: 2.3| model 3: 1.4| model 4: 0.2| model 5: 0.0| 
                                                           dL:    4.59
                                                           dm:    2.63
                                                           dx:    0.09
Iteration 07
	model frequencies (percent)
	model 1: 97.5| model 2: 1.7| model 3: 0.7| model 4: 0.1| model 5: 0.0| 
                                                           dL:    2.75
                                                           dm:    1.49
                                                           dx:    0.08
Iteration 08
	model frequencies (percent)
	model 1: 98.3| model 2: 1.3| model 3: 0.3| model 4: 0.0| model 5: 0.0| 
                                                           dL:    1.78
                                                           dm:    0.79
                                                           dx:    0.09
Iteration 09
	model frequencies (percent)
	model 1: 98.6| model 2: 1.1| model 3: 0.2| model 4: 0.0| model 5: 0.0| 
                                                           dL:    1.22
                                                           dm:    0.36
                                                           dx:    0.10
Iteration 10
	model frequencies (percent)
	model 1: 98.8| model 2: 1.1| model 3: 0.1| model 4: 0.0| model 5: 0.0| 
                                                           dL:    0.60
                                                           dm:    0.14
                                                           dx:    0.09
Iteration 11
	model frequencies (percent)
	model 1: 98.8| model 2: 1.0| model 3: 0.1| model 4: 0.0| model 5: 0.0| 
                                                           dL:    0.38
                                                           dm:    0.05
                                                           dx:    0.04
Iteration 12
	model frequencies (percent)
	model 1: 98.9| model 2: 1.0| model 3: 0.1| model 4: 0.0| model 5: 0.0| 
                                                           dL:    0.29
                                                           dm:    0.02
                                                           dx:    0.01
                                                          Converged :]
