cbm_hbi_hbi                                       08-May-2023 23:24:44
Running hierarchical bayesian inference (HBI)...

HBI has been initialized according to
	Base/sim_fit_baseline_it_2.mat [for model 1]
	Base/sim_fit_im_it_2.mat [for model 2]
	Base/sim_fit_em_it_2.mat [for model 3]
	Base/sim_fit_fixarb_it_2.mat [for model 4]
	Base/sim_fit_dynarb_it_2.mat [for model 5]
 
Number of samples: 100
Number of models: 5
======================================================================
Iteration 01
Iteration 02
	model frequencies (percent)
	model 1: 60.3| model 2: 11.7| model 3: 12.6| model 4: 8.8| model 5: 6.5| 
                                                           dL:   82.96
                                                           dm:   39.68
                                                           dx:    0.10
Iteration 03
	model frequencies (percent)
	model 1: 80.0| model 2: 6.7| model 3: 7.7| model 4: 3.8| model 5: 1.9| 
                                                           dL:   23.83
                                                           dm:   19.68
                                                           dx:    0.05
Iteration 04
	model frequencies (percent)
	model 1: 88.9| model 2: 4.1| model 3: 5.0| model 4: 1.6| model 5: 0.4| 
                                                           dL:   11.98
                                                           dm:    8.95
                                                           dx:    0.02
Iteration 05
	model frequencies (percent)
	model 1: 93.7| model 2: 2.5| model 3: 3.2| model 4: 0.6| model 5: 0.0| 
                                                           dL:    7.96
                                                           dm:    4.74
                                                           dx:    0.06
Iteration 06
	model frequencies (percent)
	model 1: 96.4| model 2: 1.4| model 3: 2.0| model 4: 0.2| model 5: 0.0| 
                                                           dL:    4.14
                                                           dm:    2.76
                                                           dx:    0.09
Iteration 07
	model frequencies (percent)
	model 1: 98.1| model 2: 0.7| model 3: 1.1| model 4: 0.1| model 5: 0.0| 
                                                           dL:    2.34
                                                           dm:    1.65
                                                           dx:    0.08
Iteration 08
	model frequencies (percent)
	model 1: 99.0| model 2: 0.3| model 3: 0.6| model 4: 0.0| model 5: 0.0| 
                                                           dL:    1.60
                                                           dm:    0.93
                                                           dx:    0.08
Iteration 09
	model frequencies (percent)
	model 1: 99.5| model 2: 0.1| model 3: 0.3| model 4: 0.0| model 5: 0.0| 
                                                           dL:    1.14
                                                           dm:    0.45
                                                           dx:    0.10
Iteration 10
	model frequencies (percent)
	model 1: 99.7| model 2: 0.1| model 3: 0.2| model 4: 0.0| model 5: 0.0| 
                                                           dL:    0.43
                                                           dm:    0.18
                                                           dx:    0.11
Iteration 11
	model frequencies (percent)
	model 1: 99.7| model 2: 0.1| model 3: 0.2| model 4: 0.0| model 5: 0.0| 
                                                           dL:    0.21
                                                           dm:    0.06
                                                           dx:    0.06
Iteration 12
	model frequencies (percent)
	model 1: 99.7| model 2: 0.1| model 3: 0.1| model 4: 0.0| model 5: 0.0| 
                                                           dL:    0.18
                                                           dm:    0.02
                                                           dx:    0.02
Iteration 13
	model frequencies (percent)
	model 1: 99.8| model 2: 0.1| model 3: 0.1| model 4: 0.0| model 5: 0.0| 
                                                           dL:    0.16
                                                           dm:    0.01
                                                           dx:    0.00
                                                          Converged :]
