cbm_hbi_hbi                                       09-May-2023 21:34:53
Running hierarchical bayesian inference (HBI)...

HBI has been initialized according to
	IM/sim_fit_baseline_it_7.mat [for model 1]
	IM/sim_fit_im_it_7.mat [for model 2]
	IM/sim_fit_em_it_7.mat [for model 3]
	IM/sim_fit_fixarb_it_7.mat [for model 4]
	IM/sim_fit_dynarb_it_7.mat [for model 5]
 
Number of samples: 100
Number of models: 5
======================================================================
Iteration 01
Iteration 02
	model frequencies (percent)
	model 1: 1.2| model 2: 46.3| model 3: 1.0| model 4: 30.4| model 5: 21.2| 
                                                           dL:   93.22
                                                           dm:   53.75
                                                           dx:    0.55
Iteration 03
	model frequencies (percent)
	model 1: 0.0| model 2: 58.6| model 3: 0.0| model 4: 27.2| model 5: 14.1| 
                                                           dL:   17.56
                                                           dm:   12.39
                                                           dx:    0.30
Iteration 04
	model frequencies (percent)
	model 1: 0.0| model 2: 67.2| model 3: 0.0| model 4: 23.7| model 5: 9.1| 
                                                           dL:    6.37
                                                           dm:    8.58
                                                           dx:    0.79
Iteration 05
	model frequencies (percent)
	model 1: 0.0| model 2: 73.9| model 3: 0.0| model 4: 20.6| model 5: 5.5| 
                                                           dL:    3.86
                                                           dm:    6.68
                                                           dx:    0.18
Iteration 06
	model frequencies (percent)
	model 1: 0.0| model 2: 79.4| model 3: 0.0| model 4: 17.8| model 5: 2.9| 
                                                           dL:    3.76
                                                           dm:    5.46
                                                           dx:    0.10
Iteration 07
	model frequencies (percent)
	model 1: 0.0| model 2: 83.8| model 3: 0.0| model 4: 15.1| model 5: 1.1| 
                                                           dL:    3.86
                                                           dm:    4.41
                                                           dx:    0.12
Iteration 08
	model frequencies (percent)
	model 1: 0.0| model 2: 87.1| model 3: 0.0| model 4: 12.6| model 5: 0.3| 
                                                           dL:    3.62
                                                           dm:    3.35
                                                           dx:    0.13
Iteration 09
	model frequencies (percent)
	model 1: 0.0| model 2: 89.7| model 3: 0.0| model 4: 10.3| model 5: 0.0| 
                                                           dL:    2.21
                                                           dm:    2.55
                                                           dx:    0.16
Iteration 10
	model frequencies (percent)
	model 1: 0.0| model 2: 91.8| model 3: 0.0| model 4: 8.2| model 5: 0.0| 
                                                           dL:    0.91
                                                           dm:    2.14
                                                           dx:    0.20
Iteration 11
	model frequencies (percent)
	model 1: 0.0| model 2: 93.7| model 3: 0.0| model 4: 6.3| model 5: 0.0| 
                                                           dL:    0.85
                                                           dm:    1.83
                                                           dx:    0.06
Iteration 12
	model frequencies (percent)
	model 1: 0.0| model 2: 95.2| model 3: 0.0| model 4: 4.8| model 5: 0.0| 
                                                           dL:    0.87
                                                           dm:    1.52
                                                           dx:    0.04
Iteration 13
	model frequencies (percent)
	model 1: 0.0| model 2: 96.4| model 3: 0.0| model 4: 3.6| model 5: 0.0| 
                                                           dL:    0.89
                                                           dm:    1.22
                                                           dx:    0.04
Iteration 14
	model frequencies (percent)
	model 1: 0.0| model 2: 97.3| model 3: 0.0| model 4: 2.6| model 5: 0.0| 
                                                           dL:    0.88
                                                           dm:    0.94
                                                           dx:    0.03
Iteration 15
	model frequencies (percent)
	model 1: 0.0| model 2: 98.0| model 3: 0.0| model 4: 1.9| model 5: 0.0| 
                                                           dL:    0.83
                                                           dm:    0.69
                                                           dx:    0.03
Iteration 16
	model frequencies (percent)
	model 1: 0.0| model 2: 98.5| model 3: 0.0| model 4: 1.4| model 5: 0.0| 
                                                           dL:    0.73
                                                           dm:    0.50
                                                           dx:    0.04
Iteration 17
	model frequencies (percent)
	model 1: 0.0| model 2: 98.9| model 3: 0.0| model 4: 1.1| model 5: 0.0| 
                                                           dL:    0.65
                                                           dm:    0.38
                                                           dx:    0.05
Iteration 18
	model frequencies (percent)
	model 1: 0.0| model 2: 99.2| model 3: 0.0| model 4: 0.7| model 5: 0.0| 
                                                           dL:    0.60
                                                           dm:    0.31
                                                           dx:    0.06
Iteration 19
	model frequencies (percent)
	model 1: 0.0| model 2: 99.5| model 3: 0.0| model 4: 0.5| model 5: 0.0| 
                                                           dL:    0.49
                                                           dm:    0.25
                                                           dx:    0.07
Iteration 20
	model frequencies (percent)
	model 1: 0.0| model 2: 99.7| model 3: 0.0| model 4: 0.3| model 5: 0.0| 
                                                           dL:    0.28
                                                           dm:    0.19
                                                           dx:    0.07
Iteration 21
	model frequencies (percent)
	model 1: 0.0| model 2: 99.8| model 3: 0.0| model 4: 0.2| model 5: 0.0| 
                                                           dL:    0.10
                                                           dm:    0.11
                                                           dx:    0.06
Iteration 22
	model frequencies (percent)
	model 1: 0.0| model 2: 99.8| model 3: 0.0| model 4: 0.1| model 5: 0.0| 
                                                           dL:    0.04
                                                           dm:    0.05
                                                           dx:    0.03
Iteration 23
	model frequencies (percent)
	model 1: 0.0| model 2: 99.8| model 3: 0.0| model 4: 0.1| model 5: 0.0| 
                                                           dL:    0.02
                                                           dm:    0.02
                                                           dx:    0.01
Iteration 24
	model frequencies (percent)
	model 1: 0.0| model 2: 99.9| model 3: 0.0| model 4: 0.1| model 5: 0.0| 
                                                           dL:    0.01
                                                           dm:    0.01
                                                           dx:    0.00
                                                          Converged :]
