cbm_hbi_hbi                                       10-May-2023 11:07:09
Running hierarchical bayesian inference (HBI)...

HBI has been initialized according to
	IM/sim_fit_baseline_it_10.mat [for model 1]
	IM/sim_fit_im_it_10.mat [for model 2]
	IM/sim_fit_em_it_10.mat [for model 3]
	IM/sim_fit_fixarb_it_10.mat [for model 4]
	IM/sim_fit_dynarb_it_10.mat [for model 5]
 
Number of samples: 100
Number of models: 5
======================================================================
Iteration 01
Iteration 02
	model frequencies (percent)
	model 1: 1.2| model 2: 44.7| model 3: 0.7| model 4: 29.5| model 5: 23.9| 
                                                           dL:   91.58
                                                           dm:   55.33
                                                           dx:    0.41
Iteration 03
	model frequencies (percent)
	model 1: 0.0| model 2: 55.6| model 3: 0.0| model 4: 26.3| model 5: 18.1| 
                                                           dL:   16.06
                                                           dm:   10.94
                                                           dx:    0.35
Iteration 04
	model frequencies (percent)
	model 1: 0.0| model 2: 63.2| model 3: 0.0| model 4: 23.1| model 5: 13.7| 
                                                           dL:    4.80
                                                           dm:    7.60
                                                           dx:    0.74
Iteration 05
	model frequencies (percent)
	model 1: 0.0| model 2: 69.3| model 3: 0.0| model 4: 20.3| model 5: 10.4| 
                                                           dL:    2.44
                                                           dm:    6.05
                                                           dx:    0.12
Iteration 06
	model frequencies (percent)
	model 1: 0.0| model 2: 74.5| model 3: 0.0| model 4: 17.9| model 5: 7.6| 
                                                           dL:    2.19
                                                           dm:    5.22
                                                           dx:    0.05
Iteration 07
	model frequencies (percent)
	model 1: 0.0| model 2: 79.2| model 3: 0.0| model 4: 15.7| model 5: 5.1| 
                                                           dL:    2.27
                                                           dm:    4.69
                                                           dx:    0.06
Iteration 08
	model frequencies (percent)
	model 1: 0.0| model 2: 83.4| model 3: 0.0| model 4: 13.6| model 5: 3.1| 
                                                           dL:    2.51
                                                           dm:    4.22
                                                           dx:    0.08
Iteration 09
	model frequencies (percent)
	model 1: 0.0| model 2: 87.0| model 3: 0.0| model 4: 11.5| model 5: 1.5| 
                                                           dL:    2.83
                                                           dm:    3.66
                                                           dx:    0.09
Iteration 10
	model frequencies (percent)
	model 1: 0.0| model 2: 90.0| model 3: 0.0| model 4: 9.5| model 5: 0.5| 
                                                           dL:    3.06
                                                           dm:    2.97
                                                           dx:    0.09
Iteration 11
	model frequencies (percent)
	model 1: 0.0| model 2: 92.3| model 3: 0.0| model 4: 7.6| model 5: 0.1| 
                                                           dL:    2.68
                                                           dm:    2.27
                                                           dx:    0.15
Iteration 12
	model frequencies (percent)
	model 1: 0.0| model 2: 94.1| model 3: 0.0| model 4: 5.9| model 5: 0.0| 
                                                           dL:    1.21
                                                           dm:    1.85
                                                           dx:    0.29
Iteration 13
	model frequencies (percent)
	model 1: 0.0| model 2: 95.7| model 3: 0.0| model 4: 4.2| model 5: 0.0| 
                                                           dL:    0.90
                                                           dm:    1.62
                                                           dx:    0.11
Iteration 14
	model frequencies (percent)
	model 1: 0.0| model 2: 97.1| model 3: 0.0| model 4: 2.8| model 5: 0.0| 
                                                           dL:    1.02
                                                           dm:    1.40
                                                           dx:    0.04
Iteration 15
	model frequencies (percent)
	model 1: 0.0| model 2: 98.3| model 3: 0.0| model 4: 1.7| model 5: 0.0| 
                                                           dL:    1.15
                                                           dm:    1.13
                                                           dx:    0.05
Iteration 16
	model frequencies (percent)
	model 1: 0.0| model 2: 99.1| model 3: 0.0| model 4: 0.9| model 5: 0.0| 
                                                           dL:    1.25
                                                           dm:    0.82
                                                           dx:    0.05
Iteration 17
	model frequencies (percent)
	model 1: 0.0| model 2: 99.6| model 3: 0.0| model 4: 0.4| model 5: 0.0| 
                                                           dL:    1.19
                                                           dm:    0.50
                                                           dx:    0.08
Iteration 18
	model frequencies (percent)
	model 1: 0.0| model 2: 99.8| model 3: 0.0| model 4: 0.2| model 5: 0.0| 
                                                           dL:    0.80
                                                           dm:    0.23
                                                           dx:    0.13
Iteration 19
	model frequencies (percent)
	model 1: 0.0| model 2: 99.9| model 3: 0.0| model 4: 0.1| model 5: 0.0| 
                                                           dL:    0.19
                                                           dm:    0.08
                                                           dx:    0.14
Iteration 20
	model frequencies (percent)
	model 1: 0.0| model 2: 99.9| model 3: 0.0| model 4: 0.1| model 5: 0.0| 
                                                           dL:    0.02
                                                           dm:    0.02
                                                           dx:    0.07
Iteration 21
	model frequencies (percent)
	model 1: 0.0| model 2: 99.9| model 3: 0.0| model 4: 0.0| model 5: 0.0| 
                                                           dL:    0.01
                                                           dm:    0.00
                                                           dx:    0.01
Iteration 22
	model frequencies (percent)
	model 1: 0.0| model 2: 99.9| model 3: 0.0| model 4: 0.0| model 5: 0.0| 
                                                           dL:    0.01
                                                           dm:    0.00
                                                           dx:    0.00
                                                          Converged :]
