cbm_hbi_hbi                                       10-May-2023 10:48:30
Running hierarchical bayesian inference (HBI)...

HBI has been initialized according to
	IM/sim_fit_baseline_it_8.mat [for model 1]
	IM/sim_fit_im_it_8.mat [for model 2]
	IM/sim_fit_em_it_8.mat [for model 3]
	IM/sim_fit_fixarb_it_8.mat [for model 4]
	IM/sim_fit_dynarb_it_8.mat [for model 5]
 
Number of samples: 100
Number of models: 5
======================================================================
Iteration 01
Iteration 02
	model frequencies (percent)
	model 1: 0.5| model 2: 44.9| model 3: 0.6| model 4: 31.1| model 5: 22.9| 
                                                           dL:   96.18
                                                           dm:   55.13
                                                           dx:    0.40
Iteration 03
	model frequencies (percent)
	model 1: 0.0| model 2: 55.2| model 3: 0.0| model 4: 28.3| model 5: 16.4| 
                                                           dL:   14.34
                                                           dm:   10.35
                                                           dx:    0.22
Iteration 04
	model frequencies (percent)
	model 1: 0.0| model 2: 62.3| model 3: 0.0| model 4: 25.6| model 5: 12.0| 
                                                           dL:    3.97
                                                           dm:    7.13
                                                           dx:    0.40
Iteration 05
	model frequencies (percent)
	model 1: 0.0| model 2: 67.8| model 3: 0.0| model 4: 23.5| model 5: 8.7| 
                                                           dL:    2.44
                                                           dm:    5.47
                                                           dx:    0.12
Iteration 06
	model frequencies (percent)
	model 1: 0.0| model 2: 72.4| model 3: 0.0| model 4: 21.8| model 5: 5.8| 
                                                           dL:    2.23
                                                           dm:    4.59
                                                           dx:    0.04
Iteration 07
	model frequencies (percent)
	model 1: 0.0| model 2: 76.5| model 3: 0.0| model 4: 20.1| model 5: 3.4| 
                                                           dL:    2.54
                                                           dm:    4.06
                                                           dx:    0.05
Iteration 08
	model frequencies (percent)
	model 1: 0.0| model 2: 80.0| model 3: 0.0| model 4: 18.5| model 5: 1.5| 
                                                           dL:    3.11
                                                           dm:    3.57
                                                           dx:    0.06
Iteration 09
	model frequencies (percent)
	model 1: 0.0| model 2: 82.9| model 3: 0.0| model 4: 16.7| model 5: 0.3| 
                                                           dL:    3.31
                                                           dm:    2.91
                                                           dx:    0.10
Iteration 10
	model frequencies (percent)
	model 1: 0.0| model 2: 85.2| model 3: 0.0| model 4: 14.8| model 5: 0.0| 
                                                           dL:    2.33
                                                           dm:    2.24
                                                           dx:    0.20
Iteration 11
	model frequencies (percent)
	model 1: 0.0| model 2: 87.2| model 3: 0.0| model 4: 12.8| model 5: 0.0| 
                                                           dL:    0.62
                                                           dm:    2.02
                                                           dx:    0.35
Iteration 12
	model frequencies (percent)
	model 1: 0.0| model 2: 89.2| model 3: 0.0| model 4: 10.8| model 5: 0.0| 
                                                           dL:    0.50
                                                           dm:    2.02
                                                           dx:    0.06
Iteration 13
	model frequencies (percent)
	model 1: 0.0| model 2: 91.2| model 3: 0.0| model 4: 8.8| model 5: 0.0| 
                                                           dL:    0.60
                                                           dm:    2.01
                                                           dx:    0.02
Iteration 14
	model frequencies (percent)
	model 1: 0.0| model 2: 93.2| model 3: 0.0| model 4: 6.8| model 5: 0.0| 
                                                           dL:    0.73
                                                           dm:    1.97
                                                           dx:    0.03
Iteration 15
	model frequencies (percent)
	model 1: 0.0| model 2: 95.1| model 3: 0.0| model 4: 4.9| model 5: 0.0| 
                                                           dL:    0.90
                                                           dm:    1.89
                                                           dx:    0.03
Iteration 16
	model frequencies (percent)
	model 1: 0.0| model 2: 96.8| model 3: 0.0| model 4: 3.2| model 5: 0.0| 
                                                           dL:    1.13
                                                           dm:    1.74
                                                           dx:    0.04
Iteration 17
	model frequencies (percent)
	model 1: 0.0| model 2: 98.3| model 3: 0.0| model 4: 1.7| model 5: 0.0| 
                                                           dL:    1.40
                                                           dm:    1.47
                                                           dx:    0.05
Iteration 18
	model frequencies (percent)
	model 1: 0.0| model 2: 99.3| model 3: 0.0| model 4: 0.7| model 5: 0.0| 
                                                           dL:    1.58
                                                           dm:    1.05
                                                           dx:    0.07
Iteration 19
	model frequencies (percent)
	model 1: 0.0| model 2: 99.9| model 3: 0.0| model 4: 0.1| model 5: 0.0| 
                                                           dL:    1.55
                                                           dm:    0.51
                                                           dx:    0.11
Iteration 20
	model frequencies (percent)
	model 1: 0.0| model 2: 100.0| model 3: 0.0| model 4: 0.0| model 5: 0.0| 
                                                           dL:    0.82
                                                           dm:    0.12
                                                           dx:    0.26
Iteration 21
	model frequencies (percent)
	model 1: 0.0| model 2: 100.0| model 3: 0.0| model 4: 0.0| model 5: 0.0| 
                                                           dL:    0.03
                                                           dm:    0.01
                                                           dx:    0.19
Iteration 22
	model frequencies (percent)
	model 1: 0.0| model 2: 100.0| model 3: 0.0| model 4: 0.0| model 5: 0.0| 
                                                           dL:    0.00
                                                           dm:    0.00
                                                           dx:    0.02
Iteration 23
	model frequencies (percent)
	model 1: 0.0| model 2: 100.0| model 3: 0.0| model 4: 0.0| model 5: 0.0| 
                                                           dL:    0.00
                                                           dm:    0.00
                                                           dx:    0.00
                                                          Converged :]
