cbm_hbi_hbi                                       09-May-2023 18:21:05
Running hierarchical bayesian inference (HBI)...

HBI has been initialized according to
	IM/sim_fit_baseline_it_2.mat [for model 1]
	IM/sim_fit_im_it_2.mat [for model 2]
	IM/sim_fit_em_it_2.mat [for model 3]
	IM/sim_fit_fixarb_it_2.mat [for model 4]
	IM/sim_fit_dynarb_it_2.mat [for model 5]
 
Number of samples: 100
Number of models: 5
======================================================================
Iteration 01
Iteration 02
	model frequencies (percent)
	model 1: 0.8| model 2: 44.9| model 3: 1.5| model 4: 30.2| model 5: 22.7| 
                                                           dL:   92.54
                                                           dm:   55.12
                                                           dx:    0.37
Iteration 03
	model frequencies (percent)
	model 1: 0.0| model 2: 56.3| model 3: 0.1| model 4: 27.1| model 5: 16.5| 
                                                           dL:   14.98
                                                           dm:   11.38
                                                           dx:    0.23
Iteration 04
	model frequencies (percent)
	model 1: 0.0| model 2: 64.2| model 3: 0.0| model 4: 23.8| model 5: 12.0| 
                                                           dL:    4.86
                                                           dm:    7.93
                                                           dx:    0.31
Iteration 05
	model frequencies (percent)
	model 1: 0.0| model 2: 70.5| model 3: 0.0| model 4: 20.9| model 5: 8.6| 
                                                           dL:    2.66
                                                           dm:    6.31
                                                           dx:    0.24
Iteration 06
	model frequencies (percent)
	model 1: 0.0| model 2: 75.9| model 3: 0.0| model 4: 18.3| model 5: 5.8| 
                                                           dL:    2.54
                                                           dm:    5.41
                                                           dx:    0.07
Iteration 07
	model frequencies (percent)
	model 1: 0.0| model 2: 80.7| model 3: 0.0| model 4: 15.9| model 5: 3.4| 
                                                           dL:    2.86
                                                           dm:    4.80
                                                           dx:    0.08
Iteration 08
	model frequencies (percent)
	model 1: 0.0| model 2: 84.9| model 3: 0.0| model 4: 13.6| model 5: 1.5| 
                                                           dL:    3.34
                                                           dm:    4.18
                                                           dx:    0.10
Iteration 09
	model frequencies (percent)
	model 1: 0.0| model 2: 88.3| model 3: 0.0| model 4: 11.3| model 5: 0.4| 
                                                           dL:    3.63
                                                           dm:    3.39
                                                           dx:    0.13
Iteration 10
	model frequencies (percent)
	model 1: 0.0| model 2: 90.9| model 3: 0.0| model 4: 9.0| model 5: 0.1| 
                                                           dL:    3.03
                                                           dm:    2.60
                                                           dx:    0.17
Iteration 11
	model frequencies (percent)
	model 1: 0.0| model 2: 93.0| model 3: 0.0| model 4: 6.9| model 5: 0.0| 
                                                           dL:    1.13
                                                           dm:    2.16
                                                           dx:    0.23
Iteration 12
	model frequencies (percent)
	model 1: 0.0| model 2: 94.9| model 3: 0.0| model 4: 5.0| model 5: 0.0| 
                                                           dL:    0.98
                                                           dm:    1.90
                                                           dx:    0.08
Iteration 13
	model frequencies (percent)
	model 1: 0.0| model 2: 96.6| model 3: 0.0| model 4: 3.4| model 5: 0.0| 
                                                           dL:    1.09
                                                           dm:    1.62
                                                           dx:    0.05
Iteration 14
	model frequencies (percent)
	model 1: 0.0| model 2: 97.9| model 3: 0.0| model 4: 2.1| model 5: 0.0| 
                                                           dL:    1.23
                                                           dm:    1.31
                                                           dx:    0.05
Iteration 15
	model frequencies (percent)
	model 1: 0.0| model 2: 98.8| model 3: 0.0| model 4: 1.1| model 5: 0.0| 
                                                           dL:    1.34
                                                           dm:    0.96
                                                           dx:    0.06
Iteration 16
	model frequencies (percent)
	model 1: 0.0| model 2: 99.4| model 3: 0.0| model 4: 0.5| model 5: 0.0| 
                                                           dL:    1.32
                                                           dm:    0.59
                                                           dx:    0.07
Iteration 17
	model frequencies (percent)
	model 1: 0.0| model 2: 99.7| model 3: 0.0| model 4: 0.2| model 5: 0.0| 
                                                           dL:    1.03
                                                           dm:    0.30
                                                           dx:    0.09
Iteration 18
	model frequencies (percent)
	model 1: 0.0| model 2: 99.9| model 3: 0.0| model 4: 0.1| model 5: 0.0| 
                                                           dL:    0.35
                                                           dm:    0.13
                                                           dx:    0.12
Iteration 19
	model frequencies (percent)
	model 1: 0.0| model 2: 99.9| model 3: 0.0| model 4: 0.1| model 5: 0.0| 
                                                           dL:    0.04
                                                           dm:    0.04
                                                           dx:    0.08
Iteration 20
	model frequencies (percent)
	model 1: 0.0| model 2: 99.9| model 3: 0.0| model 4: 0.1| model 5: 0.0| 
                                                           dL:    0.02
                                                           dm:    0.01
                                                           dx:    0.02
Iteration 21
	model frequencies (percent)
	model 1: 0.0| model 2: 99.9| model 3: 0.0| model 4: 0.1| model 5: 0.0| 
                                                           dL:    0.01
                                                           dm:    0.00
                                                           dx:    0.00
                                                          Converged :]
