cbm_hbi_hbi                                       09-May-2023 18:30:23
Running hierarchical bayesian inference (HBI)...

HBI has been initialized according to
	IM/sim_fit_baseline_it_3.mat [for model 1]
	IM/sim_fit_im_it_3.mat [for model 2]
	IM/sim_fit_em_it_3.mat [for model 3]
	IM/sim_fit_fixarb_it_3.mat [for model 4]
	IM/sim_fit_dynarb_it_3.mat [for model 5]
 
Number of samples: 100
Number of models: 5
======================================================================
Iteration 01
Iteration 02
	model frequencies (percent)
	model 1: 0.5| model 2: 45.4| model 3: 1.1| model 4: 29.9| model 5: 23.1| 
                                                           dL:   95.50
                                                           dm:   54.62
                                                           dx:    0.47
Iteration 03
	model frequencies (percent)
	model 1: 0.0| model 2: 56.8| model 3: 0.1| model 4: 26.4| model 5: 16.8| 
                                                           dL:   13.88
                                                           dm:   11.41
                                                           dx:    0.32
Iteration 04
	model frequencies (percent)
	model 1: 0.0| model 2: 65.1| model 3: 0.0| model 4: 22.9| model 5: 12.0| 
                                                           dL:    5.13
                                                           dm:    8.29
                                                           dx:    0.31
Iteration 05
	model frequencies (percent)
	model 1: 0.0| model 2: 71.7| model 3: 0.0| model 4: 19.9| model 5: 8.4| 
                                                           dL:    3.13
                                                           dm:    6.64
                                                           dx:    0.22
Iteration 06
	model frequencies (percent)
	model 1: 0.0| model 2: 77.3| model 3: 0.0| model 4: 17.2| model 5: 5.4| 
                                                           dL:    2.91
                                                           dm:    5.61
                                                           dx:    0.08
Iteration 07
	model frequencies (percent)
	model 1: 0.0| model 2: 82.1| model 3: 0.0| model 4: 14.7| model 5: 3.1| 
                                                           dL:    2.98
                                                           dm:    4.80
                                                           dx:    0.10
Iteration 08
	model frequencies (percent)
	model 1: 0.0| model 2: 86.1| model 3: 0.0| model 4: 12.4| model 5: 1.5| 
                                                           dL:    3.14
                                                           dm:    3.99
                                                           dx:    0.12
Iteration 09
	model frequencies (percent)
	model 1: 0.0| model 2: 89.3| model 3: 0.0| model 4: 10.2| model 5: 0.5| 
                                                           dL:    3.23
                                                           dm:    3.14
                                                           dx:    0.12
Iteration 10
	model frequencies (percent)
	model 1: 0.0| model 2: 91.6| model 3: 0.0| model 4: 8.3| model 5: 0.1| 
                                                           dL:    2.77
                                                           dm:    2.37
                                                           dx:    0.17
Iteration 11
	model frequencies (percent)
	model 1: 0.0| model 2: 93.5| model 3: 0.0| model 4: 6.4| model 5: 0.0| 
                                                           dL:    1.18
                                                           dm:    1.89
                                                           dx:    0.23
Iteration 12
	model frequencies (percent)
	model 1: 0.0| model 2: 95.1| model 3: 0.0| model 4: 4.8| model 5: 0.0| 
                                                           dL:    0.86
                                                           dm:    1.60
                                                           dx:    0.09
Iteration 13
	model frequencies (percent)
	model 1: 0.0| model 2: 96.5| model 3: 0.0| model 4: 3.5| model 5: 0.0| 
                                                           dL:    0.90
                                                           dm:    1.33
                                                           dx:    0.05
Iteration 14
	model frequencies (percent)
	model 1: 0.0| model 2: 97.5| model 3: 0.0| model 4: 2.4| model 5: 0.0| 
                                                           dL:    0.95
                                                           dm:    1.06
                                                           dx:    0.05
Iteration 15
	model frequencies (percent)
	model 1: 0.0| model 2: 98.3| model 3: 0.0| model 4: 1.6| model 5: 0.0| 
                                                           dL:    0.97
                                                           dm:    0.81
                                                           dx:    0.05
Iteration 16
	model frequencies (percent)
	model 1: 0.0| model 2: 98.9| model 3: 0.0| model 4: 1.1| model 5: 0.0| 
                                                           dL:    0.95
                                                           dm:    0.58
                                                           dx:    0.05
Iteration 17
	model frequencies (percent)
	model 1: 0.0| model 2: 99.3| model 3: 0.0| model 4: 0.7| model 5: 0.0| 
                                                           dL:    0.87
                                                           dm:    0.40
                                                           dx:    0.06
Iteration 18
	model frequencies (percent)
	model 1: 0.0| model 2: 99.6| model 3: 0.0| model 4: 0.4| model 5: 0.0| 
                                                           dL:    0.67
                                                           dm:    0.27
                                                           dx:    0.08
Iteration 19
	model frequencies (percent)
	model 1: 0.0| model 2: 99.7| model 3: 0.0| model 4: 0.2| model 5: 0.0| 
                                                           dL:    0.31
                                                           dm:    0.16
                                                           dx:    0.08
Iteration 20
	model frequencies (percent)
	model 1: 0.0| model 2: 99.8| model 3: 0.0| model 4: 0.1| model 5: 0.0| 
                                                           dL:    0.08
                                                           dm:    0.08
                                                           dx:    0.06
Iteration 21
	model frequencies (percent)
	model 1: 0.0| model 2: 99.8| model 3: 0.0| model 4: 0.1| model 5: 0.0| 
                                                           dL:    0.03
                                                           dm:    0.04
                                                           dx:    0.02
Iteration 22
	model frequencies (percent)
	model 1: 0.0| model 2: 99.9| model 3: 0.0| model 4: 0.1| model 5: 0.0| 
                                                           dL:    0.02
                                                           dm:    0.01
                                                           dx:    0.01
                                                          Converged :]
