cbm_hbi_hbi                                       09-May-2023 18:58:42
Running hierarchical bayesian inference (HBI)...

HBI has been initialized according to
	IM/sim_fit_baseline_it_6.mat [for model 1]
	IM/sim_fit_im_it_6.mat [for model 2]
	IM/sim_fit_em_it_6.mat [for model 3]
	IM/sim_fit_fixarb_it_6.mat [for model 4]
	IM/sim_fit_dynarb_it_6.mat [for model 5]
 
Number of samples: 100
Number of models: 5
======================================================================
Iteration 01
Iteration 02
	model frequencies (percent)
	model 1: 1.0| model 2: 44.8| model 3: 0.7| model 4: 30.4| model 5: 23.1| 
                                                           dL:   93.53
                                                           dm:   55.20
                                                           dx:    0.48
Iteration 03
	model frequencies (percent)
	model 1: 0.0| model 2: 55.7| model 3: 0.0| model 4: 27.6| model 5: 16.7| 
                                                           dL:   15.80
                                                           dm:   10.89
                                                           dx:    0.21
Iteration 04
	model frequencies (percent)
	model 1: 0.0| model 2: 63.5| model 3: 0.0| model 4: 24.4| model 5: 12.1| 
                                                           dL:    4.52
                                                           dm:    7.83
                                                           dx:    0.43
Iteration 05
	model frequencies (percent)
	model 1: 0.0| model 2: 69.9| model 3: 0.0| model 4: 21.6| model 5: 8.5| 
                                                           dL:    3.05
                                                           dm:    6.37
                                                           dx:    0.13
Iteration 06
	model frequencies (percent)
	model 1: 0.0| model 2: 75.4| model 3: 0.0| model 4: 19.0| model 5: 5.6| 
                                                           dL:    2.88
                                                           dm:    5.47
                                                           dx:    0.08
Iteration 07
	model frequencies (percent)
	model 1: 0.0| model 2: 80.1| model 3: 0.0| model 4: 16.6| model 5: 3.3| 
                                                           dL:    2.99
                                                           dm:    4.73
                                                           dx:    0.09
Iteration 08
	model frequencies (percent)
	model 1: 0.0| model 2: 84.0| model 3: 0.0| model 4: 14.4| model 5: 1.5| 
                                                           dL:    3.22
                                                           dm:    3.94
                                                           dx:    0.09
Iteration 09
	model frequencies (percent)
	model 1: 0.0| model 2: 87.1| model 3: 0.0| model 4: 12.5| model 5: 0.5| 
                                                           dL:    3.27
                                                           dm:    3.05
                                                           dx:    0.10
Iteration 10
	model frequencies (percent)
	model 1: 0.0| model 2: 89.3| model 3: 0.0| model 4: 10.6| model 5: 0.1| 
                                                           dL:    2.56
                                                           dm:    2.22
                                                           dx:    0.13
Iteration 11
	model frequencies (percent)
	model 1: 0.0| model 2: 91.0| model 3: 0.0| model 4: 9.0| model 5: 0.0| 
                                                           dL:    0.99
                                                           dm:    1.73
                                                           dx:    0.27
Iteration 12
	model frequencies (percent)
	model 1: 0.0| model 2: 92.5| model 3: 0.0| model 4: 7.5| model 5: 0.0| 
                                                           dL:    0.59
                                                           dm:    1.48
                                                           dx:    0.11
Iteration 13
	model frequencies (percent)
	model 1: 0.0| model 2: 93.8| model 3: 0.0| model 4: 6.2| model 5: 0.0| 
                                                           dL:    0.58
                                                           dm:    1.29
                                                           dx:    0.02
Iteration 14
	model frequencies (percent)
	model 1: 0.0| model 2: 94.9| model 3: 0.0| model 4: 5.1| model 5: 0.0| 
                                                           dL:    0.57
                                                           dm:    1.11
                                                           dx:    0.01
Iteration 15
	model frequencies (percent)
	model 1: 0.0| model 2: 95.9| model 3: 0.0| model 4: 4.1| model 5: 0.0| 
                                                           dL:    0.57
                                                           dm:    0.97
                                                           dx:    0.01
Iteration 16
	model frequencies (percent)
	model 1: 0.0| model 2: 96.7| model 3: 0.0| model 4: 3.3| model 5: 0.0| 
                                                           dL:    0.58
                                                           dm:    0.86
                                                           dx:    0.02
Iteration 17
	model frequencies (percent)
	model 1: 0.0| model 2: 97.5| model 3: 0.0| model 4: 2.5| model 5: 0.0| 
                                                           dL:    0.61
                                                           dm:    0.77
                                                           dx:    0.02
Iteration 18
	model frequencies (percent)
	model 1: 0.0| model 2: 98.2| model 3: 0.0| model 4: 1.8| model 5: 0.0| 
                                                           dL:    0.67
                                                           dm:    0.69
                                                           dx:    0.03
Iteration 19
	model frequencies (percent)
	model 1: 0.0| model 2: 98.8| model 3: 0.0| model 4: 1.2| model 5: 0.0| 
                                                           dL:    0.75
                                                           dm:    0.62
                                                           dx:    0.04
Iteration 20
	model frequencies (percent)
	model 1: 0.0| model 2: 99.3| model 3: 0.0| model 4: 0.7| model 5: 0.0| 
                                                           dL:    0.82
                                                           dm:    0.51
                                                           dx:    0.06
Iteration 21
	model frequencies (percent)
	model 1: 0.0| model 2: 99.7| model 3: 0.0| model 4: 0.3| model 5: 0.0| 
                                                           dL:    0.75
                                                           dm:    0.35
                                                           dx:    0.10
Iteration 22
	model frequencies (percent)
	model 1: 0.0| model 2: 99.9| model 3: 0.0| model 4: 0.1| model 5: 0.0| 
                                                           dL:    0.43
                                                           dm:    0.18
                                                           dx:    0.13
Iteration 23
	model frequencies (percent)
	model 1: 0.0| model 2: 99.9| model 3: 0.0| model 4: 0.1| model 5: 0.0| 
                                                           dL:    0.08
                                                           dm:    0.06
                                                           dx:    0.10
Iteration 24
	model frequencies (percent)
	model 1: 0.0| model 2: 99.9| model 3: 0.0| model 4: 0.1| model 5: 0.0| 
                                                           dL:    0.02
                                                           dm:    0.02
                                                           dx:    0.04
Iteration 25
	model frequencies (percent)
	model 1: 0.0| model 2: 99.9| model 3: 0.0| model 4: 0.0| model 5: 0.0| 
                                                           dL:    0.01
                                                           dm:    0.00
                                                           dx:    0.00
                                                          Converged :]
