cbm_hbi_hbi                                       09-May-2023 18:40:01
Running hierarchical bayesian inference (HBI)...

HBI has been initialized according to
	IM/sim_fit_baseline_it_4.mat [for model 1]
	IM/sim_fit_im_it_4.mat [for model 2]
	IM/sim_fit_em_it_4.mat [for model 3]
	IM/sim_fit_fixarb_it_4.mat [for model 4]
	IM/sim_fit_dynarb_it_4.mat [for model 5]
 
Number of samples: 100
Number of models: 5
======================================================================
Iteration 01
Iteration 02
	model frequencies (percent)
	model 1: 0.2| model 2: 46.7| model 3: 0.7| model 4: 30.4| model 5: 22.0| 
                                                           dL:  100.05
                                                           dm:   53.30
                                                           dx:    0.48
Iteration 03
	model frequencies (percent)
	model 1: 0.0| model 2: 58.6| model 3: 0.0| model 4: 26.5| model 5: 14.8| 
                                                           dL:   13.48
                                                           dm:   11.90
                                                           dx:    0.29
Iteration 04
	model frequencies (percent)
	model 1: 0.0| model 2: 67.3| model 3: 0.0| model 4: 22.8| model 5: 9.9| 
                                                           dL:    5.05
                                                           dm:    8.67
                                                           dx:    0.33
Iteration 05
	model frequencies (percent)
	model 1: 0.0| model 2: 74.1| model 3: 0.0| model 4: 19.6| model 5: 6.3| 
                                                           dL:    3.59
                                                           dm:    6.84
                                                           dx:    0.11
Iteration 06
	model frequencies (percent)
	model 1: 0.0| model 2: 79.8| model 3: 0.0| model 4: 16.7| model 5: 3.5| 
                                                           dL:    3.57
                                                           dm:    5.68
                                                           dx:    0.08
Iteration 07
	model frequencies (percent)
	model 1: 0.0| model 2: 84.5| model 3: 0.0| model 4: 14.0| model 5: 1.4| 
                                                           dL:    3.87
                                                           dm:    4.71
                                                           dx:    0.11
Iteration 08
	model frequencies (percent)
	model 1: 0.0| model 2: 88.2| model 3: 0.0| model 4: 11.5| model 5: 0.3| 
                                                           dL:    3.88
                                                           dm:    3.67
                                                           dx:    0.14
Iteration 09
	model frequencies (percent)
	model 1: 0.0| model 2: 90.9| model 3: 0.0| model 4: 9.0| model 5: 0.0| 
                                                           dL:    2.89
                                                           dm:    2.76
                                                           dx:    0.20
Iteration 10
	model frequencies (percent)
	model 1: 0.0| model 2: 93.2| model 3: 0.0| model 4: 6.7| model 5: 0.0| 
                                                           dL:    1.14
                                                           dm:    2.30
                                                           dx:    0.25
Iteration 11
	model frequencies (percent)
	model 1: 0.0| model 2: 95.3| model 3: 0.0| model 4: 4.7| model 5: 0.0| 
                                                           dL:    1.10
                                                           dm:    2.01
                                                           dx:    0.07
Iteration 12
	model frequencies (percent)
	model 1: 0.0| model 2: 96.9| model 3: 0.0| model 4: 3.0| model 5: 0.0| 
                                                           dL:    1.22
                                                           dm:    1.69
                                                           dx:    0.06
Iteration 13
	model frequencies (percent)
	model 1: 0.0| model 2: 98.3| model 3: 0.0| model 4: 1.7| model 5: 0.0| 
                                                           dL:    1.34
                                                           dm:    1.31
                                                           dx:    0.07
Iteration 14
	model frequencies (percent)
	model 1: 0.0| model 2: 99.1| model 3: 0.0| model 4: 0.8| model 5: 0.0| 
                                                           dL:    1.41
                                                           dm:    0.89
                                                           dx:    0.09
Iteration 15
	model frequencies (percent)
	model 1: 0.0| model 2: 99.6| model 3: 0.0| model 4: 0.3| model 5: 0.0| 
                                                           dL:    1.33
                                                           dm:    0.48
                                                           dx:    0.11
Iteration 16
	model frequencies (percent)
	model 1: 0.0| model 2: 99.8| model 3: 0.0| model 4: 0.2| model 5: 0.0| 
                                                           dL:    0.81
                                                           dm:    0.19
                                                           dx:    0.14
Iteration 17
	model frequencies (percent)
	model 1: 0.0| model 2: 99.9| model 3: 0.0| model 4: 0.1| model 5: 0.0| 
                                                           dL:    0.15
                                                           dm:    0.06
                                                           dx:    0.11
Iteration 18
	model frequencies (percent)
	model 1: 0.0| model 2: 99.9| model 3: 0.0| model 4: 0.1| model 5: 0.0| 
                                                           dL:    0.02
                                                           dm:    0.02
                                                           dx:    0.04
Iteration 19
	model frequencies (percent)
	model 1: 0.0| model 2: 99.9| model 3: 0.0| model 4: 0.1| model 5: 0.0| 
                                                           dL:    0.01
                                                           dm:    0.01
                                                           dx:    0.01
                                                          Converged :]
