cbm_hbi_hbi                                       09-May-2023 18:49:13
Running hierarchical bayesian inference (HBI)...

HBI has been initialized according to
	IM/sim_fit_baseline_it_5.mat [for model 1]
	IM/sim_fit_im_it_5.mat [for model 2]
	IM/sim_fit_em_it_5.mat [for model 3]
	IM/sim_fit_fixarb_it_5.mat [for model 4]
	IM/sim_fit_dynarb_it_5.mat [for model 5]
 
Number of samples: 100
Number of models: 5
======================================================================
Iteration 01
Iteration 02
	model frequencies (percent)
	model 1: 0.3| model 2: 46.0| model 3: 1.2| model 4: 30.0| model 5: 22.5| 
                                                           dL:  100.03
                                                           dm:   53.96
                                                           dx:    0.38
Iteration 03
	model frequencies (percent)
	model 1: 0.0| model 2: 57.7| model 3: 0.1| model 4: 26.4| model 5: 15.8| 
                                                           dL:   13.57
                                                           dm:   11.65
                                                           dx:    0.32
Iteration 04
	model frequencies (percent)
	model 1: 0.0| model 2: 66.0| model 3: 0.0| model 4: 22.7| model 5: 11.3| 
                                                           dL:    5.28
                                                           dm:    8.30
                                                           dx:    0.19
Iteration 05
	model frequencies (percent)
	model 1: 0.0| model 2: 72.6| model 3: 0.0| model 4: 19.5| model 5: 7.9| 
                                                           dL:    3.10
                                                           dm:    6.57
                                                           dx:    0.19
Iteration 06
	model frequencies (percent)
	model 1: 0.0| model 2: 78.1| model 3: 0.0| model 4: 16.6| model 5: 5.3| 
                                                           dL:    2.78
                                                           dm:    5.53
                                                           dx:    0.07
Iteration 07
	model frequencies (percent)
	model 1: 0.0| model 2: 82.8| model 3: 0.0| model 4: 14.0| model 5: 3.1| 
                                                           dL:    2.88
                                                           dm:    4.75
                                                           dx:    0.08
Iteration 08
	model frequencies (percent)
	model 1: 0.0| model 2: 86.8| model 3: 0.0| model 4: 11.7| model 5: 1.5| 
                                                           dL:    3.20
                                                           dm:    3.98
                                                           dx:    0.10
Iteration 09
	model frequencies (percent)
	model 1: 0.0| model 2: 89.9| model 3: 0.0| model 4: 9.6| model 5: 0.4| 
                                                           dL:    3.41
                                                           dm:    3.10
                                                           dx:    0.12
Iteration 10
	model frequencies (percent)
	model 1: 0.0| model 2: 92.1| model 3: 0.0| model 4: 7.8| model 5: 0.1| 
                                                           dL:    2.75
                                                           dm:    2.23
                                                           dx:    0.18
Iteration 11
	model frequencies (percent)
	model 1: 0.0| model 2: 93.9| model 3: 0.0| model 4: 6.1| model 5: 0.0| 
                                                           dL:    1.08
                                                           dm:    1.71
                                                           dx:    0.24
Iteration 12
	model frequencies (percent)
	model 1: 0.0| model 2: 95.3| model 3: 0.0| model 4: 4.7| model 5: 0.0| 
                                                           dL:    0.76
                                                           dm:    1.44
                                                           dx:    0.08
Iteration 13
	model frequencies (percent)
	model 1: 0.0| model 2: 96.5| model 3: 0.0| model 4: 3.5| model 5: 0.0| 
                                                           dL:    0.79
                                                           dm:    1.21
                                                           dx:    0.04
Iteration 14
	model frequencies (percent)
	model 1: 0.0| model 2: 97.5| model 3: 0.0| model 4: 2.5| model 5: 0.0| 
                                                           dL:    0.84
                                                           dm:    1.00
                                                           dx:    0.03
Iteration 15
	model frequencies (percent)
	model 1: 0.0| model 2: 98.3| model 3: 0.0| model 4: 1.6| model 5: 0.0| 
                                                           dL:    0.89
                                                           dm:    0.81
                                                           dx:    0.04
Iteration 16
	model frequencies (percent)
	model 1: 0.0| model 2: 99.0| model 3: 0.0| model 4: 1.0| model 5: 0.0| 
                                                           dL:    0.94
                                                           dm:    0.63
                                                           dx:    0.05
Iteration 17
	model frequencies (percent)
	model 1: 0.0| model 2: 99.4| model 3: 0.0| model 4: 0.6| model 5: 0.0| 
                                                           dL:    0.92
                                                           dm:    0.45
                                                           dx:    0.07
Iteration 18
	model frequencies (percent)
	model 1: 0.0| model 2: 99.7| model 3: 0.0| model 4: 0.3| model 5: 0.0| 
                                                           dL:    0.72
                                                           dm:    0.28
                                                           dx:    0.10
Iteration 19
	model frequencies (percent)
	model 1: 0.0| model 2: 99.8| model 3: 0.0| model 4: 0.1| model 5: 0.0| 
                                                           dL:    0.28
                                                           dm:    0.14
                                                           dx:    0.10
Iteration 20
	model frequencies (percent)
	model 1: 0.0| model 2: 99.9| model 3: 0.0| model 4: 0.1| model 5: 0.0| 
                                                           dL:    0.05
                                                           dm:    0.05
                                                           dx:    0.06
Iteration 21
	model frequencies (percent)
	model 1: 0.0| model 2: 99.9| model 3: 0.0| model 4: 0.1| model 5: 0.0| 
                                                           dL:    0.02
                                                           dm:    0.02
                                                           dx:    0.02
Iteration 22
	model frequencies (percent)
	model 1: 0.0| model 2: 99.9| model 3: 0.0| model 4: 0.1| model 5: 0.0| 
                                                           dL:    0.01
                                                           dm:    0.01
                                                           dx:    0.00
                                                          Converged :]
