cbm_hbi_hbi                                       10-May-2023 13:32:21
Running hierarchical bayesian inference (HBI)...

HBI has been initialized according to
	FixArb/sim_fit_baseline_it_7.mat [for model 1]
	FixArb/sim_fit_im_it_7.mat [for model 2]
	FixArb/sim_fit_em_it_7.mat [for model 3]
	FixArb/sim_fit_fixarb_it_7.mat [for model 4]
	FixArb/sim_fit_dynarb_it_7.mat [for model 5]
 
Number of samples: 100
Number of models: 5
======================================================================
Iteration 01
Iteration 02
	model frequencies (percent)
	model 1: 7.1| model 2: 16.8| model 3: 21.2| model 4: 34.0| model 5: 20.9| 
                                                           dL:   63.72
                                                           dm:   65.97
                                                           dx:    0.44
Iteration 03
	model frequencies (percent)
	model 1: 3.1| model 2: 12.6| model 3: 20.3| model 4: 46.7| model 5: 17.3| 
                                                           dL:   20.89
                                                           dm:   12.69
                                                           dx:    0.27
Iteration 04
	model frequencies (percent)
	model 1: 1.5| model 2: 9.9| model 3: 19.6| model 4: 55.9| model 5: 13.1| 
                                                           dL:   10.31
                                                           dm:    9.19
                                                           dx:    0.20
Iteration 05
	model frequencies (percent)
	model 1: 0.7| model 2: 8.2| model 3: 19.3| model 4: 62.4| model 5: 9.5| 
                                                           dL:    6.40
                                                           dm:    6.46
                                                           dx:    0.20
Iteration 06
	model frequencies (percent)
	model 1: 0.2| model 2: 7.0| model 3: 19.1| model 4: 67.1| model 5: 6.6| 
                                                           dL:    5.62
                                                           dm:    4.73
                                                           dx:    0.10
Iteration 07
	model frequencies (percent)
	model 1: 0.0| model 2: 6.1| model 3: 18.9| model 4: 70.5| model 5: 4.5| 
                                                           dL:    4.34
                                                           dm:    3.38
                                                           dx:    0.33
Iteration 08
	model frequencies (percent)
	model 1: 0.0| model 2: 5.4| model 3: 18.8| model 4: 72.8| model 5: 3.0| 
                                                           dL:    2.33
                                                           dm:    2.31
                                                           dx:    0.40
Iteration 09
	model frequencies (percent)
	model 1: 0.0| model 2: 4.7| model 3: 18.8| model 4: 74.4| model 5: 2.1| 
                                                           dL:    1.65
                                                           dm:    1.60
                                                           dx:    0.11
Iteration 10
	model frequencies (percent)
	model 1: 0.0| model 2: 4.2| model 3: 18.7| model 4: 75.5| model 5: 1.6| 
                                                           dL:    1.08
                                                           dm:    1.10
                                                           dx:    0.13
Iteration 11
	model frequencies (percent)
	model 1: 0.0| model 2: 3.7| model 3: 18.7| model 4: 76.3| model 5: 1.3| 
                                                           dL:    0.62
                                                           dm:    0.78
                                                           dx:    0.15
Iteration 12
	model frequencies (percent)
	model 1: 0.0| model 2: 3.2| model 3: 18.7| model 4: 76.9| model 5: 1.2| 
                                                           dL:    0.40
                                                           dm:    0.59
                                                           dx:    0.11
Iteration 13
	model frequencies (percent)
	model 1: 0.0| model 2: 2.8| model 3: 18.7| model 4: 77.3| model 5: 1.2| 
                                                           dL:    0.33
                                                           dm:    0.48
                                                           dx:    0.06
Iteration 14
	model frequencies (percent)
	model 1: 0.0| model 2: 2.4| model 3: 18.7| model 4: 77.8| model 5: 1.2| 
                                                           dL:    0.30
                                                           dm:    0.43
                                                           dx:    0.03
Iteration 15
	model frequencies (percent)
	model 1: 0.0| model 2: 2.0| model 3: 18.7| model 4: 78.2| model 5: 1.2| 
                                                           dL:    0.29
                                                           dm:    0.40
                                                           dx:    0.02
Iteration 16
	model frequencies (percent)
	model 1: 0.0| model 2: 1.7| model 3: 18.6| model 4: 78.5| model 5: 1.2| 
                                                           dL:    0.27
                                                           dm:    0.37
                                                           dx:    0.02
Iteration 17
	model frequencies (percent)
	model 1: 0.0| model 2: 1.4| model 3: 18.6| model 4: 78.9| model 5: 1.2| 
                                                           dL:    0.26
                                                           dm:    0.34
                                                           dx:    0.02
Iteration 18
	model frequencies (percent)
	model 1: 0.0| model 2: 1.1| model 3: 18.6| model 4: 79.2| model 5: 1.1| 
                                                           dL:    0.23
                                                           dm:    0.31
                                                           dx:    0.02
Iteration 19
	model frequencies (percent)
	model 1: 0.0| model 2: 0.9| model 3: 18.5| model 4: 79.5| model 5: 1.1| 
                                                           dL:    0.18
                                                           dm:    0.27
                                                           dx:    0.02
Iteration 20
	model frequencies (percent)
	model 1: 0.0| model 2: 0.7| model 3: 18.5| model 4: 79.7| model 5: 1.1| 
                                                           dL:    0.13
                                                           dm:    0.22
                                                           dx:    0.02
Iteration 21
	model frequencies (percent)
	model 1: 0.0| model 2: 0.6| model 3: 18.4| model 4: 79.9| model 5: 1.1| 
                                                           dL:    0.09
                                                           dm:    0.18
                                                           dx:    0.02
Iteration 22
	model frequencies (percent)
	model 1: 0.0| model 2: 0.5| model 3: 18.4| model 4: 80.0| model 5: 1.1| 
                                                           dL:    0.06
                                                           dm:    0.14
                                                           dx:    0.02
Iteration 23
	model frequencies (percent)
	model 1: 0.0| model 2: 0.4| model 3: 18.3| model 4: 80.1| model 5: 1.1| 
                                                           dL:    0.05
                                                           dm:    0.10
                                                           dx:    0.01
                                                          Converged :]
