cbm_hbi_hbi                                       10-May-2023 13:14:32
Running hierarchical bayesian inference (HBI)...

HBI has been initialized according to
	FixArb/sim_fit_baseline_it_5.mat [for model 1]
	FixArb/sim_fit_im_it_5.mat [for model 2]
	FixArb/sim_fit_em_it_5.mat [for model 3]
	FixArb/sim_fit_fixarb_it_5.mat [for model 4]
	FixArb/sim_fit_dynarb_it_5.mat [for model 5]
 
Number of samples: 100
Number of models: 5
======================================================================
Iteration 01
Iteration 02
	model frequencies (percent)
	model 1: 7.8| model 2: 19.6| model 3: 15.7| model 4: 34.2| model 5: 22.6| 
                                                           dL:   67.56
                                                           dm:   65.78
                                                           dx:    0.51
Iteration 03
	model frequencies (percent)
	model 1: 3.7| model 2: 18.1| model 3: 11.6| model 4: 44.6| model 5: 22.0| 
                                                           dL:   20.21
                                                           dm:   10.38
                                                           dx:    0.30
Iteration 04
	model frequencies (percent)
	model 1: 1.9| model 2: 16.9| model 3: 9.4| model 4: 51.4| model 5: 20.4| 
                                                           dL:    9.31
                                                           dm:    6.77
                                                           dx:    0.17
Iteration 05
	model frequencies (percent)
	model 1: 0.8| model 2: 16.1| model 3: 8.3| model 4: 56.3| model 5: 18.5| 
                                                           dL:    6.60
                                                           dm:    4.89
                                                           dx:    0.10
Iteration 06
	model frequencies (percent)
	model 1: 0.1| model 2: 15.4| model 3: 7.7| model 4: 60.1| model 5: 16.6| 
                                                           dL:    5.38
                                                           dm:    3.87
                                                           dx:    0.13
Iteration 07
	model frequencies (percent)
	model 1: 0.0| model 2: 14.7| model 3: 7.3| model 4: 63.3| model 5: 14.6| 
                                                           dL:    2.39
                                                           dm:    3.22
                                                           dx:    0.23
Iteration 08
	model frequencies (percent)
	model 1: 0.0| model 2: 14.1| model 3: 7.0| model 4: 66.3| model 5: 12.6| 
                                                           dL:    1.48
                                                           dm:    2.93
                                                           dx:    0.15
Iteration 09
	model frequencies (percent)
	model 1: 0.0| model 2: 13.5| model 3: 6.8| model 4: 69.0| model 5: 10.7| 
                                                           dL:    1.38
                                                           dm:    2.75
                                                           dx:    0.06
Iteration 10
	model frequencies (percent)
	model 1: 0.0| model 2: 12.9| model 3: 6.7| model 4: 71.6| model 5: 8.8| 
                                                           dL:    1.35
                                                           dm:    2.56
                                                           dx:    0.06
Iteration 11
	model frequencies (percent)
	model 1: 0.0| model 2: 12.4| model 3: 6.6| model 4: 74.0| model 5: 7.0| 
                                                           dL:    1.37
                                                           dm:    2.37
                                                           dx:    0.06
Iteration 12
	model frequencies (percent)
	model 1: 0.0| model 2: 11.9| model 3: 6.5| model 4: 76.1| model 5: 5.4| 
                                                           dL:    1.42
                                                           dm:    2.17
                                                           dx:    0.06
Iteration 13
	model frequencies (percent)
	model 1: 0.0| model 2: 11.5| model 3: 6.5| model 4: 78.1| model 5: 3.9| 
                                                           dL:    1.50
                                                           dm:    1.94
                                                           dx:    0.07
Iteration 14
	model frequencies (percent)
	model 1: 0.0| model 2: 11.1| model 3: 6.5| model 4: 79.8| model 5: 2.6| 
                                                           dL:    1.61
                                                           dm:    1.71
                                                           dx:    0.08
Iteration 15
	model frequencies (percent)
	model 1: 0.0| model 2: 10.8| model 3: 6.4| model 4: 81.2| model 5: 1.6| 
                                                           dL:    1.77
                                                           dm:    1.44
                                                           dx:    0.09
Iteration 16
	model frequencies (percent)
	model 1: 0.0| model 2: 10.5| model 3: 6.4| model 4: 82.4| model 5: 0.7| 
                                                           dL:    1.86
                                                           dm:    1.14
                                                           dx:    0.11
Iteration 17
	model frequencies (percent)
	model 1: 0.0| model 2: 10.2| model 3: 6.4| model 4: 83.2| model 5: 0.3| 
                                                           dL:    1.49
                                                           dm:    0.80
                                                           dx:    0.12
Iteration 18
	model frequencies (percent)
	model 1: 0.0| model 2: 9.9| model 3: 6.4| model 4: 83.7| model 5: 0.1| 
                                                           dL:    0.54
                                                           dm:    0.51
                                                           dx:    0.11
Iteration 19
	model frequencies (percent)
	model 1: 0.0| model 2: 9.6| model 3: 6.4| model 4: 84.0| model 5: 0.0| 
                                                           dL:    0.16
                                                           dm:    0.37
                                                           dx:    0.06
Iteration 20
	model frequencies (percent)
	model 1: 0.0| model 2: 9.3| model 3: 6.3| model 4: 84.4| model 5: 0.0| 
                                                           dL:    0.12
                                                           dm:    0.32
                                                           dx:    0.01
                                                          Converged :]
