cbm_hbi_hbi                                       10-May-2023 12:49:18
Running hierarchical bayesian inference (HBI)...

HBI has been initialized according to
	FixArb/sim_fit_baseline_it_3.mat [for model 1]
	FixArb/sim_fit_im_it_3.mat [for model 2]
	FixArb/sim_fit_em_it_3.mat [for model 3]
	FixArb/sim_fit_fixarb_it_3.mat [for model 4]
	FixArb/sim_fit_dynarb_it_3.mat [for model 5]
 
Number of samples: 100
Number of models: 5
======================================================================
Iteration 01
Iteration 02
	model frequencies (percent)
	model 1: 7.3| model 2: 17.1| model 3: 18.7| model 4: 35.2| model 5: 21.7| 
                                                           dL:   68.58
                                                           dm:   64.78
                                                           dx:    0.50
Iteration 03
	model frequencies (percent)
	model 1: 2.8| model 2: 13.6| model 3: 16.1| model 4: 47.5| model 5: 20.0| 
                                                           dL:   20.30
                                                           dm:   12.28
                                                           dx:    0.28
Iteration 04
	model frequencies (percent)
	model 1: 1.0| model 2: 11.6| model 3: 14.8| model 4: 55.3| model 5: 17.3| 
                                                           dL:    9.52
                                                           dm:    7.82
                                                           dx:    0.18
Iteration 05
	model frequencies (percent)
	model 1: 0.2| model 2: 10.4| model 3: 14.3| model 4: 60.5| model 5: 14.6| 
                                                           dL:    7.01
                                                           dm:    5.18
                                                           dx:    0.09
Iteration 06
	model frequencies (percent)
	model 1: 0.0| model 2: 9.6| model 3: 14.1| model 4: 64.2| model 5: 12.1| 
                                                           dL:    3.05
                                                           dm:    3.68
                                                           dx:    0.28
Iteration 07
	model frequencies (percent)
	model 1: 0.0| model 2: 8.9| model 3: 14.2| model 4: 67.1| model 5: 9.8| 
                                                           dL:    1.58
                                                           dm:    2.93
                                                           dx:    0.15
Iteration 08
	model frequencies (percent)
	model 1: 0.0| model 2: 8.3| model 3: 14.3| model 4: 69.6| model 5: 7.8| 
                                                           dL:    1.45
                                                           dm:    2.45
                                                           dx:    0.06
Iteration 09
	model frequencies (percent)
	model 1: 0.0| model 2: 7.9| model 3: 14.6| model 4: 71.6| model 5: 5.9| 
                                                           dL:    1.44
                                                           dm:    2.08
                                                           dx:    0.06
Iteration 10
	model frequencies (percent)
	model 1: 0.0| model 2: 7.4| model 3: 14.9| model 4: 73.4| model 5: 4.3| 
                                                           dL:    1.51
                                                           dm:    1.75
                                                           dx:    0.07
Iteration 11
	model frequencies (percent)
	model 1: 0.0| model 2: 7.0| model 3: 15.3| model 4: 74.8| model 5: 2.8| 
                                                           dL:    1.63
                                                           dm:    1.43
                                                           dx:    0.08
Iteration 12
	model frequencies (percent)
	model 1: 0.0| model 2: 6.7| model 3: 15.8| model 4: 75.9| model 5: 1.7| 
                                                           dL:    1.79
                                                           dm:    1.10
                                                           dx:    0.10
Iteration 13
	model frequencies (percent)
	model 1: 0.0| model 2: 6.3| model 3: 16.2| model 4: 76.7| model 5: 0.8| 
                                                           dL:    1.91
                                                           dm:    0.75
                                                           dx:    0.12
Iteration 14
	model frequencies (percent)
	model 1: 0.0| model 2: 6.0| model 3: 16.7| model 4: 77.1| model 5: 0.3| 
                                                           dL:    1.70
                                                           dm:    0.41
                                                           dx:    0.14
Iteration 15
	model frequencies (percent)
	model 1: 0.0| model 2: 5.6| model 3: 17.1| model 4: 77.2| model 5: 0.1| 
                                                           dL:    0.73
                                                           dm:    0.14
                                                           dx:    0.13
Iteration 16
	model frequencies (percent)
	model 1: 0.0| model 2: 5.3| model 3: 17.5| model 4: 77.2| model 5: 0.0| 
                                                           dL:    0.15
                                                           dm:    0.03
                                                           dx:    0.07
Iteration 17
	model frequencies (percent)
	model 1: 0.0| model 2: 4.9| model 3: 17.8| model 4: 77.2| model 5: 0.0| 
                                                           dL:    0.12
                                                           dm:    0.01
                                                           dx:    0.02
Iteration 18
	model frequencies (percent)
	model 1: 0.0| model 2: 4.5| model 3: 18.2| model 4: 77.2| model 5: 0.0| 
                                                           dL:    0.12
                                                           dm:    0.01
                                                           dx:    0.02
Iteration 19
	model frequencies (percent)
	model 1: 0.0| model 2: 4.1| model 3: 18.6| model 4: 77.3| model 5: 0.0| 
                                                           dL:    0.12
                                                           dm:    0.01
                                                           dx:    0.02
Iteration 20
	model frequencies (percent)
	model 1: 0.0| model 2: 3.7| model 3: 18.9| model 4: 77.3| model 5: 0.0| 
                                                           dL:    0.12
                                                           dm:    0.02
                                                           dx:    0.02
Iteration 21
	model frequencies (percent)
	model 1: 0.0| model 2: 3.4| model 3: 19.3| model 4: 77.3| model 5: 0.0| 
                                                           dL:    0.13
                                                           dm:    0.03
                                                           dx:    0.02
Iteration 22
	model frequencies (percent)
	model 1: 0.0| model 2: 3.0| model 3: 19.6| model 4: 77.3| model 5: 0.0| 
                                                           dL:    0.14
                                                           dm:    0.04
                                                           dx:    0.02
Iteration 23
	model frequencies (percent)
	model 1: 0.0| model 2: 2.6| model 3: 19.9| model 4: 77.4| model 5: 0.0| 
                                                           dL:    0.15
                                                           dm:    0.05
                                                           dx:    0.02
Iteration 24
	model frequencies (percent)
	model 1: 0.0| model 2: 2.3| model 3: 20.2| model 4: 77.5| model 5: 0.0| 
                                                           dL:    0.16
                                                           dm:    0.06
                                                           dx:    0.02
Iteration 25
	model frequencies (percent)
	model 1: 0.0| model 2: 1.9| model 3: 20.5| model 4: 77.5| model 5: 0.0| 
                                                           dL:    0.16
                                                           dm:    0.07
                                                           dx:    0.02
Iteration 26
	model frequencies (percent)
	model 1: 0.0| model 2: 1.6| model 3: 20.7| model 4: 77.6| model 5: 0.0| 
                                                           dL:    0.16
                                                           dm:    0.08
                                                           dx:    0.02
Iteration 27
	model frequencies (percent)
	model 1: 0.0| model 2: 1.4| model 3: 20.9| model 4: 77.7| model 5: 0.0| 
                                                           dL:    0.14
                                                           dm:    0.09
                                                           dx:    0.02
Iteration 28
	model frequencies (percent)
	model 1: 0.0| model 2: 1.2| model 3: 21.0| model 4: 77.8| model 5: 0.0| 
                                                           dL:    0.11
                                                           dm:    0.09
                                                           dx:    0.02
Iteration 29
	model frequencies (percent)
	model 1: 0.0| model 2: 1.0| model 3: 21.1| model 4: 77.9| model 5: 0.0| 
                                                           dL:    0.08
                                                           dm:    0.08
                                                           dx:    0.02
Iteration 30
	model frequencies (percent)
	model 1: 0.0| model 2: 0.8| model 3: 21.2| model 4: 77.9| model 5: 0.0| 
                                                           dL:    0.05
                                                           dm:    0.07
                                                           dx:    0.02
Iteration 31
	model frequencies (percent)
	model 1: 0.0| model 2: 0.7| model 3: 21.3| model 4: 78.0| model 5: 0.0| 
                                                           dL:    0.03
                                                           dm:    0.06
                                                           dx:    0.01
