cbm_hbi_hbi                                       10-May-2023 13:23:31
Running hierarchical bayesian inference (HBI)...

HBI has been initialized according to
	FixArb/sim_fit_baseline_it_6.mat [for model 1]
	FixArb/sim_fit_im_it_6.mat [for model 2]
	FixArb/sim_fit_em_it_6.mat [for model 3]
	FixArb/sim_fit_fixarb_it_6.mat [for model 4]
	FixArb/sim_fit_dynarb_it_6.mat [for model 5]
 
Number of samples: 100
Number of models: 5
======================================================================
Iteration 01
Iteration 02
	model frequencies (percent)
	model 1: 9.1| model 2: 19.7| model 3: 18.3| model 4: 33.6| model 5: 19.4| 
                                                           dL:   61.39
                                                           dm:   66.43
                                                           dx:    0.46
Iteration 03
	model frequencies (percent)
	model 1: 4.5| model 2: 17.9| model 3: 16.2| model 4: 44.6| model 5: 16.8| 
                                                           dL:   19.39
                                                           dm:   11.04
                                                           dx:    0.25
Iteration 04
	model frequencies (percent)
	model 1: 2.2| model 2: 16.7| model 3: 15.1| model 4: 51.9| model 5: 14.2| 
                                                           dL:    9.53
                                                           dm:    7.24
                                                           dx:    0.15
Iteration 05
	model frequencies (percent)
	model 1: 0.8| model 2: 15.9| model 3: 14.8| model 4: 56.6| model 5: 11.9| 
                                                           dL:    6.92
                                                           dm:    4.78
                                                           dx:    0.12
Iteration 06
	model frequencies (percent)
	model 1: 0.1| model 2: 15.4| model 3: 14.8| model 4: 59.9| model 5: 9.8| 
                                                           dL:    5.45
                                                           dm:    3.29
                                                           dx:    0.12
Iteration 07
	model frequencies (percent)
	model 1: 0.0| model 2: 14.8| model 3: 14.7| model 4: 62.4| model 5: 8.1| 
                                                           dL:    1.89
                                                           dm:    2.44
                                                           dx:    0.20
Iteration 08
	model frequencies (percent)
	model 1: 0.0| model 2: 14.4| model 3: 14.7| model 4: 64.4| model 5: 6.5| 
                                                           dL:    1.33
                                                           dm:    2.06
                                                           dx:    0.10
Iteration 09
	model frequencies (percent)
	model 1: 0.0| model 2: 14.0| model 3: 14.6| model 4: 66.3| model 5: 5.1| 
                                                           dL:    1.25
                                                           dm:    1.84
                                                           dx:    0.06
Iteration 10
	model frequencies (percent)
	model 1: 0.0| model 2: 13.6| model 3: 14.6| model 4: 67.9| model 5: 3.8| 
                                                           dL:    1.28
                                                           dm:    1.67
                                                           dx:    0.06
Iteration 11
	model frequencies (percent)
	model 1: 0.0| model 2: 13.3| model 3: 14.6| model 4: 69.5| model 5: 2.7| 
                                                           dL:    1.40
                                                           dm:    1.52
                                                           dx:    0.07
Iteration 12
	model frequencies (percent)
	model 1: 0.0| model 2: 13.0| model 3: 14.5| model 4: 70.8| model 5: 1.6| 
                                                           dL:    1.61
                                                           dm:    1.36
                                                           dx:    0.08
Iteration 13
	model frequencies (percent)
	model 1: 0.0| model 2: 12.8| model 3: 14.5| model 4: 72.0| model 5: 0.8| 
                                                           dL:    1.78
                                                           dm:    1.15
                                                           dx:    0.10
Iteration 14
	model frequencies (percent)
	model 1: 0.0| model 2: 12.5| model 3: 14.4| model 4: 72.8| model 5: 0.3| 
                                                           dL:    1.51
                                                           dm:    0.87
                                                           dx:    0.12
Iteration 15
	model frequencies (percent)
	model 1: 0.0| model 2: 12.2| model 3: 14.3| model 4: 73.5| model 5: 0.1| 
                                                           dL:    0.62
                                                           dm:    0.61
                                                           dx:    0.12
Iteration 16
	model frequencies (percent)
	model 1: 0.0| model 2: 11.9| model 3: 14.1| model 4: 73.9| model 5: 0.0| 
                                                           dL:    0.16
                                                           dm:    0.48
                                                           dx:    0.07
Iteration 17
	model frequencies (percent)
	model 1: 0.0| model 2: 11.6| model 3: 14.0| model 4: 74.4| model 5: 0.0| 
                                                           dL:    0.13
                                                           dm:    0.44
                                                           dx:    0.01
Iteration 18
	model frequencies (percent)
	model 1: 0.0| model 2: 11.3| model 3: 13.9| model 4: 74.8| model 5: 0.0| 
                                                           dL:    0.11
                                                           dm:    0.42
                                                           dx:    0.01
                                                          Converged :]
