cbm_hbi_hbi                                       10-May-2023 13:42:40
Running hierarchical bayesian inference (HBI)...

HBI has been initialized according to
	FixArb/sim_fit_baseline_it_8.mat [for model 1]
	FixArb/sim_fit_im_it_8.mat [for model 2]
	FixArb/sim_fit_em_it_8.mat [for model 3]
	FixArb/sim_fit_fixarb_it_8.mat [for model 4]
	FixArb/sim_fit_dynarb_it_8.mat [for model 5]
 
Number of samples: 100
Number of models: 5
======================================================================
Iteration 01
Iteration 02
	model frequencies (percent)
	model 1: 5.1| model 2: 17.7| model 3: 20.4| model 4: 34.4| model 5: 22.4| 
                                                           dL:   70.24
                                                           dm:   65.59
                                                           dx:    0.50
Iteration 03
	model frequencies (percent)
	model 1: 1.7| model 2: 14.7| model 3: 19.3| model 4: 44.2| model 5: 20.2| 
                                                           dL:   20.20
                                                           dm:    9.78
                                                           dx:    0.32
Iteration 04
	model frequencies (percent)
	model 1: 0.4| model 2: 13.0| model 3: 19.1| model 4: 50.1| model 5: 17.4| 
                                                           dL:    9.87
                                                           dm:    5.91
                                                           dx:    0.19
Iteration 05
	model frequencies (percent)
	model 1: 0.0| model 2: 11.9| model 3: 19.3| model 4: 53.8| model 5: 14.9| 
                                                           dL:    5.91
                                                           dm:    3.75
                                                           dx:    0.18
Iteration 06
	model frequencies (percent)
	model 1: 0.0| model 2: 11.1| model 3: 19.7| model 4: 56.5| model 5: 12.6| 
                                                           dL:    2.13
                                                           dm:    2.70
                                                           dx:    0.29
Iteration 07
	model frequencies (percent)
	model 1: 0.0| model 2: 10.5| model 3: 20.0| model 4: 58.8| model 5: 10.7| 
                                                           dL:    1.56
                                                           dm:    2.23
                                                           dx:    0.07
Iteration 08
	model frequencies (percent)
	model 1: 0.0| model 2: 10.0| model 3: 20.3| model 4: 60.8| model 5: 8.9| 
                                                           dL:    1.32
                                                           dm:    1.97
                                                           dx:    0.06
Iteration 09
	model frequencies (percent)
	model 1: 0.0| model 2: 9.7| model 3: 20.5| model 4: 62.6| model 5: 7.2| 
                                                           dL:    1.22
                                                           dm:    1.81
                                                           dx:    0.06
Iteration 10
	model frequencies (percent)
	model 1: 0.0| model 2: 9.4| model 3: 20.7| model 4: 64.3| model 5: 5.7| 
                                                           dL:    1.23
                                                           dm:    1.69
                                                           dx:    0.06
Iteration 11
	model frequencies (percent)
	model 1: 0.0| model 2: 9.1| model 3: 20.9| model 4: 65.8| model 5: 4.2| 
                                                           dL:    1.35
                                                           dm:    1.59
                                                           dx:    0.06
Iteration 12
	model frequencies (percent)
	model 1: 0.0| model 2: 9.0| model 3: 21.0| model 4: 67.3| model 5: 2.8| 
                                                           dL:    1.58
                                                           dm:    1.46
                                                           dx:    0.07
Iteration 13
	model frequencies (percent)
	model 1: 0.0| model 2: 8.8| model 3: 21.0| model 4: 68.6| model 5: 1.6| 
                                                           dL:    1.89
                                                           dm:    1.26
                                                           dx:    0.10
Iteration 14
	model frequencies (percent)
	model 1: 0.0| model 2: 8.7| model 3: 21.1| model 4: 69.5| model 5: 0.7| 
                                                           dL:    2.12
                                                           dm:    0.95
                                                           dx:    0.13
Iteration 15
	model frequencies (percent)
	model 1: 0.0| model 2: 8.7| model 3: 21.0| model 4: 70.1| model 5: 0.2| 
                                                           dL:    1.89
                                                           dm:    0.58
                                                           dx:    0.17
Iteration 16
	model frequencies (percent)
	model 1: 0.0| model 2: 8.6| model 3: 21.0| model 4: 70.4| model 5: 0.1| 
                                                           dL:    0.66
                                                           dm:    0.28
                                                           dx:    0.16
Iteration 17
	model frequencies (percent)
	model 1: 0.0| model 2: 8.5| model 3: 21.0| model 4: 70.5| model 5: 0.0| 
                                                           dL:    0.10
                                                           dm:    0.15
                                                           dx:    0.08
Iteration 18
	model frequencies (percent)
	model 1: 0.0| model 2: 8.4| model 3: 20.9| model 4: 70.6| model 5: 0.0| 
                                                           dL:    0.07
                                                           dm:    0.10
                                                           dx:    0.01
Iteration 19
	model frequencies (percent)
	model 1: 0.0| model 2: 8.4| model 3: 20.9| model 4: 70.7| model 5: 0.0| 
                                                           dL:    0.05
                                                           dm:    0.07
                                                           dx:    0.00
                                                          Converged :]
