cbm_hbi_hbi                                       10-May-2023 14:01:41
Running hierarchical bayesian inference (HBI)...

HBI has been initialized according to
	FixArb/sim_fit_baseline_it_10.mat [for model 1]
	FixArb/sim_fit_im_it_10.mat [for model 2]
	FixArb/sim_fit_em_it_10.mat [for model 3]
	FixArb/sim_fit_fixarb_it_10.mat [for model 4]
	FixArb/sim_fit_dynarb_it_10.mat [for model 5]
 
Number of samples: 100
Number of models: 5
======================================================================
Iteration 01
Iteration 02
	model frequencies (percent)
	model 1: 8.6| model 2: 21.0| model 3: 14.9| model 4: 34.9| model 5: 20.6| 
                                                           dL:   67.90
                                                           dm:   65.09
                                                           dx:    0.45
Iteration 03
	model frequencies (percent)
	model 1: 4.2| model 2: 20.1| model 3: 10.9| model 4: 47.2| model 5: 17.7| 
                                                           dL:   21.75
                                                           dm:   12.28
                                                           dx:    0.25
Iteration 04
	model frequencies (percent)
	model 1: 2.1| model 2: 19.2| model 3: 8.9| model 4: 55.2| model 5: 14.7| 
                                                           dL:   10.26
                                                           dm:    7.99
                                                           dx:    0.15
Iteration 05
	model frequencies (percent)
	model 1: 0.8| model 2: 18.7| model 3: 8.0| model 4: 60.4| model 5: 12.1| 
                                                           dL:    7.01
                                                           dm:    5.26
                                                           dx:    0.13
Iteration 06
	model frequencies (percent)
	model 1: 0.1| model 2: 18.2| model 3: 7.6| model 4: 64.1| model 5: 9.9| 
                                                           dL:    5.45
                                                           dm:    3.63
                                                           dx:    0.12
Iteration 07
	model frequencies (percent)
	model 1: 0.0| model 2: 17.8| model 3: 7.5| model 4: 66.7| model 5: 8.0| 
                                                           dL:    2.34
                                                           dm:    2.65
                                                           dx:    0.17
Iteration 08
	model frequencies (percent)
	model 1: 0.0| model 2: 17.4| model 3: 7.4| model 4: 68.9| model 5: 6.3| 
                                                           dL:    1.58
                                                           dm:    2.14
                                                           dx:    0.11
Iteration 09
	model frequencies (percent)
	model 1: 0.0| model 2: 17.1| model 3: 7.4| model 4: 70.7| model 5: 4.9| 
                                                           dL:    1.47
                                                           dm:    1.82
                                                           dx:    0.06
Iteration 10
	model frequencies (percent)
	model 1: 0.0| model 2: 16.8| model 3: 7.4| model 4: 72.2| model 5: 3.5| 
                                                           dL:    1.46
                                                           dm:    1.56
                                                           dx:    0.07
Iteration 11
	model frequencies (percent)
	model 1: 0.0| model 2: 16.6| model 3: 7.5| model 4: 73.6| model 5: 2.4| 
                                                           dL:    1.54
                                                           dm:    1.34
                                                           dx:    0.08
Iteration 12
	model frequencies (percent)
	model 1: 0.0| model 2: 16.4| model 3: 7.5| model 4: 74.7| model 5: 1.4| 
                                                           dL:    1.69
                                                           dm:    1.11
                                                           dx:    0.09
Iteration 13
	model frequencies (percent)
	model 1: 0.0| model 2: 16.2| model 3: 7.6| model 4: 75.5| model 5: 0.6| 
                                                           dL:    1.74
                                                           dm:    0.84
                                                           dx:    0.10
Iteration 14
	model frequencies (percent)
	model 1: 0.0| model 2: 16.1| model 3: 7.7| model 4: 76.1| model 5: 0.2| 
                                                           dL:    1.25
                                                           dm:    0.54
                                                           dx:    0.12
Iteration 15
	model frequencies (percent)
	model 1: 0.0| model 2: 15.9| model 3: 7.7| model 4: 76.4| model 5: 0.1| 
                                                           dL:    0.37
                                                           dm:    0.31
                                                           dx:    0.11
Iteration 16
	model frequencies (percent)
	model 1: 0.0| model 2: 15.7| model 3: 7.7| model 4: 76.6| model 5: 0.0| 
                                                           dL:    0.12
                                                           dm:    0.21
                                                           dx:    0.05
Iteration 17
	model frequencies (percent)
	model 1: 0.0| model 2: 15.5| model 3: 7.7| model 4: 76.8| model 5: 0.0| 
                                                           dL:    0.09
                                                           dm:    0.17
                                                           dx:    0.01
                                                          Converged :]
