cbm_hbi_hbi                                       09-May-2023 12:20:31
Running hierarchical bayesian inference (HBI)...

HBI has been initialized according to
	FixArb/sim_fit_baseline_it_1.mat [for model 1]
	FixArb/sim_fit_im_it_1.mat [for model 2]
	FixArb/sim_fit_em_it_1.mat [for model 3]
	FixArb/sim_fit_fixarb_it_1.mat [for model 4]
	FixArb/sim_fit_dynarb_it_1.mat [for model 5]
 
Number of samples: 100
Number of models: 5
======================================================================
Iteration 01
Iteration 02
	model frequencies (percent)
	model 1: 6.0| model 2: 20.0| model 3: 18.2| model 4: 34.0| model 5: 21.7| 
                                                           dL:   72.23
                                                           dm:   65.97
                                                           dx:    0.49
Iteration 03
	model frequencies (percent)
	model 1: 2.0| model 2: 18.5| model 3: 16.2| model 4: 44.1| model 5: 19.2| 
                                                           dL:   22.71
                                                           dm:   10.11
                                                           dx:    0.30
Iteration 04
	model frequencies (percent)
	model 1: 0.5| model 2: 17.9| model 3: 15.3| model 4: 50.4| model 5: 15.8| 
                                                           dL:   11.54
                                                           dm:    6.27
                                                           dx:    0.18
Iteration 05
	model frequencies (percent)
	model 1: 0.0| model 2: 17.8| model 3: 15.2| model 4: 54.4| model 5: 12.6| 
                                                           dL:    7.16
                                                           dm:    3.99
                                                           dx:    0.17
Iteration 06
	model frequencies (percent)
	model 1: 0.0| model 2: 17.6| model 3: 15.4| model 4: 57.3| model 5: 9.7| 
                                                           dL:    2.67
                                                           dm:    2.86
                                                           dx:    0.31
Iteration 07
	model frequencies (percent)
	model 1: 0.0| model 2: 17.5| model 3: 15.7| model 4: 59.5| model 5: 7.3| 
                                                           dL:    2.09
                                                           dm:    2.28
                                                           dx:    0.08
Iteration 08
	model frequencies (percent)
	model 1: 0.0| model 2: 17.4| model 3: 16.0| model 4: 61.4| model 5: 5.1| 
                                                           dL:    1.92
                                                           dm:    1.88
                                                           dx:    0.08
Iteration 09
	model frequencies (percent)
	model 1: 0.0| model 2: 17.4| model 3: 16.3| model 4: 63.0| model 5: 3.3| 
                                                           dL:    1.94
                                                           dm:    1.55
                                                           dx:    0.09
Iteration 10
	model frequencies (percent)
	model 1: 0.0| model 2: 17.4| model 3: 16.6| model 4: 64.2| model 5: 1.8| 
                                                           dL:    2.10
                                                           dm:    1.22
                                                           dx:    0.10
Iteration 11
	model frequencies (percent)
	model 1: 0.0| model 2: 17.3| model 3: 16.8| model 4: 65.0| model 5: 0.8| 
                                                           dL:    2.23
                                                           dm:    0.84
                                                           dx:    0.13
Iteration 12
	model frequencies (percent)
	model 1: 0.0| model 2: 17.3| model 3: 17.0| model 4: 65.5| model 5: 0.2| 
                                                           dL:    2.01
                                                           dm:    0.44
                                                           dx:    0.18
Iteration 13
	model frequencies (percent)
	model 1: 0.0| model 2: 17.2| model 3: 17.1| model 4: 65.6| model 5: 0.1| 
                                                           dL:    0.83
                                                           dm:    0.14
                                                           dx:    0.18
Iteration 14
	model frequencies (percent)
	model 1: 0.0| model 2: 17.1| model 3: 17.2| model 4: 65.7| model 5: 0.0| 
                                                           dL:    0.12
                                                           dm:    0.04
                                                           dx:    0.09
Iteration 15
	model frequencies (percent)
	model 1: 0.0| model 2: 17.0| model 3: 17.3| model 4: 65.7| model 5: 0.0| 
                                                           dL:    0.07
                                                           dm:    0.03
                                                           dx:    0.01
Iteration 16
	model frequencies (percent)
	model 1: 0.0| model 2: 16.9| model 3: 17.4| model 4: 65.7| model 5: 0.0| 
                                                           dL:    0.06
                                                           dm:    0.02
                                                           dx:    0.00
                                                          Converged :]
