cbm_hbi_hbi                                       10-May-2023 12:40:32
Running hierarchical bayesian inference (HBI)...

HBI has been initialized according to
	FixArb/sim_fit_baseline_it_2.mat [for model 1]
	FixArb/sim_fit_im_it_2.mat [for model 2]
	FixArb/sim_fit_em_it_2.mat [for model 3]
	FixArb/sim_fit_fixarb_it_2.mat [for model 4]
	FixArb/sim_fit_dynarb_it_2.mat [for model 5]
 
Number of samples: 100
Number of models: 5
======================================================================
Iteration 01
Iteration 02
	model frequencies (percent)
	model 1: 6.1| model 2: 19.2| model 3: 18.0| model 4: 35.0| model 5: 21.6| 
                                                           dL:   67.30
                                                           dm:   65.03
                                                           dx:    0.49
Iteration 03
	model frequencies (percent)
	model 1: 2.2| model 2: 18.1| model 3: 14.7| model 4: 46.0| model 5: 19.1| 
                                                           dL:   19.30
                                                           dm:   11.01
                                                           dx:    0.26
Iteration 04
	model frequencies (percent)
	model 1: 0.6| model 2: 17.8| model 3: 12.5| model 4: 53.2| model 5: 16.0| 
                                                           dL:   10.37
                                                           dm:    7.21
                                                           dx:    0.13
Iteration 05
	model frequencies (percent)
	model 1: 0.0| model 2: 17.7| model 3: 11.0| model 4: 58.1| model 5: 13.1| 
                                                           dL:    6.43
                                                           dm:    4.90
                                                           dx:    0.13
Iteration 06
	model frequencies (percent)
	model 1: 0.0| model 2: 17.6| model 3: 10.0| model 4: 61.7| model 5: 10.7| 
                                                           dL:    2.27
                                                           dm:    3.66
                                                           dx:    0.26
Iteration 07
	model frequencies (percent)
	model 1: 0.0| model 2: 17.4| model 3: 9.3| model 4: 64.8| model 5: 8.5| 
                                                           dL:    1.80
                                                           dm:    3.02
                                                           dx:    0.07
Iteration 08
	model frequencies (percent)
	model 1: 0.0| model 2: 17.3| model 3: 8.7| model 4: 67.3| model 5: 6.7| 
                                                           dL:    1.58
                                                           dm:    2.56
                                                           dx:    0.07
Iteration 09
	model frequencies (percent)
	model 1: 0.0| model 2: 17.1| model 3: 8.3| model 4: 69.5| model 5: 5.1| 
                                                           dL:    1.46
                                                           dm:    2.22
                                                           dx:    0.06
Iteration 10
	model frequencies (percent)
	model 1: 0.0| model 2: 16.9| model 3: 7.9| model 4: 71.5| model 5: 3.7| 
                                                           dL:    1.44
                                                           dm:    1.94
                                                           dx:    0.06
Iteration 11
	model frequencies (percent)
	model 1: 0.0| model 2: 16.8| model 3: 7.6| model 4: 73.2| model 5: 2.4| 
                                                           dL:    1.53
                                                           dm:    1.69
                                                           dx:    0.06
Iteration 12
	model frequencies (percent)
	model 1: 0.0| model 2: 16.7| model 3: 7.4| model 4: 74.6| model 5: 1.4| 
                                                           dL:    1.72
                                                           dm:    1.45
                                                           dx:    0.08
Iteration 13
	model frequencies (percent)
	model 1: 0.0| model 2: 16.5| model 3: 7.1| model 4: 75.8| model 5: 0.6| 
                                                           dL:    1.89
                                                           dm:    1.17
                                                           dx:    0.10
Iteration 14
	model frequencies (percent)
	model 1: 0.0| model 2: 16.3| model 3: 6.9| model 4: 76.6| model 5: 0.2| 
                                                           dL:    1.48
                                                           dm:    0.83
                                                           dx:    0.13
Iteration 15
	model frequencies (percent)
	model 1: 0.0| model 2: 16.0| model 3: 6.7| model 4: 77.2| model 5: 0.1| 
                                                           dL:    0.54
                                                           dm:    0.58
                                                           dx:    0.13
Iteration 16
	model frequencies (percent)
	model 1: 0.0| model 2: 15.8| model 3: 6.5| model 4: 77.7| model 5: 0.0| 
                                                           dL:    0.18
                                                           dm:    0.47
                                                           dx:    0.06
Iteration 17
	model frequencies (percent)
	model 1: 0.0| model 2: 15.5| model 3: 6.3| model 4: 78.1| model 5: 0.0| 
                                                           dL:    0.15
                                                           dm:    0.43
                                                           dx:    0.01
Iteration 18
	model frequencies (percent)
	model 1: 0.0| model 2: 15.3| model 3: 6.2| model 4: 78.5| model 5: 0.0| 
                                                           dL:    0.14
                                                           dm:    0.39
                                                           dx:    0.01
                                                          Converged :]
