cbm_hbi_hbi                                       28-Mar-2023 13:15:21
Running hierarchical bayesian inference (HBI)...

HBI has been initialized according to
	lap_Baseline_HbCb3SaSc_original.mat [for model 1]
	lap_IM_expbeta_original.mat [for model 2]
	lap_EM_expbeta_original.mat [for model 3]
	lap_Fix_AV_expbeta_original.mat [for model 4]
	lap_Dyn_AV_expbeta_original.mat [for model 5]
 
Number of samples: 943
Number of models: 5
======================================================================
Iteration 01
Iteration 02
	model frequencies (percent)
	model 1: 8.5| model 2: 13.4| model 3: 30.6| model 4: 25.2| model 5: 22.2| 
                                                           dL:  492.56
                                                           dm:   69.35
                                                           dx:    0.62
Iteration 03
	model frequencies (percent)
	model 1: 6.8| model 2: 12.3| model 3: 32.7| model 4: 24.1| model 5: 24.1| 
                                                           dL:  163.57
                                                           dm:    2.06
                                                           dx:    0.41
Iteration 04
	model frequencies (percent)
	model 1: 7.3| model 2: 12.7| model 3: 32.5| model 4: 20.6| model 5: 26.9| 
                                                           dL:   90.21
                                                           dm:    0.25
                                                           dx:    0.34
Iteration 05
	model frequencies (percent)
	model 1: 8.3| model 2: 13.3| model 3: 31.9| model 4: 16.9| model 5: 29.6| 
                                                           dL:   56.89
                                                           dm:    0.52
                                                           dx:    0.30
Iteration 06
	model frequencies (percent)
	model 1: 9.3| model 2: 13.7| model 3: 31.6| model 4: 13.6| model 5: 31.7| 
                                                           dL:   37.68
                                                           dm:    2.17
                                                           dx:    0.26
Iteration 07
	model frequencies (percent)
	model 1: 10.3| model 2: 13.7| model 3: 31.6| model 4: 11.0| model 5: 33.4| 
                                                           dL:   25.04
                                                           dm:    1.64
                                                           dx:    0.21
Iteration 08
	model frequencies (percent)
	model 1: 11.2| model 2: 13.5| model 3: 31.7| model 4: 9.0| model 5: 34.6| 
                                                           dL:   17.09
                                                           dm:    1.22
                                                           dx:    0.18
Iteration 09
	model frequencies (percent)
	model 1: 12.1| model 2: 13.2| model 3: 31.8| model 4: 7.4| model 5: 35.5| 
                                                           dL:   12.13
                                                           dm:    0.91
                                                           dx:    0.15
Iteration 10
	model frequencies (percent)
	model 1: 12.8| model 2: 12.7| model 3: 32.0| model 4: 6.2| model 5: 36.2| 
                                                           dL:    8.95
                                                           dm:    0.71
                                                           dx:    0.12
Iteration 11
	model frequencies (percent)
	model 1: 13.5| model 2: 12.3| model 3: 32.1| model 4: 5.4| model 5: 36.8| 
                                                           dL:    6.84
                                                           dm:    0.58
                                                           dx:    0.10
Iteration 12
	model frequencies (percent)
	model 1: 14.1| model 2: 11.8| model 3: 32.1| model 4: 4.7| model 5: 37.3| 
                                                           dL:    5.38
                                                           dm:    0.49
                                                           dx:    0.08
Iteration 13
	model frequencies (percent)
	model 1: 14.7| model 2: 11.3| model 3: 32.1| model 4: 4.2| model 5: 37.7| 
                                                           dL:    4.32
                                                           dm:    0.42
                                                           dx:    0.07
Iteration 14
	model frequencies (percent)
	model 1: 15.2| model 2: 10.8| model 3: 32.0| model 4: 3.9| model 5: 38.1| 
                                                           dL:    3.54
                                                           dm:    0.37
                                                           dx:    0.06
Iteration 15
	model frequencies (percent)
	model 1: 15.7| model 2: 10.4| model 3: 31.9| model 4: 3.6| model 5: 38.4| 
                                                           dL:    2.94
                                                           dm:    0.33
                                                           dx:    0.05
Iteration 16
	model frequencies (percent)
	model 1: 16.1| model 2: 9.9| model 3: 31.8| model 4: 3.5| model 5: 38.7| 
                                                           dL:    2.47
                                                           dm:    0.29
                                                           dx:    0.04
Iteration 17
	model frequencies (percent)
	model 1: 16.4| model 2: 9.5| model 3: 31.6| model 4: 3.4| model 5: 38.9| 
                                                           dL:    2.09
                                                           dm:    0.25
                                                           dx:    0.03
Iteration 18
	model frequencies (percent)
	model 1: 16.8| model 2: 9.2| model 3: 31.5| model 4: 3.4| model 5: 39.2| 
                                                           dL:    1.80
                                                           dm:    0.22
                                                           dx:    0.03
Iteration 19
	model frequencies (percent)
	model 1: 17.1| model 2: 8.8| model 3: 31.3| model 4: 3.4| model 5: 39.4| 
                                                           dL:    1.56
                                                           dm:    0.19
                                                           dx:    0.02
Iteration 20
	model frequencies (percent)
	model 1: 17.3| model 2: 8.4| model 3: 31.2| model 4: 3.5| model 5: 39.5| 
                                                           dL:    1.36
                                                           dm:    0.16
                                                           dx:    0.02
Iteration 21
	model frequencies (percent)
	model 1: 17.6| model 2: 8.1| model 3: 31.0| model 4: 3.6| model 5: 39.7| 
                                                           dL:    1.20
                                                           dm:    0.14
                                                           dx:    0.02
Iteration 22
	model frequencies (percent)
	model 1: 17.8| model 2: 7.8| model 3: 30.9| model 4: 3.7| model 5: 39.8| 
                                                           dL:    1.07
                                                           dm:    0.11
                                                           dx:    0.02
Iteration 23
	model frequencies (percent)
	model 1: 18.0| model 2: 7.5| model 3: 30.8| model 4: 3.9| model 5: 39.9| 
                                                           dL:    0.96
                                                           dm:    0.09
                                                           dx:    0.01
Iteration 24
	model frequencies (percent)
	model 1: 18.2| model 2: 7.2| model 3: 30.7| model 4: 4.1| model 5: 39.9| 
                                                           dL:    0.87
                                                           dm:    0.07
                                                           dx:    0.01
Iteration 25
	model frequencies (percent)
	model 1: 18.3| model 2: 6.9| model 3: 30.5| model 4: 4.2| model 5: 40.0| 
                                                           dL:    0.79
                                                           dm:    0.05
                                                           dx:    0.01
Iteration 26
	model frequencies (percent)
	model 1: 18.5| model 2: 6.6| model 3: 30.5| model 4: 4.4| model 5: 40.0| 
                                                           dL:    0.72
                                                           dm:    0.03
                                                           dx:    0.01
Iteration 27
	model frequencies (percent)
	model 1: 18.6| model 2: 6.4| model 3: 30.4| model 4: 4.6| model 5: 40.0| 
                                                           dL:    0.66
                                                           dm:    0.01
                                                           dx:    0.01
                                                          Converged :]
