cbm_hbi_hbi                                       28-Mar-2023 14:25:47
Running hierarchical bayesian inference (HBI)...

HBI has been initialized according to
	lap_IntDyn_expbeta_original.mat [for model 1]
 
Number of samples: 943
Number of models: 1
======================================================================
Iteration 01
Iteration 02
                                                           dL: 1815.41
                                                           dx:    0.27
Iteration 03
                                                           dL:  770.95
                                                           dx:    0.19
Iteration 04
                                                           dL:  561.08
                                                           dx:    0.16
Iteration 05
                                                           dL:  307.66
                                                           dx:    0.12
Iteration 06
                                                           dL:  212.80
                                                           dx:    0.09
Iteration 07
                                                           dL:  184.88
                                                           dx:    0.08
Iteration 08
                                                           dL:  135.43
                                                           dx:    0.07
Iteration 09
                                                           dL:   99.16
                                                           dx:    0.07
Iteration 10
                                                           dL:   90.13
                                                           dx:    0.06
Iteration 11
                                                           dL:   53.49
                                                           dx:    0.06
Iteration 12
                                                           dL:   43.96
                                                           dx:    0.05
Iteration 13
                                                           dL:   45.44
                                                           dx:    0.05
Iteration 14
                                                           dL:   35.21
                                                           dx:    0.05
Iteration 15
                                                           dL:   30.80
                                                           dx:    0.04
Iteration 16
                                                           dL:   23.43
                                                           dx:    0.04
Iteration 17
                                                           dL:   17.89
                                                           dx:    0.04
Iteration 18
                                                           dL:   19.54
                                                           dx:    0.03
Iteration 19
                                                           dL:   18.24
                                                           dx:    0.03
Iteration 20
                                                           dL:   14.25
                                                           dx:    0.03
Iteration 21
                                                           dL:    7.58
                                                           dx:    0.03
Iteration 22
                                                           dL:   10.25
                                                           dx:    0.03
Iteration 23
                                                           dL:    8.72
                                                           dx:    0.02
Iteration 24
                                                           dL:    9.43
                                                           dx:    0.02
Iteration 25
                                                           dL:    4.09
                                                           dx:    0.02
Iteration 26
                                                           dL:   -1.05
                                                           dx:    0.02
Iteration 27
                                                           dL:    2.86
                                                           dx:    0.02
Iteration 28
                                                           dL:    1.19
                                                           dx:    0.02
Iteration 29
                                                           dL:    2.34
                                                           dx:    0.02
Iteration 30
                                                           dL:    1.40
                                                           dx:    0.02
Iteration 31
                                                           dL:    2.19
                                                           dx:    0.01
Iteration 32
                                                           dL:    2.33
                                                           dx:    0.01
Iteration 33
                                                           dL:    1.60
                                                           dx:    0.01
Iteration 34
                                                           dL:    1.03
                                                           dx:    0.01
Iteration 35
                                                           dL:    1.96
                                                           dx:    0.01
                                                          Converged :]
