cbm_hbi_hbi                                       23-Feb-2023 17:10:42
Running hierarchical bayesian inference (HBI)...

HBI has been initialized according to
	lap_IntDyn_expbeta_replication.mat [for model 1]
 
Number of samples: 352
Number of models: 1
======================================================================
Iteration 01
Iteration 02
                                                           dL:  758.66
                                                           dx:    0.37
Iteration 03
                                                           dL:  280.84
                                                           dx:    0.25
Iteration 04
                                                           dL:  135.39
                                                           dx:    0.17
Iteration 05
                                                           dL:   77.91
                                                           dx:    0.12
Iteration 06
                                                           dL:   50.58
                                                           dx:    0.09
Iteration 07
                                                           dL:   35.52
                                                           dx:    0.08
Iteration 08
                                                           dL:   26.29
                                                           dx:    0.06
Iteration 09
                                                           dL:   20.18
                                                           dx:    0.06
Iteration 10
                                                           dL:   15.93
                                                           dx:    0.05
Iteration 11
                                                           dL:   12.85
                                                           dx:    0.04
Iteration 12
                                                           dL:   10.56
                                                           dx:    0.04
Iteration 13
                                                           dL:    8.81
                                                           dx:    0.03
Iteration 14
                                                           dL:    7.44
                                                           dx:    0.03
Iteration 15
                                                           dL:    6.36
                                                           dx:    0.02
Iteration 16
                                                           dL:    5.48
                                                           dx:    0.02
Iteration 17
                                                           dL:    4.77
                                                           dx:    0.02
Iteration 18
                                                           dL:    4.17
                                                           dx:    0.02
Iteration 19
                                                           dL:    3.67
                                                           dx:    0.02
Iteration 20
                                                           dL:    3.25
                                                           dx:    0.01
Iteration 21
                                                           dL:    2.89
                                                           dx:    0.01
Iteration 22
                                                           dL:    2.58
                                                           dx:    0.01
Iteration 23
                                                           dL:   -2.53
                                                           dx:    0.01
Iteration 24
                                                           dL:    3.02
                                                           dx:    0.01
                                                          Converged :]
