cbm_hbi_hbi                                       08-May-2023 23:06:33
Running hierarchical bayesian inference (HBI)...

HBI has been initialized according to
	DynArb/sim_fit_baseline_it_1.mat [for model 1]
	DynArb/sim_fit_im_it_1.mat [for model 2]
	DynArb/sim_fit_em_it_1.mat [for model 3]
	DynArb/sim_fit_fixarb_it_1.mat [for model 4]
	DynArb/sim_fit_dynarb_it_1.mat [for model 5]
 
Number of samples: 100
Number of models: 5
======================================================================
Iteration 01
Iteration 02
	model frequencies (percent)
	model 1: 0.1| model 2: 6.6| model 3: 7.4| model 4: 32.0| model 5: 53.9| 
                                                           dL:  113.74
                                                           dm:   46.08
                                                           dx:    1.22
Iteration 03
	model frequencies (percent)
	model 1: 0.0| model 2: 4.1| model 3: 5.1| model 4: 28.3| model 5: 62.5| 
                                                           dL:   -1.26
                                                           dm:    8.54
                                                           dx:    0.49
Iteration 04
	model frequencies (percent)
	model 1: 0.0| model 2: 2.9| model 3: 4.9| model 4: 25.5| model 5: 66.8| 
                                                           dL:   -6.25
                                                           dm:    4.29
                                                           dx:    0.23
Iteration 05
	model frequencies (percent)
	model 1: 0.0| model 2: 1.9| model 3: 5.3| model 4: 24.0| model 5: 68.7| 
                                                           dL:   -5.08
                                                           dm:    1.99
                                                           dx:    0.05
Iteration 06
	model frequencies (percent)
	model 1: 0.0| model 2: 1.2| model 3: 6.0| model 4: 23.5| model 5: 69.3| 
                                                           dL:   -3.63
                                                           dm:    0.58
                                                           dx:    0.04
Iteration 07
	model frequencies (percent)
	model 1: 0.0| model 2: 0.7| model 3: 6.5| model 4: 23.8| model 5: 69.1| 
                                                           dL:   -2.52
                                                           dm:    0.27
                                                           dx:    0.04
Iteration 08
	model frequencies (percent)
	model 1: 0.0| model 2: 0.4| model 3: 6.8| model 4: 24.6| model 5: 68.2| 
                                                           dL:   -1.67
                                                           dm:    0.82
                                                           dx:    0.04
Iteration 09
	model frequencies (percent)
	model 1: 0.0| model 2: 0.2| model 3: 7.0| model 4: 25.7| model 5: 67.0| 
                                                           dL:   -0.97
                                                           dm:    1.19
                                                           dx:    0.08
Iteration 10
	model frequencies (percent)
	model 1: 0.0| model 2: 0.1| model 3: 7.2| model 4: 27.1| model 5: 65.7| 
                                                           dL:   -0.49
                                                           dm:    1.38
                                                           dx:    0.18
Iteration 11
	model frequencies (percent)
	model 1: 0.0| model 2: 0.0| model 3: 7.2| model 4: 28.5| model 5: 64.3| 
                                                           dL:   -0.44
                                                           dm:    1.42
                                                           dx:    0.21
Iteration 12
	model frequencies (percent)
	model 1: 0.0| model 2: 0.0| model 3: 7.2| model 4: 29.8| model 5: 62.9| 
                                                           dL:   -0.33
                                                           dm:    1.34
                                                           dx:    0.09
Iteration 13
	model frequencies (percent)
	model 1: 0.0| model 2: 0.0| model 3: 7.2| model 4: 31.0| model 5: 61.7| 
                                                           dL:   -0.20
                                                           dm:    1.18
                                                           dx:    0.02
Iteration 14
	model frequencies (percent)
	model 1: 0.0| model 2: 0.0| model 3: 7.2| model 4: 32.0| model 5: 60.7| 
                                                           dL:   -0.14
                                                           dm:    1.00
                                                           dx:    0.01
Iteration 15
	model frequencies (percent)
	model 1: 0.0| model 2: 0.0| model 3: 7.2| model 4: 32.9| model 5: 59.9| 
                                                           dL:   -0.12
                                                           dm:    0.83
                                                           dx:    0.01
                                                          Converged :]
