cbm_hbi_hbi                                       09-May-2023 05:33:24
Running hierarchical bayesian inference (HBI)...

HBI has been initialized according to
	DynArb/sim_fit_baseline_it_10.mat [for model 1]
	DynArb/sim_fit_im_it_10.mat [for model 2]
	DynArb/sim_fit_em_it_10.mat [for model 3]
	DynArb/sim_fit_fixarb_it_10.mat [for model 4]
	DynArb/sim_fit_dynarb_it_10.mat [for model 5]
 
Number of samples: 100
Number of models: 5
======================================================================
Iteration 01
Iteration 02
	model frequencies (percent)
	model 1: 0.3| model 2: 6.2| model 3: 7.0| model 4: 33.3| model 5: 53.1| 
                                                           dL:  112.21
                                                           dm:   46.87
                                                           dx:    1.50
Iteration 03
	model frequencies (percent)
	model 1: 0.0| model 2: 4.5| model 3: 5.0| model 4: 30.4| model 5: 60.1| 
                                                           dL:    3.24
                                                           dm:    6.97
                                                           dx:    0.41
Iteration 04
	model frequencies (percent)
	model 1: 0.0| model 2: 3.8| model 3: 5.1| model 4: 28.2| model 5: 62.9| 
                                                           dL:   -4.54
                                                           dm:    2.84
                                                           dx:    0.87
Iteration 05
	model frequencies (percent)
	model 1: 0.0| model 2: 3.2| model 3: 5.8| model 4: 26.8| model 5: 64.2| 
                                                           dL:   -3.72
                                                           dm:    1.28
                                                           dx:    0.06
Iteration 06
	model frequencies (percent)
	model 1: 0.0| model 2: 2.7| model 3: 6.5| model 4: 25.9| model 5: 64.8| 
                                                           dL:   -2.66
                                                           dm:    0.62
                                                           dx:    0.04
Iteration 07
	model frequencies (percent)
	model 1: 0.0| model 2: 2.3| model 3: 7.0| model 4: 25.5| model 5: 65.2| 
                                                           dL:   -1.83
                                                           dm:    0.34
                                                           dx:    0.04
Iteration 08
	model frequencies (percent)
	model 1: 0.0| model 2: 1.8| model 3: 7.4| model 4: 25.4| model 5: 65.4| 
                                                           dL:   -1.23
                                                           dm:    0.20
                                                           dx:    0.04
Iteration 09
	model frequencies (percent)
	model 1: 0.0| model 2: 1.3| model 3: 7.7| model 4: 25.5| model 5: 65.5| 
                                                           dL:   -0.80
                                                           dm:    0.11
                                                           dx:    0.03
Iteration 10
	model frequencies (percent)
	model 1: 0.0| model 2: 0.9| model 3: 7.8| model 4: 25.8| model 5: 65.5| 
                                                           dL:   -0.47
                                                           dm:    0.04
                                                           dx:    0.03
Iteration 11
	model frequencies (percent)
	model 1: 0.0| model 2: 0.5| model 3: 7.9| model 4: 26.1| model 5: 65.5| 
                                                           dL:   -0.21
                                                           dm:    0.05
                                                           dx:    0.03
Iteration 12
	model frequencies (percent)
	model 1: 0.0| model 2: 0.2| model 3: 8.0| model 4: 26.5| model 5: 65.3| 
                                                           dL:    0.05
                                                           dm:    0.16
                                                           dx:    0.07
Iteration 13
	model frequencies (percent)
	model 1: 0.0| model 2: 0.1| model 3: 8.0| model 4: 26.9| model 5: 65.0| 
                                                           dL:    0.34
                                                           dm:    0.29
                                                           dx:    0.19
Iteration 14
	model frequencies (percent)
	model 1: 0.0| model 2: 0.0| model 3: 8.0| model 4: 27.4| model 5: 64.6| 
                                                           dL:   -0.00
                                                           dm:    0.39
                                                           dx:    0.30
Iteration 15
	model frequencies (percent)
	model 1: 0.0| model 2: 0.0| model 3: 8.0| model 4: 27.8| model 5: 64.2| 
                                                           dL:   -0.21
                                                           dm:    0.44
                                                           dx:    0.15
Iteration 16
	model frequencies (percent)
	model 1: 0.0| model 2: 0.0| model 3: 7.9| model 4: 28.3| model 5: 63.8| 
                                                           dL:   -0.17
                                                           dm:    0.45
                                                           dx:    0.01
Iteration 17
	model frequencies (percent)
	model 1: 0.0| model 2: 0.0| model 3: 7.9| model 4: 28.8| model 5: 63.3| 
                                                           dL:   -0.14
                                                           dm:    0.45
                                                           dx:    0.01
                                                          Converged :]
