cbm_hbi_hbi                                       09-May-2023 04:28:22
Running hierarchical bayesian inference (HBI)...

HBI has been initialized according to
	DynArb/sim_fit_baseline_it_3.mat [for model 1]
	DynArb/sim_fit_im_it_3.mat [for model 2]
	DynArb/sim_fit_em_it_3.mat [for model 3]
	DynArb/sim_fit_fixarb_it_3.mat [for model 4]
	DynArb/sim_fit_dynarb_it_3.mat [for model 5]
 
Number of samples: 100
Number of models: 5
======================================================================
Iteration 01
Iteration 02
	model frequencies (percent)
	model 1: 0.0| model 2: 6.1| model 3: 7.6| model 4: 32.5| model 5: 53.8| 
                                                           dL:  113.10
                                                           dm:   46.17
                                                           dx:    1.09
Iteration 03
	model frequencies (percent)
	model 1: 0.0| model 2: 4.3| model 3: 5.2| model 4: 29.7| model 5: 60.8| 
                                                           dL:   -2.85
                                                           dm:    7.00
                                                           dx:    0.46
Iteration 04
	model frequencies (percent)
	model 1: 0.0| model 2: 3.6| model 3: 5.1| model 4: 27.2| model 5: 64.1| 
                                                           dL:   -5.70
                                                           dm:    3.27
                                                           dx:    0.13
Iteration 05
	model frequencies (percent)
	model 1: 0.0| model 2: 3.1| model 3: 5.5| model 4: 25.6| model 5: 65.8| 
                                                           dL:   -4.27
                                                           dm:    1.67
                                                           dx:    0.07
Iteration 06
	model frequencies (percent)
	model 1: 0.0| model 2: 2.6| model 3: 6.0| model 4: 25.0| model 5: 66.5| 
                                                           dL:   -2.75
                                                           dm:    0.74
                                                           dx:    0.06
Iteration 07
	model frequencies (percent)
	model 1: 0.0| model 2: 2.1| model 3: 6.2| model 4: 25.0| model 5: 66.7| 
                                                           dL:   -1.61
                                                           dm:    0.17
                                                           dx:    0.06
Iteration 08
	model frequencies (percent)
	model 1: 0.0| model 2: 1.6| model 3: 6.4| model 4: 25.5| model 5: 66.5| 
                                                           dL:   -0.88
                                                           dm:    0.19
                                                           dx:    0.05
Iteration 09
	model frequencies (percent)
	model 1: 0.0| model 2: 1.2| model 3: 6.4| model 4: 26.3| model 5: 66.1| 
                                                           dL:   -0.45
                                                           dm:    0.42
                                                           dx:    0.05
Iteration 10
	model frequencies (percent)
	model 1: 0.0| model 2: 0.8| model 3: 6.4| model 4: 27.3| model 5: 65.5| 
                                                           dL:   -0.21
                                                           dm:    0.57
                                                           dx:    0.05
Iteration 11
	model frequencies (percent)
	model 1: 0.0| model 2: 0.4| model 3: 6.4| model 4: 28.3| model 5: 64.8| 
                                                           dL:   -0.02
                                                           dm:    0.68
                                                           dx:    0.05
Iteration 12
	model frequencies (percent)
	model 1: 0.0| model 2: 0.2| model 3: 6.4| model 4: 29.4| model 5: 64.0| 
                                                           dL:    0.14
                                                           dm:    0.78
                                                           dx:    0.08
Iteration 13
	model frequencies (percent)
	model 1: 0.0| model 2: 0.1| model 3: 6.3| model 4: 30.4| model 5: 63.2| 
                                                           dL:    0.17
                                                           dm:    0.85
                                                           dx:    0.13
Iteration 14
	model frequencies (percent)
	model 1: 0.0| model 2: 0.0| model 3: 6.3| model 4: 31.3| model 5: 62.3| 
                                                           dL:   -0.18
                                                           dm:    0.87
                                                           dx:    0.19
Iteration 15
	model frequencies (percent)
	model 1: 0.0| model 2: 0.0| model 3: 6.3| model 4: 32.2| model 5: 61.5| 
                                                           dL:   -0.32
                                                           dm:    0.85
                                                           dx:    0.10
Iteration 16
	model frequencies (percent)
	model 1: 0.0| model 2: 0.0| model 3: 6.3| model 4: 33.0| model 5: 60.7| 
                                                           dL:   -0.32
                                                           dm:    0.80
                                                           dx:    0.02
Iteration 17
	model frequencies (percent)
	model 1: 0.0| model 2: 0.0| model 3: 6.3| model 4: 33.8| model 5: 59.9| 
                                                           dL:   -0.31
                                                           dm:    0.74
                                                           dx:    0.01
                                                          Converged :]
