cbm_hbi_hbi                                       09-May-2023 04:46:57
Running hierarchical bayesian inference (HBI)...

HBI has been initialized according to
	DynArb/sim_fit_baseline_it_5.mat [for model 1]
	DynArb/sim_fit_im_it_5.mat [for model 2]
	DynArb/sim_fit_em_it_5.mat [for model 3]
	DynArb/sim_fit_fixarb_it_5.mat [for model 4]
	DynArb/sim_fit_dynarb_it_5.mat [for model 5]
 
Number of samples: 100
Number of models: 5
======================================================================
Iteration 01
Iteration 02
	model frequencies (percent)
	model 1: 0.1| model 2: 6.6| model 3: 7.2| model 4: 33.6| model 5: 52.5| 
                                                           dL:  112.15
                                                           dm:   47.50
                                                           dx:    1.24
Iteration 03
	model frequencies (percent)
	model 1: 0.0| model 2: 5.0| model 3: 5.1| model 4: 30.6| model 5: 59.3| 
                                                           dL:   -0.95
                                                           dm:    6.77
                                                           dx:    0.50
Iteration 04
	model frequencies (percent)
	model 1: 0.0| model 2: 4.6| model 3: 5.0| model 4: 28.0| model 5: 62.5| 
                                                           dL:   -5.42
                                                           dm:    3.22
                                                           dx:    0.22
Iteration 05
	model frequencies (percent)
	model 1: 0.0| model 2: 4.3| model 3: 5.4| model 4: 26.1| model 5: 64.1| 
                                                           dL:   -4.49
                                                           dm:    1.64
                                                           dx:    0.07
Iteration 06
	model frequencies (percent)
	model 1: 0.0| model 2: 4.2| model 3: 6.0| model 4: 24.9| model 5: 64.9| 
                                                           dL:   -3.32
                                                           dm:    0.76
                                                           dx:    0.05
Iteration 07
	model frequencies (percent)
	model 1: 0.0| model 2: 4.1| model 3: 6.4| model 4: 24.2| model 5: 65.2| 
                                                           dL:   -2.43
                                                           dm:    0.28
                                                           dx:    0.04
Iteration 08
	model frequencies (percent)
	model 1: 0.0| model 2: 4.2| model 3: 6.8| model 4: 23.9| model 5: 65.2| 
                                                           dL:   -1.81
                                                           dm:    0.03
                                                           dx:    0.03
Iteration 09
	model frequencies (percent)
	model 1: 0.0| model 2: 4.3| model 3: 7.0| model 4: 23.8| model 5: 64.9| 
                                                           dL:   -1.39
                                                           dm:    0.25
                                                           dx:    0.03
Iteration 10
	model frequencies (percent)
	model 1: 0.0| model 2: 4.4| model 3: 7.2| model 4: 23.9| model 5: 64.5| 
                                                           dL:   -1.09
                                                           dm:    0.41
                                                           dx:    0.03
Iteration 11
	model frequencies (percent)
	model 1: 0.0| model 2: 4.6| model 3: 7.3| model 4: 24.1| model 5: 64.0| 
                                                           dL:   -0.85
                                                           dm:    0.54
                                                           dx:    0.02
Iteration 12
	model frequencies (percent)
	model 1: 0.0| model 2: 4.8| model 3: 7.4| model 4: 24.4| model 5: 63.3| 
                                                           dL:   -0.66
                                                           dm:    0.63
                                                           dx:    0.02
Iteration 13
	model frequencies (percent)
	model 1: 0.0| model 2: 5.1| model 3: 7.5| model 4: 24.8| model 5: 62.6| 
                                                           dL:   -0.49
                                                           dm:    0.68
                                                           dx:    0.02
Iteration 14
	model frequencies (percent)
	model 1: 0.0| model 2: 5.3| model 3: 7.6| model 4: 25.2| model 5: 61.9| 
                                                           dL:   -0.36
                                                           dm:    0.71
                                                           dx:    0.01
Iteration 15
	model frequencies (percent)
	model 1: 0.0| model 2: 5.6| model 3: 7.6| model 4: 25.6| model 5: 61.2| 
                                                           dL:   -0.25
                                                           dm:    0.70
                                                           dx:    0.01
Iteration 16
	model frequencies (percent)
	model 1: 0.0| model 2: 5.9| model 3: 7.6| model 4: 26.0| model 5: 60.6| 
                                                           dL:   -0.17
                                                           dm:    0.68
                                                           dx:    0.01
Iteration 17
	model frequencies (percent)
	model 1: 0.0| model 2: 6.1| model 3: 7.6| model 4: 26.3| model 5: 59.9| 
                                                           dL:   -0.12
                                                           dm:    0.64
                                                           dx:    0.01
                                                          Converged :]
