cbm_hbi_hbi                                       09-May-2023 05:14:53
Running hierarchical bayesian inference (HBI)...

HBI has been initialized according to
	DynArb/sim_fit_baseline_it_8.mat [for model 1]
	DynArb/sim_fit_im_it_8.mat [for model 2]
	DynArb/sim_fit_em_it_8.mat [for model 3]
	DynArb/sim_fit_fixarb_it_8.mat [for model 4]
	DynArb/sim_fit_dynarb_it_8.mat [for model 5]
 
Number of samples: 100
Number of models: 5
======================================================================
Iteration 01
Iteration 02
	model frequencies (percent)
	model 1: 0.2| model 2: 6.0| model 3: 8.1| model 4: 29.8| model 5: 55.9| 
                                                           dL:  112.59
                                                           dm:   44.08
                                                           dx:    1.35
Iteration 03
	model frequencies (percent)
	model 1: 0.0| model 2: 4.5| model 3: 5.7| model 4: 24.2| model 5: 65.5| 
                                                           dL:    1.78
                                                           dm:    9.60
                                                           dx:    0.59
Iteration 04
	model frequencies (percent)
	model 1: 0.0| model 2: 4.0| model 3: 5.5| model 4: 19.5| model 5: 71.1| 
                                                           dL:   -5.68
                                                           dm:    5.55
                                                           dx:    0.37
Iteration 05
	model frequencies (percent)
	model 1: 0.0| model 2: 3.5| model 3: 6.0| model 4: 15.8| model 5: 74.7| 
                                                           dL:   -5.16
                                                           dm:    3.64
                                                           dx:    0.07
Iteration 06
	model frequencies (percent)
	model 1: 0.0| model 2: 3.1| model 3: 6.7| model 4: 12.9| model 5: 77.3| 
                                                           dL:   -3.92
                                                           dm:    2.58
                                                           dx:    0.05
Iteration 07
	model frequencies (percent)
	model 1: 0.0| model 2: 2.8| model 3: 7.4| model 4: 10.4| model 5: 79.4| 
                                                           dL:   -2.72
                                                           dm:    2.12
                                                           dx:    0.04
Iteration 08
	model frequencies (percent)
	model 1: 0.0| model 2: 2.4| model 3: 7.9| model 4: 8.3| model 5: 81.3| 
                                                           dL:   -1.75
                                                           dm:    1.93
                                                           dx:    0.05
Iteration 09
	model frequencies (percent)
	model 1: 0.0| model 2: 2.0| model 3: 8.3| model 4: 6.5| model 5: 83.2| 
                                                           dL:   -1.00
                                                           dm:    1.86
                                                           dx:    0.05
Iteration 10
	model frequencies (percent)
	model 1: 0.0| model 2: 1.7| model 3: 8.6| model 4: 4.7| model 5: 85.0| 
                                                           dL:   -0.37
                                                           dm:    1.80
                                                           dx:    0.07
Iteration 11
	model frequencies (percent)
	model 1: 0.0| model 2: 1.3| model 3: 8.8| model 4: 3.2| model 5: 86.7| 
                                                           dL:    0.18
                                                           dm:    1.71
                                                           dx:    0.08
Iteration 12
	model frequencies (percent)
	model 1: 0.0| model 2: 0.9| model 3: 9.0| model 4: 1.9| model 5: 88.2| 
                                                           dL:    0.61
                                                           dm:    1.52
                                                           dx:    0.09
Iteration 13
	model frequencies (percent)
	model 1: 0.0| model 2: 0.6| model 3: 9.1| model 4: 0.9| model 5: 89.5| 
                                                           dL:    1.02
                                                           dm:    1.24
                                                           dx:    0.11
Iteration 14
	model frequencies (percent)
	model 1: 0.0| model 2: 0.3| model 3: 9.1| model 4: 0.3| model 5: 90.3| 
                                                           dL:    1.37
                                                           dm:    0.83
                                                           dx:    0.15
Iteration 15
	model frequencies (percent)
	model 1: 0.0| model 2: 0.1| model 3: 9.1| model 4: 0.1| model 5: 90.7| 
                                                           dL:    1.40
                                                           dm:    0.39
                                                           dx:    0.17
Iteration 16
	model frequencies (percent)
	model 1: 0.0| model 2: 0.1| model 3: 9.1| model 4: 0.0| model 5: 90.8| 
                                                           dL:    0.97
                                                           dm:    0.10
                                                           dx:    0.29
Iteration 17
	model frequencies (percent)
	model 1: 0.0| model 2: 0.0| model 3: 9.2| model 4: 0.0| model 5: 90.8| 
                                                           dL:   -0.19
                                                           dm:    0.01
                                                           dx:    0.52
Iteration 18
	model frequencies (percent)
	model 1: 0.0| model 2: 0.0| model 3: 9.2| model 4: 0.0| model 5: 90.8| 
                                                           dL:   -0.19
                                                           dm:    0.03
                                                           dx:    0.05
Iteration 19
	model frequencies (percent)
	model 1: 0.0| model 2: 0.0| model 3: 9.2| model 4: 0.0| model 5: 90.7| 
                                                           dL:   -0.16
                                                           dm:    0.03
                                                           dx:    0.01
                                                          Converged :]
