cbm_hbi_hbi                                       09-May-2023 05:24:30
Running hierarchical bayesian inference (HBI)...

HBI has been initialized according to
	DynArb/sim_fit_baseline_it_9.mat [for model 1]
	DynArb/sim_fit_im_it_9.mat [for model 2]
	DynArb/sim_fit_em_it_9.mat [for model 3]
	DynArb/sim_fit_fixarb_it_9.mat [for model 4]
	DynArb/sim_fit_dynarb_it_9.mat [for model 5]
 
Number of samples: 100
Number of models: 5
======================================================================
Iteration 01
Iteration 02
	model frequencies (percent)
	model 1: 0.0| model 2: 5.9| model 3: 8.3| model 4: 32.5| model 5: 53.2| 
                                                           dL:  109.75
                                                           dm:   46.80
                                                           dx:    1.17
Iteration 03
	model frequencies (percent)
	model 1: 0.0| model 2: 3.9| model 3: 5.9| model 4: 28.6| model 5: 61.6| 
                                                           dL:    1.22
                                                           dm:    8.43
                                                           dx:    0.43
Iteration 04
	model frequencies (percent)
	model 1: 0.0| model 2: 2.8| model 3: 5.7| model 4: 24.2| model 5: 67.4| 
                                                           dL:   -4.82
                                                           dm:    5.75
                                                           dx:    0.16
Iteration 05
	model frequencies (percent)
	model 1: 0.0| model 2: 1.9| model 3: 6.3| model 4: 20.7| model 5: 71.1| 
                                                           dL:   -4.56
                                                           dm:    3.77
                                                           dx:    0.06
Iteration 06
	model frequencies (percent)
	model 1: 0.0| model 2: 1.2| model 3: 7.2| model 4: 18.2| model 5: 73.5| 
                                                           dL:   -3.52
                                                           dm:    2.34
                                                           dx:    0.05
Iteration 07
	model frequencies (percent)
	model 1: 0.0| model 2: 0.6| model 3: 8.0| model 4: 16.4| model 5: 75.0| 
                                                           dL:   -2.54
                                                           dm:    1.53
                                                           dx:    0.05
Iteration 08
	model frequencies (percent)
	model 1: 0.0| model 2: 0.3| model 3: 8.6| model 4: 15.0| model 5: 76.1| 
                                                           dL:   -1.73
                                                           dm:    1.04
                                                           dx:    0.06
Iteration 09
	model frequencies (percent)
	model 1: 0.0| model 2: 0.1| model 3: 9.1| model 4: 14.1| model 5: 76.8| 
                                                           dL:   -1.10
                                                           dm:    0.71
                                                           dx:    0.08
Iteration 10
	model frequencies (percent)
	model 1: 0.0| model 2: 0.0| model 3: 9.4| model 4: 13.3| model 5: 77.3| 
                                                           dL:   -1.00
                                                           dm:    0.51
                                                           dx:    0.19
Iteration 11
	model frequencies (percent)
	model 1: 0.0| model 2: 0.0| model 3: 9.6| model 4: 12.7| model 5: 77.7| 
                                                           dL:   -1.00
                                                           dm:    0.39
                                                           dx:    0.18
Iteration 12
	model frequencies (percent)
	model 1: 0.0| model 2: 0.0| model 3: 9.7| model 4: 12.3| model 5: 78.0| 
                                                           dL:   -0.81
                                                           dm:    0.32
                                                           dx:    0.04
Iteration 13
	model frequencies (percent)
	model 1: 0.0| model 2: 0.0| model 3: 9.8| model 4: 11.9| model 5: 78.3| 
                                                           dL:   -0.65
                                                           dm:    0.28
                                                           dx:    0.01
Iteration 14
	model frequencies (percent)
	model 1: 0.0| model 2: 0.0| model 3: 9.9| model 4: 11.6| model 5: 78.5| 
                                                           dL:   -0.53
                                                           dm:    0.25
                                                           dx:    0.01
Iteration 15
	model frequencies (percent)
	model 1: 0.0| model 2: 0.0| model 3: 9.9| model 4: 11.3| model 5: 78.7| 
                                                           dL:   -0.42
                                                           dm:    0.24
                                                           dx:    0.01
                                                          Converged :]
