cbm_hbi_hbi                                       09-May-2023 04:19:44
Running hierarchical bayesian inference (HBI)...

HBI has been initialized according to
	DynArb/sim_fit_baseline_it_2.mat [for model 1]
	DynArb/sim_fit_im_it_2.mat [for model 2]
	DynArb/sim_fit_em_it_2.mat [for model 3]
	DynArb/sim_fit_fixarb_it_2.mat [for model 4]
	DynArb/sim_fit_dynarb_it_2.mat [for model 5]
 
Number of samples: 100
Number of models: 5
======================================================================
Iteration 01
Iteration 02
	model frequencies (percent)
	model 1: 0.1| model 2: 6.2| model 3: 7.0| model 4: 33.5| model 5: 53.2| 
                                                           dL:  113.18
                                                           dm:   46.82
                                                           dx:    1.07
Iteration 03
	model frequencies (percent)
	model 1: 0.0| model 2: 3.5| model 3: 4.6| model 4: 30.6| model 5: 61.3| 
                                                           dL:    1.23
                                                           dm:    8.13
                                                           dx:    0.46
Iteration 04
	model frequencies (percent)
	model 1: 0.0| model 2: 2.2| model 3: 4.2| model 4: 28.0| model 5: 65.6| 
                                                           dL:   -4.28
                                                           dm:    4.28
                                                           dx:    0.22
Iteration 05
	model frequencies (percent)
	model 1: 0.0| model 2: 1.3| model 3: 4.4| model 4: 26.1| model 5: 68.2| 
                                                           dL:   -3.51
                                                           dm:    2.58
                                                           dx:    0.07
Iteration 06
	model frequencies (percent)
	model 1: 0.0| model 2: 0.7| model 3: 4.8| model 4: 24.9| model 5: 69.6| 
                                                           dL:   -2.36
                                                           dm:    1.46
                                                           dx:    0.08
Iteration 07
	model frequencies (percent)
	model 1: 0.0| model 2: 0.3| model 3: 5.1| model 4: 24.2| model 5: 70.3| 
                                                           dL:   -1.45
                                                           dm:    0.69
                                                           dx:    0.09
Iteration 08
	model frequencies (percent)
	model 1: 0.0| model 2: 0.1| model 3: 5.4| model 4: 24.0| model 5: 70.5| 
                                                           dL:   -0.84
                                                           dm:    0.14
                                                           dx:    0.08
Iteration 09
	model frequencies (percent)
	model 1: 0.0| model 2: 0.1| model 3: 5.7| model 4: 24.0| model 5: 70.3| 
                                                           dL:   -0.78
                                                           dm:    0.20
                                                           dx:    0.16
Iteration 10
	model frequencies (percent)
	model 1: 0.0| model 2: 0.1| model 3: 5.9| model 4: 24.2| model 5: 69.9| 
                                                           dL:   -0.70
                                                           dm:    0.41
                                                           dx:    0.12
Iteration 11
	model frequencies (percent)
	model 1: 0.0| model 2: 0.0| model 3: 6.0| model 4: 24.6| model 5: 69.3| 
                                                           dL:   -0.49
                                                           dm:    0.53
                                                           dx:    0.04
Iteration 12
	model frequencies (percent)
	model 1: 0.0| model 2: 0.0| model 3: 6.1| model 4: 25.1| model 5: 68.7| 
                                                           dL:   -0.33
                                                           dm:    0.59
                                                           dx:    0.02
Iteration 13
	model frequencies (percent)
	model 1: 0.0| model 2: 0.0| model 3: 6.2| model 4: 25.7| model 5: 68.1| 
                                                           dL:   -0.20
                                                           dm:    0.61
                                                           dx:    0.01
Iteration 14
	model frequencies (percent)
	model 1: 0.0| model 2: 0.0| model 3: 6.2| model 4: 26.2| model 5: 67.5| 
                                                           dL:   -0.11
                                                           dm:    0.60
                                                           dx:    0.01
                                                          Converged :]
