cbm_hbi_hbi                                       09-May-2023 04:37:45
Running hierarchical bayesian inference (HBI)...

HBI has been initialized according to
	DynArb/sim_fit_baseline_it_4.mat [for model 1]
	DynArb/sim_fit_im_it_4.mat [for model 2]
	DynArb/sim_fit_em_it_4.mat [for model 3]
	DynArb/sim_fit_fixarb_it_4.mat [for model 4]
	DynArb/sim_fit_dynarb_it_4.mat [for model 5]
 
Number of samples: 100
Number of models: 5
======================================================================
Iteration 01
Iteration 02
	model frequencies (percent)
	model 1: 0.1| model 2: 6.9| model 3: 7.6| model 4: 33.0| model 5: 52.4| 
                                                           dL:  112.81
                                                           dm:   47.65
                                                           dx:    1.22
Iteration 03
	model frequencies (percent)
	model 1: 0.0| model 2: 5.1| model 3: 6.0| model 4: 30.0| model 5: 59.0| 
                                                           dL:    0.19
                                                           dm:    6.62
                                                           dx:    0.55
Iteration 04
	model frequencies (percent)
	model 1: 0.0| model 2: 4.4| model 3: 6.7| model 4: 27.7| model 5: 61.2| 
                                                           dL:   -4.32
                                                           dm:    2.23
                                                           dx:    0.30
Iteration 05
	model frequencies (percent)
	model 1: 0.0| model 2: 4.0| model 3: 7.8| model 4: 26.7| model 5: 61.5| 
                                                           dL:   -3.48
                                                           dm:    0.33
                                                           dx:    0.11
Iteration 06
	model frequencies (percent)
	model 1: 0.0| model 2: 3.8| model 3: 8.5| model 4: 26.6| model 5: 61.1| 
                                                           dL:   -2.47
                                                           dm:    0.45
                                                           dx:    0.08
Iteration 07
	model frequencies (percent)
	model 1: 0.0| model 2: 3.8| model 3: 8.8| model 4: 27.1| model 5: 60.3| 
                                                           dL:   -1.62
                                                           dm:    0.82
                                                           dx:    0.07
Iteration 08
	model frequencies (percent)
	model 1: 0.0| model 2: 3.8| model 3: 9.1| model 4: 27.9| model 5: 59.3| 
                                                           dL:   -1.02
                                                           dm:    0.99
                                                           dx:    0.05
Iteration 09
	model frequencies (percent)
	model 1: 0.0| model 2: 3.9| model 3: 9.2| model 4: 28.7| model 5: 58.2| 
                                                           dL:   -0.65
                                                           dm:    1.05
                                                           dx:    0.04
Iteration 10
	model frequencies (percent)
	model 1: 0.0| model 2: 4.0| model 3: 9.3| model 4: 29.6| model 5: 57.1| 
                                                           dL:   -0.40
                                                           dm:    1.08
                                                           dx:    0.03
Iteration 11
	model frequencies (percent)
	model 1: 0.0| model 2: 4.3| model 3: 9.3| model 4: 30.4| model 5: 56.1| 
                                                           dL:   -0.27
                                                           dm:    1.07
                                                           dx:    0.03
Iteration 12
	model frequencies (percent)
	model 1: 0.0| model 2: 4.5| model 3: 9.4| model 4: 31.1| model 5: 55.0| 
                                                           dL:   -0.19
                                                           dm:    1.06
                                                           dx:    0.02
Iteration 13
	model frequencies (percent)
	model 1: 0.0| model 2: 4.8| model 3: 9.4| model 4: 31.8| model 5: 54.0| 
                                                           dL:   -0.14
                                                           dm:    1.04
                                                           dx:    0.02
Iteration 14
	model frequencies (percent)
	model 1: 0.0| model 2: 5.2| model 3: 9.4| model 4: 32.5| model 5: 52.9| 
                                                           dL:   -0.07
                                                           dm:    1.02
                                                           dx:    0.01
Iteration 15
	model frequencies (percent)
	model 1: 0.0| model 2: 5.6| model 3: 9.4| model 4: 33.0| model 5: 52.0| 
                                                           dL:   -0.00
                                                           dm:    0.99
                                                           dx:    0.01
Iteration 16
	model frequencies (percent)
	model 1: 0.0| model 2: 5.9| model 3: 9.5| model 4: 33.6| model 5: 51.0| 
                                                           dL:    0.07
                                                           dm:    0.94
                                                           dx:    0.01
                                                          Converged :]
