cbm_hbi_hbi                                       09-May-2023 05:05:52
Running hierarchical bayesian inference (HBI)...

HBI has been initialized according to
	DynArb/sim_fit_baseline_it_7.mat [for model 1]
	DynArb/sim_fit_im_it_7.mat [for model 2]
	DynArb/sim_fit_em_it_7.mat [for model 3]
	DynArb/sim_fit_fixarb_it_7.mat [for model 4]
	DynArb/sim_fit_dynarb_it_7.mat [for model 5]
 
Number of samples: 100
Number of models: 5
======================================================================
Iteration 01
Iteration 02
	model frequencies (percent)
	model 1: 0.2| model 2: 5.8| model 3: 8.0| model 4: 31.6| model 5: 54.4| 
                                                           dL:  108.78
                                                           dm:   45.59
                                                           dx:    1.36
Iteration 03
	model frequencies (percent)
	model 1: 0.0| model 2: 3.6| model 3: 6.2| model 4: 27.7| model 5: 62.5| 
                                                           dL:    1.22
                                                           dm:    8.08
                                                           dx:    0.43
Iteration 04
	model frequencies (percent)
	model 1: 0.0| model 2: 2.3| model 3: 6.4| model 4: 24.4| model 5: 66.9| 
                                                           dL:   -4.72
                                                           dm:    4.38
                                                           dx:    0.42
Iteration 05
	model frequencies (percent)
	model 1: 0.0| model 2: 1.3| model 3: 7.3| model 4: 21.9| model 5: 69.5| 
                                                           dL:   -3.98
                                                           dm:    2.62
                                                           dx:    0.06
Iteration 06
	model frequencies (percent)
	model 1: 0.0| model 2: 0.7| model 3: 8.3| model 4: 20.1| model 5: 71.0| 
                                                           dL:   -2.97
                                                           dm:    1.48
                                                           dx:    0.05
Iteration 07
	model frequencies (percent)
	model 1: 0.0| model 2: 0.3| model 3: 9.2| model 4: 18.8| model 5: 71.7| 
                                                           dL:   -2.17
                                                           dm:    0.75
                                                           dx:    0.05
Iteration 08
	model frequencies (percent)
	model 1: 0.0| model 2: 0.1| model 3: 9.9| model 4: 18.0| model 5: 72.0| 
                                                           dL:   -1.53
                                                           dm:    0.27
                                                           dx:    0.07
Iteration 09
	model frequencies (percent)
	model 1: 0.0| model 2: 0.0| model 3: 10.5| model 4: 17.5| model 5: 72.0| 
                                                           dL:   -1.36
                                                           dm:    0.04
                                                           dx:    0.25
Iteration 10
	model frequencies (percent)
	model 1: 0.0| model 2: 0.0| model 3: 11.0| model 4: 17.3| model 5: 71.7| 
                                                           dL:   -1.34
                                                           dm:    0.24
                                                           dx:    0.22
Iteration 11
	model frequencies (percent)
	model 1: 0.0| model 2: 0.0| model 3: 11.3| model 4: 17.3| model 5: 71.4| 
                                                           dL:   -1.09
                                                           dm:    0.36
                                                           dx:    0.04
Iteration 12
	model frequencies (percent)
	model 1: 0.0| model 2: 0.0| model 3: 11.6| model 4: 17.5| model 5: 70.9| 
                                                           dL:   -0.87
                                                           dm:    0.46
                                                           dx:    0.02
Iteration 13
	model frequencies (percent)
	model 1: 0.0| model 2: 0.0| model 3: 11.9| model 4: 17.8| model 5: 70.4| 
                                                           dL:   -0.68
                                                           dm:    0.53
                                                           dx:    0.02
Iteration 14
	model frequencies (percent)
	model 1: 0.0| model 2: 0.0| model 3: 12.1| model 4: 18.2| model 5: 69.8| 
                                                           dL:   -0.52
                                                           dm:    0.59
                                                           dx:    0.01
Iteration 15
	model frequencies (percent)
	model 1: 0.0| model 2: 0.0| model 3: 12.2| model 4: 18.6| model 5: 69.1| 
                                                           dL:   -0.37
                                                           dm:    0.63
                                                           dx:    0.01
Iteration 16
	model frequencies (percent)
	model 1: 0.0| model 2: 0.0| model 3: 12.3| model 4: 19.2| model 5: 68.5| 
                                                           dL:   -0.26
                                                           dm:    0.65
                                                           dx:    0.01
                                                          Converged :]
