cbm_hbi_hbi                                       09-May-2023 04:56:20
Running hierarchical bayesian inference (HBI)...

HBI has been initialized according to
	DynArb/sim_fit_baseline_it_6.mat [for model 1]
	DynArb/sim_fit_im_it_6.mat [for model 2]
	DynArb/sim_fit_em_it_6.mat [for model 3]
	DynArb/sim_fit_fixarb_it_6.mat [for model 4]
	DynArb/sim_fit_dynarb_it_6.mat [for model 5]
 
Number of samples: 100
Number of models: 5
======================================================================
Iteration 01
Iteration 02
	model frequencies (percent)
	model 1: 0.0| model 2: 5.8| model 3: 6.9| model 4: 32.7| model 5: 54.6| 
                                                           dL:  119.69
                                                           dm:   45.39
                                                           dx:    1.16
Iteration 03
	model frequencies (percent)
	model 1: 0.0| model 2: 3.4| model 3: 5.1| model 4: 30.0| model 5: 61.5| 
                                                           dL:   -1.15
                                                           dm:    6.89
                                                           dx:    0.41
Iteration 04
	model frequencies (percent)
	model 1: 0.0| model 2: 2.3| model 3: 5.5| model 4: 28.4| model 5: 63.9| 
                                                           dL:   -4.66
                                                           dm:    2.38
                                                           dx:    0.11
Iteration 05
	model frequencies (percent)
	model 1: 0.0| model 2: 1.6| model 3: 6.2| model 4: 27.8| model 5: 64.4| 
                                                           dL:   -3.85
                                                           dm:    0.48
                                                           dx:    0.09
Iteration 06
	model frequencies (percent)
	model 1: 0.0| model 2: 1.1| model 3: 6.8| model 4: 28.0| model 5: 64.1| 
                                                           dL:   -2.99
                                                           dm:    0.24
                                                           dx:    0.07
Iteration 07
	model frequencies (percent)
	model 1: 0.0| model 2: 0.8| model 3: 7.2| model 4: 28.4| model 5: 63.6| 
                                                           dL:   -2.28
                                                           dm:    0.55
                                                           dx:    0.05
Iteration 08
	model frequencies (percent)
	model 1: 0.0| model 2: 0.6| model 3: 7.4| model 4: 29.1| model 5: 62.9| 
                                                           dL:   -1.75
                                                           dm:    0.71
                                                           dx:    0.04
Iteration 09
	model frequencies (percent)
	model 1: 0.0| model 2: 0.5| model 3: 7.6| model 4: 29.8| model 5: 62.1| 
                                                           dL:   -1.35
                                                           dm:    0.77
                                                           dx:    0.05
Iteration 10
	model frequencies (percent)
	model 1: 0.0| model 2: 0.4| model 3: 7.7| model 4: 30.6| model 5: 61.3| 
                                                           dL:   -1.04
                                                           dm:    0.77
                                                           dx:    0.07
Iteration 11
	model frequencies (percent)
	model 1: 0.0| model 2: 0.3| model 3: 7.8| model 4: 31.3| model 5: 60.6| 
                                                           dL:   -0.81
                                                           dm:    0.74
                                                           dx:    0.08
Iteration 12
	model frequencies (percent)
	model 1: 0.0| model 2: 0.2| model 3: 7.9| model 4: 32.0| model 5: 59.9| 
                                                           dL:   -0.67
                                                           dm:    0.69
                                                           dx:    0.08
Iteration 13
	model frequencies (percent)
	model 1: 0.0| model 2: 0.2| model 3: 7.9| model 4: 32.6| model 5: 59.3| 
                                                           dL:   -0.58
                                                           dm:    0.64
                                                           dx:    0.06
Iteration 14
	model frequencies (percent)
	model 1: 0.0| model 2: 0.2| model 3: 8.0| model 4: 33.2| model 5: 58.7| 
                                                           dL:   -0.49
                                                           dm:    0.59
                                                           dx:    0.04
Iteration 15
	model frequencies (percent)
	model 1: 0.0| model 2: 0.1| model 3: 8.0| model 4: 33.7| model 5: 58.2| 
                                                           dL:   -0.40
                                                           dm:    0.53
                                                           dx:    0.02
Iteration 16
	model frequencies (percent)
	model 1: 0.0| model 2: 0.1| model 3: 8.1| model 4: 34.1| model 5: 57.7| 
                                                           dL:   -0.33
                                                           dm:    0.47
                                                           dx:    0.01
Iteration 17
	model frequencies (percent)
	model 1: 0.0| model 2: 0.1| model 3: 8.1| model 4: 34.5| model 5: 57.3| 
                                                           dL:   -0.27
                                                           dm:    0.41
                                                           dx:    0.01
                                                          Converged :]
