cbm_hbi_hbi                                       23-Feb-2023 16:44:00
Running hierarchical bayesian inference (HBI)...

HBI has been initialized according to
	lap_Baseline_HbCb3SaSc_replication.mat [for model 1]
	lap_IM_expbeta_replication.mat [for model 2]
	lap_EM_expbeta_replication.mat [for model 3]
	lap_Fix_AV_expbeta_replication.mat [for model 4]
	lap_Dyn_AV_expbeta_replication.mat [for model 5]
 
Number of samples: 352
Number of models: 5
======================================================================
Iteration 01
Iteration 02
	model frequencies (percent)
	model 1: 8.8| model 2: 14.9| model 3: 25.8| model 4: 31.7| model 5: 18.7| 
                                                           dL:  198.18
                                                           dm:   68.26
                                                           dx:    0.59
Iteration 03
	model frequencies (percent)
	model 1: 6.3| model 2: 12.3| model 3: 24.0| model 4: 41.1| model 5: 16.4| 
                                                           dL:   57.01
                                                           dm:    9.32
                                                           dx:    0.39
Iteration 04
	model frequencies (percent)
	model 1: 5.9| model 2: 11.7| model 3: 21.4| model 4: 46.6| model 5: 14.4| 
                                                           dL:   20.49
                                                           dm:    5.53
                                                           dx:    0.26
Iteration 05
	model frequencies (percent)
	model 1: 6.0| model 2: 12.0| model 3: 19.5| model 4: 49.8| model 5: 12.7| 
                                                           dL:    9.08
                                                           dm:    3.15
                                                           dx:    0.17
Iteration 06
	model frequencies (percent)
	model 1: 6.3| model 2: 12.4| model 3: 18.2| model 4: 51.7| model 5: 11.4| 
                                                           dL:    4.73
                                                           dm:    1.95
                                                           dx:    0.12
Iteration 07
	model frequencies (percent)
	model 1: 6.5| model 2: 12.8| model 3: 17.3| model 4: 53.1| model 5: 10.3| 
                                                           dL:    2.83
                                                           dm:    1.39
                                                           dx:    0.09
Iteration 08
	model frequencies (percent)
	model 1: 6.8| model 2: 13.1| model 3: 16.6| model 4: 54.2| model 5: 9.3| 
                                                           dL:    1.91
                                                           dm:    1.14
                                                           dx:    0.07
Iteration 09
	model frequencies (percent)
	model 1: 7.1| model 2: 13.2| model 3: 16.0| model 4: 55.2| model 5: 8.4| 
                                                           dL:    1.43
                                                           dm:    1.01
                                                           dx:    0.06
Iteration 10
	model frequencies (percent)
	model 1: 7.3| model 2: 13.3| model 3: 15.6| model 4: 56.2| model 5: 7.7| 
                                                           dL:    1.17
                                                           dm:    0.94
                                                           dx:    0.06
Iteration 11
	model frequencies (percent)
	model 1: 7.6| model 2: 13.3| model 3: 15.1| model 4: 57.1| model 5: 6.9| 
                                                           dL:    1.02
                                                           dm:    0.90
                                                           dx:    0.05
Iteration 12
	model frequencies (percent)
	model 1: 7.9| model 2: 13.2| model 3: 14.7| model 4: 57.9| model 5: 6.3| 
                                                           dL:    0.93
                                                           dm:    0.86
                                                           dx:    0.05
Iteration 13
	model frequencies (percent)
	model 1: 8.1| model 2: 13.1| model 3: 14.4| model 4: 58.8| model 5: 5.7| 
                                                           dL:    0.86
                                                           dm:    0.82
                                                           dx:    0.04
Iteration 14
	model frequencies (percent)
	model 1: 8.4| model 2: 12.9| model 3: 14.1| model 4: 59.5| model 5: 5.1| 
                                                           dL:    0.82
                                                           dm:    0.78
                                                           dx:    0.04
Iteration 15
	model frequencies (percent)
	model 1: 8.7| model 2: 12.8| model 3: 13.7| model 4: 60.3| model 5: 4.5| 
                                                           dL:    0.78
                                                           dm:    0.74
                                                           dx:    0.04
Iteration 16
	model frequencies (percent)
	model 1: 8.9| model 2: 12.6| model 3: 13.5| model 4: 61.0| model 5: 4.0| 
                                                           dL:    0.75
                                                           dm:    0.70
                                                           dx:    0.04
Iteration 17
	model frequencies (percent)
	model 1: 9.2| model 2: 12.5| model 3: 13.2| model 4: 61.6| model 5: 3.5| 
                                                           dL:    0.73
                                                           dm:    0.66
                                                           dx:    0.04
Iteration 18
	model frequencies (percent)
	model 1: 9.4| model 2: 12.3| model 3: 13.0| model 4: 62.3| model 5: 3.1| 
                                                           dL:    0.71
                                                           dm:    0.62
                                                           dx:    0.04
Iteration 19
	model frequencies (percent)
	model 1: 9.6| model 2: 12.1| model 3: 12.7| model 4: 62.8| model 5: 2.6| 
                                                           dL:    0.70
                                                           dm:    0.58
                                                           dx:    0.05
Iteration 20
	model frequencies (percent)
	model 1: 9.9| model 2: 12.0| model 3: 12.5| model 4: 63.4| model 5: 2.2| 
                                                           dL:    0.69
                                                           dm:    0.53
                                                           dx:    0.05
Iteration 21
	model frequencies (percent)
	model 1: 10.1| model 2: 11.8| model 3: 12.3| model 4: 63.9| model 5: 1.8| 
                                                           dL:    0.70
                                                           dm:    0.49
                                                           dx:    0.05
Iteration 22
	model frequencies (percent)
	model 1: 10.3| model 2: 11.7| model 3: 12.2| model 4: 64.3| model 5: 1.5| 
                                                           dL:    0.74
                                                           dm:    0.45
                                                           dx:    0.05
Iteration 23
	model frequencies (percent)
	model 1: 10.5| model 2: 11.6| model 3: 12.0| model 4: 64.7| model 5: 1.1| 
                                                           dL:    0.81
                                                           dm:    0.42
                                                           dx:    0.06
Iteration 24
	model frequencies (percent)
	model 1: 10.8| model 2: 11.5| model 3: 11.9| model 4: 65.1| model 5: 0.8| 
                                                           dL:    0.96
                                                           dm:    0.38
                                                           dx:    0.06
Iteration 25
	model frequencies (percent)
	model 1: 11.0| model 2: 11.4| model 3: 11.7| model 4: 65.4| model 5: 0.5| 
                                                           dL:    1.25
                                                           dm:    0.33
                                                           dx:    0.08
Iteration 26
	model frequencies (percent)
	model 1: 11.2| model 2: 11.3| model 3: 11.6| model 4: 65.7| model 5: 0.2| 
                                                           dL:    1.66
                                                           dm:    0.27
                                                           dx:    0.11
Iteration 27
	model frequencies (percent)
	model 1: 11.3| model 2: 11.2| model 3: 11.5| model 4: 65.9| model 5: 0.1| 
                                                           dL:    1.74
                                                           dm:    0.19
                                                           dx:    0.16
Iteration 28
	model frequencies (percent)
	model 1: 11.5| model 2: 11.0| model 3: 11.4| model 4: 66.0| model 5: 0.0| 
                                                           dL:    0.79
                                                           dm:    0.12
                                                           dx:    0.17
Iteration 29
	model frequencies (percent)
	model 1: 11.7| model 2: 10.9| model 3: 11.3| model 4: 66.1| model 5: 0.0| 
                                                           dL:    0.01
                                                           dm:    0.09
                                                           dx:    0.09
Iteration 30
	model frequencies (percent)
	model 1: 11.8| model 2: 10.7| model 3: 11.3| model 4: 66.2| model 5: 0.0| 
                                                           dL:   -0.02
                                                           dm:    0.08
                                                           dx:    0.01
Iteration 31
	model frequencies (percent)
	model 1: 12.0| model 2: 10.6| model 3: 11.2| model 4: 66.3| model 5: 0.0| 
                                                           dL:   -0.02
                                                           dm:    0.08
                                                           dx:    0.00
                                                          Converged :]
