cbm_hbi_hbi                                       09-May-2023 02:56:12
Running hierarchical bayesian inference (HBI)...

HBI has been initialized according to
	EM/sim_fit_baseline_it_10.mat [for model 1]
	EM/sim_fit_im_it_10.mat [for model 2]
	EM/sim_fit_em_it_10.mat [for model 3]
	EM/sim_fit_fixarb_it_10.mat [for model 4]
	EM/sim_fit_dynarb_it_10.mat [for model 5]
 
Number of samples: 100
Number of models: 5
======================================================================
Iteration 01
Iteration 02
	model frequencies (percent)
	model 1: 6.4| model 2: 7.1| model 3: 41.9| model 4: 26.2| model 5: 18.4| 
                                                           dL:   69.19
                                                           dm:   58.12
                                                           dx:    0.50
Iteration 03
	model frequencies (percent)
	model 1: 2.3| model 2: 3.2| model 3: 57.1| model 4: 24.7| model 5: 12.7| 
                                                           dL:   17.78
                                                           dm:   15.20
                                                           dx:    0.18
Iteration 04
	model frequencies (percent)
	model 1: 0.7| model 2: 1.7| model 3: 68.5| model 4: 21.3| model 5: 7.8| 
                                                           dL:   11.60
                                                           dm:   11.42
                                                           dx:    0.10
Iteration 05
	model frequencies (percent)
	model 1: 0.1| model 2: 0.9| model 3: 77.4| model 4: 17.5| model 5: 4.1| 
                                                           dL:    9.92
                                                           dm:    8.85
                                                           dx:    0.20
Iteration 06
	model frequencies (percent)
	model 1: 0.0| model 2: 0.5| model 3: 84.0| model 4: 13.8| model 5: 1.7| 
                                                           dL:    6.17
                                                           dm:    6.62
                                                           dx:    0.31
Iteration 07
	model frequencies (percent)
	model 1: 0.0| model 2: 0.3| model 3: 88.8| model 4: 10.5| model 5: 0.5| 
                                                           dL:    5.27
                                                           dm:    4.83
                                                           dx:    0.20
Iteration 08
	model frequencies (percent)
	model 1: 0.0| model 2: 0.1| model 3: 92.2| model 4: 7.6| model 5: 0.1| 
                                                           dL:    4.50
                                                           dm:    3.40
                                                           dx:    0.27
Iteration 09
	model frequencies (percent)
	model 1: 0.0| model 2: 0.1| model 3: 94.7| model 4: 5.2| model 5: 0.0| 
                                                           dL:    2.09
                                                           dm:    2.51
                                                           dx:    0.25
Iteration 10
	model frequencies (percent)
	model 1: 0.0| model 2: 0.1| model 3: 96.6| model 4: 3.3| model 5: 0.0| 
                                                           dL:    1.52
                                                           dm:    1.91
                                                           dx:    0.13
Iteration 11
	model frequencies (percent)
	model 1: 0.0| model 2: 0.1| model 3: 98.0| model 4: 1.9| model 5: 0.0| 
                                                           dL:    1.52
                                                           dm:    1.40
                                                           dx:    0.10
Iteration 12
	model frequencies (percent)
	model 1: 0.0| model 2: 0.1| model 3: 99.0| model 4: 1.0| model 5: 0.0| 
                                                           dL:    1.48
                                                           dm:    0.94
                                                           dx:    0.13
Iteration 13
	model frequencies (percent)
	model 1: 0.0| model 2: 0.1| model 3: 99.5| model 4: 0.4| model 5: 0.0| 
                                                           dL:    1.45
                                                           dm:    0.53
                                                           dx:    0.16
Iteration 14
	model frequencies (percent)
	model 1: 0.0| model 2: 0.1| model 3: 99.7| model 4: 0.2| model 5: 0.0| 
                                                           dL:    1.25
                                                           dm:    0.24
                                                           dx:    0.17
Iteration 15
	model frequencies (percent)
	model 1: 0.0| model 2: 0.1| model 3: 99.8| model 4: 0.1| model 5: 0.0| 
                                                           dL:    0.35
                                                           dm:    0.08
                                                           dx:    0.10
Iteration 16
	model frequencies (percent)
	model 1: 0.0| model 2: 0.1| model 3: 99.8| model 4: 0.1| model 5: 0.0| 
                                                           dL:    0.03
                                                           dm:    0.03
                                                           dx:    0.04
Iteration 17
	model frequencies (percent)
	model 1: 0.0| model 2: 0.1| model 3: 99.8| model 4: 0.1| model 5: 0.0| 
                                                           dL:    0.01
                                                           dm:    0.01
                                                           dx:    0.01
                                                          Converged :]
