cbm_hbi_hbi                                       09-May-2023 02:48:24
Running hierarchical bayesian inference (HBI)...

HBI has been initialized according to
	EM/sim_fit_baseline_it_9.mat [for model 1]
	EM/sim_fit_im_it_9.mat [for model 2]
	EM/sim_fit_em_it_9.mat [for model 3]
	EM/sim_fit_fixarb_it_9.mat [for model 4]
	EM/sim_fit_dynarb_it_9.mat [for model 5]
 
Number of samples: 100
Number of models: 5
======================================================================
Iteration 01
Iteration 02
	model frequencies (percent)
	model 1: 4.2| model 2: 5.5| model 3: 42.4| model 4: 27.1| model 5: 20.7| 
                                                           dL:   71.75
                                                           dm:   57.61
                                                           dx:    0.54
Iteration 03
	model frequencies (percent)
	model 1: 1.7| model 2: 1.7| model 3: 56.6| model 4: 24.8| model 5: 15.3| 
                                                           dL:   15.66
                                                           dm:   14.21
                                                           dx:    0.29
Iteration 04
	model frequencies (percent)
	model 1: 0.7| model 2: 0.4| model 3: 67.5| model 4: 20.9| model 5: 10.5| 
                                                           dL:    8.90
                                                           dm:   10.92
                                                           dx:    0.25
Iteration 05
	model frequencies (percent)
	model 1: 0.2| model 2: 0.1| model 3: 76.5| model 4: 16.7| model 5: 6.5| 
                                                           dL:    8.58
                                                           dm:    8.98
                                                           dx:    0.11
Iteration 06
	model frequencies (percent)
	model 1: 0.0| model 2: 0.0| model 3: 83.8| model 4: 12.7| model 5: 3.5| 
                                                           dL:    7.27
                                                           dm:    7.33
                                                           dx:    0.38
Iteration 07
	model frequencies (percent)
	model 1: 0.0| model 2: 0.0| model 3: 89.6| model 4: 9.1| model 5: 1.3| 
                                                           dL:    5.23
                                                           dm:    5.82
                                                           dx:    0.41
Iteration 08
	model frequencies (percent)
	model 1: 0.0| model 2: 0.0| model 3: 93.9| model 4: 5.9| model 5: 0.2| 
                                                           dL:    5.38
                                                           dm:    4.22
                                                           dx:    0.19
Iteration 09
	model frequencies (percent)
	model 1: 0.0| model 2: 0.0| model 3: 96.6| model 4: 3.3| model 5: 0.0| 
                                                           dL:    4.56
                                                           dm:    2.77
                                                           dx:    0.41
Iteration 10
	model frequencies (percent)
	model 1: 0.0| model 2: 0.0| model 3: 98.5| model 4: 1.5| model 5: 0.0| 
                                                           dL:    2.20
                                                           dm:    1.85
                                                           dx:    0.29
Iteration 11
	model frequencies (percent)
	model 1: 0.0| model 2: 0.0| model 3: 99.5| model 4: 0.5| model 5: 0.0| 
                                                           dL:    2.01
                                                           dm:    1.04
                                                           dx:    0.13
Iteration 12
	model frequencies (percent)
	model 1: 0.0| model 2: 0.0| model 3: 99.9| model 4: 0.1| model 5: 0.0| 
                                                           dL:    1.94
                                                           dm:    0.37
                                                           dx:    0.23
Iteration 13
	model frequencies (percent)
	model 1: 0.0| model 2: 0.0| model 3: 100.0| model 4: 0.0| model 5: 0.0| 
                                                           dL:    0.80
                                                           dm:    0.07
                                                           dx:    0.28
Iteration 14
	model frequencies (percent)
	model 1: 0.0| model 2: 0.0| model 3: 100.0| model 4: 0.0| model 5: 0.0| 
                                                           dL:    0.02
                                                           dm:    0.01
                                                           dx:    0.11
Iteration 15
	model frequencies (percent)
	model 1: 0.0| model 2: 0.0| model 3: 100.0| model 4: 0.0| model 5: 0.0| 
                                                           dL:    0.00
                                                           dm:    0.00
                                                           dx:    0.01
Iteration 16
	model frequencies (percent)
	model 1: 0.0| model 2: 0.0| model 3: 100.0| model 4: 0.0| model 5: 0.0| 
                                                           dL:    0.00
                                                           dm:    0.00
                                                           dx:    0.00
                                                          Converged :]
