cbm_hbi_hbi                                       09-May-2023 02:08:26
Running hierarchical bayesian inference (HBI)...

HBI has been initialized according to
	EM/sim_fit_baseline_it_4.mat [for model 1]
	EM/sim_fit_im_it_4.mat [for model 2]
	EM/sim_fit_em_it_4.mat [for model 3]
	EM/sim_fit_fixarb_it_4.mat [for model 4]
	EM/sim_fit_dynarb_it_4.mat [for model 5]
 
Number of samples: 100
Number of models: 5
======================================================================
Iteration 01
Iteration 02
	model frequencies (percent)
	model 1: 3.4| model 2: 5.6| model 3: 42.5| model 4: 28.0| model 5: 20.4| 
                                                           dL:   75.13
                                                           dm:   57.45
                                                           dx:    0.48
Iteration 03
	model frequencies (percent)
	model 1: 0.4| model 2: 1.6| model 3: 56.8| model 4: 26.9| model 5: 14.4| 
                                                           dL:   20.84
                                                           dm:   14.21
                                                           dx:    0.16
Iteration 04
	model frequencies (percent)
	model 1: 0.0| model 2: 0.4| model 3: 66.9| model 4: 23.7| model 5: 9.0| 
                                                           dL:   10.70
                                                           dm:   10.16
                                                           dx:    0.10
Iteration 05
	model frequencies (percent)
	model 1: 0.0| model 2: 0.1| model 3: 74.9| model 4: 20.1| model 5: 4.9| 
                                                           dL:    6.40
                                                           dm:    7.99
                                                           dx:    0.12
Iteration 06
	model frequencies (percent)
	model 1: 0.0| model 2: 0.0| model 3: 81.3| model 4: 16.6| model 5: 2.1| 
                                                           dL:    5.54
                                                           dm:    6.35
                                                           dx:    0.15
Iteration 07
	model frequencies (percent)
	model 1: 0.0| model 2: 0.0| model 3: 86.1| model 4: 13.4| model 5: 0.6| 
                                                           dL:    4.83
                                                           dm:    4.81
                                                           dx:    0.22
Iteration 08
	model frequencies (percent)
	model 1: 0.0| model 2: 0.0| model 3: 89.5| model 4: 10.4| model 5: 0.1| 
                                                           dL:    4.23
                                                           dm:    3.48
                                                           dx:    0.26
Iteration 09
	model frequencies (percent)
	model 1: 0.0| model 2: 0.0| model 3: 92.2| model 4: 7.7| model 5: 0.0| 
                                                           dL:    2.01
                                                           dm:    2.70
                                                           dx:    0.35
Iteration 10
	model frequencies (percent)
	model 1: 0.0| model 2: 0.0| model 3: 94.5| model 4: 5.5| model 5: 0.0| 
                                                           dL:    1.41
                                                           dm:    2.27
                                                           dx:    0.11
Iteration 11
	model frequencies (percent)
	model 1: 0.0| model 2: 0.0| model 3: 96.4| model 4: 3.6| model 5: 0.0| 
                                                           dL:    1.50
                                                           dm:    1.89
                                                           dx:    0.06
Iteration 12
	model frequencies (percent)
	model 1: 0.0| model 2: 0.0| model 3: 97.9| model 4: 2.1| model 5: 0.0| 
                                                           dL:    1.61
                                                           dm:    1.51
                                                           dx:    0.07
Iteration 13
	model frequencies (percent)
	model 1: 0.0| model 2: 0.0| model 3: 99.0| model 4: 1.0| model 5: 0.0| 
                                                           dL:    1.65
                                                           dm:    1.08
                                                           dx:    0.10
Iteration 14
	model frequencies (percent)
	model 1: 0.0| model 2: 0.0| model 3: 99.6| model 4: 0.4| model 5: 0.0| 
                                                           dL:    1.62
                                                           dm:    0.63
                                                           dx:    0.16
Iteration 15
	model frequencies (percent)
	model 1: 0.0| model 2: 0.0| model 3: 99.9| model 4: 0.1| model 5: 0.0| 
                                                           dL:    1.36
                                                           dm:    0.25
                                                           dx:    0.22
Iteration 16
	model frequencies (percent)
	model 1: 0.0| model 2: 0.0| model 3: 99.9| model 4: 0.0| model 5: 0.0| 
                                                           dL:    0.29
                                                           dm:    0.06
                                                           dx:    0.18
Iteration 17
	model frequencies (percent)
	model 1: 0.0| model 2: 0.0| model 3: 99.9| model 4: 0.0| model 5: 0.0| 
                                                           dL:    0.02
                                                           dm:    0.01
                                                           dx:    0.07
Iteration 18
	model frequencies (percent)
	model 1: 0.0| model 2: 0.0| model 3: 99.9| model 4: 0.0| model 5: 0.0| 
                                                           dL:    0.01
                                                           dm:    0.00
                                                           dx:    0.01
                                                          Converged :]
