cbm_hbi_hbi                                       09-May-2023 02:16:25
Running hierarchical bayesian inference (HBI)...

HBI has been initialized according to
	EM/sim_fit_baseline_it_5.mat [for model 1]
	EM/sim_fit_im_it_5.mat [for model 2]
	EM/sim_fit_em_it_5.mat [for model 3]
	EM/sim_fit_fixarb_it_5.mat [for model 4]
	EM/sim_fit_dynarb_it_5.mat [for model 5]
 
Number of samples: 100
Number of models: 5
======================================================================
Iteration 01
Iteration 02
	model frequencies (percent)
	model 1: 4.7| model 2: 8.0| model 3: 42.3| model 4: 26.1| model 5: 18.9| 
                                                           dL:   74.25
                                                           dm:   57.68
                                                           dx:    0.53
Iteration 03
	model frequencies (percent)
	model 1: 1.1| model 2: 4.5| model 3: 57.2| model 4: 24.2| model 5: 13.0| 
                                                           dL:   19.05
                                                           dm:   14.91
                                                           dx:    0.17
Iteration 04
	model frequencies (percent)
	model 1: 0.1| model 2: 3.0| model 3: 68.1| model 4: 20.8| model 5: 7.9| 
                                                           dL:   12.37
                                                           dm:   10.92
                                                           dx:    0.12
Iteration 05
	model frequencies (percent)
	model 1: 0.0| model 2: 2.1| model 3: 76.5| model 4: 17.1| model 5: 4.2| 
                                                           dL:    7.01
                                                           dm:    8.39
                                                           dx:    0.30
Iteration 06
	model frequencies (percent)
	model 1: 0.0| model 2: 1.5| model 3: 83.0| model 4: 13.6| model 5: 1.8| 
                                                           dL:    5.47
                                                           dm:    6.46
                                                           dx:    0.18
Iteration 07
	model frequencies (percent)
	model 1: 0.0| model 2: 1.1| model 3: 87.7| model 4: 10.6| model 5: 0.6| 
                                                           dL:    4.99
                                                           dm:    4.74
                                                           dx:    0.19
Iteration 08
	model frequencies (percent)
	model 1: 0.0| model 2: 0.7| model 3: 91.1| model 4: 8.0| model 5: 0.1| 
                                                           dL:    4.38
                                                           dm:    3.35
                                                           dx:    0.22
Iteration 09
	model frequencies (percent)
	model 1: 0.0| model 2: 0.5| model 3: 93.5| model 4: 6.0| model 5: 0.0| 
                                                           dL:    2.53
                                                           dm:    2.41
                                                           dx:    0.20
Iteration 10
	model frequencies (percent)
	model 1: 0.0| model 2: 0.3| model 3: 95.3| model 4: 4.4| model 5: 0.0| 
                                                           dL:    1.77
                                                           dm:    1.77
                                                           dx:    0.11
Iteration 11
	model frequencies (percent)
	model 1: 0.0| model 2: 0.1| model 3: 96.5| model 4: 3.3| model 5: 0.0| 
                                                           dL:    1.50
                                                           dm:    1.27
                                                           dx:    0.11
Iteration 12
	model frequencies (percent)
	model 1: 0.0| model 2: 0.1| model 3: 97.4| model 4: 2.5| model 5: 0.0| 
                                                           dL:    1.11
                                                           dm:    0.90
                                                           dx:    0.13
Iteration 13
	model frequencies (percent)
	model 1: 0.0| model 2: 0.1| model 3: 98.1| model 4: 1.8| model 5: 0.0| 
                                                           dL:    0.94
                                                           dm:    0.65
                                                           dx:    0.10
Iteration 14
	model frequencies (percent)
	model 1: 0.0| model 2: 0.1| model 3: 98.6| model 4: 1.3| model 5: 0.0| 
                                                           dL:    0.87
                                                           dm:    0.50
                                                           dx:    0.07
Iteration 15
	model frequencies (percent)
	model 1: 0.0| model 2: 0.1| model 3: 99.0| model 4: 0.9| model 5: 0.0| 
                                                           dL:    0.79
                                                           dm:    0.39
                                                           dx:    0.07
Iteration 16
	model frequencies (percent)
	model 1: 0.0| model 2: 0.1| model 3: 99.3| model 4: 0.6| model 5: 0.0| 
                                                           dL:    0.68
                                                           dm:    0.30
                                                           dx:    0.06
Iteration 17
	model frequencies (percent)
	model 1: 0.0| model 2: 0.1| model 3: 99.5| model 4: 0.4| model 5: 0.0| 
                                                           dL:    0.49
                                                           dm:    0.22
                                                           dx:    0.05
Iteration 18
	model frequencies (percent)
	model 1: 0.0| model 2: 0.1| model 3: 99.6| model 4: 0.3| model 5: 0.0| 
                                                           dL:    0.22
                                                           dm:    0.14
                                                           dx:    0.05
Iteration 19
	model frequencies (percent)
	model 1: 0.0| model 2: 0.1| model 3: 99.7| model 4: 0.2| model 5: 0.0| 
                                                           dL:    0.06
                                                           dm:    0.08
                                                           dx:    0.03
Iteration 20
	model frequencies (percent)
	model 1: 0.0| model 2: 0.1| model 3: 99.8| model 4: 0.1| model 5: 0.0| 
                                                           dL:    0.03
                                                           dm:    0.04
                                                           dx:    0.01
Iteration 21
	model frequencies (percent)
	model 1: 0.0| model 2: 0.1| model 3: 99.8| model 4: 0.1| model 5: 0.0| 
                                                           dL:    0.01
                                                           dm:    0.02
                                                           dx:    0.00
                                                          Converged :]
