cbm_hbi_hbi                                       09-May-2023 02:40:27
Running hierarchical bayesian inference (HBI)...

HBI has been initialized according to
	EM/sim_fit_baseline_it_8.mat [for model 1]
	EM/sim_fit_im_it_8.mat [for model 2]
	EM/sim_fit_em_it_8.mat [for model 3]
	EM/sim_fit_fixarb_it_8.mat [for model 4]
	EM/sim_fit_dynarb_it_8.mat [for model 5]
 
Number of samples: 100
Number of models: 5
======================================================================
Iteration 01
Iteration 02
	model frequencies (percent)
	model 1: 4.5| model 2: 5.4| model 3: 43.0| model 4: 27.7| model 5: 19.4| 
                                                           dL:   76.19
                                                           dm:   56.98
                                                           dx:    0.56
Iteration 03
	model frequencies (percent)
	model 1: 1.7| model 2: 1.9| model 3: 57.8| model 4: 25.4| model 5: 13.3| 
                                                           dL:   17.10
                                                           dm:   14.76
                                                           dx:    0.26
Iteration 04
	model frequencies (percent)
	model 1: 0.7| model 2: 0.7| model 3: 69.0| model 4: 21.4| model 5: 8.2| 
                                                           dL:   10.93
                                                           dm:   11.20
                                                           dx:    0.14
Iteration 05
	model frequencies (percent)
	model 1: 0.1| model 2: 0.3| model 3: 77.9| model 4: 17.3| model 5: 4.4| 
                                                           dL:    9.93
                                                           dm:    8.89
                                                           dx:    0.17
Iteration 06
	model frequencies (percent)
	model 1: 0.0| model 2: 0.1| model 3: 84.6| model 4: 13.4| model 5: 1.9| 
                                                           dL:    6.55
                                                           dm:    6.69
                                                           dx:    0.36
Iteration 07
	model frequencies (percent)
	model 1: 0.0| model 2: 0.1| model 3: 89.4| model 4: 9.9| model 5: 0.6| 
                                                           dL:    4.99
                                                           dm:    4.86
                                                           dx:    0.25
Iteration 08
	model frequencies (percent)
	model 1: 0.0| model 2: 0.1| model 3: 92.8| model 4: 7.0| model 5: 0.1| 
                                                           dL:    4.36
                                                           dm:    3.41
                                                           dx:    0.25
Iteration 09
	model frequencies (percent)
	model 1: 0.0| model 2: 0.1| model 3: 95.3| model 4: 4.6| model 5: 0.0| 
                                                           dL:    2.39
                                                           dm:    2.46
                                                           dx:    0.25
Iteration 10
	model frequencies (percent)
	model 1: 0.0| model 2: 0.1| model 3: 97.1| model 4: 2.8| model 5: 0.0| 
                                                           dL:    1.63
                                                           dm:    1.82
                                                           dx:    0.12
Iteration 11
	model frequencies (percent)
	model 1: 0.0| model 2: 0.1| model 3: 98.4| model 4: 1.5| model 5: 0.0| 
                                                           dL:    1.61
                                                           dm:    1.26
                                                           dx:    0.11
Iteration 12
	model frequencies (percent)
	model 1: 0.0| model 2: 0.1| model 3: 99.1| model 4: 0.7| model 5: 0.0| 
                                                           dL:    1.53
                                                           dm:    0.75
                                                           dx:    0.14
Iteration 13
	model frequencies (percent)
	model 1: 0.0| model 2: 0.1| model 3: 99.5| model 4: 0.4| model 5: 0.0| 
                                                           dL:    1.41
                                                           dm:    0.36
                                                           dx:    0.16
Iteration 14
	model frequencies (percent)
	model 1: 0.0| model 2: 0.1| model 3: 99.6| model 4: 0.2| model 5: 0.0| 
                                                           dL:    0.92
                                                           dm:    0.15
                                                           dx:    0.13
Iteration 15
	model frequencies (percent)
	model 1: 0.0| model 2: 0.2| model 3: 99.7| model 4: 0.1| model 5: 0.0| 
                                                           dL:    0.20
                                                           dm:    0.06
                                                           dx:    0.07
Iteration 16
	model frequencies (percent)
	model 1: 0.0| model 2: 0.2| model 3: 99.7| model 4: 0.1| model 5: 0.0| 
                                                           dL:    0.02
                                                           dm:    0.02
                                                           dx:    0.03
Iteration 17
	model frequencies (percent)
	model 1: 0.0| model 2: 0.2| model 3: 99.7| model 4: 0.1| model 5: 0.0| 
                                                           dL:    0.01
                                                           dm:    0.01
                                                           dx:    0.01
                                                          Converged :]
