cbm_hbi_hbi                                       09-May-2023 01:52:03
Running hierarchical bayesian inference (HBI)...

HBI has been initialized according to
	EM/sim_fit_baseline_it_2.mat [for model 1]
	EM/sim_fit_im_it_2.mat [for model 2]
	EM/sim_fit_em_it_2.mat [for model 3]
	EM/sim_fit_fixarb_it_2.mat [for model 4]
	EM/sim_fit_dynarb_it_2.mat [for model 5]
 
Number of samples: 100
Number of models: 5
======================================================================
Iteration 01
Iteration 02
	model frequencies (percent)
	model 1: 5.2| model 2: 8.1| model 3: 41.1| model 4: 26.5| model 5: 19.2| 
                                                           dL:   70.06
                                                           dm:   58.92
                                                           dx:    0.52
Iteration 03
	model frequencies (percent)
	model 1: 1.6| model 2: 4.2| model 3: 54.9| model 4: 25.5| model 5: 13.8| 
                                                           dL:   16.73
                                                           dm:   13.79
                                                           dx:    0.23
Iteration 04
	model frequencies (percent)
	model 1: 0.5| model 2: 2.5| model 3: 65.1| model 4: 22.8| model 5: 9.1| 
                                                           dL:   10.31
                                                           dm:   10.25
                                                           dx:    0.18
Iteration 05
	model frequencies (percent)
	model 1: 0.0| model 2: 1.4| model 3: 73.2| model 4: 19.9| model 5: 5.5| 
                                                           dL:    8.60
                                                           dm:    8.08
                                                           dx:    0.17
Iteration 06
	model frequencies (percent)
	model 1: 0.0| model 2: 0.7| model 3: 79.4| model 4: 16.9| model 5: 2.9| 
                                                           dL:    5.13
                                                           dm:    6.23
                                                           dx:    0.35
Iteration 07
	model frequencies (percent)
	model 1: 0.0| model 2: 0.3| model 3: 84.2| model 4: 14.3| model 5: 1.2| 
                                                           dL:    4.66
                                                           dm:    4.75
                                                           dx:    0.14
Iteration 08
	model frequencies (percent)
	model 1: 0.0| model 2: 0.1| model 3: 87.6| model 4: 11.9| model 5: 0.4| 
                                                           dL:    4.43
                                                           dm:    3.47
                                                           dx:    0.17
Iteration 09
	model frequencies (percent)
	model 1: 0.0| model 2: 0.1| model 3: 90.2| model 4: 9.7| model 5: 0.1| 
                                                           dL:    3.16
                                                           dm:    2.51
                                                           dx:    0.27
Iteration 10
	model frequencies (percent)
	model 1: 0.0| model 2: 0.0| model 3: 92.1| model 4: 7.8| model 5: 0.0| 
                                                           dL:    1.06
                                                           dm:    1.97
                                                           dx:    0.21
Iteration 11
	model frequencies (percent)
	model 1: 0.0| model 2: 0.0| model 3: 93.8| model 4: 6.2| model 5: 0.0| 
                                                           dL:    0.87
                                                           dm:    1.66
                                                           dx:    0.06
Iteration 12
	model frequencies (percent)
	model 1: 0.0| model 2: 0.0| model 3: 95.2| model 4: 4.7| model 5: 0.0| 
                                                           dL:    0.87
                                                           dm:    1.42
                                                           dx:    0.05
Iteration 13
	model frequencies (percent)
	model 1: 0.0| model 2: 0.0| model 3: 96.4| model 4: 3.5| model 5: 0.0| 
                                                           dL:    0.89
                                                           dm:    1.21
                                                           dx:    0.05
Iteration 14
	model frequencies (percent)
	model 1: 0.0| model 2: 0.0| model 3: 97.4| model 4: 2.5| model 5: 0.0| 
                                                           dL:    0.92
                                                           dm:    1.01
                                                           dx:    0.06
Iteration 15
	model frequencies (percent)
	model 1: 0.0| model 2: 0.0| model 3: 98.2| model 4: 1.7| model 5: 0.0| 
                                                           dL:    0.96
                                                           dm:    0.82
                                                           dx:    0.07
Iteration 16
	model frequencies (percent)
	model 1: 0.0| model 2: 0.0| model 3: 98.9| model 4: 1.0| model 5: 0.0| 
                                                           dL:    1.02
                                                           dm:    0.63
                                                           dx:    0.09
Iteration 17
	model frequencies (percent)
	model 1: 0.0| model 2: 0.0| model 3: 99.3| model 4: 0.6| model 5: 0.0| 
                                                           dL:    1.10
                                                           dm:    0.46
                                                           dx:    0.11
Iteration 18
	model frequencies (percent)
	model 1: 0.0| model 2: 0.1| model 3: 99.6| model 4: 0.3| model 5: 0.0| 
                                                           dL:    1.01
                                                           dm:    0.28
                                                           dx:    0.12
Iteration 19
	model frequencies (percent)
	model 1: 0.0| model 2: 0.1| model 3: 99.8| model 4: 0.2| model 5: 0.0| 
                                                           dL:    0.40
                                                           dm:    0.14
                                                           dx:    0.10
Iteration 20
	model frequencies (percent)
	model 1: 0.0| model 2: 0.1| model 3: 99.8| model 4: 0.1| model 5: 0.0| 
                                                           dL:    0.05
                                                           dm:    0.05
                                                           dx:    0.06
Iteration 21
	model frequencies (percent)
	model 1: 0.0| model 2: 0.1| model 3: 99.8| model 4: 0.1| model 5: 0.0| 
                                                           dL:    0.02
                                                           dm:    0.02
                                                           dx:    0.02
Iteration 22
	model frequencies (percent)
	model 1: 0.0| model 2: 0.1| model 3: 99.8| model 4: 0.1| model 5: 0.0| 
                                                           dL:    0.01
                                                           dm:    0.01
                                                           dx:    0.00
                                                          Converged :]
