cbm_hbi_hbi                                       09-May-2023 02:32:24
Running hierarchical bayesian inference (HBI)...

HBI has been initialized according to
	EM/sim_fit_baseline_it_7.mat [for model 1]
	EM/sim_fit_im_it_7.mat [for model 2]
	EM/sim_fit_em_it_7.mat [for model 3]
	EM/sim_fit_fixarb_it_7.mat [for model 4]
	EM/sim_fit_dynarb_it_7.mat [for model 5]
 
Number of samples: 100
Number of models: 5
======================================================================
Iteration 01
Iteration 02
	model frequencies (percent)
	model 1: 3.8| model 2: 7.1| model 3: 41.2| model 4: 27.5| model 5: 20.4| 
                                                           dL:   72.02
                                                           dm:   58.76
                                                           dx:    0.52
Iteration 03
	model frequencies (percent)
	model 1: 0.6| model 2: 3.2| model 3: 54.7| model 4: 26.6| model 5: 14.8| 
                                                           dL:   18.63
                                                           dm:   13.50
                                                           dx:    0.20
Iteration 04
	model frequencies (percent)
	model 1: 0.0| model 2: 1.6| model 3: 64.8| model 4: 23.8| model 5: 9.7| 
                                                           dL:   11.11
                                                           dm:   10.04
                                                           dx:    0.21
Iteration 05
	model frequencies (percent)
	model 1: 0.0| model 2: 0.9| model 3: 72.9| model 4: 20.6| model 5: 5.6| 
                                                           dL:    5.80
                                                           dm:    8.14
                                                           dx:    0.28
Iteration 06
	model frequencies (percent)
	model 1: 0.0| model 2: 0.5| model 3: 79.6| model 4: 17.2| model 5: 2.7| 
                                                           dL:    5.48
                                                           dm:    6.65
                                                           dx:    0.13
Iteration 07
	model frequencies (percent)
	model 1: 0.0| model 2: 0.3| model 3: 84.8| model 4: 14.0| model 5: 1.0| 
                                                           dL:    5.15
                                                           dm:    5.19
                                                           dx:    0.18
Iteration 08
	model frequencies (percent)
	model 1: 0.0| model 2: 0.2| model 3: 88.6| model 4: 10.9| model 5: 0.2| 
                                                           dL:    4.48
                                                           dm:    3.85
                                                           dx:    0.25
Iteration 09
	model frequencies (percent)
	model 1: 0.0| model 2: 0.2| model 3: 91.5| model 4: 8.2| model 5: 0.1| 
                                                           dL:    2.87
                                                           dm:    2.91
                                                           dx:    0.26
Iteration 10
	model frequencies (percent)
	model 1: 0.0| model 2: 0.2| model 3: 93.9| model 4: 5.9| model 5: 0.0| 
                                                           dL:    1.48
                                                           dm:    2.34
                                                           dx:    0.13
Iteration 11
	model frequencies (percent)
	model 1: 0.0| model 2: 0.2| model 3: 95.7| model 4: 4.1| model 5: 0.0| 
                                                           dL:    1.45
                                                           dm:    1.87
                                                           dx:    0.08
Iteration 12
	model frequencies (percent)
	model 1: 0.0| model 2: 0.2| model 3: 97.1| model 4: 2.6| model 5: 0.0| 
                                                           dL:    1.43
                                                           dm:    1.42
                                                           dx:    0.10
Iteration 13
	model frequencies (percent)
	model 1: 0.0| model 2: 0.2| model 3: 98.1| model 4: 1.6| model 5: 0.0| 
                                                           dL:    1.37
                                                           dm:    0.99
                                                           dx:    0.11
Iteration 14
	model frequencies (percent)
	model 1: 0.0| model 2: 0.2| model 3: 98.8| model 4: 1.0| model 5: 0.0| 
                                                           dL:    1.26
                                                           dm:    0.63
                                                           dx:    0.13
Iteration 15
	model frequencies (percent)
	model 1: 0.0| model 2: 0.2| model 3: 99.1| model 4: 0.6| model 5: 0.0| 
                                                           dL:    1.13
                                                           dm:    0.36
                                                           dx:    0.12
Iteration 16
	model frequencies (percent)
	model 1: 0.0| model 2: 0.3| model 3: 99.3| model 4: 0.4| model 5: 0.0| 
                                                           dL:    0.78
                                                           dm:    0.19
                                                           dx:    0.10
Iteration 17
	model frequencies (percent)
	model 1: 0.0| model 2: 0.3| model 3: 99.4| model 4: 0.3| model 5: 0.0| 
                                                           dL:    0.32
                                                           dm:    0.09
                                                           dx:    0.06
Iteration 18
	model frequencies (percent)
	model 1: 0.0| model 2: 0.3| model 3: 99.5| model 4: 0.2| model 5: 0.0| 
                                                           dL:    0.07
                                                           dm:    0.04
                                                           dx:    0.03
Iteration 19
	model frequencies (percent)
	model 1: 0.0| model 2: 0.3| model 3: 99.5| model 4: 0.2| model 5: 0.0| 
                                                           dL:    0.02
                                                           dm:    0.02
                                                           dx:    0.01
                                                          Converged :]
