cbm_hbi_hbi                                       09-May-2023 02:00:33
Running hierarchical bayesian inference (HBI)...

HBI has been initialized according to
	EM/sim_fit_baseline_it_3.mat [for model 1]
	EM/sim_fit_im_it_3.mat [for model 2]
	EM/sim_fit_em_it_3.mat [for model 3]
	EM/sim_fit_fixarb_it_3.mat [for model 4]
	EM/sim_fit_dynarb_it_3.mat [for model 5]
 
Number of samples: 100
Number of models: 5
======================================================================
Iteration 01
Iteration 02
	model frequencies (percent)
	model 1: 7.7| model 2: 5.5| model 3: 41.7| model 4: 26.4| model 5: 18.6| 
                                                           dL:   66.09
                                                           dm:   58.25
                                                           dx:    0.51
Iteration 03
	model frequencies (percent)
	model 1: 3.7| model 2: 1.5| model 3: 57.0| model 4: 24.9| model 5: 12.9| 
                                                           dL:   18.17
                                                           dm:   15.24
                                                           dx:    0.22
Iteration 04
	model frequencies (percent)
	model 1: 2.2| model 2: 0.3| model 3: 68.3| model 4: 21.5| model 5: 7.7| 
                                                           dL:   10.63
                                                           dm:   11.34
                                                           dx:    0.19
Iteration 05
	model frequencies (percent)
	model 1: 1.4| model 2: 0.0| model 3: 77.2| model 4: 17.5| model 5: 3.8| 
                                                           dL:    9.33
                                                           dm:    8.90
                                                           dx:    0.21
Iteration 06
	model frequencies (percent)
	model 1: 1.1| model 2: 0.0| model 3: 84.1| model 4: 13.5| model 5: 1.3| 
                                                           dL:    7.88
                                                           dm:    6.84
                                                           dx:    0.31
Iteration 07
	model frequencies (percent)
	model 1: 1.1| model 2: 0.0| model 3: 89.0| model 4: 9.7| model 5: 0.2| 
                                                           dL:    6.22
                                                           dm:    4.95
                                                           dx:    0.31
Iteration 08
	model frequencies (percent)
	model 1: 1.0| model 2: 0.0| model 3: 92.6| model 4: 6.4| model 5: 0.0| 
                                                           dL:    4.66
                                                           dm:    3.56
                                                           dx:    0.35
Iteration 09
	model frequencies (percent)
	model 1: 1.0| model 2: 0.0| model 3: 95.3| model 4: 3.6| model 5: 0.0| 
                                                           dL:    2.49
                                                           dm:    2.75
                                                           dx:    0.28
Iteration 10
	model frequencies (percent)
	model 1: 1.0| model 2: 0.0| model 3: 97.3| model 4: 1.7| model 5: 0.0| 
                                                           dL:    2.40
                                                           dm:    1.98
                                                           dx:    0.09
Iteration 11
	model frequencies (percent)
	model 1: 1.0| model 2: 0.0| model 3: 98.4| model 4: 0.5| model 5: 0.0| 
                                                           dL:    2.17
                                                           dm:    1.14
                                                           dx:    0.12
Iteration 12
	model frequencies (percent)
	model 1: 1.0| model 2: 0.0| model 3: 98.9| model 4: 0.1| model 5: 0.0| 
                                                           dL:    2.01
                                                           dm:    0.41
                                                           dx:    0.21
Iteration 13
	model frequencies (percent)
	model 1: 1.0| model 2: 0.0| model 3: 98.9| model 4: 0.0| model 5: 0.0| 
                                                           dL:    0.90
                                                           dm:    0.08
                                                           dx:    0.30
Iteration 14
	model frequencies (percent)
	model 1: 1.0| model 2: 0.0| model 3: 98.9| model 4: 0.0| model 5: 0.0| 
                                                           dL:    0.03
                                                           dm:    0.01
                                                           dx:    0.14
Iteration 15
	model frequencies (percent)
	model 1: 1.0| model 2: 0.0| model 3: 98.9| model 4: 0.0| model 5: 0.0| 
                                                           dL:    0.01
                                                           dm:    0.00
                                                           dx:    0.02
Iteration 16
	model frequencies (percent)
	model 1: 1.0| model 2: 0.0| model 3: 98.9| model 4: 0.0| model 5: 0.0| 
                                                           dL:    0.00
                                                           dm:    0.00
                                                           dx:    0.00
                                                          Converged :]
