cbm_hbi_hbi                                       09-May-2023 02:24:35
Running hierarchical bayesian inference (HBI)...

HBI has been initialized according to
	EM/sim_fit_baseline_it_6.mat [for model 1]
	EM/sim_fit_im_it_6.mat [for model 2]
	EM/sim_fit_em_it_6.mat [for model 3]
	EM/sim_fit_fixarb_it_6.mat [for model 4]
	EM/sim_fit_dynarb_it_6.mat [for model 5]
 
Number of samples: 100
Number of models: 5
======================================================================
Iteration 01
Iteration 02
	model frequencies (percent)
	model 1: 4.1| model 2: 7.4| model 3: 41.5| model 4: 26.8| model 5: 20.1| 
                                                           dL:   72.64
                                                           dm:   58.45
                                                           dx:    0.50
Iteration 03
	model frequencies (percent)
	model 1: 0.7| model 2: 3.1| model 3: 55.6| model 4: 25.8| model 5: 14.8| 
                                                           dL:   19.47
                                                           dm:   14.03
                                                           dx:    0.19
Iteration 04
	model frequencies (percent)
	model 1: 0.0| model 2: 1.3| model 3: 65.9| model 4: 22.9| model 5: 9.8| 
                                                           dL:   11.31
                                                           dm:   10.37
                                                           dx:    0.16
Iteration 05
	model frequencies (percent)
	model 1: 0.0| model 2: 0.4| model 3: 74.3| model 4: 19.5| model 5: 5.8| 
                                                           dL:    5.87
                                                           dm:    8.33
                                                           dx:    0.29
Iteration 06
	model frequencies (percent)
	model 1: 0.0| model 2: 0.1| model 3: 81.0| model 4: 16.1| model 5: 2.7| 
                                                           dL:    5.73
                                                           dm:    6.76
                                                           dx:    0.10
Iteration 07
	model frequencies (percent)
	model 1: 0.0| model 2: 0.0| model 3: 86.3| model 4: 12.8| model 5: 0.9| 
                                                           dL:    5.36
                                                           dm:    5.24
                                                           dx:    0.17
Iteration 08
	model frequencies (percent)
	model 1: 0.0| model 2: 0.0| model 3: 90.1| model 4: 9.7| model 5: 0.1| 
                                                           dL:    4.37
                                                           dm:    3.84
                                                           dx:    0.29
Iteration 09
	model frequencies (percent)
	model 1: 0.0| model 2: 0.0| model 3: 93.0| model 4: 7.0| model 5: 0.0| 
                                                           dL:    2.66
                                                           dm:    2.88
                                                           dx:    0.35
Iteration 10
	model frequencies (percent)
	model 1: 0.0| model 2: 0.0| model 3: 95.3| model 4: 4.6| model 5: 0.0| 
                                                           dL:    1.43
                                                           dm:    2.34
                                                           dx:    0.14
Iteration 11
	model frequencies (percent)
	model 1: 0.0| model 2: 0.0| model 3: 97.2| model 4: 2.8| model 5: 0.0| 
                                                           dL:    1.53
                                                           dm:    1.86
                                                           dx:    0.06
Iteration 12
	model frequencies (percent)
	model 1: 0.0| model 2: 0.0| model 3: 98.6| model 4: 1.4| model 5: 0.0| 
                                                           dL:    1.63
                                                           dm:    1.37
                                                           dx:    0.08
Iteration 13
	model frequencies (percent)
	model 1: 0.0| model 2: 0.0| model 3: 99.4| model 4: 0.5| model 5: 0.0| 
                                                           dL:    1.64
                                                           dm:    0.86
                                                           dx:    0.13
Iteration 14
	model frequencies (percent)
	model 1: 0.0| model 2: 0.0| model 3: 99.8| model 4: 0.2| model 5: 0.0| 
                                                           dL:    1.70
                                                           dm:    0.37
                                                           dx:    0.22
Iteration 15
	model frequencies (percent)
	model 1: 0.0| model 2: 0.0| model 3: 99.9| model 4: 0.1| model 5: 0.0| 
                                                           dL:    0.82
                                                           dm:    0.10
                                                           dx:    0.21
Iteration 16
	model frequencies (percent)
	model 1: 0.0| model 2: 0.0| model 3: 99.9| model 4: 0.0| model 5: 0.0| 
                                                           dL:    0.04
                                                           dm:    0.02
                                                           dx:    0.09
Iteration 17
	model frequencies (percent)
	model 1: 0.0| model 2: 0.0| model 3: 99.9| model 4: 0.0| model 5: 0.0| 
                                                           dL:    0.01
                                                           dm:    0.00
                                                           dx:    0.02
Iteration 18
	model frequencies (percent)
	model 1: 0.0| model 2: 0.0| model 3: 99.9| model 4: 0.0| model 5: 0.0| 
                                                           dL:    0.00
                                                           dm:    0.00
                                                           dx:    0.00
                                                          Converged :]
