cbm_hbi_hbi                                       08-May-2023 22:47:00
Running hierarchical bayesian inference (HBI)...

HBI has been initialized according to
	EM/sim_fit_baseline_it_1.mat [for model 1]
	EM/sim_fit_im_it_1.mat [for model 2]
	EM/sim_fit_em_it_1.mat [for model 3]
	EM/sim_fit_fixarb_it_1.mat [for model 4]
	EM/sim_fit_dynarb_it_1.mat [for model 5]
 
Number of samples: 100
Number of models: 5
======================================================================
Iteration 01
Iteration 02
	model frequencies (percent)
	model 1: 5.6| model 2: 7.3| model 3: 41.4| model 4: 26.4| model 5: 19.2| 
                                                           dL:   69.17
                                                           dm:   58.58
                                                           dx:    0.49
Iteration 03
	model frequencies (percent)
	model 1: 1.7| model 2: 3.6| model 3: 56.3| model 4: 24.9| model 5: 13.6| 
                                                           dL:   18.09
                                                           dm:   14.85
                                                           dx:    0.19
Iteration 04
	model frequencies (percent)
	model 1: 0.5| model 2: 2.0| model 3: 67.2| model 4: 21.5| model 5: 8.7| 
                                                           dL:   10.77
                                                           dm:   10.98
                                                           dx:    0.23
Iteration 05
	model frequencies (percent)
	model 1: 0.1| model 2: 1.2| model 3: 75.7| model 4: 18.0| model 5: 5.1| 
                                                           dL:    7.85
                                                           dm:    8.46
                                                           dx:    0.19
Iteration 06
	model frequencies (percent)
	model 1: 0.0| model 2: 0.6| model 3: 82.2| model 4: 14.6| model 5: 2.6| 
                                                           dL:    4.94
                                                           dm:    6.45
                                                           dx:    0.22
Iteration 07
	model frequencies (percent)
	model 1: 0.0| model 2: 0.3| model 3: 86.9| model 4: 11.7| model 5: 1.1| 
                                                           dL:    4.48
                                                           dm:    4.79
                                                           dx:    0.15
Iteration 08
	model frequencies (percent)
	model 1: 0.0| model 2: 0.1| model 3: 90.4| model 4: 9.3| model 5: 0.3| 
                                                           dL:    4.33
                                                           dm:    3.40
                                                           dx:    0.18
Iteration 09
	model frequencies (percent)
	model 1: 0.0| model 2: 0.0| model 3: 92.7| model 4: 7.2| model 5: 0.1| 
                                                           dL:    3.07
                                                           dm:    2.39
                                                           dx:    0.30
Iteration 10
	model frequencies (percent)
	model 1: 0.0| model 2: 0.0| model 3: 94.5| model 4: 5.4| model 5: 0.0| 
                                                           dL:    1.01
                                                           dm:    1.80
                                                           dx:    0.21
Iteration 11
	model frequencies (percent)
	model 1: 0.0| model 2: 0.0| model 3: 96.0| model 4: 4.0| model 5: 0.0| 
                                                           dL:    0.88
                                                           dm:    1.43
                                                           dx:    0.05
Iteration 12
	model frequencies (percent)
	model 1: 0.0| model 2: 0.0| model 3: 97.1| model 4: 2.8| model 5: 0.0| 
                                                           dL:    0.88
                                                           dm:    1.13
                                                           dx:    0.05
Iteration 13
	model frequencies (percent)
	model 1: 0.0| model 2: 0.0| model 3: 98.0| model 4: 1.9| model 5: 0.0| 
                                                           dL:    0.89
                                                           dm:    0.87
                                                           dx:    0.06
Iteration 14
	model frequencies (percent)
	model 1: 0.0| model 2: 0.1| model 3: 98.6| model 4: 1.3| model 5: 0.0| 
                                                           dL:    0.89
                                                           dm:    0.64
                                                           dx:    0.08
Iteration 15
	model frequencies (percent)
	model 1: 0.0| model 2: 0.1| model 3: 99.1| model 4: 0.8| model 5: 0.0| 
                                                           dL:    0.87
                                                           dm:    0.44
                                                           dx:    0.09
Iteration 16
	model frequencies (percent)
	model 1: 0.0| model 2: 0.1| model 3: 99.4| model 4: 0.5| model 5: 0.0| 
                                                           dL:    0.88
                                                           dm:    0.30
                                                           dx:    0.11
Iteration 17
	model frequencies (percent)
	model 1: 0.0| model 2: 0.1| model 3: 99.6| model 4: 0.3| model 5: 0.0| 
                                                           dL:    0.80
                                                           dm:    0.20
                                                           dx:    0.11
Iteration 18
	model frequencies (percent)
	model 1: 0.0| model 2: 0.1| model 3: 99.7| model 4: 0.2| model 5: 0.0| 
                                                           dL:    0.47
                                                           dm:    0.12
                                                           dx:    0.10
Iteration 19
	model frequencies (percent)
	model 1: 0.0| model 2: 0.1| model 3: 99.7| model 4: 0.1| model 5: 0.0| 
                                                           dL:    0.11
                                                           dm:    0.06
                                                           dx:    0.07
Iteration 20
	model frequencies (percent)
	model 1: 0.0| model 2: 0.1| model 3: 99.8| model 4: 0.1| model 5: 0.0| 
                                                           dL:    0.02
                                                           dm:    0.02
                                                           dx:    0.03
Iteration 21
	model frequencies (percent)
	model 1: 0.0| model 2: 0.1| model 3: 99.8| model 4: 0.1| model 5: 0.0| 
                                                           dL:    0.01
                                                           dm:    0.01
                                                           dx:    0.01
                                                          Converged :]
