cbm_hbi_hbi                                       10-May-2023 11:27:01
Running hierarchical bayesian inference (HBI)...

HBI has been initialized according to
	EM/sim_fit_baseline_it_3.mat [for model 1]
	EM/sim_fit_im_it_3.mat [for model 2]
	EM/sim_fit_em_it_3.mat [for model 3]
	EM/sim_fit_fixarb_it_3.mat [for model 4]
	EM/sim_fit_dynarb_it_3.mat [for model 5]
 
Number of samples: 100
Number of models: 5
======================================================================
Iteration 01
Iteration 02
	model frequencies (percent)
	model 1: 3.7| model 2: 6.6| model 3: 41.4| model 4: 27.7| model 5: 20.6| 
                                                           dL:   74.92
                                                           dm:   58.60
                                                           dx:    0.56
Iteration 03
	model frequencies (percent)
	model 1: 0.6| model 2: 3.3| model 3: 54.1| model 4: 26.7| model 5: 15.2| 
                                                           dL:   16.93
                                                           dm:   12.74
                                                           dx:    0.21
Iteration 04
	model frequencies (percent)
	model 1: 0.0| model 2: 1.9| model 3: 63.8| model 4: 24.0| model 5: 10.2| 
                                                           dL:    9.11
                                                           dm:    9.69
                                                           dx:    0.09
Iteration 05
	model frequencies (percent)
	model 1: 0.0| model 2: 1.1| model 3: 72.0| model 4: 20.8| model 5: 6.1| 
                                                           dL:    5.23
                                                           dm:    8.17
                                                           dx:    0.15
Iteration 06
	model frequencies (percent)
	model 1: 0.0| model 2: 0.5| model 3: 78.9| model 4: 17.5| model 5: 3.0| 
                                                           dL:    5.30
                                                           dm:    6.89
                                                           dx:    0.14
Iteration 07
	model frequencies (percent)
	model 1: 0.0| model 2: 0.2| model 3: 84.4| model 4: 14.3| model 5: 1.1| 
                                                           dL:    5.34
                                                           dm:    5.47
                                                           dx:    0.19
Iteration 08
	model frequencies (percent)
	model 1: 0.0| model 2: 0.1| model 3: 88.4| model 4: 11.2| model 5: 0.2| 
                                                           dL:    5.08
                                                           dm:    4.07
                                                           dx:    0.24
Iteration 09
	model frequencies (percent)
	model 1: 0.0| model 2: 0.0| model 3: 91.5| model 4: 8.5| model 5: 0.0| 
                                                           dL:    3.35
                                                           dm:    3.03
                                                           dx:    0.33
Iteration 10
	model frequencies (percent)
	model 1: 0.0| model 2: 0.0| model 3: 93.9| model 4: 6.0| model 5: 0.0| 
                                                           dL:    1.46
                                                           dm:    2.45
                                                           dx:    0.21
Iteration 11
	model frequencies (percent)
	model 1: 0.0| model 2: 0.0| model 3: 95.9| model 4: 4.0| model 5: 0.0| 
                                                           dL:    1.46
                                                           dm:    2.00
                                                           dx:    0.09
Iteration 12
	model frequencies (percent)
	model 1: 0.0| model 2: 0.0| model 3: 97.5| model 4: 2.5| model 5: 0.0| 
                                                           dL:    1.50
                                                           dm:    1.56
                                                           dx:    0.09
Iteration 13
	model frequencies (percent)
	model 1: 0.0| model 2: 0.0| model 3: 98.6| model 4: 1.4| model 5: 0.0| 
                                                           dL:    1.49
                                                           dm:    1.11
                                                           dx:    0.11
Iteration 14
	model frequencies (percent)
	model 1: 0.0| model 2: 0.0| model 3: 99.3| model 4: 0.7| model 5: 0.0| 
                                                           dL:    1.44
                                                           dm:    0.70
                                                           dx:    0.13
Iteration 15
	model frequencies (percent)
	model 1: 0.0| model 2: 0.0| model 3: 99.7| model 4: 0.3| model 5: 0.0| 
                                                           dL:    1.37
                                                           dm:    0.37
                                                           dx:    0.15
Iteration 16
	model frequencies (percent)
	model 1: 0.0| model 2: 0.0| model 3: 99.8| model 4: 0.1| model 5: 0.0| 
                                                           dL:    0.80
                                                           dm:    0.16
                                                           dx:    0.13
Iteration 17
	model frequencies (percent)
	model 1: 0.0| model 2: 0.0| model 3: 99.9| model 4: 0.1| model 5: 0.0| 
                                                           dL:    0.13
                                                           dm:    0.05
                                                           dx:    0.08
Iteration 18
	model frequencies (percent)
	model 1: 0.0| model 2: 0.0| model 3: 99.9| model 4: 0.1| model 5: 0.0| 
                                                           dL:    0.02
                                                           dm:    0.02
                                                           dx:    0.03
Iteration 19
	model frequencies (percent)
	model 1: 0.0| model 2: 0.0| model 3: 99.9| model 4: 0.1| model 5: 0.0| 
                                                           dL:    0.01
                                                           dm:    0.00
                                                           dx:    0.00
                                                          Converged :]
