cbm_hbi_hbi                                       10-May-2023 12:14:47
Running hierarchical bayesian inference (HBI)...

HBI has been initialized according to
	EM/sim_fit_baseline_it_8.mat [for model 1]
	EM/sim_fit_im_it_8.mat [for model 2]
	EM/sim_fit_em_it_8.mat [for model 3]
	EM/sim_fit_fixarb_it_8.mat [for model 4]
	EM/sim_fit_dynarb_it_8.mat [for model 5]
 
Number of samples: 100
Number of models: 5
======================================================================
Iteration 01
Iteration 02
	model frequencies (percent)
	model 1: 2.7| model 2: 6.2| model 3: 43.9| model 4: 26.5| model 5: 20.6| 
                                                           dL:   80.13
                                                           dm:   56.06
                                                           dx:    0.54
Iteration 03
	model frequencies (percent)
	model 1: 0.6| model 2: 2.9| model 3: 58.5| model 4: 23.6| model 5: 14.5| 
                                                           dL:   16.35
                                                           dm:   14.53
                                                           dx:    0.25
Iteration 04
	model frequencies (percent)
	model 1: 0.1| model 2: 1.6| model 3: 69.5| model 4: 19.6| model 5: 9.3| 
                                                           dL:    9.86
                                                           dm:   11.00
                                                           dx:    0.12
Iteration 05
	model frequencies (percent)
	model 1: 0.0| model 2: 0.8| model 3: 78.2| model 4: 15.6| model 5: 5.4| 
                                                           dL:    6.21
                                                           dm:    8.72
                                                           dx:    0.27
Iteration 06
	model frequencies (percent)
	model 1: 0.0| model 2: 0.4| model 3: 85.0| model 4: 12.0| model 5: 2.6| 
                                                           dL:    5.69
                                                           dm:    6.79
                                                           dx:    0.17
Iteration 07
	model frequencies (percent)
	model 1: 0.0| model 2: 0.2| model 3: 90.0| model 4: 8.9| model 5: 0.9| 
                                                           dL:    5.78
                                                           dm:    5.01
                                                           dx:    0.18
Iteration 08
	model frequencies (percent)
	model 1: 0.0| model 2: 0.1| model 3: 93.3| model 4: 6.4| model 5: 0.2| 
                                                           dL:    5.38
                                                           dm:    3.36
                                                           dx:    0.26
Iteration 09
	model frequencies (percent)
	model 1: 0.0| model 2: 0.0| model 3: 95.5| model 4: 4.4| model 5: 0.0| 
                                                           dL:    3.24
                                                           dm:    2.20
                                                           dx:    0.31
Iteration 10
	model frequencies (percent)
	model 1: 0.0| model 2: 0.0| model 3: 97.1| model 4: 2.8| model 5: 0.0| 
                                                           dL:    1.52
                                                           dm:    1.56
                                                           dx:    0.16
Iteration 11
	model frequencies (percent)
	model 1: 0.0| model 2: 0.0| model 3: 98.2| model 4: 1.7| model 5: 0.0| 
                                                           dL:    1.40
                                                           dm:    1.10
                                                           dx:    0.08
Iteration 12
	model frequencies (percent)
	model 1: 0.0| model 2: 0.0| model 3: 98.9| model 4: 1.0| model 5: 0.0| 
                                                           dL:    1.32
                                                           dm:    0.74
                                                           dx:    0.09
Iteration 13
	model frequencies (percent)
	model 1: 0.0| model 2: 0.1| model 3: 99.4| model 4: 0.5| model 5: 0.0| 
                                                           dL:    1.26
                                                           dm:    0.46
                                                           dx:    0.11
Iteration 14
	model frequencies (percent)
	model 1: 0.0| model 2: 0.1| model 3: 99.6| model 4: 0.3| model 5: 0.0| 
                                                           dL:    1.00
                                                           dm:    0.25
                                                           dx:    0.11
Iteration 15
	model frequencies (percent)
	model 1: 0.0| model 2: 0.1| model 3: 99.8| model 4: 0.2| model 5: 0.0| 
                                                           dL:    0.41
                                                           dm:    0.11
                                                           dx:    0.09
Iteration 16
	model frequencies (percent)
	model 1: 0.0| model 2: 0.1| model 3: 99.8| model 4: 0.1| model 5: 0.0| 
                                                           dL:    0.06
                                                           dm:    0.04
                                                           dx:    0.05
Iteration 17
	model frequencies (percent)
	model 1: 0.0| model 2: 0.1| model 3: 99.8| model 4: 0.1| model 5: 0.0| 
                                                           dL:    0.02
                                                           dm:    0.01
                                                           dx:    0.02
Iteration 18
	model frequencies (percent)
	model 1: 0.0| model 2: 0.1| model 3: 99.8| model 4: 0.1| model 5: 0.0| 
                                                           dL:    0.01
                                                           dm:    0.01
                                                           dx:    0.00
                                                          Converged :]
