cbm_hbi_hbi                                       10-May-2023 11:56:57
Running hierarchical bayesian inference (HBI)...

HBI has been initialized according to
	EM/sim_fit_baseline_it_6.mat [for model 1]
	EM/sim_fit_im_it_6.mat [for model 2]
	EM/sim_fit_em_it_6.mat [for model 3]
	EM/sim_fit_fixarb_it_6.mat [for model 4]
	EM/sim_fit_dynarb_it_6.mat [for model 5]
 
Number of samples: 100
Number of models: 5
======================================================================
Iteration 01
Iteration 02
	model frequencies (percent)
	model 1: 3.3| model 2: 4.9| model 3: 42.5| model 4: 27.8| model 5: 21.4| 
                                                           dL:   76.44
                                                           dm:   57.49
                                                           dx:    0.52
Iteration 03
	model frequencies (percent)
	model 1: 0.7| model 2: 1.8| model 3: 56.6| model 4: 25.9| model 5: 15.0| 
                                                           dL:   17.75
                                                           dm:   14.11
                                                           dx:    0.26
Iteration 04
	model frequencies (percent)
	model 1: 0.1| model 2: 0.9| model 3: 67.5| model 4: 22.2| model 5: 9.4| 
                                                           dL:   11.17
                                                           dm:   10.86
                                                           dx:    0.21
Iteration 05
	model frequencies (percent)
	model 1: 0.0| model 2: 0.5| model 3: 76.1| model 4: 18.1| model 5: 5.3| 
                                                           dL:    6.47
                                                           dm:    8.67
                                                           dx:    0.26
Iteration 06
	model frequencies (percent)
	model 1: 0.0| model 2: 0.3| model 3: 82.9| model 4: 14.2| model 5: 2.7| 
                                                           dL:    5.48
                                                           dm:    6.75
                                                           dx:    0.18
Iteration 07
	model frequencies (percent)
	model 1: 0.0| model 2: 0.2| model 3: 87.9| model 4: 10.8| model 5: 1.2| 
                                                           dL:    4.83
                                                           dm:    4.99
                                                           dx:    0.19
Iteration 08
	model frequencies (percent)
	model 1: 0.0| model 2: 0.2| model 3: 91.4| model 4: 8.0| model 5: 0.4| 
                                                           dL:    4.12
                                                           dm:    3.55
                                                           dx:    0.20
Iteration 09
	model frequencies (percent)
	model 1: 0.0| model 2: 0.2| model 3: 93.9| model 4: 5.8| model 5: 0.1| 
                                                           dL:    3.62
                                                           dm:    2.50
                                                           dx:    0.23
Iteration 10
	model frequencies (percent)
	model 1: 0.0| model 2: 0.2| model 3: 95.7| model 4: 4.1| model 5: 0.0| 
                                                           dL:    1.91
                                                           dm:    1.76
                                                           dx:    0.22
Iteration 11
	model frequencies (percent)
	model 1: 0.0| model 2: 0.2| model 3: 96.9| model 4: 2.8| model 5: 0.0| 
                                                           dL:    1.30
                                                           dm:    1.22
                                                           dx:    0.12
Iteration 12
	model frequencies (percent)
	model 1: 0.0| model 2: 0.2| model 3: 97.7| model 4: 2.0| model 5: 0.0| 
                                                           dL:    1.13
                                                           dm:    0.80
                                                           dx:    0.10
Iteration 13
	model frequencies (percent)
	model 1: 0.0| model 2: 0.3| model 3: 98.2| model 4: 1.5| model 5: 0.0| 
                                                           dL:    0.97
                                                           dm:    0.49
                                                           dx:    0.10
Iteration 14
	model frequencies (percent)
	model 1: 0.0| model 2: 0.3| model 3: 98.5| model 4: 1.2| model 5: 0.0| 
                                                           dL:    0.83
                                                           dm:    0.29
                                                           dx:    0.09
Iteration 15
	model frequencies (percent)
	model 1: 0.0| model 2: 0.4| model 3: 98.7| model 4: 1.0| model 5: 0.0| 
                                                           dL:    0.67
                                                           dm:    0.16
                                                           dx:    0.08
Iteration 16
	model frequencies (percent)
	model 1: 0.0| model 2: 0.4| model 3: 98.8| model 4: 0.8| model 5: 0.0| 
                                                           dL:    0.49
                                                           dm:    0.10
                                                           dx:    0.06
Iteration 17
	model frequencies (percent)
	model 1: 0.0| model 2: 0.5| model 3: 98.8| model 4: 0.7| model 5: 0.0| 
                                                           dL:    0.29
                                                           dm:    0.06
                                                           dx:    0.04
Iteration 18
	model frequencies (percent)
	model 1: 0.0| model 2: 0.5| model 3: 98.9| model 4: 0.6| model 5: 0.0| 
                                                           dL:    0.13
                                                           dm:    0.05
                                                           dx:    0.03
Iteration 19
	model frequencies (percent)
	model 1: 0.0| model 2: 0.6| model 3: 98.9| model 4: 0.5| model 5: 0.0| 
                                                           dL:    0.05
                                                           dm:    0.04
                                                           dx:    0.02
Iteration 20
	model frequencies (percent)
	model 1: 0.0| model 2: 0.6| model 3: 98.9| model 4: 0.4| model 5: 0.0| 
                                                           dL:    0.03
                                                           dm:    0.03
                                                           dx:    0.01
                                                          Converged :]
