cbm_hbi_hbi                                       10-May-2023 12:23:36
Running hierarchical bayesian inference (HBI)...

HBI has been initialized according to
	EM/sim_fit_baseline_it_9.mat [for model 1]
	EM/sim_fit_im_it_9.mat [for model 2]
	EM/sim_fit_em_it_9.mat [for model 3]
	EM/sim_fit_fixarb_it_9.mat [for model 4]
	EM/sim_fit_dynarb_it_9.mat [for model 5]
 
Number of samples: 100
Number of models: 5
======================================================================
Iteration 01
Iteration 02
	model frequencies (percent)
	model 1: 2.4| model 2: 3.9| model 3: 43.8| model 4: 29.2| model 5: 20.6| 
                                                           dL:   80.29
                                                           dm:   56.21
                                                           dx:    0.45
Iteration 03
	model frequencies (percent)
	model 1: 0.3| model 2: 0.7| model 3: 57.9| model 4: 27.1| model 5: 14.0| 
                                                           dL:   18.80
                                                           dm:   14.07
                                                           dx:    0.36
Iteration 04
	model frequencies (percent)
	model 1: 0.0| model 2: 0.1| model 3: 68.4| model 4: 23.1| model 5: 8.4| 
                                                           dL:    9.52
                                                           dm:   10.51
                                                           dx:    0.15
Iteration 05
	model frequencies (percent)
	model 1: 0.0| model 2: 0.0| model 3: 77.0| model 4: 18.8| model 5: 4.3| 
                                                           dL:    6.41
                                                           dm:    8.59
                                                           dx:    0.27
Iteration 06
	model frequencies (percent)
	model 1: 0.0| model 2: 0.0| model 3: 83.9| model 4: 14.5| model 5: 1.5| 
                                                           dL:    5.55
                                                           dm:    6.95
                                                           dx:    0.25
Iteration 07
	model frequencies (percent)
	model 1: 0.0| model 2: 0.0| model 3: 89.1| model 4: 10.6| model 5: 0.3| 
                                                           dL:    5.27
                                                           dm:    5.21
                                                           dx:    0.14
Iteration 08
	model frequencies (percent)
	model 1: 0.0| model 2: 0.0| model 3: 92.8| model 4: 7.1| model 5: 0.0| 
                                                           dL:    4.41
                                                           dm:    3.72
                                                           dx:    0.35
Iteration 09
	model frequencies (percent)
	model 1: 0.0| model 2: 0.0| model 3: 95.7| model 4: 4.3| model 5: 0.0| 
                                                           dL:    2.07
                                                           dm:    2.88
                                                           dx:    0.35
Iteration 10
	model frequencies (percent)
	model 1: 0.0| model 2: 0.0| model 3: 97.9| model 4: 2.1| model 5: 0.0| 
                                                           dL:    2.15
                                                           dm:    2.17
                                                           dx:    0.07
Iteration 11
	model frequencies (percent)
	model 1: 0.0| model 2: 0.0| model 3: 99.3| model 4: 0.7| model 5: 0.0| 
                                                           dL:    2.18
                                                           dm:    1.37
                                                           dx:    0.09
Iteration 12
	model frequencies (percent)
	model 1: 0.0| model 2: 0.0| model 3: 99.8| model 4: 0.2| model 5: 0.0| 
                                                           dL:    2.06
                                                           dm:    0.57
                                                           dx:    0.16
Iteration 13
	model frequencies (percent)
	model 1: 0.0| model 2: 0.0| model 3: 100.0| model 4: 0.0| model 5: 0.0| 
                                                           dL:    1.42
                                                           dm:    0.12
                                                           dx:    0.36
Iteration 14
	model frequencies (percent)
	model 1: 0.0| model 2: 0.0| model 3: 100.0| model 4: 0.0| model 5: 0.0| 
                                                           dL:    0.07
                                                           dm:    0.01
                                                           dx:    0.19
Iteration 15
	model frequencies (percent)
	model 1: 0.0| model 2: 0.0| model 3: 100.0| model 4: 0.0| model 5: 0.0| 
                                                           dL:    0.00
                                                           dm:    0.00
                                                           dx:    0.03
Iteration 16
	model frequencies (percent)
	model 1: 0.0| model 2: 0.0| model 3: 100.0| model 4: 0.0| model 5: 0.0| 
                                                           dL:    0.00
                                                           dm:    0.00
                                                           dx:    0.00
                                                          Converged :]
