cbm_hbi_hbi                                       10-May-2023 11:16:35
Running hierarchical bayesian inference (HBI)...

HBI has been initialized according to
	EM/sim_fit_baseline_it_2.mat [for model 1]
	EM/sim_fit_im_it_2.mat [for model 2]
	EM/sim_fit_em_it_2.mat [for model 3]
	EM/sim_fit_fixarb_it_2.mat [for model 4]
	EM/sim_fit_dynarb_it_2.mat [for model 5]
 
Number of samples: 100
Number of models: 5
======================================================================
Iteration 01
Iteration 02
	model frequencies (percent)
	model 1: 3.3| model 2: 7.3| model 3: 40.5| model 4: 28.4| model 5: 20.5| 
                                                           dL:   73.19
                                                           dm:   59.54
                                                           dx:    0.51
Iteration 03
	model frequencies (percent)
	model 1: 0.5| model 2: 3.4| model 3: 53.5| model 4: 27.6| model 5: 15.1| 
                                                           dL:   18.63
                                                           dm:   13.00
                                                           dx:    0.22
Iteration 04
	model frequencies (percent)
	model 1: 0.0| model 2: 1.8| model 3: 63.1| model 4: 24.9| model 5: 10.2| 
                                                           dL:   10.30
                                                           dm:    9.62
                                                           dx:    0.15
Iteration 05
	model frequencies (percent)
	model 1: 0.0| model 2: 1.1| model 3: 70.7| model 4: 21.8| model 5: 6.3| 
                                                           dL:    5.40
                                                           dm:    7.67
                                                           dx:    0.25
Iteration 06
	model frequencies (percent)
	model 1: 0.0| model 2: 0.7| model 3: 76.8| model 4: 18.9| model 5: 3.5| 
                                                           dL:    4.78
                                                           dm:    6.08
                                                           dx:    0.13
Iteration 07
	model frequencies (percent)
	model 1: 0.0| model 2: 0.5| model 3: 81.4| model 4: 16.4| model 5: 1.7| 
                                                           dL:    4.29
                                                           dm:    4.59
                                                           dx:    0.16
Iteration 08
	model frequencies (percent)
	model 1: 0.0| model 2: 0.4| model 3: 84.7| model 4: 14.2| model 5: 0.7| 
                                                           dL:    3.71
                                                           dm:    3.28
                                                           dx:    0.19
Iteration 09
	model frequencies (percent)
	model 1: 0.0| model 2: 0.3| model 3: 87.0| model 4: 12.4| model 5: 0.2| 
                                                           dL:    3.01
                                                           dm:    2.31
                                                           dx:    0.21
Iteration 10
	model frequencies (percent)
	model 1: 0.0| model 2: 0.3| model 3: 88.7| model 4: 11.0| model 5: 0.1| 
                                                           dL:    1.51
                                                           dm:    1.68
                                                           dx:    0.18
Iteration 11
	model frequencies (percent)
	model 1: 0.0| model 2: 0.2| model 3: 90.0| model 4: 9.8| model 5: 0.0| 
                                                           dL:    0.79
                                                           dm:    1.28
                                                           dx:    0.09
Iteration 12
	model frequencies (percent)
	model 1: 0.0| model 2: 0.2| model 3: 90.9| model 4: 8.8| model 5: 0.0| 
                                                           dL:    0.69
                                                           dm:    0.99
                                                           dx:    0.04
Iteration 13
	model frequencies (percent)
	model 1: 0.0| model 2: 0.2| model 3: 91.7| model 4: 8.1| model 5: 0.0| 
                                                           dL:    0.61
                                                           dm:    0.76
                                                           dx:    0.03
Iteration 14
	model frequencies (percent)
	model 1: 0.0| model 2: 0.2| model 3: 92.3| model 4: 7.5| model 5: 0.0| 
                                                           dL:    0.54
                                                           dm:    0.58
                                                           dx:    0.03
Iteration 15
	model frequencies (percent)
	model 1: 0.0| model 2: 0.2| model 3: 92.7| model 4: 7.1| model 5: 0.0| 
                                                           dL:    0.47
                                                           dm:    0.45
                                                           dx:    0.03
Iteration 16
	model frequencies (percent)
	model 1: 0.0| model 2: 0.2| model 3: 93.1| model 4: 6.7| model 5: 0.0| 
                                                           dL:    0.41
                                                           dm:    0.35
                                                           dx:    0.03
Iteration 17
	model frequencies (percent)
	model 1: 0.0| model 2: 0.2| model 3: 93.4| model 4: 6.5| model 5: 0.0| 
                                                           dL:    0.36
                                                           dm:    0.28
                                                           dx:    0.03
Iteration 18
	model frequencies (percent)
	model 1: 0.0| model 2: 0.2| model 3: 93.6| model 4: 6.2| model 5: 0.0| 
                                                           dL:    0.32
                                                           dm:    0.23
                                                           dx:    0.03
Iteration 19
	model frequencies (percent)
	model 1: 0.0| model 2: 0.1| model 3: 93.8| model 4: 6.0| model 5: 0.0| 
                                                           dL:    0.30
                                                           dm:    0.20
                                                           dx:    0.03
Iteration 20
	model frequencies (percent)
	model 1: 0.0| model 2: 0.1| model 3: 94.0| model 4: 5.9| model 5: 0.0| 
                                                           dL:    0.27
                                                           dm:    0.17
                                                           dx:    0.03
Iteration 21
	model frequencies (percent)
	model 1: 0.0| model 2: 0.1| model 3: 94.1| model 4: 5.7| model 5: 0.0| 
                                                           dL:    0.25
                                                           dm:    0.16
                                                           dx:    0.03
Iteration 22
	model frequencies (percent)
	model 1: 0.0| model 2: 0.1| model 3: 94.3| model 4: 5.6| model 5: 0.0| 
                                                           dL:    0.24
                                                           dm:    0.14
                                                           dx:    0.02
Iteration 23
	model frequencies (percent)
	model 1: 0.0| model 2: 0.1| model 3: 94.4| model 4: 5.5| model 5: 0.0| 
                                                           dL:    0.22
                                                           dm:    0.13
                                                           dx:    0.02
Iteration 24
	model frequencies (percent)
	model 1: 0.0| model 2: 0.1| model 3: 94.5| model 4: 5.3| model 5: 0.0| 
                                                           dL:    0.21
                                                           dm:    0.11
                                                           dx:    0.02
Iteration 25
	model frequencies (percent)
	model 1: 0.0| model 2: 0.1| model 3: 94.6| model 4: 5.2| model 5: 0.0| 
                                                           dL:    0.19
                                                           dm:    0.10
                                                           dx:    0.02
Iteration 26
	model frequencies (percent)
	model 1: 0.0| model 2: 0.1| model 3: 94.7| model 4: 5.1| model 5: 0.0| 
                                                           dL:    0.18
                                                           dm:    0.09
                                                           dx:    0.02
Iteration 27
	model frequencies (percent)
	model 1: 0.0| model 2: 0.1| model 3: 94.8| model 4: 5.1| model 5: 0.0| 
                                                           dL:    0.17
                                                           dm:    0.08
                                                           dx:    0.02
Iteration 28
	model frequencies (percent)
	model 1: 0.0| model 2: 0.1| model 3: 94.8| model 4: 5.0| model 5: 0.0| 
                                                           dL:    0.15
                                                           dm:    0.07
                                                           dx:    0.02
Iteration 29
	model frequencies (percent)
	model 1: 0.0| model 2: 0.1| model 3: 94.9| model 4: 4.9| model 5: 0.0| 
                                                           dL:    0.14
                                                           dm:    0.06
                                                           dx:    0.02
Iteration 30
	model frequencies (percent)
	model 1: 0.0| model 2: 0.1| model 3: 95.0| model 4: 4.9| model 5: 0.0| 
                                                           dL:    0.13
                                                           dm:    0.05
                                                           dx:    0.02
Iteration 31
	model frequencies (percent)
	model 1: 0.0| model 2: 0.1| model 3: 95.0| model 4: 4.8| model 5: 0.0| 
                                                           dL:    0.12
                                                           dm:    0.05
                                                           dx:    0.02
