cbm_hbi_hbi                                       10-May-2023 12:31:59
Running hierarchical bayesian inference (HBI)...

HBI has been initialized according to
	EM/sim_fit_baseline_it_10.mat [for model 1]
	EM/sim_fit_im_it_10.mat [for model 2]
	EM/sim_fit_em_it_10.mat [for model 3]
	EM/sim_fit_fixarb_it_10.mat [for model 4]
	EM/sim_fit_dynarb_it_10.mat [for model 5]
 
Number of samples: 100
Number of models: 5
======================================================================
Iteration 01
Iteration 02
	model frequencies (percent)
	model 1: 4.1| model 2: 7.3| model 3: 42.6| model 4: 27.0| model 5: 19.0| 
                                                           dL:   70.26
                                                           dm:   57.41
                                                           dx:    0.45
Iteration 03
	model frequencies (percent)
	model 1: 1.0| model 2: 3.6| model 3: 57.4| model 4: 25.1| model 5: 12.9| 
                                                           dL:   17.35
                                                           dm:   14.81
                                                           dx:    0.18
Iteration 04
	model frequencies (percent)
	model 1: 0.1| model 2: 1.9| model 3: 68.6| model 4: 21.5| model 5: 7.9| 
                                                           dL:   11.04
                                                           dm:   11.18
                                                           dx:    0.12
Iteration 05
	model frequencies (percent)
	model 1: 0.0| model 2: 0.9| model 3: 77.4| model 4: 17.6| model 5: 4.2| 
                                                           dL:    6.68
                                                           dm:    8.78
                                                           dx:    0.19
Iteration 06
	model frequencies (percent)
	model 1: 0.0| model 2: 0.4| model 3: 84.2| model 4: 13.7| model 5: 1.7| 
                                                           dL:    5.81
                                                           dm:    6.86
                                                           dx:    0.14
Iteration 07
	model frequencies (percent)
	model 1: 0.0| model 2: 0.1| model 3: 89.3| model 4: 10.2| model 5: 0.4| 
                                                           dL:    5.70
                                                           dm:    5.05
                                                           dx:    0.15
Iteration 08
	model frequencies (percent)
	model 1: 0.0| model 2: 0.0| model 3: 92.8| model 4: 7.1| model 5: 0.1| 
                                                           dL:    4.83
                                                           dm:    3.55
                                                           dx:    0.26
Iteration 09
	model frequencies (percent)
	model 1: 0.0| model 2: 0.0| model 3: 95.4| model 4: 4.5| model 5: 0.0| 
                                                           dL:    2.15
                                                           dm:    2.63
                                                           dx:    0.29
Iteration 10
	model frequencies (percent)
	model 1: 0.0| model 2: 0.0| model 3: 97.4| model 4: 2.6| model 5: 0.0| 
                                                           dL:    1.83
                                                           dm:    1.97
                                                           dx:    0.10
Iteration 11
	model frequencies (percent)
	model 1: 0.0| model 2: 0.0| model 3: 98.7| model 4: 1.2| model 5: 0.0| 
                                                           dL:    1.83
                                                           dm:    1.33
                                                           dx:    0.09
Iteration 12
	model frequencies (percent)
	model 1: 0.0| model 2: 0.0| model 3: 99.5| model 4: 0.5| model 5: 0.0| 
                                                           dL:    1.71
                                                           dm:    0.75
                                                           dx:    0.13
Iteration 13
	model frequencies (percent)
	model 1: 0.0| model 2: 0.0| model 3: 99.8| model 4: 0.2| model 5: 0.0| 
                                                           dL:    1.54
                                                           dm:    0.31
                                                           dx:    0.18
Iteration 14
	model frequencies (percent)
	model 1: 0.0| model 2: 0.0| model 3: 99.9| model 4: 0.1| model 5: 0.0| 
                                                           dL:    0.60
                                                           dm:    0.09
                                                           dx:    0.15
Iteration 15
	model frequencies (percent)
	model 1: 0.0| model 2: 0.0| model 3: 99.9| model 4: 0.1| model 5: 0.0| 
                                                           dL:    0.04
                                                           dm:    0.02
                                                           dx:    0.08
Iteration 16
	model frequencies (percent)
	model 1: 0.0| model 2: 0.0| model 3: 99.9| model 4: 0.0| model 5: 0.0| 
                                                           dL:    0.01
                                                           dm:    0.00
                                                           dx:    0.02
Iteration 17
	model frequencies (percent)
	model 1: 0.0| model 2: 0.0| model 3: 99.9| model 4: 0.0| model 5: 0.0| 
                                                           dL:    0.00
                                                           dm:    0.00
                                                           dx:    0.00
                                                          Converged :]
