cbm_hbi_hbi                                       10-May-2023 11:46:23
Running hierarchical bayesian inference (HBI)...

HBI has been initialized according to
	EM/sim_fit_baseline_it_5.mat [for model 1]
	EM/sim_fit_im_it_5.mat [for model 2]
	EM/sim_fit_em_it_5.mat [for model 3]
	EM/sim_fit_fixarb_it_5.mat [for model 4]
	EM/sim_fit_dynarb_it_5.mat [for model 5]
 
Number of samples: 100
Number of models: 5
======================================================================
Iteration 01
Iteration 02
	model frequencies (percent)
	model 1: 2.6| model 2: 4.6| model 3: 43.5| model 4: 27.7| model 5: 21.6| 
                                                           dL:   81.12
                                                           dm:   56.50
                                                           dx:    0.57
Iteration 03
	model frequencies (percent)
	model 1: 0.2| model 2: 1.7| model 3: 56.9| model 4: 25.4| model 5: 15.8| 
                                                           dL:   17.68
                                                           dm:   13.41
                                                           dx:    0.18
Iteration 04
	model frequencies (percent)
	model 1: 0.0| model 2: 0.6| model 3: 67.2| model 4: 21.6| model 5: 10.5| 
                                                           dL:    8.42
                                                           dm:   10.33
                                                           dx:    0.13
Iteration 05
	model frequencies (percent)
	model 1: 0.0| model 2: 0.2| model 3: 75.9| model 4: 17.5| model 5: 6.4| 
                                                           dL:    5.82
                                                           dm:    8.66
                                                           dx:    0.18
Iteration 06
	model frequencies (percent)
	model 1: 0.0| model 2: 0.0| model 3: 83.1| model 4: 13.6| model 5: 3.3| 
                                                           dL:    6.04
                                                           dm:    7.19
                                                           dx:    0.13
Iteration 07
	model frequencies (percent)
	model 1: 0.0| model 2: 0.0| model 3: 88.8| model 4: 10.0| model 5: 1.2| 
                                                           dL:    5.45
                                                           dm:    5.72
                                                           dx:    0.23
Iteration 08
	model frequencies (percent)
	model 1: 0.0| model 2: 0.0| model 3: 93.0| model 4: 6.7| model 5: 0.2| 
                                                           dL:    5.24
                                                           dm:    4.21
                                                           dx:    0.26
Iteration 09
	model frequencies (percent)
	model 1: 0.0| model 2: 0.0| model 3: 95.9| model 4: 4.1| model 5: 0.0| 
                                                           dL:    4.55
                                                           dm:    2.89
                                                           dx:    0.36
Iteration 10
	model frequencies (percent)
	model 1: 0.0| model 2: 0.0| model 3: 97.9| model 4: 2.1| model 5: 0.0| 
                                                           dL:    2.19
                                                           dm:    2.01
                                                           dx:    0.28
Iteration 11
	model frequencies (percent)
	model 1: 0.0| model 2: 0.0| model 3: 99.2| model 4: 0.8| model 5: 0.0| 
                                                           dL:    2.01
                                                           dm:    1.27
                                                           dx:    0.13
Iteration 12
	model frequencies (percent)
	model 1: 0.0| model 2: 0.0| model 3: 99.8| model 4: 0.2| model 5: 0.0| 
                                                           dL:    1.87
                                                           dm:    0.59
                                                           dx:    0.17
Iteration 13
	model frequencies (percent)
	model 1: 0.0| model 2: 0.0| model 3: 99.9| model 4: 0.0| model 5: 0.0| 
                                                           dL:    1.39
                                                           dm:    0.16
                                                           dx:    0.25
Iteration 14
	model frequencies (percent)
	model 1: 0.0| model 2: 0.0| model 3: 100.0| model 4: 0.0| model 5: 0.0| 
                                                           dL:    0.16
                                                           dm:    0.03
                                                           dx:    0.19
Iteration 15
	model frequencies (percent)
	model 1: 0.0| model 2: 0.0| model 3: 100.0| model 4: 0.0| model 5: 0.0| 
                                                           dL:    0.01
                                                           dm:    0.00
                                                           dx:    0.05
Iteration 16
	model frequencies (percent)
	model 1: 0.0| model 2: 0.0| model 3: 100.0| model 4: 0.0| model 5: 0.0| 
                                                           dL:    0.00
                                                           dm:    0.00
                                                           dx:    0.00
                                                          Converged :]
