cbm_hbi_hbi                                       10-May-2023 11:35:52
Running hierarchical bayesian inference (HBI)...

HBI has been initialized according to
	EM/sim_fit_baseline_it_4.mat [for model 1]
	EM/sim_fit_im_it_4.mat [for model 2]
	EM/sim_fit_em_it_4.mat [for model 3]
	EM/sim_fit_fixarb_it_4.mat [for model 4]
	EM/sim_fit_dynarb_it_4.mat [for model 5]
 
Number of samples: 100
Number of models: 5
======================================================================
Iteration 01
Iteration 02
	model frequencies (percent)
	model 1: 4.1| model 2: 5.8| model 3: 41.3| model 4: 28.6| model 5: 20.3| 
                                                           dL:   73.15
                                                           dm:   58.72
                                                           dx:    0.58
Iteration 03
	model frequencies (percent)
	model 1: 1.8| model 2: 2.4| model 3: 53.9| model 4: 27.6| model 5: 14.3| 
                                                           dL:   13.71
                                                           dm:   12.64
                                                           dx:    0.31
Iteration 04
	model frequencies (percent)
	model 1: 1.0| model 2: 1.2| model 3: 63.7| model 4: 24.9| model 5: 9.2| 
                                                           dL:    8.10
                                                           dm:    9.76
                                                           dx:    0.22
Iteration 05
	model frequencies (percent)
	model 1: 0.5| model 2: 0.6| model 3: 71.7| model 4: 21.8| model 5: 5.3| 
                                                           dL:    7.28
                                                           dm:    8.04
                                                           dx:    0.14
Iteration 06
	model frequencies (percent)
	model 1: 0.1| model 2: 0.4| model 3: 78.2| model 4: 18.6| model 5: 2.7| 
                                                           dL:    7.33
                                                           dm:    6.50
                                                           dx:    0.19
Iteration 07
	model frequencies (percent)
	model 1: 0.0| model 2: 0.2| model 3: 83.2| model 4: 15.5| model 5: 1.1| 
                                                           dL:    5.31
                                                           dm:    4.95
                                                           dx:    0.36
Iteration 08
	model frequencies (percent)
	model 1: 0.0| model 2: 0.2| model 3: 86.8| model 4: 12.7| model 5: 0.3| 
                                                           dL:    4.02
                                                           dm:    3.67
                                                           dx:    0.28
Iteration 09
	model frequencies (percent)
	model 1: 0.0| model 2: 0.1| model 3: 89.6| model 4: 10.2| model 5: 0.1| 
                                                           dL:    2.84
                                                           dm:    2.76
                                                           dx:    0.22
Iteration 10
	model frequencies (percent)
	model 1: 0.0| model 2: 0.1| model 3: 91.7| model 4: 8.1| model 5: 0.0| 
                                                           dL:    1.44
                                                           dm:    2.12
                                                           dx:    0.14
Iteration 11
	model frequencies (percent)
	model 1: 0.0| model 2: 0.1| model 3: 93.3| model 4: 6.5| model 5: 0.0| 
                                                           dL:    1.23
                                                           dm:    1.60
                                                           dx:    0.07
Iteration 12
	model frequencies (percent)
	model 1: 0.0| model 2: 0.1| model 3: 94.5| model 4: 5.4| model 5: 0.0| 
                                                           dL:    1.10
                                                           dm:    1.14
                                                           dx:    0.06
Iteration 13
	model frequencies (percent)
	model 1: 0.0| model 2: 0.1| model 3: 95.2| model 4: 4.7| model 5: 0.0| 
                                                           dL:    0.92
                                                           dm:    0.76
                                                           dx:    0.05
Iteration 14
	model frequencies (percent)
	model 1: 0.0| model 2: 0.1| model 3: 95.7| model 4: 4.2| model 5: 0.0| 
                                                           dL:    0.74
                                                           dm:    0.49
                                                           dx:    0.05
Iteration 15
	model frequencies (percent)
	model 1: 0.0| model 2: 0.1| model 3: 96.0| model 4: 3.8| model 5: 0.0| 
                                                           dL:    0.59
                                                           dm:    0.33
                                                           dx:    0.05
Iteration 16
	model frequencies (percent)
	model 1: 0.0| model 2: 0.1| model 3: 96.3| model 4: 3.6| model 5: 0.0| 
                                                           dL:    0.49
                                                           dm:    0.23
                                                           dx:    0.04
Iteration 17
	model frequencies (percent)
	model 1: 0.0| model 2: 0.1| model 3: 96.4| model 4: 3.5| model 5: 0.0| 
                                                           dL:    0.41
                                                           dm:    0.17
                                                           dx:    0.04
Iteration 18
	model frequencies (percent)
	model 1: 0.0| model 2: 0.1| model 3: 96.6| model 4: 3.3| model 5: 0.0| 
                                                           dL:    0.35
                                                           dm:    0.13
                                                           dx:    0.04
Iteration 19
	model frequencies (percent)
	model 1: 0.0| model 2: 0.1| model 3: 96.7| model 4: 3.2| model 5: 0.0| 
                                                           dL:    0.30
                                                           dm:    0.10
                                                           dx:    0.03
Iteration 20
	model frequencies (percent)
	model 1: 0.0| model 2: 0.1| model 3: 96.7| model 4: 3.1| model 5: 0.0| 
                                                           dL:    0.26
                                                           dm:    0.08
                                                           dx:    0.03
Iteration 21
	model frequencies (percent)
	model 1: 0.0| model 2: 0.1| model 3: 96.8| model 4: 3.1| model 5: 0.0| 
                                                           dL:    0.22
                                                           dm:    0.07
                                                           dx:    0.03
Iteration 22
	model frequencies (percent)
	model 1: 0.0| model 2: 0.1| model 3: 96.9| model 4: 3.0| model 5: 0.0| 
                                                           dL:    0.19
                                                           dm:    0.06
                                                           dx:    0.03
Iteration 23
	model frequencies (percent)
	model 1: 0.0| model 2: 0.1| model 3: 96.9| model 4: 3.0| model 5: 0.0| 
                                                           dL:    0.16
                                                           dm:    0.05
                                                           dx:    0.02
Iteration 24
	model frequencies (percent)
	model 1: 0.0| model 2: 0.1| model 3: 97.0| model 4: 2.9| model 5: 0.0| 
                                                           dL:    0.13
                                                           dm:    0.05
                                                           dx:    0.02
Iteration 25
	model frequencies (percent)
	model 1: 0.0| model 2: 0.1| model 3: 97.0| model 4: 2.9| model 5: 0.0| 
                                                           dL:    0.10
                                                           dm:    0.04
                                                           dx:    0.02
Iteration 26
	model frequencies (percent)
	model 1: 0.0| model 2: 0.1| model 3: 97.0| model 4: 2.8| model 5: 0.0| 
                                                           dL:    0.08
                                                           dm:    0.03
                                                           dx:    0.02
Iteration 27
	model frequencies (percent)
	model 1: 0.0| model 2: 0.1| model 3: 97.1| model 4: 2.8| model 5: 0.0| 
                                                           dL:    0.06
                                                           dm:    0.03
                                                           dx:    0.02
Iteration 28
	model frequencies (percent)
	model 1: 0.0| model 2: 0.1| model 3: 97.1| model 4: 2.8| model 5: 0.0| 
                                                           dL:    0.05
                                                           dm:    0.03
                                                           dx:    0.01
Iteration 29
	model frequencies (percent)
	model 1: 0.0| model 2: 0.1| model 3: 97.1| model 4: 2.8| model 5: 0.0| 
                                                           dL:    0.03
                                                           dm:    0.02
                                                           dx:    0.01
Iteration 30
	model frequencies (percent)
	model 1: 0.0| model 2: 0.1| model 3: 97.1| model 4: 2.7| model 5: 0.0| 
                                                           dL:    0.02
                                                           dm:    0.02
                                                           dx:    0.01
Iteration 31
	model frequencies (percent)
	model 1: 0.0| model 2: 0.1| model 3: 97.2| model 4: 2.7| model 5: 0.0| 
                                                           dL:    0.02
                                                           dm:    0.02
                                                           dx:    0.01
                                                          Converged :]
