cbm_hbi_hbi                                       09-May-2023 12:11:26
Running hierarchical bayesian inference (HBI)...

HBI has been initialized according to
	EM/sim_fit_baseline_it_1.mat [for model 1]
	EM/sim_fit_im_it_1.mat [for model 2]
	EM/sim_fit_em_it_1.mat [for model 3]
	EM/sim_fit_fixarb_it_1.mat [for model 4]
	EM/sim_fit_dynarb_it_1.mat [for model 5]
 
Number of samples: 100
Number of models: 5
======================================================================
Iteration 01
Iteration 02
	model frequencies (percent)
	model 1: 3.2| model 2: 4.8| model 3: 42.4| model 4: 29.3| model 5: 20.3| 
                                                           dL:   76.23
                                                           dm:   57.59
                                                           dx:    0.52
Iteration 03
	model frequencies (percent)
	model 1: 0.6| model 2: 1.7| model 3: 56.0| model 4: 27.8| model 5: 13.9| 
                                                           dL:   17.52
                                                           dm:   13.57
                                                           dx:    0.19
Iteration 04
	model frequencies (percent)
	model 1: 0.0| model 2: 0.7| model 3: 66.3| model 4: 24.5| model 5: 8.5| 
                                                           dL:   10.19
                                                           dm:   10.30
                                                           dx:    0.16
Iteration 05
	model frequencies (percent)
	model 1: 0.0| model 2: 0.3| model 3: 74.5| model 4: 20.7| model 5: 4.5| 
                                                           dL:    6.01
                                                           dm:    8.22
                                                           dx:    0.18
Iteration 06
	model frequencies (percent)
	model 1: 0.0| model 2: 0.1| model 3: 81.0| model 4: 17.1| model 5: 1.8| 
                                                           dL:    5.76
                                                           dm:    6.52
                                                           dx:    0.16
Iteration 07
	model frequencies (percent)
	model 1: 0.0| model 2: 0.0| model 3: 85.9| model 4: 13.6| model 5: 0.5| 
                                                           dL:    5.08
                                                           dm:    4.91
                                                           dx:    0.22
Iteration 08
	model frequencies (percent)
	model 1: 0.0| model 2: 0.0| model 3: 89.5| model 4: 10.4| model 5: 0.1| 
                                                           dL:    3.99
                                                           dm:    3.62
                                                           dx:    0.36
Iteration 09
	model frequencies (percent)
	model 1: 0.0| model 2: 0.0| model 3: 92.4| model 4: 7.5| model 5: 0.0| 
                                                           dL:    1.75
                                                           dm:    2.88
                                                           dx:    0.28
Iteration 10
	model frequencies (percent)
	model 1: 0.0| model 2: 0.0| model 3: 94.8| model 4: 5.1| model 5: 0.0| 
                                                           dL:    1.40
                                                           dm:    2.41
                                                           dx:    0.10
Iteration 11
	model frequencies (percent)
	model 1: 0.0| model 2: 0.0| model 3: 96.8| model 4: 3.2| model 5: 0.0| 
                                                           dL:    1.49
                                                           dm:    1.96
                                                           dx:    0.09
Iteration 12
	model frequencies (percent)
	model 1: 0.0| model 2: 0.0| model 3: 98.3| model 4: 1.7| model 5: 0.0| 
                                                           dL:    1.56
                                                           dm:    1.49
                                                           dx:    0.12
Iteration 13
	model frequencies (percent)
	model 1: 0.0| model 2: 0.0| model 3: 99.3| model 4: 0.7| model 5: 0.0| 
                                                           dL:    1.69
                                                           dm:    0.98
                                                           dx:    0.17
Iteration 14
	model frequencies (percent)
	model 1: 0.0| model 2: 0.0| model 3: 99.7| model 4: 0.2| model 5: 0.0| 
                                                           dL:    1.75
                                                           dm:    0.46
                                                           dx:    0.21
Iteration 15
	model frequencies (percent)
	model 1: 0.0| model 2: 0.0| model 3: 99.9| model 4: 0.1| model 5: 0.0| 
                                                           dL:    1.27
                                                           dm:    0.15
                                                           dx:    0.19
Iteration 16
	model frequencies (percent)
	model 1: 0.0| model 2: 0.0| model 3: 99.9| model 4: 0.0| model 5: 0.0| 
                                                           dL:    0.15
                                                           dm:    0.04
                                                           dx:    0.11
Iteration 17
	model frequencies (percent)
	model 1: 0.0| model 2: 0.0| model 3: 99.9| model 4: 0.0| model 5: 0.0| 
                                                           dL:    0.01
                                                           dm:    0.01
                                                           dx:    0.04
Iteration 18
	model frequencies (percent)
	model 1: 0.0| model 2: 0.0| model 3: 99.9| model 4: 0.0| model 5: 0.0| 
                                                           dL:    0.01
                                                           dm:    0.00
                                                           dx:    0.00
                                                          Converged :]
