cbm_hbi_hbi                                       10-May-2023 12:06:00
Running hierarchical bayesian inference (HBI)...

HBI has been initialized according to
	EM/sim_fit_baseline_it_7.mat [for model 1]
	EM/sim_fit_im_it_7.mat [for model 2]
	EM/sim_fit_em_it_7.mat [for model 3]
	EM/sim_fit_fixarb_it_7.mat [for model 4]
	EM/sim_fit_dynarb_it_7.mat [for model 5]
 
Number of samples: 100
Number of models: 5
======================================================================
Iteration 01
Iteration 02
	model frequencies (percent)
	model 1: 2.6| model 2: 5.2| model 3: 43.1| model 4: 28.4| model 5: 20.7| 
                                                           dL:   78.29
                                                           dm:   56.91
                                                           dx:    0.48
Iteration 03
	model frequencies (percent)
	model 1: 0.2| model 2: 1.6| model 3: 56.8| model 4: 26.6| model 5: 14.7| 
                                                           dL:   18.58
                                                           dm:   13.73
                                                           dx:    0.16
Iteration 04
	model frequencies (percent)
	model 1: 0.0| model 2: 0.5| model 3: 67.1| model 4: 23.0| model 5: 9.4| 
                                                           dL:    8.54
                                                           dm:   10.32
                                                           dx:    0.12
Iteration 05
	model frequencies (percent)
	model 1: 0.0| model 2: 0.1| model 3: 75.6| model 4: 19.1| model 5: 5.2| 
                                                           dL:    6.02
                                                           dm:    8.42
                                                           dx:    0.12
Iteration 06
	model frequencies (percent)
	model 1: 0.0| model 2: 0.0| model 3: 82.3| model 4: 15.3| model 5: 2.3| 
                                                           dL:    5.81
                                                           dm:    6.78
                                                           dx:    0.10
Iteration 07
	model frequencies (percent)
	model 1: 0.0| model 2: 0.0| model 3: 87.5| model 4: 11.8| model 5: 0.6| 
                                                           dL:    4.85
                                                           dm:    5.19
                                                           dx:    0.27
Iteration 08
	model frequencies (percent)
	model 1: 0.0| model 2: 0.0| model 3: 91.2| model 4: 8.7| model 5: 0.1| 
                                                           dL:    4.34
                                                           dm:    3.71
                                                           dx:    0.24
Iteration 09
	model frequencies (percent)
	model 1: 0.0| model 2: 0.0| model 3: 94.0| model 4: 6.0| model 5: 0.0| 
                                                           dL:    2.21
                                                           dm:    2.75
                                                           dx:    0.40
Iteration 10
	model frequencies (percent)
	model 1: 0.0| model 2: 0.0| model 3: 96.1| model 4: 3.8| model 5: 0.0| 
                                                           dL:    1.37
                                                           dm:    2.15
                                                           dx:    0.12
Iteration 11
	model frequencies (percent)
	model 1: 0.0| model 2: 0.0| model 3: 97.8| model 4: 2.2| model 5: 0.0| 
                                                           dL:    1.35
                                                           dm:    1.62
                                                           dx:    0.03
Iteration 12
	model frequencies (percent)
	model 1: 0.0| model 2: 0.0| model 3: 98.9| model 4: 1.1| model 5: 0.0| 
                                                           dL:    1.35
                                                           dm:    1.14
                                                           dx:    0.04
Iteration 13
	model frequencies (percent)
	model 1: 0.0| model 2: 0.0| model 3: 99.6| model 4: 0.4| model 5: 0.0| 
                                                           dL:    1.45
                                                           dm:    0.71
                                                           dx:    0.11
Iteration 14
	model frequencies (percent)
	model 1: 0.0| model 2: 0.0| model 3: 99.9| model 4: 0.1| model 5: 0.0| 
                                                           dL:    1.90
                                                           dm:    0.30
                                                           dx:    0.36
Iteration 15
	model frequencies (percent)
	model 1: 0.0| model 2: 0.0| model 3: 100.0| model 4: 0.0| model 5: 0.0| 
                                                           dL:    0.70
                                                           dm:    0.05
                                                           dx:    0.30
Iteration 16
	model frequencies (percent)
	model 1: 0.0| model 2: 0.0| model 3: 100.0| model 4: 0.0| model 5: 0.0| 
                                                           dL:    0.01
                                                           dm:    0.01
                                                           dx:    0.08
Iteration 17
	model frequencies (percent)
	model 1: 0.0| model 2: 0.0| model 3: 100.0| model 4: 0.0| model 5: 0.0| 
                                                           dL:    0.00
                                                           dm:    0.00
                                                           dx:    0.01
                                                          Converged :]
